-- Found ament_cmake: 2.5.5 (/opt/ros/jazzy/share/ament_cmake/cmake)
-- Found rclcpp: 28.1.16 (/opt/ros/jazzy/share/rclcpp/cmake)
-- Found rosidl_generator_c: 4.6.7 (/opt/ros/jazzy/share/rosidl_generator_c/cmake)
-- Found rosidl_generator_cpp: 4.6.7 (/opt/ros/jazzy/share/rosidl_generator_cpp/cmake)
-- Using all available rosidl_typesupport_c: rosidl_typesupport_fastrtps_c;rosidl_typesupport_introspection_c
-- Using all available rosidl_typesupport_cpp: rosidl_typesupport_fastrtps_cpp;rosidl_typesupport_introspection_cpp
-- Found rmw_implementation_cmake: 7.3.3 (/opt/ros/jazzy/share/rmw_implementation_cmake/cmake)
-- Found rmw_fastrtps_cpp: 8.4.3 (/opt/ros/jazzy/share/rmw_fastrtps_cpp/cmake)
-- Using RMW implementation 'rmw_fastrtps_cpp' as default
-- Found sensor_msgs: 5.3.6 (/opt/ros/jazzy/share/sensor_msgs/cmake)
-- Found cv_bridge: 4.1.0 (/opt/ros/jazzy/share/cv_bridge/cmake)
-- Configuring incomplete, errors occurred!
[31mCMake Error at CMakeLists.txt:15 (find_package):
  By not providing "Findopencv4.cmake" in CMAKE_MODULE_PATH this project has
  asked CMake to find a package configuration file provided by "opencv4", but
  CMake did not find one.

  Could not find a package configuration file provided by "opencv4" with any
  of the following names:

    opencv4Config.cmake
    opencv4-config.cmake

  Add the installation prefix of "opencv4" to CMAKE_PREFIX_PATH or set
  "opencv4_DIR" to a directory containing one of the above files.  If
  "opencv4" provides a separate development package or SDK, be sure it has
  been installed.

[0m
