[0.013s] Invoking command in '/home/xybxy123/w_work/ros2_ws/build/depth_camera_pub': CMAKE_PREFIX_PATH=${CMAKE_PREFIX_PATH}:/opt/ros/jazzy DEBUGINFOD_URLS=https://debuginfod.ubuntu.com /usr/bin/cmake /home/xybxy123/w_work/ros2_ws/src/depth_camera_pub -DCMAKE_INSTALL_PREFIX=/home/xybxy123/w_work/ros2_ws/install/depth_camera_pub
[0.023s] -- Found ament_cmake: 2.5.5 (/opt/ros/jazzy/share/ament_cmake/cmake)
[0.187s] -- Found rclcpp: 28.1.16 (/opt/ros/jazzy/share/rclcpp/cmake)
[0.204s] -- Found rosidl_generator_c: 4.6.7 (/opt/ros/jazzy/share/rosidl_generator_c/cmake)
[0.209s] -- Found rosidl_generator_cpp: 4.6.7 (/opt/ros/jazzy/share/rosidl_generator_cpp/cmake)
[0.215s] -- Using all available rosidl_typesupport_c: rosidl_typesupport_fastrtps_c;rosidl_typesupport_introspection_c
[0.223s] -- Using all available rosidl_typesupport_cpp: rosidl_typesupport_fastrtps_cpp;rosidl_typesupport_introspection_cpp
[0.258s] -- Found rmw_implementation_cmake: 7.3.3 (/opt/ros/jazzy/share/rmw_implementation_cmake/cmake)
[0.259s] -- Found rmw_fastrtps_cpp: 8.4.3 (/opt/ros/jazzy/share/rmw_fastrtps_cpp/cmake)
[0.302s] -- Using RMW implementation 'rmw_fastrtps_cpp' as default
[0.339s] -- Found sensor_msgs: 5.3.6 (/opt/ros/jazzy/share/sensor_msgs/cmake)
[0.376s] -- Found cv_bridge: 4.1.0 (/opt/ros/jazzy/share/cv_bridge/cmake)
[0.389s] -- Configuring incomplete, errors occurred!
[0.389s] [31mCMake Error at CMakeLists.txt:15 (find_package):
[0.390s]   By not providing "Findopencv4.cmake" in CMAKE_MODULE_PATH this project has
[0.390s]   asked CMake to find a package configuration file provided by "opencv4", but
[0.390s]   CMake did not find one.
[0.390s] 
[0.390s]   Could not find a package configuration file provided by "opencv4" with any
[0.390s]   of the following names:
[0.390s] 
[0.390s]     opencv4Config.cmake
[0.390s]     opencv4-config.cmake
[0.390s] 
[0.390s]   Add the installation prefix of "opencv4" to CMAKE_PREFIX_PATH or set
[0.390s]   "opencv4_DIR" to a directory containing one of the above files.  If
[0.390s]   "opencv4" provides a separate development package or SDK, be sure it has
[0.390s]   been installed.
[0.390s] 
[0.390s] [0m
[0.395s] Invoked command in '/home/xybxy123/w_work/ros2_ws/build/depth_camera_pub' returned '1': CMAKE_PREFIX_PATH=${CMAKE_PREFIX_PATH}:/opt/ros/jazzy DEBUGINFOD_URLS=https://debuginfod.ubuntu.com /usr/bin/cmake /home/xybxy123/w_work/ros2_ws/src/depth_camera_pub -DCMAKE_INSTALL_PREFIX=/home/xybxy123/w_work/ros2_ws/install/depth_camera_pub
