[0.005s] Invoking command in '/home/xybxy123/w_work/ros2_ws/build/slam_toolbox_ydlidar': CMAKE_PREFIX_PATH=/home/xybxy123/w_work/ros2_ws/install/ydlidar_ros2_driver:/home/xybxy123/w_work/ros2_ws/install/slam_toolbox_ydlidar:/home/xybxy123/w_work/ros2_ws/install/sparse_bundle_adjustment:/opt/ros/jazzy/opt/gz_launch_vendor:/opt/ros/jazzy/opt/gz_sim_vendor:/opt/ros/jazzy/opt/gz_sensors_vendor:/opt/ros/jazzy/opt/gz_physics_vendor:/opt/ros/jazzy/opt/sdformat_vendor:/opt/ros/jazzy/opt/gz_gui_vendor:/opt/ros/jazzy/opt/gz_transport_vendor:/opt/ros/jazzy/opt/gz_rendering_vendor:/opt/ros/jazzy/opt/gz_plugin_vendor:/opt/ros/jazzy/opt/gz_fuel_tools_vendor:/opt/ros/jazzy/opt/gz_msgs_vendor:/opt/ros/jazzy/opt/gz_common_vendor:/opt/ros/jazzy/opt/gz_math_vendor:/opt/ros/jazzy/opt/gz_utils_vendor:/opt/ros/jazzy/opt/gz_tools_vendor:/opt/ros/jazzy/opt/gz_ogre_next_vendor:/opt/ros/jazzy/opt/gz_dartsim_vendor:/opt/ros/jazzy/opt/gz_cmake_vendor:/opt/ros/jazzy DEBUGINFOD_URLS=https://debuginfod.ubuntu.com /usr/bin/cmake /home/xybxy123/w_work/ros2_ws/src/slam_toolbox_ydlidar -DCMAKE_INSTALL_PREFIX=/home/xybxy123/w_work/ros2_ws/install/slam_toolbox_ydlidar
[0.048s] -- The C compiler identification is GNU 11.5.0
[0.085s] -- The CXX compiler identification is GNU 11.5.0
[0.097s] -- Detecting C compiler ABI info
[0.157s] -- Detecting C compiler ABI info - done
[0.162s] -- Check for working C compiler: /usr/bin/cc - skipped
[0.163s] -- Detecting C compile features
[0.163s] -- Detecting C compile features - done
[0.170s] -- Detecting CXX compiler ABI info
[0.241s] -- Detecting CXX compiler ABI info - done
[0.246s] -- Check for working CXX compiler: /usr/bin/c++ - skipped
[0.246s] -- Detecting CXX compile features
[0.246s] -- Detecting CXX compile features - done
[0.248s] -- Found ament_cmake: 2.5.5 (/opt/ros/jazzy/share/ament_cmake/cmake)
[0.350s] -- Found Python3: /usr/bin/python3 (found version "3.12.3") found components: Interpreter 
[0.424s] -- Found slam_toolbox: 2.8.3 (/opt/ros/jazzy/share/slam_toolbox/cmake)
[0.453s] -- Found rosidl_generator_c: 4.6.7 (/opt/ros/jazzy/share/rosidl_generator_c/cmake)
[0.463s] -- Found rosidl_generator_cpp: 4.6.7 (/opt/ros/jazzy/share/rosidl_generator_cpp/cmake)
[0.474s] -- Using all available rosidl_typesupport_c: rosidl_typesupport_fastrtps_c;rosidl_typesupport_introspection_c
[0.486s] -- Using all available rosidl_typesupport_cpp: rosidl_typesupport_fastrtps_cpp;rosidl_typesupport_introspection_cpp
[0.633s] -- Found rmw_implementation_cmake: 7.3.3 (/opt/ros/jazzy/share/rmw_implementation_cmake/cmake)
[0.635s] -- Found rmw_fastrtps_cpp: 8.4.3 (/opt/ros/jazzy/share/rmw_fastrtps_cpp/cmake)
[0.698s] -- Found OpenSSL: /usr/lib/x86_64-linux-gnu/libcrypto.so (found version "3.0.13")  
[0.713s] -- Found FastRTPS: /opt/ros/jazzy/include (Required is at least version "2.13") 
[0.732s] -- Using RMW implementation 'rmw_fastrtps_cpp' as default
[0.890s] -- Found eigen3_cmake_module: 0.3.0 (/opt/ros/jazzy/share/eigen3_cmake_module/cmake)
[0.891s] -- Found Eigen3: TRUE (found version "3.4.0") 
[0.891s] -- Ensuring Eigen3 include directory is part of orocos-kdl CMake target
[0.966s] -- Setting OGRE_DIR to: '/opt/ros/jazzy/share/rviz_ogre_vendor/cmake/../../../opt/rviz_ogre_vendor/lib/OGRE/cmake'
[0.967s] -- Found OGRE
[0.967s] --   static     : OFF
[0.967s] --   components : MeshLodGenerator;Overlay;Paging;Property;RTShaderSystem;Terrain;Volume
[0.967s] --   plugins    : Plugin_BSPSceneManager;Plugin_OctreeSceneManager;Plugin_PCZSceneManager;Plugin_ParticleFX;RenderSystem_GL;RenderSystem_GL3Plus;Codec_STBI
[0.967s] --   media      : /opt/ros/jazzy/opt/rviz_ogre_vendor/share/OGRE/Media
[0.967s] -- OGRE_LIBRARIES: OgreMeshLodGenerator;OgreOverlay;OgrePaging;OgreProperty;OgreRTShaderSystem;OgreTerrain;OgreVolume;OgreMain
[0.967s] -- OGRE_LIBRARY_DIRS: /opt/ros/jazzy/opt/rviz_ogre_vendor/lib
[0.968s] -- OGRE_PLUGINS: Plugin_BSPSceneManager;Plugin_OctreeSceneManager;Plugin_PCZSceneManager;Plugin_ParticleFX;RenderSystem_GL;RenderSystem_GL3Plus;Codec_STBI
[0.968s] -- OGRE_PLUGIN_DIR: /opt/ros/jazzy/opt/rviz_ogre_vendor/lib/OGRE
[0.968s] -- rviz_ogre_vendor::OgreOverlay for IMPORTED_LOCATION_RELEASE: /opt/ros/jazzy/opt/rviz_ogre_vendor/lib/libOgreOverlay.so
[0.968s] -- rviz_ogre_vendor::OgreOverlay for IMPORTED_LOCATION_DEBUG: /opt/ros/jazzy/opt/rviz_ogre_vendor/lib/libOgreOverlay.so
[0.968s] -- rviz_ogre_vendor::OgreMain for IMPORTED_LOCATION_RELEASE: /opt/ros/jazzy/opt/rviz_ogre_vendor/lib/libOgreMain.so
[0.968s] -- rviz_ogre_vendor::OgreMain for IMPORTED_LOCATION_DEBUG: /opt/ros/jazzy/opt/rviz_ogre_vendor/lib/libOgreMain.so
[0.990s] -- Found ZLIB: /usr/lib/x86_64-linux-gnu/libz.so (found version "1.3")  
[0.997s] -- Found OpenGL: /usr/lib/x86_64-linux-gnu/libOpenGL.so   
[1.114s] -- Found X11: /usr/include   
[1.114s] -- Looking for XOpenDisplay in /usr/lib/x86_64-linux-gnu/libX11.so;/usr/lib/x86_64-linux-gnu/libXext.so
[1.177s] -- Looking for XOpenDisplay in /usr/lib/x86_64-linux-gnu/libX11.so;/usr/lib/x86_64-linux-gnu/libXext.so - found
[1.177s] -- Looking for gethostbyname
[1.239s] -- Looking for gethostbyname - found
[1.239s] -- Looking for connect
[1.297s] -- Looking for connect - found
[1.297s] -- Looking for remove
[1.358s] -- Looking for remove - found
[1.358s] -- Looking for shmat
[1.431s] -- Looking for shmat - found
[1.431s] -- Looking for IceConnectionNumber in ICE
[1.492s] -- Looking for IceConnectionNumber in ICE - found
[1.508s] -- Setting yaml-cpp_DIR to: '/opt/ros/jazzy/share/yaml_cpp_vendor/cmake/../../../opt/yaml_cpp_vendor/share/cmake/yaml-cpp'
[1.585s] -- Found ydlidar_ros2_driver: 1.0.2 (/home/xybxy123/w_work/ros2_ws/install/ydlidar_ros2_driver/share/ydlidar_ros2_driver/cmake)
[1.587s] -- Found ament_lint_auto: 0.17.4 (/opt/ros/jazzy/share/ament_lint_auto/cmake)
[1.662s] -- Added test 'flake8' to check Python code syntax and style conventions
[1.662s] -- Configured 'flake8' exclude dirs and/or files: 
[1.663s] -- Added test 'lint_cmake' to check CMake code style
[1.663s] -- Added test 'pep257' to check Python code against some of the docstring style conventions in PEP 257
[1.664s] -- Added test 'xmllint' to check XML markup files
[1.665s] -- Configuring done (1.7s)
[1.670s] -- Generating done (0.0s)
[1.674s] -- Build files have been written to: /home/xybxy123/w_work/ros2_ws/build/slam_toolbox_ydlidar
[1.687s] Invoked command in '/home/xybxy123/w_work/ros2_ws/build/slam_toolbox_ydlidar' returned '0': CMAKE_PREFIX_PATH=/home/xybxy123/w_work/ros2_ws/install/ydlidar_ros2_driver:/home/xybxy123/w_work/ros2_ws/install/slam_toolbox_ydlidar:/home/xybxy123/w_work/ros2_ws/install/sparse_bundle_adjustment:/opt/ros/jazzy/opt/gz_launch_vendor:/opt/ros/jazzy/opt/gz_sim_vendor:/opt/ros/jazzy/opt/gz_sensors_vendor:/opt/ros/jazzy/opt/gz_physics_vendor:/opt/ros/jazzy/opt/sdformat_vendor:/opt/ros/jazzy/opt/gz_gui_vendor:/opt/ros/jazzy/opt/gz_transport_vendor:/opt/ros/jazzy/opt/gz_rendering_vendor:/opt/ros/jazzy/opt/gz_plugin_vendor:/opt/ros/jazzy/opt/gz_fuel_tools_vendor:/opt/ros/jazzy/opt/gz_msgs_vendor:/opt/ros/jazzy/opt/gz_common_vendor:/opt/ros/jazzy/opt/gz_math_vendor:/opt/ros/jazzy/opt/gz_utils_vendor:/opt/ros/jazzy/opt/gz_tools_vendor:/opt/ros/jazzy/opt/gz_ogre_next_vendor:/opt/ros/jazzy/opt/gz_dartsim_vendor:/opt/ros/jazzy/opt/gz_cmake_vendor:/opt/ros/jazzy DEBUGINFOD_URLS=https://debuginfod.ubuntu.com /usr/bin/cmake /home/xybxy123/w_work/ros2_ws/src/slam_toolbox_ydlidar -DCMAKE_INSTALL_PREFIX=/home/xybxy123/w_work/ros2_ws/install/slam_toolbox_ydlidar
[1.687s] Invoking command in '/home/xybxy123/w_work/ros2_ws/build/slam_toolbox_ydlidar': CMAKE_PREFIX_PATH=/home/xybxy123/w_work/ros2_ws/install/ydlidar_ros2_driver:/home/xybxy123/w_work/ros2_ws/install/slam_toolbox_ydlidar:/home/xybxy123/w_work/ros2_ws/install/sparse_bundle_adjustment:/opt/ros/jazzy/opt/gz_launch_vendor:/opt/ros/jazzy/opt/gz_sim_vendor:/opt/ros/jazzy/opt/gz_sensors_vendor:/opt/ros/jazzy/opt/gz_physics_vendor:/opt/ros/jazzy/opt/sdformat_vendor:/opt/ros/jazzy/opt/gz_gui_vendor:/opt/ros/jazzy/opt/gz_transport_vendor:/opt/ros/jazzy/opt/gz_rendering_vendor:/opt/ros/jazzy/opt/gz_plugin_vendor:/opt/ros/jazzy/opt/gz_fuel_tools_vendor:/opt/ros/jazzy/opt/gz_msgs_vendor:/opt/ros/jazzy/opt/gz_common_vendor:/opt/ros/jazzy/opt/gz_math_vendor:/opt/ros/jazzy/opt/gz_utils_vendor:/opt/ros/jazzy/opt/gz_tools_vendor:/opt/ros/jazzy/opt/gz_ogre_next_vendor:/opt/ros/jazzy/opt/gz_dartsim_vendor:/opt/ros/jazzy/opt/gz_cmake_vendor:/opt/ros/jazzy DEBUGINFOD_URLS=https://debuginfod.ubuntu.com /usr/bin/cmake --build /home/xybxy123/w_work/ros2_ws/build/slam_toolbox_ydlidar -- -j24 -l24
[1.729s] Invoked command in '/home/xybxy123/w_work/ros2_ws/build/slam_toolbox_ydlidar' returned '0': CMAKE_PREFIX_PATH=/home/xybxy123/w_work/ros2_ws/install/ydlidar_ros2_driver:/home/xybxy123/w_work/ros2_ws/install/slam_toolbox_ydlidar:/home/xybxy123/w_work/ros2_ws/install/sparse_bundle_adjustment:/opt/ros/jazzy/opt/gz_launch_vendor:/opt/ros/jazzy/opt/gz_sim_vendor:/opt/ros/jazzy/opt/gz_sensors_vendor:/opt/ros/jazzy/opt/gz_physics_vendor:/opt/ros/jazzy/opt/sdformat_vendor:/opt/ros/jazzy/opt/gz_gui_vendor:/opt/ros/jazzy/opt/gz_transport_vendor:/opt/ros/jazzy/opt/gz_rendering_vendor:/opt/ros/jazzy/opt/gz_plugin_vendor:/opt/ros/jazzy/opt/gz_fuel_tools_vendor:/opt/ros/jazzy/opt/gz_msgs_vendor:/opt/ros/jazzy/opt/gz_common_vendor:/opt/ros/jazzy/opt/gz_math_vendor:/opt/ros/jazzy/opt/gz_utils_vendor:/opt/ros/jazzy/opt/gz_tools_vendor:/opt/ros/jazzy/opt/gz_ogre_next_vendor:/opt/ros/jazzy/opt/gz_dartsim_vendor:/opt/ros/jazzy/opt/gz_cmake_vendor:/opt/ros/jazzy DEBUGINFOD_URLS=https://debuginfod.ubuntu.com /usr/bin/cmake --build /home/xybxy123/w_work/ros2_ws/build/slam_toolbox_ydlidar -- -j24 -l24
[1.730s] Invoking command in '/home/xybxy123/w_work/ros2_ws/build/slam_toolbox_ydlidar': CMAKE_PREFIX_PATH=/home/xybxy123/w_work/ros2_ws/install/ydlidar_ros2_driver:/home/xybxy123/w_work/ros2_ws/install/slam_toolbox_ydlidar:/home/xybxy123/w_work/ros2_ws/install/sparse_bundle_adjustment:/opt/ros/jazzy/opt/gz_launch_vendor:/opt/ros/jazzy/opt/gz_sim_vendor:/opt/ros/jazzy/opt/gz_sensors_vendor:/opt/ros/jazzy/opt/gz_physics_vendor:/opt/ros/jazzy/opt/sdformat_vendor:/opt/ros/jazzy/opt/gz_gui_vendor:/opt/ros/jazzy/opt/gz_transport_vendor:/opt/ros/jazzy/opt/gz_rendering_vendor:/opt/ros/jazzy/opt/gz_plugin_vendor:/opt/ros/jazzy/opt/gz_fuel_tools_vendor:/opt/ros/jazzy/opt/gz_msgs_vendor:/opt/ros/jazzy/opt/gz_common_vendor:/opt/ros/jazzy/opt/gz_math_vendor:/opt/ros/jazzy/opt/gz_utils_vendor:/opt/ros/jazzy/opt/gz_tools_vendor:/opt/ros/jazzy/opt/gz_ogre_next_vendor:/opt/ros/jazzy/opt/gz_dartsim_vendor:/opt/ros/jazzy/opt/gz_cmake_vendor:/opt/ros/jazzy DEBUGINFOD_URLS=https://debuginfod.ubuntu.com /usr/bin/cmake --install /home/xybxy123/w_work/ros2_ws/build/slam_toolbox_ydlidar
[1.739s] -- Install configuration: ""
[1.739s] -- Installing: /home/xybxy123/w_work/ros2_ws/install/slam_toolbox_ydlidar/share/slam_toolbox_ydlidar/launch
[1.739s] -- Installing: /home/xybxy123/w_work/ros2_ws/install/slam_toolbox_ydlidar/share/slam_toolbox_ydlidar/launch/online_async_ydlidar.launch.py
[1.739s] -- Installing: /home/xybxy123/w_work/ros2_ws/install/slam_toolbox_ydlidar/share/ament_index/resource_index/package_run_dependencies/slam_toolbox_ydlidar
[1.739s] -- Installing: /home/xybxy123/w_work/ros2_ws/install/slam_toolbox_ydlidar/share/ament_index/resource_index/parent_prefix_path/slam_toolbox_ydlidar
[1.739s] -- Installing: /home/xybxy123/w_work/ros2_ws/install/slam_toolbox_ydlidar/share/slam_toolbox_ydlidar/environment/ament_prefix_path.sh
[1.739s] -- Installing: /home/xybxy123/w_work/ros2_ws/install/slam_toolbox_ydlidar/share/slam_toolbox_ydlidar/environment/ament_prefix_path.dsv
[1.739s] -- Installing: /home/xybxy123/w_work/ros2_ws/install/slam_toolbox_ydlidar/share/slam_toolbox_ydlidar/environment/path.sh
[1.740s] -- Installing: /home/xybxy123/w_work/ros2_ws/install/slam_toolbox_ydlidar/share/slam_toolbox_ydlidar/environment/path.dsv
[1.740s] -- Installing: /home/xybxy123/w_work/ros2_ws/install/slam_toolbox_ydlidar/share/slam_toolbox_ydlidar/local_setup.bash
[1.740s] -- Installing: /home/xybxy123/w_work/ros2_ws/install/slam_toolbox_ydlidar/share/slam_toolbox_ydlidar/local_setup.sh
[1.740s] -- Installing: /home/xybxy123/w_work/ros2_ws/install/slam_toolbox_ydlidar/share/slam_toolbox_ydlidar/local_setup.zsh
[1.740s] -- Installing: /home/xybxy123/w_work/ros2_ws/install/slam_toolbox_ydlidar/share/slam_toolbox_ydlidar/local_setup.dsv
[1.740s] -- Installing: /home/xybxy123/w_work/ros2_ws/install/slam_toolbox_ydlidar/share/slam_toolbox_ydlidar/package.dsv
[1.740s] -- Installing: /home/xybxy123/w_work/ros2_ws/install/slam_toolbox_ydlidar/share/ament_index/resource_index/packages/slam_toolbox_ydlidar
[1.740s] -- Installing: /home/xybxy123/w_work/ros2_ws/install/slam_toolbox_ydlidar/share/slam_toolbox_ydlidar/cmake/slam_toolbox_ydlidarConfig.cmake
[1.740s] -- Installing: /home/xybxy123/w_work/ros2_ws/install/slam_toolbox_ydlidar/share/slam_toolbox_ydlidar/cmake/slam_toolbox_ydlidarConfig-version.cmake
[1.741s] -- Installing: /home/xybxy123/w_work/ros2_ws/install/slam_toolbox_ydlidar/share/slam_toolbox_ydlidar/package.xml
[1.742s] Invoked command in '/home/xybxy123/w_work/ros2_ws/build/slam_toolbox_ydlidar' returned '0': CMAKE_PREFIX_PATH=/home/xybxy123/w_work/ros2_ws/install/ydlidar_ros2_driver:/home/xybxy123/w_work/ros2_ws/install/slam_toolbox_ydlidar:/home/xybxy123/w_work/ros2_ws/install/sparse_bundle_adjustment:/opt/ros/jazzy/opt/gz_launch_vendor:/opt/ros/jazzy/opt/gz_sim_vendor:/opt/ros/jazzy/opt/gz_sensors_vendor:/opt/ros/jazzy/opt/gz_physics_vendor:/opt/ros/jazzy/opt/sdformat_vendor:/opt/ros/jazzy/opt/gz_gui_vendor:/opt/ros/jazzy/opt/gz_transport_vendor:/opt/ros/jazzy/opt/gz_rendering_vendor:/opt/ros/jazzy/opt/gz_plugin_vendor:/opt/ros/jazzy/opt/gz_fuel_tools_vendor:/opt/ros/jazzy/opt/gz_msgs_vendor:/opt/ros/jazzy/opt/gz_common_vendor:/opt/ros/jazzy/opt/gz_math_vendor:/opt/ros/jazzy/opt/gz_utils_vendor:/opt/ros/jazzy/opt/gz_tools_vendor:/opt/ros/jazzy/opt/gz_ogre_next_vendor:/opt/ros/jazzy/opt/gz_dartsim_vendor:/opt/ros/jazzy/opt/gz_cmake_vendor:/opt/ros/jazzy DEBUGINFOD_URLS=https://debuginfod.ubuntu.com /usr/bin/cmake --install /home/xybxy123/w_work/ros2_ws/build/slam_toolbox_ydlidar
