-- Found ament_cmake: 2.5.5 (/opt/ros/jazzy/share/ament_cmake/cmake)
-- Found Python3: /usr/bin/python3 (found version "3.12.3") found components: Interpreter 
-- Override CMake install command with custom implementation using symlinks instead of copying resources
-- Found message_filters: 4.11.10 (/opt/ros/jazzy/share/message_filters/cmake)
-- Found rosidl_generator_c: 4.6.7 (/opt/ros/jazzy/share/rosidl_generator_c/cmake)
-- Found rosidl_generator_cpp: 4.6.7 (/opt/ros/jazzy/share/rosidl_generator_cpp/cmake)
-- Using all available rosidl_typesupport_c: rosidl_typesupport_fastrtps_c;rosidl_typesupport_introspection_c
-- Using all available rosidl_typesupport_cpp: rosidl_typesupport_fastrtps_cpp;rosidl_typesupport_introspection_cpp
-- Found rmw_implementation_cmake: 7.3.3 (/opt/ros/jazzy/share/rmw_implementation_cmake/cmake)
-- Found rmw_fastrtps_cpp: 8.4.3 (/opt/ros/jazzy/share/rmw_fastrtps_cpp/cmake)
-- Using RMW implementation 'rmw_fastrtps_cpp' as default
-- Found nav_msgs: 5.3.6 (/opt/ros/jazzy/share/nav_msgs/cmake)
-- Found sensor_msgs: 5.3.6 (/opt/ros/jazzy/share/sensor_msgs/cmake)
-- Found tf2: 0.36.19 (/opt/ros/jazzy/share/tf2/cmake)
-- Found tf2_ros: 0.36.19 (/opt/ros/jazzy/share/tf2_ros/cmake)
-- Found visualization_msgs: 5.3.6 (/opt/ros/jazzy/share/visualization_msgs/cmake)
-- Found pluginlib: 5.4.4 (/opt/ros/jazzy/share/pluginlib/cmake)
-- Found tf2_geometry_msgs: 0.36.19 (/opt/ros/jazzy/share/tf2_geometry_msgs/cmake)
-- Found eigen3_cmake_module: 0.3.0 (/opt/ros/jazzy/share/eigen3_cmake_module/cmake)
-- Ensuring Eigen3 include directory is part of orocos-kdl CMake target
-- Found tf2_sensor_msgs: 0.36.19 (/opt/ros/jazzy/share/tf2_sensor_msgs/cmake)
-- Found std_srvs: 5.3.6 (/opt/ros/jazzy/share/std_srvs/cmake)
-- Found rosidl_default_generators: 1.6.0 (/opt/ros/jazzy/share/rosidl_default_generators/cmake)
-- Found rosidl_adapter: 4.6.7 (/opt/ros/jazzy/share/rosidl_adapter/cmake)
-- Found lifecycle_msgs: 2.0.3 (/opt/ros/jazzy/share/lifecycle_msgs/cmake)
-- Found bondcpp: 4.1.2 (/opt/ros/jazzy/share/bondcpp/cmake)
-- Found rviz_common: 14.1.19 (/opt/ros/jazzy/share/rviz_common/cmake)
-- Setting OGRE_DIR to: '/opt/ros/jazzy/share/rviz_ogre_vendor/cmake/../../../opt/rviz_ogre_vendor/lib/OGRE/cmake'
-- Found OGRE
--   static     : OFF
--   components : MeshLodGenerator;Overlay;Paging;Property;RTShaderSystem;Terrain;Volume
--   plugins    : Plugin_BSPSceneManager;Plugin_OctreeSceneManager;Plugin_PCZSceneManager;Plugin_ParticleFX;RenderSystem_GL;RenderSystem_GL3Plus;Codec_STBI
--   media      : /opt/ros/jazzy/opt/rviz_ogre_vendor/share/OGRE/Media
-- OGRE_LIBRARIES: OgreMeshLodGenerator;OgreOverlay;OgrePaging;OgreProperty;OgreRTShaderSystem;OgreTerrain;OgreVolume;OgreMain
-- OGRE_LIBRARY_DIRS: /opt/ros/jazzy/opt/rviz_ogre_vendor/lib
-- OGRE_PLUGINS: Plugin_BSPSceneManager;Plugin_OctreeSceneManager;Plugin_PCZSceneManager;Plugin_ParticleFX;RenderSystem_GL;RenderSystem_GL3Plus;Codec_STBI
-- OGRE_PLUGIN_DIR: /opt/ros/jazzy/opt/rviz_ogre_vendor/lib/OGRE
-- rviz_ogre_vendor::OgreOverlay for IMPORTED_LOCATION_RELEASE: /opt/ros/jazzy/opt/rviz_ogre_vendor/lib/libOgreOverlay.so
-- rviz_ogre_vendor::OgreOverlay for IMPORTED_LOCATION_DEBUG: /opt/ros/jazzy/opt/rviz_ogre_vendor/lib/libOgreOverlay.so
-- rviz_ogre_vendor::OgreMain for IMPORTED_LOCATION_RELEASE: /opt/ros/jazzy/opt/rviz_ogre_vendor/lib/libOgreMain.so
-- rviz_ogre_vendor::OgreMain for IMPORTED_LOCATION_DEBUG: /opt/ros/jazzy/opt/rviz_ogre_vendor/lib/libOgreMain.so
-- Setting yaml-cpp_DIR to: '/opt/ros/jazzy/share/yaml_cpp_vendor/cmake/../../../opt/yaml_cpp_vendor/share/cmake/yaml-cpp'
-- Found rviz_default_plugins: 14.1.19 (/opt/ros/jazzy/share/rviz_default_plugins/cmake)
-- Found AMD headers in: /usr/include/suitesparse
-- Found AMD library: /usr/lib/x86_64-linux-gnu/libamd.so
-- Found CAMD headers in: /usr/include/suitesparse
-- Found CAMD library: /usr/lib/x86_64-linux-gnu/libcamd.so
-- Found CCOLAMD headers in: /usr/include/suitesparse
-- Found CCOLAMD library: /usr/lib/x86_64-linux-gnu/libccolamd.so
-- Found CHOLMOD headers in: /usr/include/suitesparse
-- Found CHOLMOD library: /usr/lib/x86_64-linux-gnu/libcholmod.so
-- Found COLAMD headers in: /usr/include/suitesparse
-- Found COLAMD library: /usr/lib/x86_64-linux-gnu/libcolamd.so
-- Found SPQR headers in: /usr/include/suitesparse
-- Found SPQR library: /usr/lib/x86_64-linux-gnu/libspqr.so
-- Found Config headers in: /usr/include/suitesparse
-- Found Config library: /usr/lib/x86_64-linux-gnu/libsuitesparseconfig.so
-- Found Intel Thread Building Blocks (TBB) library (2021.11 / ) include location: . Assuming SuiteSparseQR was compiled with TBB.
-- Adding librt to SuiteSparse_config libraries (required on Linux & Unix [not OSX] if SuiteSparse is compiled with timing).
-- Could NOT find METIS (missing: METIS_INCLUDE_DIR METIS_LIBRARY) 
-- Found required Ceres dependency: Eigen version 3.4.0 in /usr/share/eigen3/cmake
-- Found required Ceres dependency: glog
-- Found required Ceres dependency: gflags
-- Found Ceres version: 2.2.0 installed in: /usr with components: [EigenSparse, SparseLinearAlgebraLibrary, LAPACK, SuiteSparse, SchurSpecializations]
-- Found ament_cmake_ros: 0.12.0 (/opt/ros/jazzy/share/ament_cmake_ros/cmake)
-- Using all available rosidl_typesupport_c: rosidl_typesupport_fastrtps_c;rosidl_typesupport_introspection_c
-- Using all available rosidl_typesupport_cpp: rosidl_typesupport_fastrtps_cpp;rosidl_typesupport_introspection_cpp
-- Found python_cmake_module: 0.11.1 (/opt/ros/jazzy/share/python_cmake_module/cmake)
-- Found Python3: /usr/bin/python3 (found version "3.12.3") found components: Interpreter Development NumPy Development.Module Development.Embed 
-- Configuring done (1.6s)
-- Generating done (0.1s)
-- Build files have been written to: /home/xybxy123/w_work/ros2_ws/build/slam_toolbox
[  1%] Built target slam_toolbox__rosidl_generator_type_description
[  1%] Built target ament_cmake_python_symlink_slam_toolbox
[  3%] Built target kartoSlamToolbox
[  4%] Built target slam_toolbox__cpp
[ 25%] Built target slam_toolbox__rosidl_generator_c
[ 33%] Built target slam_toolbox__rosidl_typesupport_introspection_c
[ 40%] Built target slam_toolbox__rosidl_typesupport_c
[ 48%] Built target slam_toolbox__rosidl_typesupport_cpp
[ 55%] Built target slam_toolbox__rosidl_typesupport_introspection_cpp
[ 62%] Built target slam_toolbox__rosidl_typesupport_fastrtps_c
[ 70%] Built target slam_toolbox__rosidl_typesupport_fastrtps_cpp
[ 72%] Built target SlamToolboxPlugin
[ 72%] Built target slam_toolbox
[ 73%] Built target ceres_solver_plugin
[ 73%] Built target slam_toolbox__py
[ 77%] Built target toolbox_common
[ 84%] Built target slam_toolbox__rosidl_generator_py
running egg_info
writing slam_toolbox.egg-info/PKG-INFO
writing dependency_links to slam_toolbox.egg-info/dependency_links.txt
writing top-level names to slam_toolbox.egg-info/top_level.txt
[ 87%] Built target slam_toolbox_s__rosidl_typesupport_c
[ 87%] Built target slam_toolbox_s__rosidl_typesupport_introspection_c
[ 88%] Built target lifelong_slam_toolbox
[ 90%] Built target localization_slam_toolbox
[ 91%] Built target slam_toolbox_s__rosidl_typesupport_fastrtps_c
[ 93%] Built target merge_maps_kinematic
[ 93%] Built target sync_slam_toolbox
[ 94%] Built target async_slam_toolbox
reading manifest file 'slam_toolbox.egg-info/SOURCES.txt'
writing manifest file 'slam_toolbox.egg-info/SOURCES.txt'
[ 96%] Built target localization_slam_toolbox_node
[ 96%] Built target map_and_localization_slam_toolbox
[ 97%] Built target sync_slam_toolbox_node
[ 98%] Built target lifelong_slam_toolbox_node
[ 98%] Built target ament_cmake_python_build_slam_toolbox_egg
[ 99%] Built target async_slam_toolbox_node
[100%] Built target map_and_localization_slam_toolbox_node
-- Install configuration: "Release"
-- Execute custom install script
-- Up-to-date symlink: /home/xybxy123/w_work/ros2_ws/install/slam_toolbox/include//karto_sdk/Karto.h
-- Up-to-date symlink: /home/xybxy123/w_work/ros2_ws/install/slam_toolbox/include//karto_sdk/Macros.h
-- Up-to-date symlink: /home/xybxy123/w_work/ros2_ws/install/slam_toolbox/include//karto_sdk/Mapper.h
-- Up-to-date symlink: /home/xybxy123/w_work/ros2_ws/install/slam_toolbox/include//karto_sdk/Math.h
-- Up-to-date symlink: /home/xybxy123/w_work/ros2_ws/install/slam_toolbox/include//karto_sdk/Types.h
-- Up-to-date symlink: /home/xybxy123/w_work/ros2_ws/install/slam_toolbox/include//karto_sdk/nanoflann.hpp
-- Up-to-date symlink: /home/xybxy123/w_work/ros2_ws/install/slam_toolbox/include//karto_sdk/nanoflann_adaptors.h
-- Up-to-date symlink: /home/xybxy123/w_work/ros2_ws/install/slam_toolbox/share/ament_index/resource_index/rosidl_interfaces/slam_toolbox
-- Up-to-date symlink: /home/xybxy123/w_work/ros2_ws/install/slam_toolbox/share/slam_toolbox/srv/Pause.json
-- Up-to-date symlink: /home/xybxy123/w_work/ros2_ws/install/slam_toolbox/share/slam_toolbox/srv/Reset.json
-- Up-to-date symlink: /home/xybxy123/w_work/ros2_ws/install/slam_toolbox/share/slam_toolbox/srv/ClearQueue.json
-- Up-to-date symlink: /home/xybxy123/w_work/ros2_ws/install/slam_toolbox/share/slam_toolbox/srv/ToggleInteractive.json
-- Up-to-date symlink: /home/xybxy123/w_work/ros2_ws/install/slam_toolbox/share/slam_toolbox/srv/Clear.json
-- Up-to-date symlink: /home/xybxy123/w_work/ros2_ws/install/slam_toolbox/share/slam_toolbox/srv/SaveMap.json
-- Up-to-date symlink: /home/xybxy123/w_work/ros2_ws/install/slam_toolbox/share/slam_toolbox/srv/LoopClosure.json
-- Up-to-date symlink: /home/xybxy123/w_work/ros2_ws/install/slam_toolbox/share/slam_toolbox/srv/MergeMaps.json
-- Up-to-date symlink: /home/xybxy123/w_work/ros2_ws/install/slam_toolbox/share/slam_toolbox/srv/AddSubmap.json
-- Up-to-date symlink: /home/xybxy123/w_work/ros2_ws/install/slam_toolbox/share/slam_toolbox/srv/DeserializePoseGraph.json
-- Up-to-date symlink: /home/xybxy123/w_work/ros2_ws/install/slam_toolbox/share/slam_toolbox/srv/SerializePoseGraph.json
-- Up-to-date symlink: /home/xybxy123/w_work/ros2_ws/install/slam_toolbox/include/slam_toolbox/slam_toolbox/msg/rosidl_generator_c__visibility_control.h
-- Up-to-date symlink: /home/xybxy123/w_work/ros2_ws/install/slam_toolbox/include/slam_toolbox/slam_toolbox/srv/add_submap.h
-- Up-to-date symlink: /home/xybxy123/w_work/ros2_ws/install/slam_toolbox/include/slam_toolbox/slam_toolbox/srv/clear.h
-- Up-to-date symlink: /home/xybxy123/w_work/ros2_ws/install/slam_toolbox/include/slam_toolbox/slam_toolbox/srv/clear_queue.h
-- Up-to-date symlink: /home/xybxy123/w_work/ros2_ws/install/slam_toolbox/include/slam_toolbox/slam_toolbox/srv/deserialize_pose_graph.h
-- Up-to-date symlink: /home/xybxy123/w_work/ros2_ws/install/slam_toolbox/include/slam_toolbox/slam_toolbox/srv/detail/add_submap__functions.h
-- Up-to-date symlink: /home/xybxy123/w_work/ros2_ws/install/slam_toolbox/include/slam_toolbox/slam_toolbox/srv/detail/add_submap__struct.h
-- Up-to-date symlink: /home/xybxy123/w_work/ros2_ws/install/slam_toolbox/include/slam_toolbox/slam_toolbox/srv/detail/add_submap__type_support.h
-- Up-to-date symlink: /home/xybxy123/w_work/ros2_ws/install/slam_toolbox/include/slam_toolbox/slam_toolbox/srv/detail/clear__functions.h
-- Up-to-date symlink: /home/xybxy123/w_work/ros2_ws/install/slam_toolbox/include/slam_toolbox/slam_toolbox/srv/detail/clear__struct.h
-- Up-to-date symlink: /home/xybxy123/w_work/ros2_ws/install/slam_toolbox/include/slam_toolbox/slam_toolbox/srv/detail/clear__type_support.h
-- Up-to-date symlink: /home/xybxy123/w_work/ros2_ws/install/slam_toolbox/include/slam_toolbox/slam_toolbox/srv/detail/clear_queue__functions.h
-- Up-to-date symlink: /home/xybxy123/w_work/ros2_ws/install/slam_toolbox/include/slam_toolbox/slam_toolbox/srv/detail/clear_queue__struct.h
-- Up-to-date symlink: /home/xybxy123/w_work/ros2_ws/install/slam_toolbox/include/slam_toolbox/slam_toolbox/srv/detail/clear_queue__type_support.h
-- Up-to-date symlink: /home/xybxy123/w_work/ros2_ws/install/slam_toolbox/include/slam_toolbox/slam_toolbox/srv/detail/deserialize_pose_graph__functions.h
-- Up-to-date symlink: /home/xybxy123/w_work/ros2_ws/install/slam_toolbox/include/slam_toolbox/slam_toolbox/srv/detail/deserialize_pose_graph__struct.h
-- Up-to-date symlink: /home/xybxy123/w_work/ros2_ws/install/slam_toolbox/include/slam_toolbox/slam_toolbox/srv/detail/deserialize_pose_graph__type_support.h
-- Up-to-date symlink: /home/xybxy123/w_work/ros2_ws/install/slam_toolbox/include/slam_toolbox/slam_toolbox/srv/detail/loop_closure__functions.h
-- Up-to-date symlink: /home/xybxy123/w_work/ros2_ws/install/slam_toolbox/include/slam_toolbox/slam_toolbox/srv/detail/loop_closure__struct.h
-- Up-to-date symlink: /home/xybxy123/w_work/ros2_ws/install/slam_toolbox/include/slam_toolbox/slam_toolbox/srv/detail/loop_closure__type_support.h
-- Up-to-date symlink: /home/xybxy123/w_work/ros2_ws/install/slam_toolbox/include/slam_toolbox/slam_toolbox/srv/detail/merge_maps__functions.h
-- Up-to-date symlink: /home/xybxy123/w_work/ros2_ws/install/slam_toolbox/include/slam_toolbox/slam_toolbox/srv/detail/merge_maps__struct.h
-- Up-to-date symlink: /home/xybxy123/w_work/ros2_ws/install/slam_toolbox/include/slam_toolbox/slam_toolbox/srv/detail/merge_maps__type_support.h
-- Up-to-date symlink: /home/xybxy123/w_work/ros2_ws/install/slam_toolbox/include/slam_toolbox/slam_toolbox/srv/detail/pause__functions.h
-- Up-to-date symlink: /home/xybxy123/w_work/ros2_ws/install/slam_toolbox/include/slam_toolbox/slam_toolbox/srv/detail/pause__struct.h
-- Up-to-date symlink: /home/xybxy123/w_work/ros2_ws/install/slam_toolbox/include/slam_toolbox/slam_toolbox/srv/detail/pause__type_support.h
-- Up-to-date symlink: /home/xybxy123/w_work/ros2_ws/install/slam_toolbox/include/slam_toolbox/slam_toolbox/srv/detail/reset__functions.h
-- Up-to-date symlink: /home/xybxy123/w_work/ros2_ws/install/slam_toolbox/include/slam_toolbox/slam_toolbox/srv/detail/reset__struct.h
-- Up-to-date symlink: /home/xybxy123/w_work/ros2_ws/install/slam_toolbox/include/slam_toolbox/slam_toolbox/srv/detail/reset__type_support.h
-- Up-to-date symlink: /home/xybxy123/w_work/ros2_ws/install/slam_toolbox/include/slam_toolbox/slam_toolbox/srv/detail/save_map__functions.h
-- Up-to-date symlink: /home/xybxy123/w_work/ros2_ws/install/slam_toolbox/include/slam_toolbox/slam_toolbox/srv/detail/save_map__struct.h
-- Up-to-date symlink: /home/xybxy123/w_work/ros2_ws/install/slam_toolbox/include/slam_toolbox/slam_toolbox/srv/detail/save_map__type_support.h
-- Up-to-date symlink: /home/xybxy123/w_work/ros2_ws/install/slam_toolbox/include/slam_toolbox/slam_toolbox/srv/detail/serialize_pose_graph__functions.h
-- Up-to-date symlink: /home/xybxy123/w_work/ros2_ws/install/slam_toolbox/include/slam_toolbox/slam_toolbox/srv/detail/serialize_pose_graph__struct.h
-- Up-to-date symlink: /home/xybxy123/w_work/ros2_ws/install/slam_toolbox/include/slam_toolbox/slam_toolbox/srv/detail/serialize_pose_graph__type_support.h
-- Up-to-date symlink: /home/xybxy123/w_work/ros2_ws/install/slam_toolbox/include/slam_toolbox/slam_toolbox/srv/detail/toggle_interactive__functions.h
-- Up-to-date symlink: /home/xybxy123/w_work/ros2_ws/install/slam_toolbox/include/slam_toolbox/slam_toolbox/srv/detail/toggle_interactive__struct.h
-- Up-to-date symlink: /home/xybxy123/w_work/ros2_ws/install/slam_toolbox/include/slam_toolbox/slam_toolbox/srv/detail/toggle_interactive__type_support.h
-- Up-to-date symlink: /home/xybxy123/w_work/ros2_ws/install/slam_toolbox/include/slam_toolbox/slam_toolbox/srv/loop_closure.h
-- Up-to-date symlink: /home/xybxy123/w_work/ros2_ws/install/slam_toolbox/include/slam_toolbox/slam_toolbox/srv/merge_maps.h
-- Up-to-date symlink: /home/xybxy123/w_work/ros2_ws/install/slam_toolbox/include/slam_toolbox/slam_toolbox/srv/pause.h
-- Up-to-date symlink: /home/xybxy123/w_work/ros2_ws/install/slam_toolbox/include/slam_toolbox/slam_toolbox/srv/reset.h
-- Up-to-date symlink: /home/xybxy123/w_work/ros2_ws/install/slam_toolbox/include/slam_toolbox/slam_toolbox/srv/save_map.h
-- Up-to-date symlink: /home/xybxy123/w_work/ros2_ws/install/slam_toolbox/include/slam_toolbox/slam_toolbox/srv/serialize_pose_graph.h
-- Up-to-date symlink: /home/xybxy123/w_work/ros2_ws/install/slam_toolbox/include/slam_toolbox/slam_toolbox/srv/toggle_interactive.h
-- Up-to-date symlink: /home/xybxy123/w_work/ros2_ws/install/slam_toolbox/share/slam_toolbox/environment/library_path.sh
-- Up-to-date symlink: /home/xybxy123/w_work/ros2_ws/install/slam_toolbox/share/slam_toolbox/environment/library_path.dsv
-- Up-to-date symlink: /home/xybxy123/w_work/ros2_ws/install/slam_toolbox/include/slam_toolbox/slam_toolbox/msg/rosidl_typesupport_fastrtps_c__visibility_control.h
-- Up-to-date symlink: /home/xybxy123/w_work/ros2_ws/install/slam_toolbox/include/slam_toolbox/slam_toolbox/srv/detail/add_submap__rosidl_typesupport_fastrtps_c.h
-- Up-to-date symlink: /home/xybxy123/w_work/ros2_ws/install/slam_toolbox/include/slam_toolbox/slam_toolbox/srv/detail/clear__rosidl_typesupport_fastrtps_c.h
-- Up-to-date symlink: /home/xybxy123/w_work/ros2_ws/install/slam_toolbox/include/slam_toolbox/slam_toolbox/srv/detail/clear_queue__rosidl_typesupport_fastrtps_c.h
-- Up-to-date symlink: /home/xybxy123/w_work/ros2_ws/install/slam_toolbox/include/slam_toolbox/slam_toolbox/srv/detail/deserialize_pose_graph__rosidl_typesupport_fastrtps_c.h
-- Up-to-date symlink: /home/xybxy123/w_work/ros2_ws/install/slam_toolbox/include/slam_toolbox/slam_toolbox/srv/detail/loop_closure__rosidl_typesupport_fastrtps_c.h
-- Up-to-date symlink: /home/xybxy123/w_work/ros2_ws/install/slam_toolbox/include/slam_toolbox/slam_toolbox/srv/detail/merge_maps__rosidl_typesupport_fastrtps_c.h
-- Up-to-date symlink: /home/xybxy123/w_work/ros2_ws/install/slam_toolbox/include/slam_toolbox/slam_toolbox/srv/detail/pause__rosidl_typesupport_fastrtps_c.h
-- Up-to-date symlink: /home/xybxy123/w_work/ros2_ws/install/slam_toolbox/include/slam_toolbox/slam_toolbox/srv/detail/reset__rosidl_typesupport_fastrtps_c.h
-- Up-to-date symlink: /home/xybxy123/w_work/ros2_ws/install/slam_toolbox/include/slam_toolbox/slam_toolbox/srv/detail/save_map__rosidl_typesupport_fastrtps_c.h
-- Up-to-date symlink: /home/xybxy123/w_work/ros2_ws/install/slam_toolbox/include/slam_toolbox/slam_toolbox/srv/detail/serialize_pose_graph__rosidl_typesupport_fastrtps_c.h
-- Up-to-date symlink: /home/xybxy123/w_work/ros2_ws/install/slam_toolbox/include/slam_toolbox/slam_toolbox/srv/detail/toggle_interactive__rosidl_typesupport_fastrtps_c.h
-- Up-to-date symlink: /home/xybxy123/w_work/ros2_ws/install/slam_toolbox/include/slam_toolbox/slam_toolbox/msg/rosidl_generator_cpp__visibility_control.hpp
-- Up-to-date symlink: /home/xybxy123/w_work/ros2_ws/install/slam_toolbox/include/slam_toolbox/slam_toolbox/srv/add_submap.hpp
-- Up-to-date symlink: /home/xybxy123/w_work/ros2_ws/install/slam_toolbox/include/slam_toolbox/slam_toolbox/srv/clear.hpp
-- Up-to-date symlink: /home/xybxy123/w_work/ros2_ws/install/slam_toolbox/include/slam_toolbox/slam_toolbox/srv/clear_queue.hpp
-- Up-to-date symlink: /home/xybxy123/w_work/ros2_ws/install/slam_toolbox/include/slam_toolbox/slam_toolbox/srv/deserialize_pose_graph.hpp
-- Up-to-date symlink: /home/xybxy123/w_work/ros2_ws/install/slam_toolbox/include/slam_toolbox/slam_toolbox/srv/detail/add_submap__builder.hpp
-- Up-to-date symlink: /home/xybxy123/w_work/ros2_ws/install/slam_toolbox/include/slam_toolbox/slam_toolbox/srv/detail/add_submap__struct.hpp
-- Up-to-date symlink: /home/xybxy123/w_work/ros2_ws/install/slam_toolbox/include/slam_toolbox/slam_toolbox/srv/detail/add_submap__traits.hpp
-- Up-to-date symlink: /home/xybxy123/w_work/ros2_ws/install/slam_toolbox/include/slam_toolbox/slam_toolbox/srv/detail/add_submap__type_support.hpp
-- Up-to-date symlink: /home/xybxy123/w_work/ros2_ws/install/slam_toolbox/include/slam_toolbox/slam_toolbox/srv/detail/clear__builder.hpp
-- Up-to-date symlink: /home/xybxy123/w_work/ros2_ws/install/slam_toolbox/include/slam_toolbox/slam_toolbox/srv/detail/clear__struct.hpp
-- Up-to-date symlink: /home/xybxy123/w_work/ros2_ws/install/slam_toolbox/include/slam_toolbox/slam_toolbox/srv/detail/clear__traits.hpp
-- Up-to-date symlink: /home/xybxy123/w_work/ros2_ws/install/slam_toolbox/include/slam_toolbox/slam_toolbox/srv/detail/clear__type_support.hpp
-- Up-to-date symlink: /home/xybxy123/w_work/ros2_ws/install/slam_toolbox/include/slam_toolbox/slam_toolbox/srv/detail/clear_queue__builder.hpp
-- Up-to-date symlink: /home/xybxy123/w_work/ros2_ws/install/slam_toolbox/include/slam_toolbox/slam_toolbox/srv/detail/clear_queue__struct.hpp
-- Up-to-date symlink: /home/xybxy123/w_work/ros2_ws/install/slam_toolbox/include/slam_toolbox/slam_toolbox/srv/detail/clear_queue__traits.hpp
-- Up-to-date symlink: /home/xybxy123/w_work/ros2_ws/install/slam_toolbox/include/slam_toolbox/slam_toolbox/srv/detail/clear_queue__type_support.hpp
-- Up-to-date symlink: /home/xybxy123/w_work/ros2_ws/install/slam_toolbox/include/slam_toolbox/slam_toolbox/srv/detail/deserialize_pose_graph__builder.hpp
-- Up-to-date symlink: /home/xybxy123/w_work/ros2_ws/install/slam_toolbox/include/slam_toolbox/slam_toolbox/srv/detail/deserialize_pose_graph__struct.hpp
-- Up-to-date symlink: /home/xybxy123/w_work/ros2_ws/install/slam_toolbox/include/slam_toolbox/slam_toolbox/srv/detail/deserialize_pose_graph__traits.hpp
-- Up-to-date symlink: /home/xybxy123/w_work/ros2_ws/install/slam_toolbox/include/slam_toolbox/slam_toolbox/srv/detail/deserialize_pose_graph__type_support.hpp
-- Up-to-date symlink: /home/xybxy123/w_work/ros2_ws/install/slam_toolbox/include/slam_toolbox/slam_toolbox/srv/detail/loop_closure__builder.hpp
-- Up-to-date symlink: /home/xybxy123/w_work/ros2_ws/install/slam_toolbox/include/slam_toolbox/slam_toolbox/srv/detail/loop_closure__struct.hpp
-- Up-to-date symlink: /home/xybxy123/w_work/ros2_ws/install/slam_toolbox/include/slam_toolbox/slam_toolbox/srv/detail/loop_closure__traits.hpp
-- Up-to-date symlink: /home/xybxy123/w_work/ros2_ws/install/slam_toolbox/include/slam_toolbox/slam_toolbox/srv/detail/loop_closure__type_support.hpp
-- Up-to-date symlink: /home/xybxy123/w_work/ros2_ws/install/slam_toolbox/include/slam_toolbox/slam_toolbox/srv/detail/merge_maps__builder.hpp
-- Up-to-date symlink: /home/xybxy123/w_work/ros2_ws/install/slam_toolbox/include/slam_toolbox/slam_toolbox/srv/detail/merge_maps__struct.hpp
-- Up-to-date symlink: /home/xybxy123/w_work/ros2_ws/install/slam_toolbox/include/slam_toolbox/slam_toolbox/srv/detail/merge_maps__traits.hpp
-- Up-to-date symlink: /home/xybxy123/w_work/ros2_ws/install/slam_toolbox/include/slam_toolbox/slam_toolbox/srv/detail/merge_maps__type_support.hpp
-- Up-to-date symlink: /home/xybxy123/w_work/ros2_ws/install/slam_toolbox/include/slam_toolbox/slam_toolbox/srv/detail/pause__builder.hpp
-- Up-to-date symlink: /home/xybxy123/w_work/ros2_ws/install/slam_toolbox/include/slam_toolbox/slam_toolbox/srv/detail/pause__struct.hpp
-- Up-to-date symlink: /home/xybxy123/w_work/ros2_ws/install/slam_toolbox/include/slam_toolbox/slam_toolbox/srv/detail/pause__traits.hpp
-- Up-to-date symlink: /home/xybxy123/w_work/ros2_ws/install/slam_toolbox/include/slam_toolbox/slam_toolbox/srv/detail/pause__type_support.hpp
-- Up-to-date symlink: /home/xybxy123/w_work/ros2_ws/install/slam_toolbox/include/slam_toolbox/slam_toolbox/srv/detail/reset__builder.hpp
-- Up-to-date symlink: /home/xybxy123/w_work/ros2_ws/install/slam_toolbox/include/slam_toolbox/slam_toolbox/srv/detail/reset__struct.hpp
-- Up-to-date symlink: /home/xybxy123/w_work/ros2_ws/install/slam_toolbox/include/slam_toolbox/slam_toolbox/srv/detail/reset__traits.hpp
-- Up-to-date symlink: /home/xybxy123/w_work/ros2_ws/install/slam_toolbox/include/slam_toolbox/slam_toolbox/srv/detail/reset__type_support.hpp
-- Up-to-date symlink: /home/xybxy123/w_work/ros2_ws/install/slam_toolbox/include/slam_toolbox/slam_toolbox/srv/detail/save_map__builder.hpp
-- Up-to-date symlink: /home/xybxy123/w_work/ros2_ws/install/slam_toolbox/include/slam_toolbox/slam_toolbox/srv/detail/save_map__struct.hpp
-- Up-to-date symlink: /home/xybxy123/w_work/ros2_ws/install/slam_toolbox/include/slam_toolbox/slam_toolbox/srv/detail/save_map__traits.hpp
-- Up-to-date symlink: /home/xybxy123/w_work/ros2_ws/install/slam_toolbox/include/slam_toolbox/slam_toolbox/srv/detail/save_map__type_support.hpp
-- Up-to-date symlink: /home/xybxy123/w_work/ros2_ws/install/slam_toolbox/include/slam_toolbox/slam_toolbox/srv/detail/serialize_pose_graph__builder.hpp
-- Up-to-date symlink: /home/xybxy123/w_work/ros2_ws/install/slam_toolbox/include/slam_toolbox/slam_toolbox/srv/detail/serialize_pose_graph__struct.hpp
-- Up-to-date symlink: /home/xybxy123/w_work/ros2_ws/install/slam_toolbox/include/slam_toolbox/slam_toolbox/srv/detail/serialize_pose_graph__traits.hpp
-- Up-to-date symlink: /home/xybxy123/w_work/ros2_ws/install/slam_toolbox/include/slam_toolbox/slam_toolbox/srv/detail/serialize_pose_graph__type_support.hpp
-- Up-to-date symlink: /home/xybxy123/w_work/ros2_ws/install/slam_toolbox/include/slam_toolbox/slam_toolbox/srv/detail/toggle_interactive__builder.hpp
-- Up-to-date symlink: /home/xybxy123/w_work/ros2_ws/install/slam_toolbox/include/slam_toolbox/slam_toolbox/srv/detail/toggle_interactive__struct.hpp
-- Up-to-date symlink: /home/xybxy123/w_work/ros2_ws/install/slam_toolbox/include/slam_toolbox/slam_toolbox/srv/detail/toggle_interactive__traits.hpp
-- Up-to-date symlink: /home/xybxy123/w_work/ros2_ws/install/slam_toolbox/include/slam_toolbox/slam_toolbox/srv/detail/toggle_interactive__type_support.hpp
-- Up-to-date symlink: /home/xybxy123/w_work/ros2_ws/install/slam_toolbox/include/slam_toolbox/slam_toolbox/srv/loop_closure.hpp
-- Up-to-date symlink: /home/xybxy123/w_work/ros2_ws/install/slam_toolbox/include/slam_toolbox/slam_toolbox/srv/merge_maps.hpp
-- Up-to-date symlink: /home/xybxy123/w_work/ros2_ws/install/slam_toolbox/include/slam_toolbox/slam_toolbox/srv/pause.hpp
-- Up-to-date symlink: /home/xybxy123/w_work/ros2_ws/install/slam_toolbox/include/slam_toolbox/slam_toolbox/srv/reset.hpp
-- Up-to-date symlink: /home/xybxy123/w_work/ros2_ws/install/slam_toolbox/include/slam_toolbox/slam_toolbox/srv/save_map.hpp
-- Up-to-date symlink: /home/xybxy123/w_work/ros2_ws/install/slam_toolbox/include/slam_toolbox/slam_toolbox/srv/serialize_pose_graph.hpp
-- Up-to-date symlink: /home/xybxy123/w_work/ros2_ws/install/slam_toolbox/include/slam_toolbox/slam_toolbox/srv/toggle_interactive.hpp
-- Up-to-date symlink: /home/xybxy123/w_work/ros2_ws/install/slam_toolbox/include/slam_toolbox/slam_toolbox/msg/rosidl_typesupport_fastrtps_cpp__visibility_control.h
-- Up-to-date symlink: /home/xybxy123/w_work/ros2_ws/install/slam_toolbox/include/slam_toolbox/slam_toolbox/srv/detail/add_submap__rosidl_typesupport_fastrtps_cpp.hpp
-- Up-to-date symlink: /home/xybxy123/w_work/ros2_ws/install/slam_toolbox/include/slam_toolbox/slam_toolbox/srv/detail/clear__rosidl_typesupport_fastrtps_cpp.hpp
-- Up-to-date symlink: /home/xybxy123/w_work/ros2_ws/install/slam_toolbox/include/slam_toolbox/slam_toolbox/srv/detail/clear_queue__rosidl_typesupport_fastrtps_cpp.hpp
-- Up-to-date symlink: /home/xybxy123/w_work/ros2_ws/install/slam_toolbox/include/slam_toolbox/slam_toolbox/srv/detail/deserialize_pose_graph__rosidl_typesupport_fastrtps_cpp.hpp
-- Up-to-date symlink: /home/xybxy123/w_work/ros2_ws/install/slam_toolbox/include/slam_toolbox/slam_toolbox/srv/detail/loop_closure__rosidl_typesupport_fastrtps_cpp.hpp
-- Up-to-date symlink: /home/xybxy123/w_work/ros2_ws/install/slam_toolbox/include/slam_toolbox/slam_toolbox/srv/detail/merge_maps__rosidl_typesupport_fastrtps_cpp.hpp
-- Up-to-date symlink: /home/xybxy123/w_work/ros2_ws/install/slam_toolbox/include/slam_toolbox/slam_toolbox/srv/detail/pause__rosidl_typesupport_fastrtps_cpp.hpp
-- Up-to-date symlink: /home/xybxy123/w_work/ros2_ws/install/slam_toolbox/include/slam_toolbox/slam_toolbox/srv/detail/reset__rosidl_typesupport_fastrtps_cpp.hpp
-- Up-to-date symlink: /home/xybxy123/w_work/ros2_ws/install/slam_toolbox/include/slam_toolbox/slam_toolbox/srv/detail/save_map__rosidl_typesupport_fastrtps_cpp.hpp
-- Up-to-date symlink: /home/xybxy123/w_work/ros2_ws/install/slam_toolbox/include/slam_toolbox/slam_toolbox/srv/detail/serialize_pose_graph__rosidl_typesupport_fastrtps_cpp.hpp
-- Up-to-date symlink: /home/xybxy123/w_work/ros2_ws/install/slam_toolbox/include/slam_toolbox/slam_toolbox/srv/detail/toggle_interactive__rosidl_typesupport_fastrtps_cpp.hpp
-- Up-to-date symlink: /home/xybxy123/w_work/ros2_ws/install/slam_toolbox/include/slam_toolbox/slam_toolbox/msg/rosidl_typesupport_introspection_c__visibility_control.h
-- Up-to-date symlink: /home/xybxy123/w_work/ros2_ws/install/slam_toolbox/include/slam_toolbox/slam_toolbox/srv/detail/add_submap__rosidl_typesupport_introspection_c.h
-- Up-to-date symlink: /home/xybxy123/w_work/ros2_ws/install/slam_toolbox/include/slam_toolbox/slam_toolbox/srv/detail/clear__rosidl_typesupport_introspection_c.h
-- Up-to-date symlink: /home/xybxy123/w_work/ros2_ws/install/slam_toolbox/include/slam_toolbox/slam_toolbox/srv/detail/clear_queue__rosidl_typesupport_introspection_c.h
-- Up-to-date symlink: /home/xybxy123/w_work/ros2_ws/install/slam_toolbox/include/slam_toolbox/slam_toolbox/srv/detail/deserialize_pose_graph__rosidl_typesupport_introspection_c.h
-- Up-to-date symlink: /home/xybxy123/w_work/ros2_ws/install/slam_toolbox/include/slam_toolbox/slam_toolbox/srv/detail/loop_closure__rosidl_typesupport_introspection_c.h
-- Up-to-date symlink: /home/xybxy123/w_work/ros2_ws/install/slam_toolbox/include/slam_toolbox/slam_toolbox/srv/detail/merge_maps__rosidl_typesupport_introspection_c.h
-- Up-to-date symlink: /home/xybxy123/w_work/ros2_ws/install/slam_toolbox/include/slam_toolbox/slam_toolbox/srv/detail/pause__rosidl_typesupport_introspection_c.h
-- Up-to-date symlink: /home/xybxy123/w_work/ros2_ws/install/slam_toolbox/include/slam_toolbox/slam_toolbox/srv/detail/reset__rosidl_typesupport_introspection_c.h
-- Up-to-date symlink: /home/xybxy123/w_work/ros2_ws/install/slam_toolbox/include/slam_toolbox/slam_toolbox/srv/detail/save_map__rosidl_typesupport_introspection_c.h
-- Up-to-date symlink: /home/xybxy123/w_work/ros2_ws/install/slam_toolbox/include/slam_toolbox/slam_toolbox/srv/detail/serialize_pose_graph__rosidl_typesupport_introspection_c.h
-- Up-to-date symlink: /home/xybxy123/w_work/ros2_ws/install/slam_toolbox/include/slam_toolbox/slam_toolbox/srv/detail/toggle_interactive__rosidl_typesupport_introspection_c.h
-- Up-to-date symlink: /home/xybxy123/w_work/ros2_ws/install/slam_toolbox/include/slam_toolbox/slam_toolbox/srv/detail/add_submap__rosidl_typesupport_introspection_cpp.hpp
-- Up-to-date symlink: /home/xybxy123/w_work/ros2_ws/install/slam_toolbox/include/slam_toolbox/slam_toolbox/srv/detail/clear__rosidl_typesupport_introspection_cpp.hpp
-- Up-to-date symlink: /home/xybxy123/w_work/ros2_ws/install/slam_toolbox/include/slam_toolbox/slam_toolbox/srv/detail/clear_queue__rosidl_typesupport_introspection_cpp.hpp
-- Up-to-date symlink: /home/xybxy123/w_work/ros2_ws/install/slam_toolbox/include/slam_toolbox/slam_toolbox/srv/detail/deserialize_pose_graph__rosidl_typesupport_introspection_cpp.hpp
-- Up-to-date symlink: /home/xybxy123/w_work/ros2_ws/install/slam_toolbox/include/slam_toolbox/slam_toolbox/srv/detail/loop_closure__rosidl_typesupport_introspection_cpp.hpp
-- Up-to-date symlink: /home/xybxy123/w_work/ros2_ws/install/slam_toolbox/include/slam_toolbox/slam_toolbox/srv/detail/merge_maps__rosidl_typesupport_introspection_cpp.hpp
-- Up-to-date symlink: /home/xybxy123/w_work/ros2_ws/install/slam_toolbox/include/slam_toolbox/slam_toolbox/srv/detail/pause__rosidl_typesupport_introspection_cpp.hpp
-- Up-to-date symlink: /home/xybxy123/w_work/ros2_ws/install/slam_toolbox/include/slam_toolbox/slam_toolbox/srv/detail/reset__rosidl_typesupport_introspection_cpp.hpp
-- Up-to-date symlink: /home/xybxy123/w_work/ros2_ws/install/slam_toolbox/include/slam_toolbox/slam_toolbox/srv/detail/save_map__rosidl_typesupport_introspection_cpp.hpp
-- Up-to-date symlink: /home/xybxy123/w_work/ros2_ws/install/slam_toolbox/include/slam_toolbox/slam_toolbox/srv/detail/serialize_pose_graph__rosidl_typesupport_introspection_cpp.hpp
-- Up-to-date symlink: /home/xybxy123/w_work/ros2_ws/install/slam_toolbox/include/slam_toolbox/slam_toolbox/srv/detail/toggle_interactive__rosidl_typesupport_introspection_cpp.hpp
-- Up-to-date symlink: /home/xybxy123/w_work/ros2_ws/install/slam_toolbox/share/slam_toolbox/environment/pythonpath.sh
-- Up-to-date symlink: /home/xybxy123/w_work/ros2_ws/install/slam_toolbox/share/slam_toolbox/environment/pythonpath.dsv
-- Up-to-date symlink: /home/xybxy123/w_work/ros2_ws/install/slam_toolbox/lib/python3.12/site-packages/slam_toolbox-2.8.4-py3.12.egg-info/PKG-INFO
-- Up-to-date symlink: /home/xybxy123/w_work/ros2_ws/install/slam_toolbox/lib/python3.12/site-packages/slam_toolbox-2.8.4-py3.12.egg-info/SOURCES.txt
-- Up-to-date symlink: /home/xybxy123/w_work/ros2_ws/install/slam_toolbox/lib/python3.12/site-packages/slam_toolbox-2.8.4-py3.12.egg-info/dependency_links.txt
-- Up-to-date symlink: /home/xybxy123/w_work/ros2_ws/install/slam_toolbox/lib/python3.12/site-packages/slam_toolbox-2.8.4-py3.12.egg-info/top_level.txt
-- Up-to-date symlink: /home/xybxy123/w_work/ros2_ws/install/slam_toolbox/lib/python3.12/site-packages/slam_toolbox/__init__.py
-- Up-to-date symlink: /home/xybxy123/w_work/ros2_ws/install/slam_toolbox/lib/python3.12/site-packages/slam_toolbox/_slam_toolbox_s.ep.rosidl_typesupport_c.c
-- Up-to-date symlink: /home/xybxy123/w_work/ros2_ws/install/slam_toolbox/lib/python3.12/site-packages/slam_toolbox/_slam_toolbox_s.ep.rosidl_typesupport_fastrtps_c.c
-- Up-to-date symlink: /home/xybxy123/w_work/ros2_ws/install/slam_toolbox/lib/python3.12/site-packages/slam_toolbox/_slam_toolbox_s.ep.rosidl_typesupport_introspection_c.c
-- Up-to-date symlink: /home/xybxy123/w_work/ros2_ws/install/slam_toolbox/lib/python3.12/site-packages/slam_toolbox/slam_toolbox_s__rosidl_typesupport_c.so
-- Up-to-date symlink: /home/xybxy123/w_work/ros2_ws/install/slam_toolbox/lib/python3.12/site-packages/slam_toolbox/slam_toolbox_s__rosidl_typesupport_fastrtps_c.so
-- Up-to-date symlink: /home/xybxy123/w_work/ros2_ws/install/slam_toolbox/lib/python3.12/site-packages/slam_toolbox/slam_toolbox_s__rosidl_typesupport_introspection_c.so
-- Up-to-date symlink: /home/xybxy123/w_work/ros2_ws/install/slam_toolbox/lib/python3.12/site-packages/slam_toolbox/srv/__init__.py
-- Up-to-date symlink: /home/xybxy123/w_work/ros2_ws/install/slam_toolbox/lib/python3.12/site-packages/slam_toolbox/srv/_add_submap.py
-- Up-to-date symlink: /home/xybxy123/w_work/ros2_ws/install/slam_toolbox/lib/python3.12/site-packages/slam_toolbox/srv/_add_submap_s.c
-- Up-to-date symlink: /home/xybxy123/w_work/ros2_ws/install/slam_toolbox/lib/python3.12/site-packages/slam_toolbox/srv/_clear.py
-- Up-to-date symlink: /home/xybxy123/w_work/ros2_ws/install/slam_toolbox/lib/python3.12/site-packages/slam_toolbox/srv/_clear_queue.py
-- Up-to-date symlink: /home/xybxy123/w_work/ros2_ws/install/slam_toolbox/lib/python3.12/site-packages/slam_toolbox/srv/_clear_queue_s.c
-- Up-to-date symlink: /home/xybxy123/w_work/ros2_ws/install/slam_toolbox/lib/python3.12/site-packages/slam_toolbox/srv/_clear_s.c
-- Up-to-date symlink: /home/xybxy123/w_work/ros2_ws/install/slam_toolbox/lib/python3.12/site-packages/slam_toolbox/srv/_deserialize_pose_graph.py
-- Up-to-date symlink: /home/xybxy123/w_work/ros2_ws/install/slam_toolbox/lib/python3.12/site-packages/slam_toolbox/srv/_deserialize_pose_graph_s.c
-- Up-to-date symlink: /home/xybxy123/w_work/ros2_ws/install/slam_toolbox/lib/python3.12/site-packages/slam_toolbox/srv/_loop_closure.py
-- Up-to-date symlink: /home/xybxy123/w_work/ros2_ws/install/slam_toolbox/lib/python3.12/site-packages/slam_toolbox/srv/_loop_closure_s.c
-- Up-to-date symlink: /home/xybxy123/w_work/ros2_ws/install/slam_toolbox/lib/python3.12/site-packages/slam_toolbox/srv/_merge_maps.py
-- Up-to-date symlink: /home/xybxy123/w_work/ros2_ws/install/slam_toolbox/lib/python3.12/site-packages/slam_toolbox/srv/_merge_maps_s.c
-- Up-to-date symlink: /home/xybxy123/w_work/ros2_ws/install/slam_toolbox/lib/python3.12/site-packages/slam_toolbox/srv/_pause.py
-- Up-to-date symlink: /home/xybxy123/w_work/ros2_ws/install/slam_toolbox/lib/python3.12/site-packages/slam_toolbox/srv/_pause_s.c
-- Up-to-date symlink: /home/xybxy123/w_work/ros2_ws/install/slam_toolbox/lib/python3.12/site-packages/slam_toolbox/srv/_reset.py
-- Up-to-date symlink: /home/xybxy123/w_work/ros2_ws/install/slam_toolbox/lib/python3.12/site-packages/slam_toolbox/srv/_reset_s.c
-- Up-to-date symlink: /home/xybxy123/w_work/ros2_ws/install/slam_toolbox/lib/python3.12/site-packages/slam_toolbox/srv/_save_map.py
-- Up-to-date symlink: /home/xybxy123/w_work/ros2_ws/install/slam_toolbox/lib/python3.12/site-packages/slam_toolbox/srv/_save_map_s.c
-- Up-to-date symlink: /home/xybxy123/w_work/ros2_ws/install/slam_toolbox/lib/python3.12/site-packages/slam_toolbox/srv/_serialize_pose_graph.py
-- Up-to-date symlink: /home/xybxy123/w_work/ros2_ws/install/slam_toolbox/lib/python3.12/site-packages/slam_toolbox/srv/_serialize_pose_graph_s.c
-- Up-to-date symlink: /home/xybxy123/w_work/ros2_ws/install/slam_toolbox/lib/python3.12/site-packages/slam_toolbox/srv/_toggle_interactive.py
-- Up-to-date symlink: /home/xybxy123/w_work/ros2_ws/install/slam_toolbox/lib/python3.12/site-packages/slam_toolbox/srv/_toggle_interactive_s.c
-- Up-to-date symlink: /home/xybxy123/w_work/ros2_ws/install/slam_toolbox/lib/python3.12/site-packages/slam_toolbox/slam_toolbox_s__rosidl_typesupport_fastrtps_c.so
-- Up-to-date symlink: /home/xybxy123/w_work/ros2_ws/install/slam_toolbox/lib/python3.12/site-packages/slam_toolbox/slam_toolbox_s__rosidl_typesupport_introspection_c.so
-- Up-to-date symlink: /home/xybxy123/w_work/ros2_ws/install/slam_toolbox/lib/python3.12/site-packages/slam_toolbox/slam_toolbox_s__rosidl_typesupport_c.so
-- Up-to-date symlink: /home/xybxy123/w_work/ros2_ws/install/slam_toolbox/share/slam_toolbox/srv/Pause.idl
-- Up-to-date symlink: /home/xybxy123/w_work/ros2_ws/install/slam_toolbox/share/slam_toolbox/srv/Reset.idl
-- Up-to-date symlink: /home/xybxy123/w_work/ros2_ws/install/slam_toolbox/share/slam_toolbox/srv/ClearQueue.idl
-- Up-to-date symlink: /home/xybxy123/w_work/ros2_ws/install/slam_toolbox/share/slam_toolbox/srv/ToggleInteractive.idl
-- Up-to-date symlink: /home/xybxy123/w_work/ros2_ws/install/slam_toolbox/share/slam_toolbox/srv/Clear.idl
-- Up-to-date symlink: /home/xybxy123/w_work/ros2_ws/install/slam_toolbox/share/slam_toolbox/srv/SaveMap.idl
-- Up-to-date symlink: /home/xybxy123/w_work/ros2_ws/install/slam_toolbox/share/slam_toolbox/srv/LoopClosure.idl
-- Up-to-date symlink: /home/xybxy123/w_work/ros2_ws/install/slam_toolbox/share/slam_toolbox/srv/MergeMaps.idl
-- Up-to-date symlink: /home/xybxy123/w_work/ros2_ws/install/slam_toolbox/share/slam_toolbox/srv/AddSubmap.idl
-- Up-to-date symlink: /home/xybxy123/w_work/ros2_ws/install/slam_toolbox/share/slam_toolbox/srv/DeserializePoseGraph.idl
-- Up-to-date symlink: /home/xybxy123/w_work/ros2_ws/install/slam_toolbox/share/slam_toolbox/srv/SerializePoseGraph.idl
-- Up-to-date symlink: /home/xybxy123/w_work/ros2_ws/install/slam_toolbox/share/slam_toolbox/srv/Pause.srv
-- Up-to-date symlink: /home/xybxy123/w_work/ros2_ws/install/slam_toolbox/share/slam_toolbox/srv/Reset.srv
-- Up-to-date symlink: /home/xybxy123/w_work/ros2_ws/install/slam_toolbox/share/slam_toolbox/srv/ClearQueue.srv
-- Up-to-date symlink: /home/xybxy123/w_work/ros2_ws/install/slam_toolbox/share/slam_toolbox/srv/ToggleInteractive.srv
-- Up-to-date symlink: /home/xybxy123/w_work/ros2_ws/install/slam_toolbox/share/slam_toolbox/srv/Clear.srv
-- Up-to-date symlink: /home/xybxy123/w_work/ros2_ws/install/slam_toolbox/share/slam_toolbox/srv/SaveMap.srv
-- Up-to-date symlink: /home/xybxy123/w_work/ros2_ws/install/slam_toolbox/share/slam_toolbox/srv/LoopClosure.srv
-- Up-to-date symlink: /home/xybxy123/w_work/ros2_ws/install/slam_toolbox/share/slam_toolbox/srv/MergeMaps.srv
-- Up-to-date symlink: /home/xybxy123/w_work/ros2_ws/install/slam_toolbox/share/slam_toolbox/srv/AddSubmap.srv
-- Up-to-date symlink: /home/xybxy123/w_work/ros2_ws/install/slam_toolbox/share/slam_toolbox/srv/DeserializePoseGraph.srv
-- Up-to-date symlink: /home/xybxy123/w_work/ros2_ws/install/slam_toolbox/share/slam_toolbox/srv/SerializePoseGraph.srv
-- Up-to-date symlink: /home/xybxy123/w_work/ros2_ws/install/slam_toolbox/share/slam_toolbox//rviz_plugins.xml
-- Up-to-date symlink: /home/xybxy123/w_work/ros2_ws/install/slam_toolbox/share/slam_toolbox//solver_plugins.xml
-- Up-to-date symlink: /home/xybxy123/w_work/ros2_ws/install/slam_toolbox/lib/slam_toolbox/async_slam_toolbox_node
-- Up-to-date symlink: /home/xybxy123/w_work/ros2_ws/install/slam_toolbox/lib/slam_toolbox/sync_slam_toolbox_node
-- Up-to-date symlink: /home/xybxy123/w_work/ros2_ws/install/slam_toolbox/lib/slam_toolbox/localization_slam_toolbox_node
-- Up-to-date symlink: /home/xybxy123/w_work/ros2_ws/install/slam_toolbox/lib/slam_toolbox/map_and_localization_slam_toolbox_node
-- Up-to-date symlink: /home/xybxy123/w_work/ros2_ws/install/slam_toolbox/lib/slam_toolbox/lifelong_slam_toolbox_node
-- Up-to-date symlink: /home/xybxy123/w_work/ros2_ws/install/slam_toolbox/lib/slam_toolbox/merge_maps_kinematic
-- Up-to-date symlink: /home/xybxy123/w_work/ros2_ws/install/slam_toolbox/lib/libtoolbox_common.so
-- Up-to-date symlink: /home/xybxy123/w_work/ros2_ws/install/slam_toolbox/lib/libSlamToolboxPlugin.so
-- Up-to-date symlink: /home/xybxy123/w_work/ros2_ws/install/slam_toolbox/lib/libceres_solver_plugin.so
-- Up-to-date symlink: /home/xybxy123/w_work/ros2_ws/install/slam_toolbox/lib/libasync_slam_toolbox.so
-- Up-to-date symlink: /home/xybxy123/w_work/ros2_ws/install/slam_toolbox/lib/libsync_slam_toolbox.so
-- Up-to-date symlink: /home/xybxy123/w_work/ros2_ws/install/slam_toolbox/lib/liblocalization_slam_toolbox.so
-- Up-to-date symlink: /home/xybxy123/w_work/ros2_ws/install/slam_toolbox/lib/liblifelong_slam_toolbox.so
-- Up-to-date symlink: /home/xybxy123/w_work/ros2_ws/install/slam_toolbox/lib/libmap_and_localization_slam_toolbox.so
-- Up-to-date symlink: /home/xybxy123/w_work/ros2_ws/install/slam_toolbox/lib/libkartoSlamToolbox.so
-- Up-to-date symlink: /home/xybxy123/w_work/ros2_ws/install/slam_toolbox/include/slam_toolbox/experimental/slam_toolbox_lifelong.hpp
-- Up-to-date symlink: /home/xybxy123/w_work/ros2_ws/install/slam_toolbox/include/slam_toolbox/experimental/slam_toolbox_map_and_localization.hpp
-- Up-to-date symlink: /home/xybxy123/w_work/ros2_ws/install/slam_toolbox/include/slam_toolbox/get_pose_helper.hpp
-- Up-to-date symlink: /home/xybxy123/w_work/ros2_ws/install/slam_toolbox/include/slam_toolbox/laser_utils.hpp
-- Up-to-date symlink: /home/xybxy123/w_work/ros2_ws/install/slam_toolbox/include/slam_toolbox/loop_closure_assistant.hpp
-- Up-to-date symlink: /home/xybxy123/w_work/ros2_ws/install/slam_toolbox/include/slam_toolbox/map_saver.hpp
-- Up-to-date symlink: /home/xybxy123/w_work/ros2_ws/install/slam_toolbox/include/slam_toolbox/merge_maps_kinematic.hpp
-- Up-to-date symlink: /home/xybxy123/w_work/ros2_ws/install/slam_toolbox/include/slam_toolbox/serialization.hpp
-- Up-to-date symlink: /home/xybxy123/w_work/ros2_ws/install/slam_toolbox/include/slam_toolbox/slam_mapper.hpp
-- Up-to-date symlink: /home/xybxy123/w_work/ros2_ws/install/slam_toolbox/include/slam_toolbox/slam_toolbox_async.hpp
-- Up-to-date symlink: /home/xybxy123/w_work/ros2_ws/install/slam_toolbox/include/slam_toolbox/slam_toolbox_common.hpp
-- Up-to-date symlink: /home/xybxy123/w_work/ros2_ws/install/slam_toolbox/include/slam_toolbox/slam_toolbox_localization.hpp
-- Up-to-date symlink: /home/xybxy123/w_work/ros2_ws/install/slam_toolbox/include/slam_toolbox/slam_toolbox_sync.hpp
-- Up-to-date symlink: /home/xybxy123/w_work/ros2_ws/install/slam_toolbox/include/slam_toolbox/snap_utils.hpp
-- Up-to-date symlink: /home/xybxy123/w_work/ros2_ws/install/slam_toolbox/include/slam_toolbox/toolbox_msgs.hpp
-- Up-to-date symlink: /home/xybxy123/w_work/ros2_ws/install/slam_toolbox/include/slam_toolbox/toolbox_types.hpp
-- Up-to-date symlink: /home/xybxy123/w_work/ros2_ws/install/slam_toolbox/include/slam_toolbox/visualization_utils.hpp
-- Up-to-date symlink: /home/xybxy123/w_work/ros2_ws/install/slam_toolbox/share/slam_toolbox/launch/localization_launch.py
-- Up-to-date symlink: /home/xybxy123/w_work/ros2_ws/install/slam_toolbox/share/slam_toolbox/launch/merge_maps_kinematic_launch.py
-- Up-to-date symlink: /home/xybxy123/w_work/ros2_ws/install/slam_toolbox/share/slam_toolbox/launch/offline_launch.py
-- Up-to-date symlink: /home/xybxy123/w_work/ros2_ws/install/slam_toolbox/share/slam_toolbox/launch/online_async_launch.py
-- Up-to-date symlink: /home/xybxy123/w_work/ros2_ws/install/slam_toolbox/share/slam_toolbox/launch/online_sync_launch.py
-- Up-to-date symlink: /home/xybxy123/w_work/ros2_ws/install/slam_toolbox/share/slam_toolbox/config/mapper_params_lifelong.yaml
-- Up-to-date symlink: /home/xybxy123/w_work/ros2_ws/install/slam_toolbox/share/slam_toolbox/config/mapper_params_localization.yaml
-- Up-to-date symlink: /home/xybxy123/w_work/ros2_ws/install/slam_toolbox/share/slam_toolbox/config/mapper_params_offline.yaml
-- Up-to-date symlink: /home/xybxy123/w_work/ros2_ws/install/slam_toolbox/share/slam_toolbox/config/mapper_params_online_async.yaml
-- Up-to-date symlink: /home/xybxy123/w_work/ros2_ws/install/slam_toolbox/share/slam_toolbox/config/mapper_params_online_sync.yaml
-- Up-to-date symlink: /home/xybxy123/w_work/ros2_ws/install/slam_toolbox/share/slam_toolbox/config/slam_toolbox_default.rviz
-- Up-to-date symlink: /home/xybxy123/w_work/ros2_ws/install/slam_toolbox/share/solver_plugins.xml
-- Up-to-date symlink: /home/xybxy123/w_work/ros2_ws/install/slam_toolbox/share/rviz_plugins.xml
-- Up-to-date symlink: /home/xybxy123/w_work/ros2_ws/install/slam_toolbox/share/ament_index/resource_index/package_run_dependencies/slam_toolbox
-- Up-to-date symlink: /home/xybxy123/w_work/ros2_ws/install/slam_toolbox/share/ament_index/resource_index/parent_prefix_path/slam_toolbox
-- Up-to-date symlink: /home/xybxy123/w_work/ros2_ws/install/slam_toolbox/share/slam_toolbox/environment/ament_prefix_path.sh
-- Up-to-date symlink: /home/xybxy123/w_work/ros2_ws/install/slam_toolbox/share/slam_toolbox/environment/ament_prefix_path.dsv
-- Up-to-date symlink: /home/xybxy123/w_work/ros2_ws/install/slam_toolbox/share/slam_toolbox/environment/path.sh
-- Up-to-date symlink: /home/xybxy123/w_work/ros2_ws/install/slam_toolbox/share/slam_toolbox/environment/path.dsv
-- Up-to-date symlink: /home/xybxy123/w_work/ros2_ws/install/slam_toolbox/share/slam_toolbox/local_setup.bash
-- Up-to-date symlink: /home/xybxy123/w_work/ros2_ws/install/slam_toolbox/share/slam_toolbox/local_setup.sh
-- Up-to-date symlink: /home/xybxy123/w_work/ros2_ws/install/slam_toolbox/share/slam_toolbox/local_setup.zsh
-- Up-to-date symlink: /home/xybxy123/w_work/ros2_ws/install/slam_toolbox/share/slam_toolbox/local_setup.dsv
-- Symlinking: /home/xybxy123/w_work/ros2_ws/install/slam_toolbox/share/slam_toolbox/package.dsv
-- Up-to-date symlink: /home/xybxy123/w_work/ros2_ws/install/slam_toolbox/share/ament_index/resource_index/packages/slam_toolbox
-- Up-to-date symlink: /home/xybxy123/w_work/ros2_ws/install/slam_toolbox/share/ament_index/resource_index/rviz_common__pluginlib__plugin/slam_toolbox
-- Up-to-date symlink: /home/xybxy123/w_work/ros2_ws/install/slam_toolbox/share/ament_index/resource_index/slam_toolbox__pluginlib__plugin/slam_toolbox
-- Up-to-date symlink: /home/xybxy123/w_work/ros2_ws/install/slam_toolbox/share/ament_index/resource_index/rclcpp_components/slam_toolbox
-- Up-to-date symlink: /home/xybxy123/w_work/ros2_ws/install/slam_toolbox/share/slam_toolbox/cmake/rosidl_cmake-extras.cmake
-- Up-to-date symlink: /home/xybxy123/w_work/ros2_ws/install/slam_toolbox/share/slam_toolbox/cmake/ament_cmake_export_dependencies-extras.cmake
-- Up-to-date symlink: /home/xybxy123/w_work/ros2_ws/install/slam_toolbox/share/slam_toolbox/cmake/ament_cmake_export_include_directories-extras.cmake
-- Up-to-date symlink: /home/xybxy123/w_work/ros2_ws/install/slam_toolbox/share/slam_toolbox/cmake/ament_cmake_export_libraries-extras.cmake
-- Up-to-date symlink: /home/xybxy123/w_work/ros2_ws/install/slam_toolbox/share/slam_toolbox/cmake/ament_cmake_export_targets-extras.cmake
-- Up-to-date symlink: /home/xybxy123/w_work/ros2_ws/install/slam_toolbox/share/slam_toolbox/cmake/rosidl_cmake_export_typesupport_targets-extras.cmake
-- Up-to-date symlink: /home/xybxy123/w_work/ros2_ws/install/slam_toolbox/share/slam_toolbox/cmake/rosidl_cmake_export_typesupport_libraries-extras.cmake
-- Up-to-date symlink: /home/xybxy123/w_work/ros2_ws/install/slam_toolbox/share/slam_toolbox/cmake/slam_toolboxConfig.cmake
-- Up-to-date symlink: /home/xybxy123/w_work/ros2_ws/install/slam_toolbox/share/slam_toolbox/cmake/slam_toolboxConfig-version.cmake
-- Up-to-date symlink: /home/xybxy123/w_work/ros2_ws/install/slam_toolbox/share/slam_toolbox/package.xml
-- Up-to-date: /home/xybxy123/w_work/ros2_ws/install/slam_toolbox/lib/libslam_toolbox__rosidl_generator_c.so
-- Up-to-date: /home/xybxy123/w_work/ros2_ws/install/slam_toolbox/lib/libslam_toolbox__rosidl_typesupport_fastrtps_c.so
-- Up-to-date: /home/xybxy123/w_work/ros2_ws/install/slam_toolbox/lib/libslam_toolbox__rosidl_typesupport_fastrtps_cpp.so
-- Up-to-date: /home/xybxy123/w_work/ros2_ws/install/slam_toolbox/lib/libslam_toolbox__rosidl_typesupport_introspection_c.so
-- Up-to-date: /home/xybxy123/w_work/ros2_ws/install/slam_toolbox/lib/libslam_toolbox__rosidl_typesupport_c.so
-- Up-to-date: /home/xybxy123/w_work/ros2_ws/install/slam_toolbox/lib/libslam_toolbox__rosidl_typesupport_introspection_cpp.so
-- Up-to-date: /home/xybxy123/w_work/ros2_ws/install/slam_toolbox/lib/libslam_toolbox__rosidl_typesupport_cpp.so
Listing '/home/xybxy123/w_work/ros2_ws/install/slam_toolbox/lib/python3.12/site-packages/slam_toolbox'...
Compiling '/home/xybxy123/w_work/ros2_ws/install/slam_toolbox/lib/python3.12/site-packages/slam_toolbox/__init__.py'...
Listing '/home/xybxy123/w_work/ros2_ws/install/slam_toolbox/lib/python3.12/site-packages/slam_toolbox/srv'...
-- Up-to-date: /home/xybxy123/w_work/ros2_ws/install/slam_toolbox/lib/libslam_toolbox__rosidl_generator_py.so
-- Up-to-date: /home/xybxy123/w_work/ros2_ws/install/slam_toolbox/share/slam_toolbox/cmake/export_slam_toolbox__rosidl_generator_cExport.cmake
-- Up-to-date: /home/xybxy123/w_work/ros2_ws/install/slam_toolbox/share/slam_toolbox/cmake/export_slam_toolbox__rosidl_generator_cExport-release.cmake
-- Up-to-date: /home/xybxy123/w_work/ros2_ws/install/slam_toolbox/share/slam_toolbox/cmake/export_slam_toolbox__rosidl_typesupport_fastrtps_cExport.cmake
-- Up-to-date: /home/xybxy123/w_work/ros2_ws/install/slam_toolbox/share/slam_toolbox/cmake/export_slam_toolbox__rosidl_typesupport_fastrtps_cExport-release.cmake
-- Up-to-date: /home/xybxy123/w_work/ros2_ws/install/slam_toolbox/share/slam_toolbox/cmake/export_slam_toolbox__rosidl_generator_cppExport.cmake
-- Up-to-date: /home/xybxy123/w_work/ros2_ws/install/slam_toolbox/share/slam_toolbox/cmake/export_slam_toolbox__rosidl_typesupport_fastrtps_cppExport.cmake
-- Up-to-date: /home/xybxy123/w_work/ros2_ws/install/slam_toolbox/share/slam_toolbox/cmake/export_slam_toolbox__rosidl_typesupport_fastrtps_cppExport-release.cmake
-- Up-to-date: /home/xybxy123/w_work/ros2_ws/install/slam_toolbox/share/slam_toolbox/cmake/slam_toolbox__rosidl_typesupport_introspection_cExport.cmake
-- Up-to-date: /home/xybxy123/w_work/ros2_ws/install/slam_toolbox/share/slam_toolbox/cmake/slam_toolbox__rosidl_typesupport_introspection_cExport-release.cmake
-- Up-to-date: /home/xybxy123/w_work/ros2_ws/install/slam_toolbox/share/slam_toolbox/cmake/slam_toolbox__rosidl_typesupport_cExport.cmake
-- Up-to-date: /home/xybxy123/w_work/ros2_ws/install/slam_toolbox/share/slam_toolbox/cmake/slam_toolbox__rosidl_typesupport_cExport-release.cmake
-- Up-to-date: /home/xybxy123/w_work/ros2_ws/install/slam_toolbox/share/slam_toolbox/cmake/slam_toolbox__rosidl_typesupport_introspection_cppExport.cmake
-- Up-to-date: /home/xybxy123/w_work/ros2_ws/install/slam_toolbox/share/slam_toolbox/cmake/slam_toolbox__rosidl_typesupport_introspection_cppExport-release.cmake
-- Up-to-date: /home/xybxy123/w_work/ros2_ws/install/slam_toolbox/share/slam_toolbox/cmake/slam_toolbox__rosidl_typesupport_cppExport.cmake
-- Up-to-date: /home/xybxy123/w_work/ros2_ws/install/slam_toolbox/share/slam_toolbox/cmake/slam_toolbox__rosidl_typesupport_cppExport-release.cmake
-- Up-to-date: /home/xybxy123/w_work/ros2_ws/install/slam_toolbox/share/slam_toolbox/cmake/export_slam_toolbox__rosidl_generator_pyExport.cmake
-- Up-to-date: /home/xybxy123/w_work/ros2_ws/install/slam_toolbox/share/slam_toolbox/cmake/export_slam_toolbox__rosidl_generator_pyExport-release.cmake
-- Up-to-date: /home/xybxy123/w_work/ros2_ws/install/slam_toolbox/share/slam_toolbox/cmake/SlamToolboxPluginExport.cmake
-- Up-to-date: /home/xybxy123/w_work/ros2_ws/install/slam_toolbox/share/slam_toolbox/cmake/SlamToolboxPluginExport-release.cmake
