-- Found ament_cmake: 2.5.5 (/opt/ros/jazzy/share/ament_cmake/cmake)
-- Found rclcpp: 28.1.16 (/opt/ros/jazzy/share/rclcpp/cmake)
-- Found rosidl_generator_c: 4.6.7 (/opt/ros/jazzy/share/rosidl_generator_c/cmake)
-- Found rosidl_generator_cpp: 4.6.7 (/opt/ros/jazzy/share/rosidl_generator_cpp/cmake)
-- Using all available rosidl_typesupport_c: rosidl_typesupport_fastrtps_c;rosidl_typesupport_introspection_c
-- Using all available rosidl_typesupport_cpp: rosidl_typesupport_fastrtps_cpp;rosidl_typesupport_introspection_cpp
-- Found rmw_implementation_cmake: 7.3.3 (/opt/ros/jazzy/share/rmw_implementation_cmake/cmake)
-- Found rmw_fastrtps_cpp: 8.4.3 (/opt/ros/jazzy/share/rmw_fastrtps_cpp/cmake)
-- Using RMW implementation 'rmw_fastrtps_cpp' as default
-- Found sensor_msgs: 5.3.6 (/opt/ros/jazzy/share/sensor_msgs/cmake)
-- Found cv_bridge: 4.1.0 (/opt/ros/jazzy/share/cv_bridge/cmake)
-- Configuring done (0.5s)
-- Generating done (0.0s)
-- Build files have been written to: /home/xybxy123/w_work/ros2_ws/build/depth_camera_pub
[ 50%] [32mBuilding CXX object CMakeFiles/depth_camera_pub_node.dir/src/depth_pub_node.cpp.o[0m
[01m[K/home/xybxy123/w_work/ros2_ws/src/depth_camera_pub/src/depth_pub_node.cpp:1:10:[m[K [01;31m[Kfatal error: [m[KObSensor.hpp: 没有那个文件或目录
    1 | #include [01;31m[K<ObSensor.hpp>[m[K
      |          [01;31m[K^~~~~~~~~~~~~~[m[K
compilation terminated.
gmake[2]: *** [CMakeFiles/depth_camera_pub_node.dir/build.make:76：CMakeFiles/depth_camera_pub_node.dir/src/depth_pub_node.cpp.o] 错误 1
gmake[1]: *** [CMakeFiles/Makefile2:137：CMakeFiles/depth_camera_pub_node.dir/all] 错误 2
gmake: *** [Makefile:146：all] 错误 2
