[0.007s] Invoking command in '/home/xybxy123/w_work/ros2_ws/build/circle_detector': CMAKE_PREFIX_PATH=${CMAKE_PREFIX_PATH}:/opt/ros/jazzy DEBUGINFOD_URLS=https://debuginfod.ubuntu.com /usr/bin/cmake --build /home/xybxy123/w_work/ros2_ws/build/circle_detector -- -j24 -l24
[0.086s] [ 50%] [32mBuilding CXX object CMakeFiles/circle_detector_node.dir/src/circle_detector.cpp.o[0m
[6.622s] [100%] [32m[1mLinking CXX executable circle_detector_node[0m
[6.789s] /usr/bin/ld: warning: libopencv_imgproc.so.406, needed by /opt/ros/jazzy/lib/libcv_bridge.so, may conflict with libopencv_imgproc.so.408
[6.789s] /usr/bin/ld: warning: libopencv_core.so.406, needed by /opt/ros/jazzy/lib/libcv_bridge.so, may conflict with libopencv_core.so.408
[7.029s] [100%] Built target circle_detector_node
[7.036s] Invoked command in '/home/xybxy123/w_work/ros2_ws/build/circle_detector' returned '0': CMAKE_PREFIX_PATH=${CMAKE_PREFIX_PATH}:/opt/ros/jazzy DEBUGINFOD_URLS=https://debuginfod.ubuntu.com /usr/bin/cmake --build /home/xybxy123/w_work/ros2_ws/build/circle_detector -- -j24 -l24
[7.046s] Invoking command in '/home/xybxy123/w_work/ros2_ws/build/circle_detector': CMAKE_PREFIX_PATH=${CMAKE_PREFIX_PATH}:/opt/ros/jazzy DEBUGINFOD_URLS=https://debuginfod.ubuntu.com /usr/bin/cmake --install /home/xybxy123/w_work/ros2_ws/build/circle_detector
[7.053s] -- Install configuration: ""
[7.053s] -- Installing: /home/xybxy123/w_work/ros2_ws/install/circle_detector/lib/circle_detector/circle_detector_node
[7.056s] -- Set non-toolchain portion of runtime path of "/home/xybxy123/w_work/ros2_ws/install/circle_detector/lib/circle_detector/circle_detector_node" to ""
[7.056s] -- Up-to-date: /home/xybxy123/w_work/ros2_ws/install/circle_detector/include
[7.057s] -- Up-to-date: /home/xybxy123/w_work/ros2_ws/install/circle_detector/include/circle_detector
[7.057s] -- Up-to-date: /home/xybxy123/w_work/ros2_ws/install/circle_detector/include/circle_detector/circle_config.hpp
[7.057s] -- Up-to-date: /home/xybxy123/w_work/ros2_ws/install/circle_detector/share/ament_index/resource_index/package_run_dependencies/circle_detector
[7.057s] -- Up-to-date: /home/xybxy123/w_work/ros2_ws/install/circle_detector/share/ament_index/resource_index/parent_prefix_path/circle_detector
[7.057s] -- Up-to-date: /home/xybxy123/w_work/ros2_ws/install/circle_detector/share/circle_detector/environment/ament_prefix_path.sh
[7.057s] -- Up-to-date: /home/xybxy123/w_work/ros2_ws/install/circle_detector/share/circle_detector/environment/ament_prefix_path.dsv
[7.057s] -- Up-to-date: /home/xybxy123/w_work/ros2_ws/install/circle_detector/share/circle_detector/environment/path.sh
[7.057s] -- Up-to-date: /home/xybxy123/w_work/ros2_ws/install/circle_detector/share/circle_detector/environment/path.dsv
[7.057s] -- Up-to-date: /home/xybxy123/w_work/ros2_ws/install/circle_detector/share/circle_detector/local_setup.bash
[7.057s] -- Up-to-date: /home/xybxy123/w_work/ros2_ws/install/circle_detector/share/circle_detector/local_setup.sh
[7.057s] -- Up-to-date: /home/xybxy123/w_work/ros2_ws/install/circle_detector/share/circle_detector/local_setup.zsh
[7.057s] -- Up-to-date: /home/xybxy123/w_work/ros2_ws/install/circle_detector/share/circle_detector/local_setup.dsv
[7.057s] -- Installing: /home/xybxy123/w_work/ros2_ws/install/circle_detector/share/circle_detector/package.dsv
[7.057s] -- Up-to-date: /home/xybxy123/w_work/ros2_ws/install/circle_detector/share/ament_index/resource_index/packages/circle_detector
[7.057s] -- Up-to-date: /home/xybxy123/w_work/ros2_ws/install/circle_detector/share/circle_detector/cmake/circle_detectorConfig.cmake
[7.058s] -- Up-to-date: /home/xybxy123/w_work/ros2_ws/install/circle_detector/share/circle_detector/cmake/circle_detectorConfig-version.cmake
[7.058s] -- Up-to-date: /home/xybxy123/w_work/ros2_ws/install/circle_detector/share/circle_detector/package.xml
[7.059s] Invoked command in '/home/xybxy123/w_work/ros2_ws/build/circle_detector' returned '0': CMAKE_PREFIX_PATH=${CMAKE_PREFIX_PATH}:/opt/ros/jazzy DEBUGINFOD_URLS=https://debuginfod.ubuntu.com /usr/bin/cmake --install /home/xybxy123/w_work/ros2_ws/build/circle_detector
