[0.048s] DEBUG:colcon:Command line arguments: ['/usr/bin/colcon', 'build', '--packages-select', 'slam_toolbox', 'slam_toolbox_ydlidar']
[0.049s] DEBUG:colcon:Parsed command line arguments: Namespace(log_base=None, log_level=None, verb_name='build', build_base='build', install_base='install', merge_install=False, symlink_install=False, test_result_base=None, continue_on_error=False, executor='parallel', parallel_workers=24, event_handlers=None, ignore_user_meta=False, metas=['./colcon.meta'], base_paths=['.'], packages_ignore=None, packages_ignore_regex=None, paths=None, packages_up_to=None, packages_up_to_regex=None, packages_above=None, packages_above_and_dependencies=None, packages_above_depth=None, packages_select_by_dep=None, packages_skip_by_dep=None, packages_skip_up_to=None, packages_select_build_failed=False, packages_skip_build_finished=False, packages_select_test_failures=False, packages_skip_test_passed=False, packages_select=['slam_toolbox', 'slam_toolbox_ydlidar'], packages_skip=None, packages_select_regex=None, packages_skip_regex=None, packages_start=None, packages_end=None, allow_overriding=[], cmake_args=None, cmake_target=None, cmake_target_skip_unavailable=False, cmake_clean_cache=False, cmake_clean_first=False, cmake_force_configure=False, ament_cmake_args=None, catkin_cmake_args=None, catkin_skip_building_tests=False, verb_parser=<colcon_defaults.argument_parser.defaults.DefaultArgumentsDecorator object at 0x7eaf09e47d10>, verb_extension=<colcon_core.verb.build.BuildVerb object at 0x7eaf09e47ad0>, main=<bound method BuildVerb.main of <colcon_core.verb.build.BuildVerb object at 0x7eaf09e47ad0>>)
[0.067s] Level 1:colcon.colcon_core.package_discovery:discover_packages(colcon_meta) check parameters
[0.067s] Level 1:colcon.colcon_core.package_discovery:discover_packages(recursive) check parameters
[0.067s] Level 1:colcon.colcon_core.package_discovery:discover_packages(ignore) check parameters
[0.067s] Level 1:colcon.colcon_core.package_discovery:discover_packages(path) check parameters
[0.067s] Level 1:colcon.colcon_core.package_discovery:discover_packages(colcon_meta) discover
[0.067s] Level 1:colcon.colcon_core.package_discovery:discover_packages(recursive) discover
[0.067s] INFO:colcon.colcon_core.package_discovery:Crawling recursively for packages in '/home/xybxy123/w_work/ros2_ws'
[0.067s] Level 1:colcon.colcon_core.package_identification:_identify(.) by extensions ['ignore', 'ignore_ament_install']
[0.067s] Level 1:colcon.colcon_core.package_identification:_identify(.) by extension 'ignore'
[0.067s] Level 1:colcon.colcon_core.package_identification:_identify(.) by extension 'ignore_ament_install'
[0.067s] Level 1:colcon.colcon_core.package_identification:_identify(.) by extensions ['colcon_pkg']
[0.067s] Level 1:colcon.colcon_core.package_identification:_identify(.) by extension 'colcon_pkg'
[0.067s] Level 1:colcon.colcon_core.package_identification:_identify(.) by extensions ['colcon_meta']
[0.067s] Level 1:colcon.colcon_core.package_identification:_identify(.) by extension 'colcon_meta'
[0.067s] Level 1:colcon.colcon_core.package_identification:_identify(.) by extensions ['ros']
[0.067s] Level 1:colcon.colcon_core.package_identification:_identify(.) by extension 'ros'
[0.080s] Level 1:colcon.colcon_core.package_identification:_identify(.) by extensions ['cmake', 'python']
[0.080s] Level 1:colcon.colcon_core.package_identification:_identify(.) by extension 'cmake'
[0.080s] Level 1:colcon.colcon_core.package_identification:_identify(.) by extension 'python'
[0.080s] Level 1:colcon.colcon_core.package_identification:_identify(.) by extensions ['python_setup_py']
[0.080s] Level 1:colcon.colcon_core.package_identification:_identify(.) by extension 'python_setup_py'
[0.080s] Level 1:colcon.colcon_core.package_identification:_identify(build) by extensions ['ignore', 'ignore_ament_install']
[0.080s] Level 1:colcon.colcon_core.package_identification:_identify(build) by extension 'ignore'
[0.080s] Level 1:colcon.colcon_core.package_identification:_identify(build) ignored
[0.080s] Level 1:colcon.colcon_core.package_identification:_identify(install) by extensions ['ignore', 'ignore_ament_install']
[0.080s] Level 1:colcon.colcon_core.package_identification:_identify(install) by extension 'ignore'
[0.080s] Level 1:colcon.colcon_core.package_identification:_identify(install) ignored
[0.080s] Level 1:colcon.colcon_core.package_identification:_identify(log) by extensions ['ignore', 'ignore_ament_install']
[0.080s] Level 1:colcon.colcon_core.package_identification:_identify(log) by extension 'ignore'
[0.080s] Level 1:colcon.colcon_core.package_identification:_identify(log) ignored
[0.080s] Level 1:colcon.colcon_core.package_identification:_identify(src) by extensions ['ignore', 'ignore_ament_install']
[0.080s] Level 1:colcon.colcon_core.package_identification:_identify(src) by extension 'ignore'
[0.080s] Level 1:colcon.colcon_core.package_identification:_identify(src) by extension 'ignore_ament_install'
[0.080s] Level 1:colcon.colcon_core.package_identification:_identify(src) by extensions ['colcon_pkg']
[0.080s] Level 1:colcon.colcon_core.package_identification:_identify(src) by extension 'colcon_pkg'
[0.080s] Level 1:colcon.colcon_core.package_identification:_identify(src) by extensions ['colcon_meta']
[0.080s] Level 1:colcon.colcon_core.package_identification:_identify(src) by extension 'colcon_meta'
[0.080s] Level 1:colcon.colcon_core.package_identification:_identify(src) by extensions ['ros']
[0.080s] Level 1:colcon.colcon_core.package_identification:_identify(src) by extension 'ros'
[0.080s] Level 1:colcon.colcon_core.package_identification:_identify(src) by extensions ['cmake', 'python']
[0.080s] Level 1:colcon.colcon_core.package_identification:_identify(src) by extension 'cmake'
[0.081s] Level 1:colcon.colcon_core.package_identification:_identify(src) by extension 'python'
[0.081s] Level 1:colcon.colcon_core.package_identification:_identify(src) by extensions ['python_setup_py']
[0.081s] Level 1:colcon.colcon_core.package_identification:_identify(src) by extension 'python_setup_py'
[0.081s] Level 1:colcon.colcon_core.package_identification:_identify(src/input_img) by extensions ['ignore', 'ignore_ament_install']
[0.081s] Level 1:colcon.colcon_core.package_identification:_identify(src/input_img) by extension 'ignore'
[0.081s] Level 1:colcon.colcon_core.package_identification:_identify(src/input_img) by extension 'ignore_ament_install'
[0.081s] Level 1:colcon.colcon_core.package_identification:_identify(src/input_img) by extensions ['colcon_pkg']
[0.081s] Level 1:colcon.colcon_core.package_identification:_identify(src/input_img) by extension 'colcon_pkg'
[0.081s] Level 1:colcon.colcon_core.package_identification:_identify(src/input_img) by extensions ['colcon_meta']
[0.081s] Level 1:colcon.colcon_core.package_identification:_identify(src/input_img) by extension 'colcon_meta'
[0.081s] Level 1:colcon.colcon_core.package_identification:_identify(src/input_img) by extensions ['ros']
[0.081s] Level 1:colcon.colcon_core.package_identification:_identify(src/input_img) by extension 'ros'
[0.082s] DEBUG:colcon.colcon_core.package_identification:Package 'src/input_img' with type 'ros.ament_cmake' and name 'input_img'
[0.082s] Level 1:colcon.colcon_core.package_identification:_identify(src/ros2_yolos_cpp) by extensions ['ignore', 'ignore_ament_install']
[0.082s] Level 1:colcon.colcon_core.package_identification:_identify(src/ros2_yolos_cpp) by extension 'ignore'
[0.082s] Level 1:colcon.colcon_core.package_identification:_identify(src/ros2_yolos_cpp) by extension 'ignore_ament_install'
[0.082s] Level 1:colcon.colcon_core.package_identification:_identify(src/ros2_yolos_cpp) by extensions ['colcon_pkg']
[0.082s] Level 1:colcon.colcon_core.package_identification:_identify(src/ros2_yolos_cpp) by extension 'colcon_pkg'
[0.082s] Level 1:colcon.colcon_core.package_identification:_identify(src/ros2_yolos_cpp) by extensions ['colcon_meta']
[0.083s] Level 1:colcon.colcon_core.package_identification:_identify(src/ros2_yolos_cpp) by extension 'colcon_meta'
[0.083s] Level 1:colcon.colcon_core.package_identification:_identify(src/ros2_yolos_cpp) by extensions ['ros']
[0.083s] Level 1:colcon.colcon_core.package_identification:_identify(src/ros2_yolos_cpp) by extension 'ros'
[0.083s] DEBUG:colcon.colcon_core.package_identification:Package 'src/ros2_yolos_cpp' with type 'ros.ament_cmake' and name 'ros2_yolos_cpp'
[0.083s] Level 1:colcon.colcon_core.package_identification:_identify(src/slam_toolbox) by extensions ['ignore', 'ignore_ament_install']
[0.083s] Level 1:colcon.colcon_core.package_identification:_identify(src/slam_toolbox) by extension 'ignore'
[0.083s] Level 1:colcon.colcon_core.package_identification:_identify(src/slam_toolbox) by extension 'ignore_ament_install'
[0.083s] Level 1:colcon.colcon_core.package_identification:_identify(src/slam_toolbox) by extensions ['colcon_pkg']
[0.083s] Level 1:colcon.colcon_core.package_identification:_identify(src/slam_toolbox) by extension 'colcon_pkg'
[0.083s] Level 1:colcon.colcon_core.package_identification:_identify(src/slam_toolbox) by extensions ['colcon_meta']
[0.083s] Level 1:colcon.colcon_core.package_identification:_identify(src/slam_toolbox) by extension 'colcon_meta'
[0.083s] Level 1:colcon.colcon_core.package_identification:_identify(src/slam_toolbox) by extensions ['ros']
[0.083s] Level 1:colcon.colcon_core.package_identification:_identify(src/slam_toolbox) by extension 'ros'
[0.084s] DEBUG:colcon.colcon_core.package_identification:Package 'src/slam_toolbox' with type 'ros.ament_cmake' and name 'slam_toolbox'
[0.084s] Level 1:colcon.colcon_core.package_identification:_identify(src/slam_toolbox_ydlidar) by extensions ['ignore', 'ignore_ament_install']
[0.084s] Level 1:colcon.colcon_core.package_identification:_identify(src/slam_toolbox_ydlidar) by extension 'ignore'
[0.084s] Level 1:colcon.colcon_core.package_identification:_identify(src/slam_toolbox_ydlidar) by extension 'ignore_ament_install'
[0.084s] Level 1:colcon.colcon_core.package_identification:_identify(src/slam_toolbox_ydlidar) by extensions ['colcon_pkg']
[0.084s] Level 1:colcon.colcon_core.package_identification:_identify(src/slam_toolbox_ydlidar) by extension 'colcon_pkg'
[0.084s] Level 1:colcon.colcon_core.package_identification:_identify(src/slam_toolbox_ydlidar) by extensions ['colcon_meta']
[0.084s] Level 1:colcon.colcon_core.package_identification:_identify(src/slam_toolbox_ydlidar) by extension 'colcon_meta'
[0.084s] Level 1:colcon.colcon_core.package_identification:_identify(src/slam_toolbox_ydlidar) by extensions ['ros']
[0.084s] Level 1:colcon.colcon_core.package_identification:_identify(src/slam_toolbox_ydlidar) by extension 'ros'
[0.084s] DEBUG:colcon.colcon_core.package_identification:Package 'src/slam_toolbox_ydlidar' with type 'ros.ament_cmake' and name 'slam_toolbox_ydlidar'
[0.084s] Level 1:colcon.colcon_core.package_identification:_identify(src/ydlidar_ros2_driver) by extensions ['ignore', 'ignore_ament_install']
[0.084s] Level 1:colcon.colcon_core.package_identification:_identify(src/ydlidar_ros2_driver) by extension 'ignore'
[0.084s] Level 1:colcon.colcon_core.package_identification:_identify(src/ydlidar_ros2_driver) by extension 'ignore_ament_install'
[0.084s] Level 1:colcon.colcon_core.package_identification:_identify(src/ydlidar_ros2_driver) by extensions ['colcon_pkg']
[0.084s] Level 1:colcon.colcon_core.package_identification:_identify(src/ydlidar_ros2_driver) by extension 'colcon_pkg'
[0.084s] Level 1:colcon.colcon_core.package_identification:_identify(src/ydlidar_ros2_driver) by extensions ['colcon_meta']
[0.085s] Level 1:colcon.colcon_core.package_identification:_identify(src/ydlidar_ros2_driver) by extension 'colcon_meta'
[0.085s] Level 1:colcon.colcon_core.package_identification:_identify(src/ydlidar_ros2_driver) by extensions ['ros']
[0.085s] Level 1:colcon.colcon_core.package_identification:_identify(src/ydlidar_ros2_driver) by extension 'ros'
[0.085s] DEBUG:colcon.colcon_core.package_identification:Package 'src/ydlidar_ros2_driver' with type 'ros.ament_cmake' and name 'ydlidar_ros2_driver'
[0.085s] Level 1:colcon.colcon_core.package_discovery:discover_packages(recursive) using defaults
[0.085s] Level 1:colcon.colcon_core.package_discovery:discover_packages(ignore) discover
[0.085s] Level 1:colcon.colcon_core.package_discovery:discover_packages(ignore) using defaults
[0.085s] Level 1:colcon.colcon_core.package_discovery:discover_packages(path) discover
[0.085s] Level 1:colcon.colcon_core.package_discovery:discover_packages(path) using defaults
[0.094s] INFO:colcon.colcon_core.package_selection:Skipping not selected package 'input_img' in 'src/input_img'
[0.094s] INFO:colcon.colcon_core.package_selection:Skipping not selected package 'ros2_yolos_cpp' in 'src/ros2_yolos_cpp'
[0.094s] INFO:colcon.colcon_core.package_selection:Skipping not selected package 'ydlidar_ros2_driver' in 'src/ydlidar_ros2_driver'
[0.094s] Level 1:colcon.colcon_core.package_discovery:discover_packages(prefix_path) check parameters
[0.094s] Level 1:colcon.colcon_core.package_discovery:discover_packages(prefix_path) discover
[0.095s] DEBUG:colcon.colcon_installed_package_information.package_discovery:Found 5 installed packages in /home/xybxy123/w_work/ros2_ws/install
[0.096s] DEBUG:colcon.colcon_installed_package_information.package_discovery:Found 375 installed packages in /opt/ros/jazzy
[0.097s] Level 1:colcon.colcon_core.package_discovery:discover_packages(prefix_path) using defaults
[0.116s] Level 5:colcon.colcon_core.verb:set package 'slam_toolbox' build argument 'cmake_args' from command line to 'None'
[0.116s] Level 5:colcon.colcon_core.verb:set package 'slam_toolbox' build argument 'cmake_target' from command line to 'None'
[0.116s] Level 5:colcon.colcon_core.verb:set package 'slam_toolbox' build argument 'cmake_target_skip_unavailable' from command line to 'False'
[0.116s] Level 5:colcon.colcon_core.verb:set package 'slam_toolbox' build argument 'cmake_clean_cache' from command line to 'False'
[0.116s] Level 5:colcon.colcon_core.verb:set package 'slam_toolbox' build argument 'cmake_clean_first' from command line to 'False'
[0.116s] Level 5:colcon.colcon_core.verb:set package 'slam_toolbox' build argument 'cmake_force_configure' from command line to 'False'
[0.116s] Level 5:colcon.colcon_core.verb:set package 'slam_toolbox' build argument 'ament_cmake_args' from command line to 'None'
[0.116s] Level 5:colcon.colcon_core.verb:set package 'slam_toolbox' build argument 'catkin_cmake_args' from command line to 'None'
[0.116s] Level 5:colcon.colcon_core.verb:set package 'slam_toolbox' build argument 'catkin_skip_building_tests' from command line to 'False'
[0.116s] DEBUG:colcon.colcon_core.verb:Building package 'slam_toolbox' with the following arguments: {'ament_cmake_args': None, 'build_base': '/home/xybxy123/w_work/ros2_ws/build/slam_toolbox', 'catkin_cmake_args': None, 'catkin_skip_building_tests': False, 'cmake_args': None, 'cmake_clean_cache': False, 'cmake_clean_first': False, 'cmake_force_configure': False, 'cmake_target': None, 'cmake_target_skip_unavailable': False, 'install_base': '/home/xybxy123/w_work/ros2_ws/install/slam_toolbox', 'merge_install': False, 'path': '/home/xybxy123/w_work/ros2_ws/src/slam_toolbox', 'symlink_install': False, 'test_result_base': None}
[0.116s] Level 5:colcon.colcon_core.verb:set package 'slam_toolbox_ydlidar' build argument 'cmake_args' from command line to 'None'
[0.116s] Level 5:colcon.colcon_core.verb:set package 'slam_toolbox_ydlidar' build argument 'cmake_target' from command line to 'None'
[0.116s] Level 5:colcon.colcon_core.verb:set package 'slam_toolbox_ydlidar' build argument 'cmake_target_skip_unavailable' from command line to 'False'
[0.116s] Level 5:colcon.colcon_core.verb:set package 'slam_toolbox_ydlidar' build argument 'cmake_clean_cache' from command line to 'False'
[0.116s] Level 5:colcon.colcon_core.verb:set package 'slam_toolbox_ydlidar' build argument 'cmake_clean_first' from command line to 'False'
[0.116s] Level 5:colcon.colcon_core.verb:set package 'slam_toolbox_ydlidar' build argument 'cmake_force_configure' from command line to 'False'
[0.116s] Level 5:colcon.colcon_core.verb:set package 'slam_toolbox_ydlidar' build argument 'ament_cmake_args' from command line to 'None'
[0.116s] Level 5:colcon.colcon_core.verb:set package 'slam_toolbox_ydlidar' build argument 'catkin_cmake_args' from command line to 'None'
[0.116s] Level 5:colcon.colcon_core.verb:set package 'slam_toolbox_ydlidar' build argument 'catkin_skip_building_tests' from command line to 'False'
[0.116s] DEBUG:colcon.colcon_core.verb:Building package 'slam_toolbox_ydlidar' with the following arguments: {'ament_cmake_args': None, 'build_base': '/home/xybxy123/w_work/ros2_ws/build/slam_toolbox_ydlidar', 'catkin_cmake_args': None, 'catkin_skip_building_tests': False, 'cmake_args': None, 'cmake_clean_cache': False, 'cmake_clean_first': False, 'cmake_force_configure': False, 'cmake_target': None, 'cmake_target_skip_unavailable': False, 'install_base': '/home/xybxy123/w_work/ros2_ws/install/slam_toolbox_ydlidar', 'merge_install': False, 'path': '/home/xybxy123/w_work/ros2_ws/src/slam_toolbox_ydlidar', 'symlink_install': False, 'test_result_base': None}
[0.116s] INFO:colcon.colcon_core.executor:Executing jobs using 'parallel' executor
[0.117s] DEBUG:colcon.colcon_parallel_executor.executor.parallel:run_until_complete
[0.117s] INFO:colcon.colcon_ros.task.ament_cmake.build:Building ROS package in '/home/xybxy123/w_work/ros2_ws/src/slam_toolbox' with build type 'ament_cmake'
[0.117s] INFO:colcon.colcon_cmake.task.cmake.build:Building CMake package in '/home/xybxy123/w_work/ros2_ws/src/slam_toolbox'
[0.118s] INFO:colcon.colcon_core.plugin_system:Skipping extension 'colcon_core.shell.bat': Not used on non-Windows systems
[0.118s] INFO:colcon.colcon_core.shell:Skip shell extension 'powershell' for command environment: Not usable outside of PowerShell
[0.118s] DEBUG:colcon.colcon_core.shell:Skip shell extension 'dsv' for command environment
[0.125s] DEBUG:colcon.colcon_core.event_handler.log_command:Invoking command in '/home/xybxy123/w_work/ros2_ws/build/slam_toolbox': CMAKE_PREFIX_PATH=${CMAKE_PREFIX_PATH}:/opt/ros/jazzy DEBUGINFOD_URLS=https://debuginfod.ubuntu.com /usr/bin/cmake /home/xybxy123/w_work/ros2_ws/src/slam_toolbox -DCMAKE_INSTALL_PREFIX=/home/xybxy123/w_work/ros2_ws/install/slam_toolbox
[1.896s] DEBUG:colcon.colcon_core.event_handler.log_command:Invoked command in '/home/xybxy123/w_work/ros2_ws/build/slam_toolbox' returned '0': CMAKE_PREFIX_PATH=${CMAKE_PREFIX_PATH}:/opt/ros/jazzy DEBUGINFOD_URLS=https://debuginfod.ubuntu.com /usr/bin/cmake /home/xybxy123/w_work/ros2_ws/src/slam_toolbox -DCMAKE_INSTALL_PREFIX=/home/xybxy123/w_work/ros2_ws/install/slam_toolbox
[1.898s] DEBUG:colcon.colcon_core.event_handler.log_command:Invoking command in '/home/xybxy123/w_work/ros2_ws/build/slam_toolbox': CMAKE_PREFIX_PATH=${CMAKE_PREFIX_PATH}:/opt/ros/jazzy DEBUGINFOD_URLS=https://debuginfod.ubuntu.com /usr/bin/cmake --build /home/xybxy123/w_work/ros2_ws/build/slam_toolbox -- -j24 -l24
[2.188s] DEBUG:colcon.colcon_core.event_handler.log_command:Invoked command in '/home/xybxy123/w_work/ros2_ws/build/slam_toolbox' returned '0': CMAKE_PREFIX_PATH=${CMAKE_PREFIX_PATH}:/opt/ros/jazzy DEBUGINFOD_URLS=https://debuginfod.ubuntu.com /usr/bin/cmake --build /home/xybxy123/w_work/ros2_ws/build/slam_toolbox -- -j24 -l24
[2.195s] DEBUG:colcon.colcon_core.event_handler.log_command:Invoking command in '/home/xybxy123/w_work/ros2_ws/build/slam_toolbox': CMAKE_PREFIX_PATH=${CMAKE_PREFIX_PATH}:/opt/ros/jazzy DEBUGINFOD_URLS=https://debuginfod.ubuntu.com /usr/bin/cmake --install /home/xybxy123/w_work/ros2_ws/build/slam_toolbox
[2.255s] Level 1:colcon.colcon_core.environment:create_environment_scripts_only(slam_toolbox)
[2.255s] DEBUG:colcon.colcon_core.event_handler.log_command:Invoked command in '/home/xybxy123/w_work/ros2_ws/build/slam_toolbox' returned '0': CMAKE_PREFIX_PATH=${CMAKE_PREFIX_PATH}:/opt/ros/jazzy DEBUGINFOD_URLS=https://debuginfod.ubuntu.com /usr/bin/cmake --install /home/xybxy123/w_work/ros2_ws/build/slam_toolbox
[2.256s] Level 1:colcon.colcon_core.environment:checking '/home/xybxy123/w_work/ros2_ws/install/slam_toolbox' for CMake module files
[2.257s] Level 1:colcon.colcon_core.environment:checking '/home/xybxy123/w_work/ros2_ws/install/slam_toolbox' for CMake config files
[2.257s] Level 1:colcon.colcon_core.shell:create_environment_hook('slam_toolbox', 'cmake_prefix_path')
[2.257s] INFO:colcon.colcon_core.shell:Creating environment hook '/home/xybxy123/w_work/ros2_ws/install/slam_toolbox/share/slam_toolbox/hook/cmake_prefix_path.ps1'
[2.258s] INFO:colcon.colcon_core.shell:Creating environment descriptor '/home/xybxy123/w_work/ros2_ws/install/slam_toolbox/share/slam_toolbox/hook/cmake_prefix_path.dsv'
[2.258s] INFO:colcon.colcon_core.shell:Creating environment hook '/home/xybxy123/w_work/ros2_ws/install/slam_toolbox/share/slam_toolbox/hook/cmake_prefix_path.sh'
[2.258s] Level 1:colcon.colcon_core.environment:checking '/home/xybxy123/w_work/ros2_ws/install/slam_toolbox/lib'
[2.259s] Level 1:colcon.colcon_core.shell:create_environment_hook('slam_toolbox', 'ld_library_path_lib')
[2.259s] INFO:colcon.colcon_core.shell:Creating environment hook '/home/xybxy123/w_work/ros2_ws/install/slam_toolbox/share/slam_toolbox/hook/ld_library_path_lib.ps1'
[2.259s] INFO:colcon.colcon_core.shell:Creating environment descriptor '/home/xybxy123/w_work/ros2_ws/install/slam_toolbox/share/slam_toolbox/hook/ld_library_path_lib.dsv'
[2.259s] INFO:colcon.colcon_core.shell:Creating environment hook '/home/xybxy123/w_work/ros2_ws/install/slam_toolbox/share/slam_toolbox/hook/ld_library_path_lib.sh'
[2.259s] Level 1:colcon.colcon_core.environment:checking '/home/xybxy123/w_work/ros2_ws/install/slam_toolbox/bin'
[2.259s] Level 1:colcon.colcon_core.environment:checking '/home/xybxy123/w_work/ros2_ws/install/slam_toolbox/lib/pkgconfig/slam_toolbox.pc'
[2.259s] Level 1:colcon.colcon_core.environment:checking '/home/xybxy123/w_work/ros2_ws/install/slam_toolbox/lib/python3.12/site-packages'
[2.259s] Level 1:colcon.colcon_core.shell:create_environment_hook('slam_toolbox', 'pythonpath')
[2.259s] INFO:colcon.colcon_core.shell:Creating environment hook '/home/xybxy123/w_work/ros2_ws/install/slam_toolbox/share/slam_toolbox/hook/pythonpath.ps1'
[2.260s] INFO:colcon.colcon_core.shell:Creating environment descriptor '/home/xybxy123/w_work/ros2_ws/install/slam_toolbox/share/slam_toolbox/hook/pythonpath.dsv'
[2.260s] INFO:colcon.colcon_core.shell:Creating environment hook '/home/xybxy123/w_work/ros2_ws/install/slam_toolbox/share/slam_toolbox/hook/pythonpath.sh'
[2.260s] Level 1:colcon.colcon_core.environment:checking '/home/xybxy123/w_work/ros2_ws/install/slam_toolbox/bin'
[2.260s] INFO:colcon.colcon_core.shell:Creating package script '/home/xybxy123/w_work/ros2_ws/install/slam_toolbox/share/slam_toolbox/package.ps1'
[2.261s] INFO:colcon.colcon_core.shell:Creating package descriptor '/home/xybxy123/w_work/ros2_ws/install/slam_toolbox/share/slam_toolbox/package.dsv'
[2.261s] INFO:colcon.colcon_core.shell:Creating package script '/home/xybxy123/w_work/ros2_ws/install/slam_toolbox/share/slam_toolbox/package.sh'
[2.261s] INFO:colcon.colcon_core.shell:Creating package script '/home/xybxy123/w_work/ros2_ws/install/slam_toolbox/share/slam_toolbox/package.bash'
[2.261s] INFO:colcon.colcon_core.shell:Creating package script '/home/xybxy123/w_work/ros2_ws/install/slam_toolbox/share/slam_toolbox/package.zsh'
[2.262s] Level 1:colcon.colcon_core.environment:create_file_with_runtime_dependencies(/home/xybxy123/w_work/ros2_ws/install/slam_toolbox/share/colcon-core/packages/slam_toolbox)
[2.262s] Level 1:colcon.colcon_core.environment:create_environment_scripts_only(slam_toolbox)
[2.262s] Level 1:colcon.colcon_core.environment:checking '/home/xybxy123/w_work/ros2_ws/install/slam_toolbox' for CMake module files
[2.262s] Level 1:colcon.colcon_core.environment:checking '/home/xybxy123/w_work/ros2_ws/install/slam_toolbox' for CMake config files
[2.263s] Level 1:colcon.colcon_core.shell:create_environment_hook('slam_toolbox', 'cmake_prefix_path')
[2.263s] INFO:colcon.colcon_core.shell:Creating environment hook '/home/xybxy123/w_work/ros2_ws/install/slam_toolbox/share/slam_toolbox/hook/cmake_prefix_path.ps1'
[2.263s] INFO:colcon.colcon_core.shell:Creating environment descriptor '/home/xybxy123/w_work/ros2_ws/install/slam_toolbox/share/slam_toolbox/hook/cmake_prefix_path.dsv'
[2.264s] INFO:colcon.colcon_core.shell:Creating environment hook '/home/xybxy123/w_work/ros2_ws/install/slam_toolbox/share/slam_toolbox/hook/cmake_prefix_path.sh'
[2.264s] Level 1:colcon.colcon_core.environment:checking '/home/xybxy123/w_work/ros2_ws/install/slam_toolbox/lib'
[2.264s] Level 1:colcon.colcon_core.shell:create_environment_hook('slam_toolbox', 'ld_library_path_lib')
[2.264s] INFO:colcon.colcon_core.shell:Creating environment hook '/home/xybxy123/w_work/ros2_ws/install/slam_toolbox/share/slam_toolbox/hook/ld_library_path_lib.ps1'
[2.264s] INFO:colcon.colcon_core.shell:Creating environment descriptor '/home/xybxy123/w_work/ros2_ws/install/slam_toolbox/share/slam_toolbox/hook/ld_library_path_lib.dsv'
[2.264s] INFO:colcon.colcon_core.shell:Creating environment hook '/home/xybxy123/w_work/ros2_ws/install/slam_toolbox/share/slam_toolbox/hook/ld_library_path_lib.sh'
[2.265s] Level 1:colcon.colcon_core.environment:checking '/home/xybxy123/w_work/ros2_ws/install/slam_toolbox/bin'
[2.265s] Level 1:colcon.colcon_core.environment:checking '/home/xybxy123/w_work/ros2_ws/install/slam_toolbox/lib/pkgconfig/slam_toolbox.pc'
[2.265s] Level 1:colcon.colcon_core.environment:checking '/home/xybxy123/w_work/ros2_ws/install/slam_toolbox/lib/python3.12/site-packages'
[2.265s] Level 1:colcon.colcon_core.shell:create_environment_hook('slam_toolbox', 'pythonpath')
[2.265s] INFO:colcon.colcon_core.shell:Creating environment hook '/home/xybxy123/w_work/ros2_ws/install/slam_toolbox/share/slam_toolbox/hook/pythonpath.ps1'
[2.265s] INFO:colcon.colcon_core.shell:Creating environment descriptor '/home/xybxy123/w_work/ros2_ws/install/slam_toolbox/share/slam_toolbox/hook/pythonpath.dsv'
[2.265s] INFO:colcon.colcon_core.shell:Creating environment hook '/home/xybxy123/w_work/ros2_ws/install/slam_toolbox/share/slam_toolbox/hook/pythonpath.sh'
[2.265s] Level 1:colcon.colcon_core.environment:checking '/home/xybxy123/w_work/ros2_ws/install/slam_toolbox/bin'
[2.266s] INFO:colcon.colcon_core.shell:Creating package script '/home/xybxy123/w_work/ros2_ws/install/slam_toolbox/share/slam_toolbox/package.ps1'
[2.266s] INFO:colcon.colcon_core.shell:Creating package descriptor '/home/xybxy123/w_work/ros2_ws/install/slam_toolbox/share/slam_toolbox/package.dsv'
[2.266s] INFO:colcon.colcon_core.shell:Creating package script '/home/xybxy123/w_work/ros2_ws/install/slam_toolbox/share/slam_toolbox/package.sh'
[2.266s] INFO:colcon.colcon_core.shell:Creating package script '/home/xybxy123/w_work/ros2_ws/install/slam_toolbox/share/slam_toolbox/package.bash'
[2.267s] INFO:colcon.colcon_core.shell:Creating package script '/home/xybxy123/w_work/ros2_ws/install/slam_toolbox/share/slam_toolbox/package.zsh'
[2.267s] Level 1:colcon.colcon_core.environment:create_file_with_runtime_dependencies(/home/xybxy123/w_work/ros2_ws/install/slam_toolbox/share/colcon-core/packages/slam_toolbox)
[2.267s] INFO:colcon.colcon_ros.task.ament_cmake.build:Building ROS package in '/home/xybxy123/w_work/ros2_ws/src/slam_toolbox_ydlidar' with build type 'ament_cmake'
[2.267s] INFO:colcon.colcon_cmake.task.cmake.build:Building CMake package in '/home/xybxy123/w_work/ros2_ws/src/slam_toolbox_ydlidar'
[2.267s] INFO:colcon.colcon_core.shell:Skip shell extension 'powershell' for command environment: Not usable outside of PowerShell
[2.267s] DEBUG:colcon.colcon_core.shell:Skip shell extension 'dsv' for command environment
[2.276s] DEBUG:colcon.colcon_core.event_handler.log_command:Invoking command in '/home/xybxy123/w_work/ros2_ws/build/slam_toolbox_ydlidar': CMAKE_PREFIX_PATH=/home/xybxy123/w_work/ros2_ws/install/ydlidar_ros2_driver:/home/xybxy123/w_work/ros2_ws/install/slam_toolbox:/home/xybxy123/w_work/ros2_ws/install/slam_toolbox_ydlidar:/home/xybxy123/w_work/ros2_ws/install/ros2_yolos_cpp:/home/xybxy123/w_work/ros2_ws/install/input_img:/opt/ros/jazzy/opt/gz_launch_vendor:/opt/ros/jazzy/opt/gz_sim_vendor:/opt/ros/jazzy/opt/gz_sensors_vendor:/opt/ros/jazzy/opt/gz_physics_vendor:/opt/ros/jazzy/opt/sdformat_vendor:/opt/ros/jazzy/opt/gz_gui_vendor:/opt/ros/jazzy/opt/gz_transport_vendor:/opt/ros/jazzy/opt/gz_rendering_vendor:/opt/ros/jazzy/opt/gz_plugin_vendor:/opt/ros/jazzy/opt/gz_fuel_tools_vendor:/opt/ros/jazzy/opt/gz_msgs_vendor:/opt/ros/jazzy/opt/gz_common_vendor:/opt/ros/jazzy/opt/gz_math_vendor:/opt/ros/jazzy/opt/gz_utils_vendor:/opt/ros/jazzy/opt/gz_tools_vendor:/opt/ros/jazzy/opt/gz_ogre_next_vendor:/opt/ros/jazzy/opt/gz_dartsim_vendor:/opt/ros/jazzy/opt/gz_cmake_vendor:/opt/ros/jazzy DEBUGINFOD_URLS=https://debuginfod.ubuntu.com PYTHONPATH=/home/xybxy123/w_work/ros2_ws/install/slam_toolbox/lib/python3.12/site-packages:/home/xybxy123/w_work/ros2_ws/install/ros2_yolos_cpp/lib/python3.12/site-packages:/opt/ros/jazzy/lib/python3.12/site-packages:/home/xybxy123/w_work/genesis_ws/Genesis /usr/bin/cmake --build /home/xybxy123/w_work/ros2_ws/build/slam_toolbox_ydlidar -- -j24 -l24
[2.307s] DEBUG:colcon.colcon_core.event_handler.log_command:Invoked command in '/home/xybxy123/w_work/ros2_ws/build/slam_toolbox_ydlidar' returned '0': CMAKE_PREFIX_PATH=/home/xybxy123/w_work/ros2_ws/install/ydlidar_ros2_driver:/home/xybxy123/w_work/ros2_ws/install/slam_toolbox:/home/xybxy123/w_work/ros2_ws/install/slam_toolbox_ydlidar:/home/xybxy123/w_work/ros2_ws/install/ros2_yolos_cpp:/home/xybxy123/w_work/ros2_ws/install/input_img:/opt/ros/jazzy/opt/gz_launch_vendor:/opt/ros/jazzy/opt/gz_sim_vendor:/opt/ros/jazzy/opt/gz_sensors_vendor:/opt/ros/jazzy/opt/gz_physics_vendor:/opt/ros/jazzy/opt/sdformat_vendor:/opt/ros/jazzy/opt/gz_gui_vendor:/opt/ros/jazzy/opt/gz_transport_vendor:/opt/ros/jazzy/opt/gz_rendering_vendor:/opt/ros/jazzy/opt/gz_plugin_vendor:/opt/ros/jazzy/opt/gz_fuel_tools_vendor:/opt/ros/jazzy/opt/gz_msgs_vendor:/opt/ros/jazzy/opt/gz_common_vendor:/opt/ros/jazzy/opt/gz_math_vendor:/opt/ros/jazzy/opt/gz_utils_vendor:/opt/ros/jazzy/opt/gz_tools_vendor:/opt/ros/jazzy/opt/gz_ogre_next_vendor:/opt/ros/jazzy/opt/gz_dartsim_vendor:/opt/ros/jazzy/opt/gz_cmake_vendor:/opt/ros/jazzy DEBUGINFOD_URLS=https://debuginfod.ubuntu.com PYTHONPATH=/home/xybxy123/w_work/ros2_ws/install/slam_toolbox/lib/python3.12/site-packages:/home/xybxy123/w_work/ros2_ws/install/ros2_yolos_cpp/lib/python3.12/site-packages:/opt/ros/jazzy/lib/python3.12/site-packages:/home/xybxy123/w_work/genesis_ws/Genesis /usr/bin/cmake --build /home/xybxy123/w_work/ros2_ws/build/slam_toolbox_ydlidar -- -j24 -l24
[2.308s] DEBUG:colcon.colcon_core.event_handler.log_command:Invoking command in '/home/xybxy123/w_work/ros2_ws/build/slam_toolbox_ydlidar': CMAKE_PREFIX_PATH=/home/xybxy123/w_work/ros2_ws/install/ydlidar_ros2_driver:/home/xybxy123/w_work/ros2_ws/install/slam_toolbox:/home/xybxy123/w_work/ros2_ws/install/slam_toolbox_ydlidar:/home/xybxy123/w_work/ros2_ws/install/ros2_yolos_cpp:/home/xybxy123/w_work/ros2_ws/install/input_img:/opt/ros/jazzy/opt/gz_launch_vendor:/opt/ros/jazzy/opt/gz_sim_vendor:/opt/ros/jazzy/opt/gz_sensors_vendor:/opt/ros/jazzy/opt/gz_physics_vendor:/opt/ros/jazzy/opt/sdformat_vendor:/opt/ros/jazzy/opt/gz_gui_vendor:/opt/ros/jazzy/opt/gz_transport_vendor:/opt/ros/jazzy/opt/gz_rendering_vendor:/opt/ros/jazzy/opt/gz_plugin_vendor:/opt/ros/jazzy/opt/gz_fuel_tools_vendor:/opt/ros/jazzy/opt/gz_msgs_vendor:/opt/ros/jazzy/opt/gz_common_vendor:/opt/ros/jazzy/opt/gz_math_vendor:/opt/ros/jazzy/opt/gz_utils_vendor:/opt/ros/jazzy/opt/gz_tools_vendor:/opt/ros/jazzy/opt/gz_ogre_next_vendor:/opt/ros/jazzy/opt/gz_dartsim_vendor:/opt/ros/jazzy/opt/gz_cmake_vendor:/opt/ros/jazzy DEBUGINFOD_URLS=https://debuginfod.ubuntu.com PYTHONPATH=/home/xybxy123/w_work/ros2_ws/install/slam_toolbox/lib/python3.12/site-packages:/home/xybxy123/w_work/ros2_ws/install/ros2_yolos_cpp/lib/python3.12/site-packages:/opt/ros/jazzy/lib/python3.12/site-packages:/home/xybxy123/w_work/genesis_ws/Genesis /usr/bin/cmake --install /home/xybxy123/w_work/ros2_ws/build/slam_toolbox_ydlidar
[2.314s] Level 1:colcon.colcon_core.environment:create_environment_scripts_only(slam_toolbox_ydlidar)
[2.314s] Level 1:colcon.colcon_core.environment:checking '/home/xybxy123/w_work/ros2_ws/install/slam_toolbox_ydlidar' for CMake module files
[2.315s] DEBUG:colcon.colcon_core.event_handler.log_command:Invoked command in '/home/xybxy123/w_work/ros2_ws/build/slam_toolbox_ydlidar' returned '0': CMAKE_PREFIX_PATH=/home/xybxy123/w_work/ros2_ws/install/ydlidar_ros2_driver:/home/xybxy123/w_work/ros2_ws/install/slam_toolbox:/home/xybxy123/w_work/ros2_ws/install/slam_toolbox_ydlidar:/home/xybxy123/w_work/ros2_ws/install/ros2_yolos_cpp:/home/xybxy123/w_work/ros2_ws/install/input_img:/opt/ros/jazzy/opt/gz_launch_vendor:/opt/ros/jazzy/opt/gz_sim_vendor:/opt/ros/jazzy/opt/gz_sensors_vendor:/opt/ros/jazzy/opt/gz_physics_vendor:/opt/ros/jazzy/opt/sdformat_vendor:/opt/ros/jazzy/opt/gz_gui_vendor:/opt/ros/jazzy/opt/gz_transport_vendor:/opt/ros/jazzy/opt/gz_rendering_vendor:/opt/ros/jazzy/opt/gz_plugin_vendor:/opt/ros/jazzy/opt/gz_fuel_tools_vendor:/opt/ros/jazzy/opt/gz_msgs_vendor:/opt/ros/jazzy/opt/gz_common_vendor:/opt/ros/jazzy/opt/gz_math_vendor:/opt/ros/jazzy/opt/gz_utils_vendor:/opt/ros/jazzy/opt/gz_tools_vendor:/opt/ros/jazzy/opt/gz_ogre_next_vendor:/opt/ros/jazzy/opt/gz_dartsim_vendor:/opt/ros/jazzy/opt/gz_cmake_vendor:/opt/ros/jazzy DEBUGINFOD_URLS=https://debuginfod.ubuntu.com PYTHONPATH=/home/xybxy123/w_work/ros2_ws/install/slam_toolbox/lib/python3.12/site-packages:/home/xybxy123/w_work/ros2_ws/install/ros2_yolos_cpp/lib/python3.12/site-packages:/opt/ros/jazzy/lib/python3.12/site-packages:/home/xybxy123/w_work/genesis_ws/Genesis /usr/bin/cmake --install /home/xybxy123/w_work/ros2_ws/build/slam_toolbox_ydlidar
[2.315s] Level 1:colcon.colcon_core.environment:checking '/home/xybxy123/w_work/ros2_ws/install/slam_toolbox_ydlidar' for CMake config files
[2.315s] Level 1:colcon.colcon_core.shell:create_environment_hook('slam_toolbox_ydlidar', 'cmake_prefix_path')
[2.315s] INFO:colcon.colcon_core.shell:Creating environment hook '/home/xybxy123/w_work/ros2_ws/install/slam_toolbox_ydlidar/share/slam_toolbox_ydlidar/hook/cmake_prefix_path.ps1'
[2.315s] INFO:colcon.colcon_core.shell:Creating environment descriptor '/home/xybxy123/w_work/ros2_ws/install/slam_toolbox_ydlidar/share/slam_toolbox_ydlidar/hook/cmake_prefix_path.dsv'
[2.315s] INFO:colcon.colcon_core.shell:Creating environment hook '/home/xybxy123/w_work/ros2_ws/install/slam_toolbox_ydlidar/share/slam_toolbox_ydlidar/hook/cmake_prefix_path.sh'
[2.316s] Level 1:colcon.colcon_core.environment:checking '/home/xybxy123/w_work/ros2_ws/install/slam_toolbox_ydlidar/bin'
[2.316s] Level 1:colcon.colcon_core.environment:checking '/home/xybxy123/w_work/ros2_ws/install/slam_toolbox_ydlidar/lib/pkgconfig/slam_toolbox_ydlidar.pc'
[2.316s] Level 1:colcon.colcon_core.environment:checking '/home/xybxy123/w_work/ros2_ws/install/slam_toolbox_ydlidar/lib/python3.12/site-packages'
[2.316s] Level 1:colcon.colcon_core.environment:checking '/home/xybxy123/w_work/ros2_ws/install/slam_toolbox_ydlidar/bin'
[2.316s] INFO:colcon.colcon_core.shell:Creating package script '/home/xybxy123/w_work/ros2_ws/install/slam_toolbox_ydlidar/share/slam_toolbox_ydlidar/package.ps1'
[2.316s] INFO:colcon.colcon_core.shell:Creating package descriptor '/home/xybxy123/w_work/ros2_ws/install/slam_toolbox_ydlidar/share/slam_toolbox_ydlidar/package.dsv'
[2.317s] INFO:colcon.colcon_core.shell:Creating package script '/home/xybxy123/w_work/ros2_ws/install/slam_toolbox_ydlidar/share/slam_toolbox_ydlidar/package.sh'
[2.317s] INFO:colcon.colcon_core.shell:Creating package script '/home/xybxy123/w_work/ros2_ws/install/slam_toolbox_ydlidar/share/slam_toolbox_ydlidar/package.bash'
[2.317s] INFO:colcon.colcon_core.shell:Creating package script '/home/xybxy123/w_work/ros2_ws/install/slam_toolbox_ydlidar/share/slam_toolbox_ydlidar/package.zsh'
[2.317s] Level 1:colcon.colcon_core.environment:create_file_with_runtime_dependencies(/home/xybxy123/w_work/ros2_ws/install/slam_toolbox_ydlidar/share/colcon-core/packages/slam_toolbox_ydlidar)
[2.317s] Level 1:colcon.colcon_core.environment:create_environment_scripts_only(slam_toolbox_ydlidar)
[2.317s] Level 1:colcon.colcon_core.environment:checking '/home/xybxy123/w_work/ros2_ws/install/slam_toolbox_ydlidar' for CMake module files
[2.317s] Level 1:colcon.colcon_core.environment:checking '/home/xybxy123/w_work/ros2_ws/install/slam_toolbox_ydlidar' for CMake config files
[2.318s] Level 1:colcon.colcon_core.shell:create_environment_hook('slam_toolbox_ydlidar', 'cmake_prefix_path')
[2.318s] INFO:colcon.colcon_core.shell:Creating environment hook '/home/xybxy123/w_work/ros2_ws/install/slam_toolbox_ydlidar/share/slam_toolbox_ydlidar/hook/cmake_prefix_path.ps1'
[2.318s] INFO:colcon.colcon_core.shell:Creating environment descriptor '/home/xybxy123/w_work/ros2_ws/install/slam_toolbox_ydlidar/share/slam_toolbox_ydlidar/hook/cmake_prefix_path.dsv'
[2.318s] INFO:colcon.colcon_core.shell:Creating environment hook '/home/xybxy123/w_work/ros2_ws/install/slam_toolbox_ydlidar/share/slam_toolbox_ydlidar/hook/cmake_prefix_path.sh'
[2.318s] Level 1:colcon.colcon_core.environment:checking '/home/xybxy123/w_work/ros2_ws/install/slam_toolbox_ydlidar/bin'
[2.318s] Level 1:colcon.colcon_core.environment:checking '/home/xybxy123/w_work/ros2_ws/install/slam_toolbox_ydlidar/lib/pkgconfig/slam_toolbox_ydlidar.pc'
[2.318s] Level 1:colcon.colcon_core.environment:checking '/home/xybxy123/w_work/ros2_ws/install/slam_toolbox_ydlidar/lib/python3.12/site-packages'
[2.318s] Level 1:colcon.colcon_core.environment:checking '/home/xybxy123/w_work/ros2_ws/install/slam_toolbox_ydlidar/bin'
[2.319s] INFO:colcon.colcon_core.shell:Creating package script '/home/xybxy123/w_work/ros2_ws/install/slam_toolbox_ydlidar/share/slam_toolbox_ydlidar/package.ps1'
[2.319s] INFO:colcon.colcon_core.shell:Creating package descriptor '/home/xybxy123/w_work/ros2_ws/install/slam_toolbox_ydlidar/share/slam_toolbox_ydlidar/package.dsv'
[2.319s] INFO:colcon.colcon_core.shell:Creating package script '/home/xybxy123/w_work/ros2_ws/install/slam_toolbox_ydlidar/share/slam_toolbox_ydlidar/package.sh'
[2.319s] INFO:colcon.colcon_core.shell:Creating package script '/home/xybxy123/w_work/ros2_ws/install/slam_toolbox_ydlidar/share/slam_toolbox_ydlidar/package.bash'
[2.319s] INFO:colcon.colcon_core.shell:Creating package script '/home/xybxy123/w_work/ros2_ws/install/slam_toolbox_ydlidar/share/slam_toolbox_ydlidar/package.zsh'
[2.319s] Level 1:colcon.colcon_core.environment:create_file_with_runtime_dependencies(/home/xybxy123/w_work/ros2_ws/install/slam_toolbox_ydlidar/share/colcon-core/packages/slam_toolbox_ydlidar)
[2.320s] DEBUG:colcon.colcon_parallel_executor.executor.parallel:closing loop
[2.320s] DEBUG:colcon.colcon_parallel_executor.executor.parallel:loop closed
[2.320s] DEBUG:colcon.colcon_parallel_executor.executor.parallel:run_until_complete finished with '0'
[2.320s] DEBUG:colcon.colcon_core.event_reactor:joining thread
[2.323s] INFO:colcon.colcon_core.plugin_system:Skipping extension 'colcon_notification.desktop_notification.terminal_notifier': Not used on non-Darwin systems
[2.323s] INFO:colcon.colcon_core.plugin_system:Skipping extension 'colcon_notification.desktop_notification.win32': Not used on non-Windows systems
[2.323s] INFO:colcon.colcon_notification.desktop_notification:Sending desktop notification using 'notify2'
[2.332s] DEBUG:colcon.colcon_core.event_reactor:joined thread
[2.332s] INFO:colcon.colcon_core.shell:Creating prefix script '/home/xybxy123/w_work/ros2_ws/install/local_setup.ps1'
[2.333s] INFO:colcon.colcon_core.shell:Creating prefix util module '/home/xybxy123/w_work/ros2_ws/install/_local_setup_util_ps1.py'
[2.334s] INFO:colcon.colcon_core.shell:Creating prefix chain script '/home/xybxy123/w_work/ros2_ws/install/setup.ps1'
[2.334s] INFO:colcon.colcon_core.shell:Creating prefix script '/home/xybxy123/w_work/ros2_ws/install/local_setup.sh'
[2.335s] INFO:colcon.colcon_core.shell:Creating prefix util module '/home/xybxy123/w_work/ros2_ws/install/_local_setup_util_sh.py'
[2.335s] INFO:colcon.colcon_core.shell:Creating prefix chain script '/home/xybxy123/w_work/ros2_ws/install/setup.sh'
[2.335s] INFO:colcon.colcon_core.shell:Creating prefix script '/home/xybxy123/w_work/ros2_ws/install/local_setup.bash'
[2.336s] INFO:colcon.colcon_core.shell:Creating prefix chain script '/home/xybxy123/w_work/ros2_ws/install/setup.bash'
[2.336s] INFO:colcon.colcon_core.shell:Creating prefix script '/home/xybxy123/w_work/ros2_ws/install/local_setup.zsh'
[2.336s] INFO:colcon.colcon_core.shell:Creating prefix chain script '/home/xybxy123/w_work/ros2_ws/install/setup.zsh'
