[ 50%] [32mBuilding CXX object CMakeFiles/depth_camera_pub_node.dir/src/depth_pub_node.cpp.o[0m
[100%] [32m[1mLinking CXX executable depth_camera_pub_node[0m
[100%] Built target depth_camera_pub_node
-- Install configuration: ""
-- Installing: /home/xybxy123/w_work/ros2_ws/install/depth_camera_pub/lib/depth_camera_pub/depth_camera_pub_node
-- Set non-toolchain portion of runtime path of "/home/xybxy123/w_work/ros2_ws/install/depth_camera_pub/lib/depth_camera_pub/depth_camera_pub_node" to ""
-- Up-to-date: /home/xybxy123/w_work/ros2_ws/install/depth_camera_pub/share/ament_index/resource_index/package_run_dependencies/depth_camera_pub
-- Up-to-date: /home/xybxy123/w_work/ros2_ws/install/depth_camera_pub/share/ament_index/resource_index/parent_prefix_path/depth_camera_pub
-- Up-to-date: /home/xybxy123/w_work/ros2_ws/install/depth_camera_pub/share/depth_camera_pub/environment/ament_prefix_path.sh
-- Up-to-date: /home/xybxy123/w_work/ros2_ws/install/depth_camera_pub/share/depth_camera_pub/environment/ament_prefix_path.dsv
-- Up-to-date: /home/xybxy123/w_work/ros2_ws/install/depth_camera_pub/share/depth_camera_pub/environment/path.sh
-- Up-to-date: /home/xybxy123/w_work/ros2_ws/install/depth_camera_pub/share/depth_camera_pub/environment/path.dsv
-- Up-to-date: /home/xybxy123/w_work/ros2_ws/install/depth_camera_pub/share/depth_camera_pub/local_setup.bash
-- Up-to-date: /home/xybxy123/w_work/ros2_ws/install/depth_camera_pub/share/depth_camera_pub/local_setup.sh
-- Up-to-date: /home/xybxy123/w_work/ros2_ws/install/depth_camera_pub/share/depth_camera_pub/local_setup.zsh
-- Up-to-date: /home/xybxy123/w_work/ros2_ws/install/depth_camera_pub/share/depth_camera_pub/local_setup.dsv
-- Installing: /home/xybxy123/w_work/ros2_ws/install/depth_camera_pub/share/depth_camera_pub/package.dsv
-- Up-to-date: /home/xybxy123/w_work/ros2_ws/install/depth_camera_pub/share/ament_index/resource_index/packages/depth_camera_pub
-- Up-to-date: /home/xybxy123/w_work/ros2_ws/install/depth_camera_pub/share/depth_camera_pub/cmake/depth_camera_pubConfig.cmake
-- Up-to-date: /home/xybxy123/w_work/ros2_ws/install/depth_camera_pub/share/depth_camera_pub/cmake/depth_camera_pubConfig-version.cmake
-- Up-to-date: /home/xybxy123/w_work/ros2_ws/install/depth_camera_pub/share/depth_camera_pub/package.xml
