-- The C compiler identification is GNU 11.5.0
-- The CXX compiler identification is GNU 11.5.0
-- Detecting C compiler ABI info
-- Detecting C compiler ABI info - done
-- Check for working C compiler: /usr/bin/cc - skipped
-- Detecting C compile features
-- Detecting C compile features - done
-- Detecting CXX compiler ABI info
-- Detecting CXX compiler ABI info - done
-- Check for working CXX compiler: /usr/bin/c++ - skipped
-- Detecting CXX compile features
-- Detecting CXX compile features - done
-- Found ament_cmake: 2.5.5 (/opt/ros/jazzy/share/ament_cmake/cmake)
-- Found Python3: /usr/bin/python3 (found version "3.12.3") found components: Interpreter 
-- Override CMake install command with custom implementation using symlinks instead of copying resources
-- Found message_filters: 4.11.10 (/opt/ros/jazzy/share/message_filters/cmake)
-- Found rosidl_generator_c: 4.6.7 (/opt/ros/jazzy/share/rosidl_generator_c/cmake)
-- Found rosidl_generator_cpp: 4.6.7 (/opt/ros/jazzy/share/rosidl_generator_cpp/cmake)
-- Using all available rosidl_typesupport_c: rosidl_typesupport_fastrtps_c;rosidl_typesupport_introspection_c
-- Using all available rosidl_typesupport_cpp: rosidl_typesupport_fastrtps_cpp;rosidl_typesupport_introspection_cpp
-- Found rmw_implementation_cmake: 7.3.3 (/opt/ros/jazzy/share/rmw_implementation_cmake/cmake)
-- Found rmw_fastrtps_cpp: 8.4.3 (/opt/ros/jazzy/share/rmw_fastrtps_cpp/cmake)
-- Found OpenSSL: /usr/lib/x86_64-linux-gnu/libcrypto.so (found version "3.0.13")  
-- Found FastRTPS: /opt/ros/jazzy/include (Required is at least version "2.13") 
-- Using RMW implementation 'rmw_fastrtps_cpp' as default
-- Found nav_msgs: 5.3.6 (/opt/ros/jazzy/share/nav_msgs/cmake)
-- Found sensor_msgs: 5.3.6 (/opt/ros/jazzy/share/sensor_msgs/cmake)
-- Found tf2: 0.36.19 (/opt/ros/jazzy/share/tf2/cmake)
-- Found tf2_ros: 0.36.19 (/opt/ros/jazzy/share/tf2_ros/cmake)
-- Found visualization_msgs: 5.3.6 (/opt/ros/jazzy/share/visualization_msgs/cmake)
-- Found pluginlib: 5.4.4 (/opt/ros/jazzy/share/pluginlib/cmake)
-- Found tf2_geometry_msgs: 0.36.19 (/opt/ros/jazzy/share/tf2_geometry_msgs/cmake)
-- Found eigen3_cmake_module: 0.3.0 (/opt/ros/jazzy/share/eigen3_cmake_module/cmake)
-- Found Eigen3: TRUE (found version "3.4.0") 
-- Ensuring Eigen3 include directory is part of orocos-kdl CMake target
-- Found tf2_sensor_msgs: 0.36.19 (/opt/ros/jazzy/share/tf2_sensor_msgs/cmake)
-- Found std_srvs: 5.3.6 (/opt/ros/jazzy/share/std_srvs/cmake)
-- Found rosidl_default_generators: 1.6.0 (/opt/ros/jazzy/share/rosidl_default_generators/cmake)
-- Found rosidl_adapter: 4.6.7 (/opt/ros/jazzy/share/rosidl_adapter/cmake)
-- Found lifecycle_msgs: 2.0.3 (/opt/ros/jazzy/share/lifecycle_msgs/cmake)
-- Found bondcpp: 4.1.2 (/opt/ros/jazzy/share/bondcpp/cmake)
-- Found rviz_common: 14.1.19 (/opt/ros/jazzy/share/rviz_common/cmake)
-- Setting OGRE_DIR to: '/opt/ros/jazzy/share/rviz_ogre_vendor/cmake/../../../opt/rviz_ogre_vendor/lib/OGRE/cmake'
-- Found OGRE
--   static     : OFF
--   components : MeshLodGenerator;Overlay;Paging;Property;RTShaderSystem;Terrain;Volume
--   plugins    : Plugin_BSPSceneManager;Plugin_OctreeSceneManager;Plugin_PCZSceneManager;Plugin_ParticleFX;RenderSystem_GL;RenderSystem_GL3Plus;Codec_STBI
--   media      : /opt/ros/jazzy/opt/rviz_ogre_vendor/share/OGRE/Media
-- OGRE_LIBRARIES: OgreMeshLodGenerator;OgreOverlay;OgrePaging;OgreProperty;OgreRTShaderSystem;OgreTerrain;OgreVolume;OgreMain
-- OGRE_LIBRARY_DIRS: /opt/ros/jazzy/opt/rviz_ogre_vendor/lib
-- OGRE_PLUGINS: Plugin_BSPSceneManager;Plugin_OctreeSceneManager;Plugin_PCZSceneManager;Plugin_ParticleFX;RenderSystem_GL;RenderSystem_GL3Plus;Codec_STBI
-- OGRE_PLUGIN_DIR: /opt/ros/jazzy/opt/rviz_ogre_vendor/lib/OGRE
-- rviz_ogre_vendor::OgreOverlay for IMPORTED_LOCATION_RELEASE: /opt/ros/jazzy/opt/rviz_ogre_vendor/lib/libOgreOverlay.so
-- rviz_ogre_vendor::OgreOverlay for IMPORTED_LOCATION_DEBUG: /opt/ros/jazzy/opt/rviz_ogre_vendor/lib/libOgreOverlay.so
-- rviz_ogre_vendor::OgreMain for IMPORTED_LOCATION_RELEASE: /opt/ros/jazzy/opt/rviz_ogre_vendor/lib/libOgreMain.so
-- rviz_ogre_vendor::OgreMain for IMPORTED_LOCATION_DEBUG: /opt/ros/jazzy/opt/rviz_ogre_vendor/lib/libOgreMain.so
-- Found ZLIB: /usr/lib/x86_64-linux-gnu/libz.so (found version "1.3")  
-- Found OpenGL: /usr/lib/x86_64-linux-gnu/libOpenGL.so   
-- Found X11: /usr/include   
-- Looking for XOpenDisplay in /usr/lib/x86_64-linux-gnu/libX11.so;/usr/lib/x86_64-linux-gnu/libXext.so
-- Looking for XOpenDisplay in /usr/lib/x86_64-linux-gnu/libX11.so;/usr/lib/x86_64-linux-gnu/libXext.so - found
-- Looking for gethostbyname
-- Looking for gethostbyname - found
-- Looking for connect
-- Looking for connect - found
-- Looking for remove
-- Looking for remove - found
-- Looking for shmat
-- Looking for shmat - found
-- Looking for IceConnectionNumber in ICE
-- Looking for IceConnectionNumber in ICE - found
-- Setting yaml-cpp_DIR to: '/opt/ros/jazzy/share/yaml_cpp_vendor/cmake/../../../opt/yaml_cpp_vendor/share/cmake/yaml-cpp'
-- Found rviz_default_plugins: 14.1.19 (/opt/ros/jazzy/share/rviz_default_plugins/cmake)
-- Found Boost: /usr/lib/x86_64-linux-gnu/cmake/Boost-1.83.0/BoostConfig.cmake (found version "1.83.0") found components: system serialization filesystem thread 
-- Found PkgConfig: /usr/bin/pkg-config (found version "1.8.1") 
-- Found CHOLMOD: /usr/include/suitesparse  
-- Found CSparse: /usr/include/suitesparse  
-- Looking for sgemm_
-- Looking for sgemm_ - not found
-- Found Threads: TRUE  
-- Looking for sgemm_
-- Looking for sgemm_ - found
-- Found BLAS: /usr/lib/x86_64-linux-gnu/libblas.so  
-- Looking for cheev_
-- Looking for cheev_ - not found
-- Looking for cheev_
-- Looking for cheev_ - found
-- Found LAPACK: /usr/lib/x86_64-linux-gnu/liblapack.so;/usr/lib/x86_64-linux-gnu/libblas.so  
-- Found AMD headers in: /usr/include/suitesparse
-- Found AMD library: /usr/lib/x86_64-linux-gnu/libamd.so
-- Found CAMD headers in: /usr/include/suitesparse
-- Found CAMD library: /usr/lib/x86_64-linux-gnu/libcamd.so
-- Found CCOLAMD headers in: /usr/include/suitesparse
-- Found CCOLAMD library: /usr/lib/x86_64-linux-gnu/libccolamd.so
-- Found CHOLMOD headers in: /usr/include/suitesparse
-- Found CHOLMOD library: /usr/lib/x86_64-linux-gnu/libcholmod.so
-- Found COLAMD headers in: /usr/include/suitesparse
-- Found COLAMD library: /usr/lib/x86_64-linux-gnu/libcolamd.so
-- Found SPQR headers in: /usr/include/suitesparse
-- Found SPQR library: /usr/lib/x86_64-linux-gnu/libspqr.so
-- Found Config headers in: /usr/include/suitesparse
-- Found Config library: /usr/lib/x86_64-linux-gnu/libsuitesparseconfig.so
-- Found Intel Thread Building Blocks (TBB) library (2021.11 / ) include location: . Assuming SuiteSparseQR was compiled with TBB.
-- Looking for shm_open in rt
-- Looking for shm_open in rt - found
-- Adding librt to SuiteSparse_config libraries (required on Linux & Unix [not OSX] if SuiteSparse is compiled with timing).
-- Could NOT find METIS (missing: METIS_INCLUDE_DIR METIS_LIBRARY) 
-- Found SuiteSparse: /usr/include/suitesparse (found suitable version "7.6.1", minimum required is "7.6.1") found components: AMD CAMD CCOLAMD CHOLMOD COLAMD SPQR Config 
-- Found required Ceres dependency: Eigen version 3.4.0 in /usr/share/eigen3/cmake
-- Found required Ceres dependency: glog
-- Found required Ceres dependency: gflags
-- Found Ceres version: 2.2.0 installed in: /usr with components: [EigenSparse, SparseLinearAlgebraLibrary, LAPACK, SuiteSparse, SchurSpecializations]
-- Found ament_cmake_ros: 0.12.0 (/opt/ros/jazzy/share/ament_cmake_ros/cmake)
-- Using all available rosidl_typesupport_c: rosidl_typesupport_fastrtps_c;rosidl_typesupport_introspection_c
-- Using all available rosidl_typesupport_cpp: rosidl_typesupport_fastrtps_cpp;rosidl_typesupport_introspection_cpp
-- Found python_cmake_module: 0.11.1 (/opt/ros/jazzy/share/python_cmake_module/cmake)
-- Found PythonExtra: /usr/bin/python3  
-- Found Python3: /usr/bin/python3 (found version "3.12.3") found components: Interpreter Development NumPy Development.Module Development.Embed 
-- Configuring done (4.9s)
-- Generating done (0.1s)
-- Build files have been written to: /home/xybxy123/w_work/ros2_ws/build/slam_toolbox
[  1%] [32mBuilding CXX object lib/karto_sdk/CMakeFiles/kartoSlamToolbox.dir/src/Karto.cpp.o[0m
[  2%] [34m[1mGenerating type hashes for ROS interfaces[0m
[  3%] [32mBuilding CXX object lib/karto_sdk/CMakeFiles/kartoSlamToolbox.dir/src/Mapper.cpp.o[0m
[  3%] Built target ament_cmake_python_symlink_slam_toolbox
running egg_info
creating slam_toolbox.egg-info
writing slam_toolbox.egg-info/PKG-INFO
writing dependency_links to slam_toolbox.egg-info/dependency_links.txt
writing top-level names to slam_toolbox.egg-info/top_level.txt
writing manifest file 'slam_toolbox.egg-info/SOURCES.txt'
reading manifest file 'slam_toolbox.egg-info/SOURCES.txt'
writing manifest file 'slam_toolbox.egg-info/SOURCES.txt'
[  3%] Built target ament_cmake_python_build_slam_toolbox_egg
[  3%] Built target slam_toolbox__rosidl_generator_type_description
[  4%] [34m[1mGenerating C code for ROS interfaces[0m
[  5%] [34m[1mGenerating C++ code for ROS interfaces[0m
[  5%] Built target slam_toolbox__cpp
[  6%] [32mBuilding C object CMakeFiles/slam_toolbox__rosidl_generator_c.dir/rosidl_generator_c/slam_toolbox/srv/detail/reset__functions.c.o[0m
[  7%] [32mBuilding C object CMakeFiles/slam_toolbox__rosidl_generator_c.dir/rosidl_generator_c/slam_toolbox/srv/detail/clear_queue__description.c.o[0m
[  8%] [32mBuilding C object CMakeFiles/slam_toolbox__rosidl_generator_c.dir/rosidl_generator_c/slam_toolbox/srv/detail/pause__functions.c.o[0m
[  9%] [32mBuilding C object CMakeFiles/slam_toolbox__rosidl_generator_c.dir/rosidl_generator_c/slam_toolbox/srv/detail/pause__type_support.c.o[0m
[ 10%] [32mBuilding C object CMakeFiles/slam_toolbox__rosidl_generator_c.dir/rosidl_generator_c/slam_toolbox/srv/detail/toggle_interactive__description.c.o[0m
[ 10%] [32mBuilding C object CMakeFiles/slam_toolbox__rosidl_generator_c.dir/rosidl_generator_c/slam_toolbox/srv/detail/reset__description.c.o[0m
[ 11%] [32mBuilding C object CMakeFiles/slam_toolbox__rosidl_generator_c.dir/rosidl_generator_c/slam_toolbox/srv/detail/pause__description.c.o[0m
[  7%] [32mBuilding C object CMakeFiles/slam_toolbox__rosidl_generator_c.dir/rosidl_generator_c/slam_toolbox/srv/detail/reset__type_support.c.o[0m
[  8%] [32mBuilding C object CMakeFiles/slam_toolbox__rosidl_generator_c.dir/rosidl_generator_c/slam_toolbox/srv/detail/clear_queue__functions.c.o[0m
[ 12%] [32mBuilding C object CMakeFiles/slam_toolbox__rosidl_generator_c.dir/rosidl_generator_c/slam_toolbox/srv/detail/toggle_interactive__type_support.c.o[0m
[ 12%] [32mBuilding C object CMakeFiles/slam_toolbox__rosidl_generator_c.dir/rosidl_generator_c/slam_toolbox/srv/detail/clear__functions.c.o[0m
[ 13%] [32mBuilding C object CMakeFiles/slam_toolbox__rosidl_generator_c.dir/rosidl_generator_c/slam_toolbox/srv/detail/clear__description.c.o[0m
[ 13%] [32mBuilding C object CMakeFiles/slam_toolbox__rosidl_generator_c.dir/rosidl_generator_c/slam_toolbox/srv/detail/save_map__description.c.o[0m
[  8%] [32mBuilding C object CMakeFiles/slam_toolbox__rosidl_generator_c.dir/rosidl_generator_c/slam_toolbox/srv/detail/clear_queue__type_support.c.o[0m
[ 13%] [32mBuilding C object CMakeFiles/slam_toolbox__rosidl_generator_c.dir/rosidl_generator_c/slam_toolbox/srv/detail/toggle_interactive__functions.c.o[0m
[ 13%] [32mBuilding C object CMakeFiles/slam_toolbox__rosidl_generator_c.dir/rosidl_generator_c/slam_toolbox/srv/detail/loop_closure__description.c.o[0m
[ 14%] [32mBuilding C object CMakeFiles/slam_toolbox__rosidl_generator_c.dir/rosidl_generator_c/slam_toolbox/srv/detail/save_map__type_support.c.o[0m
[ 15%] [32mBuilding C object CMakeFiles/slam_toolbox__rosidl_generator_c.dir/rosidl_generator_c/slam_toolbox/srv/detail/loop_closure__functions.c.o[0m
[ 16%] [32mBuilding C object CMakeFiles/slam_toolbox__rosidl_generator_c.dir/rosidl_generator_c/slam_toolbox/srv/detail/clear__type_support.c.o[0m
[ 16%] [32mBuilding C object CMakeFiles/slam_toolbox__rosidl_generator_c.dir/rosidl_generator_c/slam_toolbox/srv/detail/loop_closure__type_support.c.o[0m
[ 17%] [32mBuilding C object CMakeFiles/slam_toolbox__rosidl_generator_c.dir/rosidl_generator_c/slam_toolbox/srv/detail/save_map__functions.c.o[0m
[ 18%] [32mBuilding C object CMakeFiles/slam_toolbox__rosidl_generator_c.dir/rosidl_generator_c/slam_toolbox/srv/detail/merge_maps__description.c.o[0m
[ 19%] [32mBuilding C object CMakeFiles/slam_toolbox__rosidl_generator_c.dir/rosidl_generator_c/slam_toolbox/srv/detail/merge_maps__type_support.c.o[0m
[ 19%] [32mBuilding C object CMakeFiles/slam_toolbox__rosidl_generator_c.dir/rosidl_generator_c/slam_toolbox/srv/detail/add_submap__functions.c.o[0m
[ 20%] [32mBuilding C object CMakeFiles/slam_toolbox__rosidl_generator_c.dir/rosidl_generator_c/slam_toolbox/srv/detail/merge_maps__functions.c.o[0m
[ 20%] [32mBuilding C object CMakeFiles/slam_toolbox__rosidl_generator_c.dir/rosidl_generator_c/slam_toolbox/srv/detail/add_submap__description.c.o[0m
[ 21%] [32mBuilding C object CMakeFiles/slam_toolbox__rosidl_generator_c.dir/rosidl_generator_c/slam_toolbox/srv/detail/add_submap__type_support.c.o[0m
[ 21%] [32mBuilding C object CMakeFiles/slam_toolbox__rosidl_generator_c.dir/rosidl_generator_c/slam_toolbox/srv/detail/deserialize_pose_graph__description.c.o[0m
[ 22%] [32mBuilding C object CMakeFiles/slam_toolbox__rosidl_generator_c.dir/rosidl_generator_c/slam_toolbox/srv/detail/deserialize_pose_graph__functions.c.o[0m
[ 23%] [32mBuilding C object CMakeFiles/slam_toolbox__rosidl_generator_c.dir/rosidl_generator_c/slam_toolbox/srv/detail/serialize_pose_graph__functions.c.o[0m
[ 24%] [32mBuilding C object CMakeFiles/slam_toolbox__rosidl_generator_c.dir/rosidl_generator_c/slam_toolbox/srv/detail/deserialize_pose_graph__type_support.c.o[0m
[ 24%] [32mBuilding C object CMakeFiles/slam_toolbox__rosidl_generator_c.dir/rosidl_generator_c/slam_toolbox/srv/detail/serialize_pose_graph__description.c.o[0m
[ 24%] [32mBuilding C object CMakeFiles/slam_toolbox__rosidl_generator_c.dir/rosidl_generator_c/slam_toolbox/srv/detail/serialize_pose_graph__type_support.c.o[0m
[ 25%] [32m[1mLinking C shared library libslam_toolbox__rosidl_generator_c.so[0m
[ 25%] Built target slam_toolbox__rosidl_generator_c
[ 25%] [34m[1mGenerating C++ introspection for ROS interfaces[0m
[ 25%] [34m[1mGenerating C type support dispatch for ROS interfaces[0m
[ 26%] [34m[1mGenerating C introspection for ROS interfaces[0m
[ 27%] [34m[1mGenerating C++ type support dispatch for ROS interfaces[0m
[ 27%] [34m[1mGenerating C type support for eProsima Fast-RTPS[0m
[ 28%] [34m[1mGenerating C++ type support for eProsima Fast-RTPS[0m
[ 29%] [32mBuilding CXX object CMakeFiles/slam_toolbox__rosidl_typesupport_c.dir/rosidl_typesupport_c/slam_toolbox/srv/loop_closure__type_support.cpp.o[0m
[ 29%] [32mBuilding CXX object CMakeFiles/slam_toolbox__rosidl_typesupport_c.dir/rosidl_typesupport_c/slam_toolbox/srv/clear__type_support.cpp.o[0m
[ 29%] [32mBuilding CXX object CMakeFiles/slam_toolbox__rosidl_typesupport_c.dir/rosidl_typesupport_c/slam_toolbox/srv/add_submap__type_support.cpp.o[0m
[ 29%] [32mBuilding CXX object CMakeFiles/slam_toolbox__rosidl_typesupport_c.dir/rosidl_typesupport_c/slam_toolbox/srv/reset__type_support.cpp.o[0m
[ 30%] [32mBuilding CXX object CMakeFiles/slam_toolbox__rosidl_typesupport_c.dir/rosidl_typesupport_c/slam_toolbox/srv/pause__type_support.cpp.o[0m
[ 31%] [32mBuilding CXX object CMakeFiles/slam_toolbox__rosidl_typesupport_c.dir/rosidl_typesupport_c/slam_toolbox/srv/toggle_interactive__type_support.cpp.o[0m
[ 31%] [32mBuilding CXX object CMakeFiles/slam_toolbox__rosidl_typesupport_c.dir/rosidl_typesupport_c/slam_toolbox/srv/clear_queue__type_support.cpp.o[0m
[ 32%] [32mBuilding CXX object CMakeFiles/slam_toolbox__rosidl_typesupport_c.dir/rosidl_typesupport_c/slam_toolbox/srv/merge_maps__type_support.cpp.o[0m
[ 33%] [32mBuilding CXX object CMakeFiles/slam_toolbox__rosidl_typesupport_c.dir/rosidl_typesupport_c/slam_toolbox/srv/deserialize_pose_graph__type_support.cpp.o[0m
[ 34%] [32mBuilding CXX object CMakeFiles/slam_toolbox__rosidl_typesupport_c.dir/rosidl_typesupport_c/slam_toolbox/srv/serialize_pose_graph__type_support.cpp.o[0m
[ 35%] [32mBuilding CXX object CMakeFiles/slam_toolbox__rosidl_typesupport_c.dir/rosidl_typesupport_c/slam_toolbox/srv/save_map__type_support.cpp.o[0m
[ 36%] [32mBuilding CXX object CMakeFiles/slam_toolbox__rosidl_typesupport_cpp.dir/rosidl_typesupport_cpp/slam_toolbox/srv/toggle_interactive__type_support.cpp.o[0m
[ 36%] [32mBuilding CXX object CMakeFiles/slam_toolbox__rosidl_typesupport_cpp.dir/rosidl_typesupport_cpp/slam_toolbox/srv/clear_queue__type_support.cpp.o[0m
[ 37%] [32mBuilding CXX object CMakeFiles/slam_toolbox__rosidl_typesupport_cpp.dir/rosidl_typesupport_cpp/slam_toolbox/srv/save_map__type_support.cpp.o[0m
[ 38%] [32mBuilding CXX object CMakeFiles/slam_toolbox__rosidl_typesupport_cpp.dir/rosidl_typesupport_cpp/slam_toolbox/srv/clear__type_support.cpp.o[0m
[ 38%] [32mBuilding CXX object CMakeFiles/slam_toolbox__rosidl_typesupport_cpp.dir/rosidl_typesupport_cpp/slam_toolbox/srv/reset__type_support.cpp.o[0m
[ 38%] [32mBuilding CXX object CMakeFiles/slam_toolbox__rosidl_typesupport_cpp.dir/rosidl_typesupport_cpp/slam_toolbox/srv/pause__type_support.cpp.o[0m
[ 39%] [32mBuilding CXX object CMakeFiles/slam_toolbox__rosidl_typesupport_cpp.dir/rosidl_typesupport_cpp/slam_toolbox/srv/loop_closure__type_support.cpp.o[0m
[ 40%] [32mBuilding CXX object CMakeFiles/slam_toolbox__rosidl_typesupport_cpp.dir/rosidl_typesupport_cpp/slam_toolbox/srv/deserialize_pose_graph__type_support.cpp.o[0m
[ 40%] [32mBuilding CXX object CMakeFiles/slam_toolbox__rosidl_typesupport_cpp.dir/rosidl_typesupport_cpp/slam_toolbox/srv/merge_maps__type_support.cpp.o[0m
[ 40%] [32mBuilding CXX object CMakeFiles/slam_toolbox__rosidl_typesupport_cpp.dir/rosidl_typesupport_cpp/slam_toolbox/srv/serialize_pose_graph__type_support.cpp.o[0m
[ 41%] [32mBuilding CXX object CMakeFiles/slam_toolbox__rosidl_typesupport_cpp.dir/rosidl_typesupport_cpp/slam_toolbox/srv/add_submap__type_support.cpp.o[0m
[ 41%] [32m[1mLinking CXX shared library libslam_toolbox__rosidl_typesupport_c.so[0m
[ 41%] Built target slam_toolbox__rosidl_typesupport_c
[ 45%] [32mBuilding CXX object CMakeFiles/slam_toolbox__rosidl_typesupport_introspection_cpp.dir/rosidl_typesupport_introspection_cpp/slam_toolbox/srv/detail/clear__type_support.cpp.o[0m
[ 45%] [32mBuilding CXX object CMakeFiles/slam_toolbox__rosidl_typesupport_introspection_cpp.dir/rosidl_typesupport_introspection_cpp/slam_toolbox/srv/detail/toggle_interactive__type_support.cpp.o[0m
[ 45%] [32mBuilding CXX object CMakeFiles/slam_toolbox__rosidl_typesupport_introspection_cpp.dir/rosidl_typesupport_introspection_cpp/slam_toolbox/srv/detail/save_map__type_support.cpp.o[0m
[ 45%] [32mBuilding CXX object CMakeFiles/slam_toolbox__rosidl_typesupport_introspection_cpp.dir/rosidl_typesupport_introspection_cpp/slam_toolbox/srv/detail/loop_closure__type_support.cpp.o[0m
[ 45%] [32mBuilding CXX object CMakeFiles/slam_toolbox__rosidl_typesupport_introspection_cpp.dir/rosidl_typesupport_introspection_cpp/slam_toolbox/srv/detail/clear_queue__type_support.cpp.o[0m
[ 45%] [32mBuilding CXX object CMakeFiles/slam_toolbox__rosidl_typesupport_introspection_cpp.dir/rosidl_typesupport_introspection_cpp/slam_toolbox/srv/detail/pause__type_support.cpp.o[0m
[ 45%] [32mBuilding CXX object CMakeFiles/slam_toolbox__rosidl_typesupport_introspection_cpp.dir/rosidl_typesupport_introspection_cpp/slam_toolbox/srv/detail/reset__type_support.cpp.o[0m
[ 46%] [32mBuilding CXX object CMakeFiles/slam_toolbox__rosidl_typesupport_introspection_cpp.dir/rosidl_typesupport_introspection_cpp/slam_toolbox/srv/detail/merge_maps__type_support.cpp.o[0m
[ 46%] [32mBuilding CXX object CMakeFiles/slam_toolbox__rosidl_typesupport_introspection_cpp.dir/rosidl_typesupport_introspection_cpp/slam_toolbox/srv/detail/add_submap__type_support.cpp.o[0m
[ 47%] [32mBuilding CXX object CMakeFiles/slam_toolbox__rosidl_typesupport_introspection_cpp.dir/rosidl_typesupport_introspection_cpp/slam_toolbox/srv/detail/deserialize_pose_graph__type_support.cpp.o[0m
[ 48%] [32mBuilding CXX object CMakeFiles/slam_toolbox__rosidl_typesupport_introspection_cpp.dir/rosidl_typesupport_introspection_cpp/slam_toolbox/srv/detail/serialize_pose_graph__type_support.cpp.o[0m
[ 49%] [32mBuilding C object CMakeFiles/slam_toolbox__rosidl_typesupport_introspection_c.dir/rosidl_typesupport_introspection_c/slam_toolbox/srv/detail/clear_queue__type_support.c.o[0m
[ 49%] [32mBuilding C object CMakeFiles/slam_toolbox__rosidl_typesupport_introspection_c.dir/rosidl_typesupport_introspection_c/slam_toolbox/srv/detail/reset__type_support.c.o[0m
[ 49%] [32mBuilding C object CMakeFiles/slam_toolbox__rosidl_typesupport_introspection_c.dir/rosidl_typesupport_introspection_c/slam_toolbox/srv/detail/pause__type_support.c.o[0m
[ 50%] [32mBuilding C object CMakeFiles/slam_toolbox__rosidl_typesupport_introspection_c.dir/rosidl_typesupport_introspection_c/slam_toolbox/srv/detail/toggle_interactive__type_support.c.o[0m
[ 50%] [32mBuilding C object CMakeFiles/slam_toolbox__rosidl_typesupport_introspection_c.dir/rosidl_typesupport_introspection_c/slam_toolbox/srv/detail/clear__type_support.c.o[0m
[ 51%] [32mBuilding C object CMakeFiles/slam_toolbox__rosidl_typesupport_introspection_c.dir/rosidl_typesupport_introspection_c/slam_toolbox/srv/detail/save_map__type_support.c.o[0m
[ 52%] [32mBuilding C object CMakeFiles/slam_toolbox__rosidl_typesupport_introspection_c.dir/rosidl_typesupport_introspection_c/slam_toolbox/srv/detail/loop_closure__type_support.c.o[0m
[ 52%] [32mBuilding C object CMakeFiles/slam_toolbox__rosidl_typesupport_introspection_c.dir/rosidl_typesupport_introspection_c/slam_toolbox/srv/detail/merge_maps__type_support.c.o[0m
[ 53%] [32mBuilding C object CMakeFiles/slam_toolbox__rosidl_typesupport_introspection_c.dir/rosidl_typesupport_introspection_c/slam_toolbox/srv/detail/deserialize_pose_graph__type_support.c.o[0m
[ 53%] [32mBuilding C object CMakeFiles/slam_toolbox__rosidl_typesupport_introspection_c.dir/rosidl_typesupport_introspection_c/slam_toolbox/srv/detail/add_submap__type_support.c.o[0m
[ 54%] [32mBuilding C object CMakeFiles/slam_toolbox__rosidl_typesupport_introspection_c.dir/rosidl_typesupport_introspection_c/slam_toolbox/srv/detail/serialize_pose_graph__type_support.c.o[0m
[ 55%] [32m[1mLinking CXX shared library libslam_toolbox__rosidl_typesupport_cpp.so[0m
[ 56%] [32m[1mLinking C shared library libslam_toolbox__rosidl_typesupport_introspection_c.so[0m
[ 59%] [32mBuilding CXX object CMakeFiles/slam_toolbox__rosidl_typesupport_fastrtps_cpp.dir/rosidl_typesupport_fastrtps_cpp/slam_toolbox/srv/detail/dds_fastrtps/toggle_interactive__type_support.cpp.o[0m
[ 61%] [32mBuilding CXX object CMakeFiles/slam_toolbox__rosidl_typesupport_fastrtps_cpp.dir/rosidl_typesupport_fastrtps_cpp/slam_toolbox/srv/detail/dds_fastrtps/clear__type_support.cpp.o[0m
[ 60%] [32mBuilding CXX object CMakeFiles/slam_toolbox__rosidl_typesupport_fastrtps_cpp.dir/rosidl_typesupport_fastrtps_cpp/slam_toolbox/srv/detail/dds_fastrtps/pause__type_support.cpp.o[0m
[ 61%] [32mBuilding CXX object CMakeFiles/slam_toolbox__rosidl_typesupport_fastrtps_cpp.dir/rosidl_typesupport_fastrtps_cpp/slam_toolbox/srv/detail/dds_fastrtps/save_map__type_support.cpp.o[0m
[ 61%] [32mBuilding CXX object CMakeFiles/slam_toolbox__rosidl_typesupport_fastrtps_cpp.dir/rosidl_typesupport_fastrtps_cpp/slam_toolbox/srv/detail/dds_fastrtps/add_submap__type_support.cpp.o[0m
[ 59%] [32mBuilding CXX object CMakeFiles/slam_toolbox__rosidl_typesupport_fastrtps_cpp.dir/rosidl_typesupport_fastrtps_cpp/slam_toolbox/srv/detail/dds_fastrtps/merge_maps__type_support.cpp.o[0m
[ 59%] [32mBuilding CXX object CMakeFiles/slam_toolbox__rosidl_typesupport_fastrtps_cpp.dir/rosidl_typesupport_fastrtps_cpp/slam_toolbox/srv/detail/dds_fastrtps/loop_closure__type_support.cpp.o[0m
[ 59%] [32mBuilding CXX object CMakeFiles/slam_toolbox__rosidl_typesupport_fastrtps_cpp.dir/rosidl_typesupport_fastrtps_cpp/slam_toolbox/srv/detail/dds_fastrtps/reset__type_support.cpp.o[0m
[ 59%] [32mBuilding CXX object CMakeFiles/slam_toolbox__rosidl_typesupport_fastrtps_cpp.dir/rosidl_typesupport_fastrtps_cpp/slam_toolbox/srv/detail/dds_fastrtps/clear_queue__type_support.cpp.o[0m
[ 61%] Built target slam_toolbox__rosidl_typesupport_introspection_c
[ 62%] [32mBuilding CXX object CMakeFiles/slam_toolbox__rosidl_typesupport_fastrtps_cpp.dir/rosidl_typesupport_fastrtps_cpp/slam_toolbox/srv/detail/dds_fastrtps/deserialize_pose_graph__type_support.cpp.o[0m
[ 62%] [32mBuilding CXX object CMakeFiles/slam_toolbox__rosidl_typesupport_fastrtps_cpp.dir/rosidl_typesupport_fastrtps_cpp/slam_toolbox/srv/detail/dds_fastrtps/serialize_pose_graph__type_support.cpp.o[0m
[ 62%] Built target slam_toolbox__rosidl_typesupport_cpp
[ 62%] [34m[1mGenerating rviz_plugin/moc_slam_toolbox_rviz_plugin.cpp[0m
[ 63%] [32mBuilding CXX object CMakeFiles/SlamToolboxPlugin.dir/rviz_plugin/moc_slam_toolbox_rviz_plugin.cpp.o[0m
[ 63%] [32mBuilding CXX object CMakeFiles/SlamToolboxPlugin.dir/rviz_plugin/slam_toolbox_rviz_plugin.cpp.o[0m
[ 66%] [32mBuilding CXX object CMakeFiles/slam_toolbox__rosidl_typesupport_fastrtps_c.dir/rosidl_typesupport_fastrtps_c/slam_toolbox/srv/detail/clear_queue__type_support_c.cpp.o[0m
[ 66%] [32mBuilding CXX object CMakeFiles/slam_toolbox__rosidl_typesupport_fastrtps_c.dir/rosidl_typesupport_fastrtps_c/slam_toolbox/srv/detail/clear__type_support_c.cpp.o[0m
[ 66%] [32mBuilding CXX object CMakeFiles/slam_toolbox__rosidl_typesupport_fastrtps_c.dir/rosidl_typesupport_fastrtps_c/slam_toolbox/srv/detail/reset__type_support_c.cpp.o[0m
[ 66%] [32mBuilding CXX object CMakeFiles/slam_toolbox__rosidl_typesupport_fastrtps_c.dir/rosidl_typesupport_fastrtps_c/slam_toolbox/srv/detail/pause__type_support_c.cpp.o[0m
[ 66%] [32mBuilding CXX object CMakeFiles/slam_toolbox__rosidl_typesupport_fastrtps_c.dir/rosidl_typesupport_fastrtps_c/slam_toolbox/srv/detail/toggle_interactive__type_support_c.cpp.o[0m
[ 67%] [32mBuilding CXX object CMakeFiles/slam_toolbox__rosidl_typesupport_fastrtps_c.dir/rosidl_typesupport_fastrtps_c/slam_toolbox/srv/detail/save_map__type_support_c.cpp.o[0m
[ 67%] [32mBuilding CXX object CMakeFiles/slam_toolbox__rosidl_typesupport_fastrtps_c.dir/rosidl_typesupport_fastrtps_c/slam_toolbox/srv/detail/loop_closure__type_support_c.cpp.o[0m
[ 68%] [32mBuilding CXX object CMakeFiles/slam_toolbox__rosidl_typesupport_fastrtps_c.dir/rosidl_typesupport_fastrtps_c/slam_toolbox/srv/detail/merge_maps__type_support_c.cpp.o[0m
[ 68%] [32m[1mLinking CXX shared library libslam_toolbox__rosidl_typesupport_introspection_cpp.so[0m
[ 68%] Built target slam_toolbox__rosidl_typesupport_introspection_cpp
[ 69%] [32mBuilding CXX object CMakeFiles/slam_toolbox__rosidl_typesupport_fastrtps_c.dir/rosidl_typesupport_fastrtps_c/slam_toolbox/srv/detail/add_submap__type_support_c.cpp.o[0m
[ 69%] [32mBuilding CXX object CMakeFiles/slam_toolbox__rosidl_typesupport_fastrtps_c.dir/rosidl_typesupport_fastrtps_c/slam_toolbox/srv/detail/deserialize_pose_graph__type_support_c.cpp.o[0m
[ 70%] [32mBuilding CXX object CMakeFiles/slam_toolbox__rosidl_typesupport_fastrtps_c.dir/rosidl_typesupport_fastrtps_c/slam_toolbox/srv/detail/serialize_pose_graph__type_support_c.cpp.o[0m
[ 71%] [32m[1mLinking CXX shared library libslam_toolbox__rosidl_typesupport_fastrtps_cpp.so[0m
[ 71%] Built target slam_toolbox__rosidl_typesupport_fastrtps_cpp
[ 71%] [32m[1mLinking CXX shared library libslam_toolbox__rosidl_typesupport_fastrtps_c.so[0m
[ 71%] Built target slam_toolbox__rosidl_typesupport_fastrtps_c
[ 71%] Built target slam_toolbox
[ 71%] [34m[1mGenerating Python code for ROS interfaces[0m
[ 71%] Built target slam_toolbox__py
[ 73%] [32mBuilding C object CMakeFiles/slam_toolbox__rosidl_generator_py.dir/rosidl_generator_py/slam_toolbox/srv/_loop_closure_s.c.o[0m
[ 73%] [32mBuilding C object CMakeFiles/slam_toolbox__rosidl_generator_py.dir/rosidl_generator_py/slam_toolbox/srv/_clear_s.c.o[0m
[ 73%] [32mBuilding C object CMakeFiles/slam_toolbox__rosidl_generator_py.dir/rosidl_generator_py/slam_toolbox/srv/_save_map_s.c.o[0m
[ 74%] [32mBuilding C object CMakeFiles/slam_toolbox__rosidl_generator_py.dir/rosidl_generator_py/slam_toolbox/srv/_merge_maps_s.c.o[0m
[ 74%] [32mBuilding C object CMakeFiles/slam_toolbox__rosidl_generator_py.dir/rosidl_generator_py/slam_toolbox/srv/_reset_s.c.o[0m
[ 75%] [32mBuilding C object CMakeFiles/slam_toolbox__rosidl_generator_py.dir/rosidl_generator_py/slam_toolbox/srv/_pause_s.c.o[0m
[ 75%] [32mBuilding C object CMakeFiles/slam_toolbox__rosidl_generator_py.dir/rosidl_generator_py/slam_toolbox/srv/_toggle_interactive_s.c.o[0m
[ 76%] [32mBuilding C object CMakeFiles/slam_toolbox__rosidl_generator_py.dir/rosidl_generator_py/slam_toolbox/srv/_clear_queue_s.c.o[0m
[ 76%] [32mBuilding C object CMakeFiles/slam_toolbox__rosidl_generator_py.dir/rosidl_generator_py/slam_toolbox/srv/_serialize_pose_graph_s.c.o[0m
[ 76%] [32mBuilding C object CMakeFiles/slam_toolbox__rosidl_generator_py.dir/rosidl_generator_py/slam_toolbox/srv/_add_submap_s.c.o[0m
[ 77%] [32mBuilding C object CMakeFiles/slam_toolbox__rosidl_generator_py.dir/rosidl_generator_py/slam_toolbox/srv/_deserialize_pose_graph_s.c.o[0m
[ 78%] [32m[1mLinking C shared library libslam_toolbox__rosidl_generator_py.so[0m
[ 78%] Built target slam_toolbox__rosidl_generator_py
[ 79%] [32mBuilding C object CMakeFiles/slam_toolbox_s__rosidl_typesupport_fastrtps_c.dir/rosidl_generator_py/slam_toolbox/_slam_toolbox_s.ep.rosidl_typesupport_fastrtps_c.c.o[0m
[ 80%] [32mBuilding C object CMakeFiles/slam_toolbox_s__rosidl_typesupport_c.dir/rosidl_generator_py/slam_toolbox/_slam_toolbox_s.ep.rosidl_typesupport_c.c.o[0m
[ 81%] [32mBuilding C object CMakeFiles/slam_toolbox_s__rosidl_typesupport_introspection_c.dir/rosidl_generator_py/slam_toolbox/_slam_toolbox_s.ep.rosidl_typesupport_introspection_c.c.o[0m
[ 82%] [32m[1mLinking C shared module rosidl_generator_py/slam_toolbox/slam_toolbox_s__rosidl_typesupport_introspection_c.so[0m
[ 82%] [32m[1mLinking C shared module rosidl_generator_py/slam_toolbox/slam_toolbox_s__rosidl_typesupport_c.so[0m
[ 82%] [32m[1mLinking C shared module rosidl_generator_py/slam_toolbox/slam_toolbox_s__rosidl_typesupport_fastrtps_c.so[0m
[ 82%] Built target slam_toolbox_s__rosidl_typesupport_introspection_c
[ 82%] Built target slam_toolbox_s__rosidl_typesupport_c
[ 82%] Built target slam_toolbox_s__rosidl_typesupport_fastrtps_c
[ 82%] [32m[1mLinking CXX shared library libkartoSlamToolbox.so[0m
[ 82%] Built target kartoSlamToolbox
[ 83%] [32mBuilding CXX object CMakeFiles/toolbox_common.dir/src/slam_toolbox_common.cpp.o[0m
[ 83%] [32mBuilding CXX object CMakeFiles/toolbox_common.dir/src/laser_utils.cpp.o[0m
[ 84%] [32mBuilding CXX object CMakeFiles/ceres_solver_plugin.dir/solvers/ceres_solver.cpp.o[0m
[ 84%] [32mBuilding CXX object CMakeFiles/toolbox_common.dir/src/map_saver.cpp.o[0m
[ 85%] [32mBuilding CXX object CMakeFiles/toolbox_common.dir/src/loop_closure_assistant.cpp.o[0m
[ 86%] [32mBuilding CXX object CMakeFiles/toolbox_common.dir/src/slam_mapper.cpp.o[0m
[ 87%] [32m[1mLinking CXX shared library libSlamToolboxPlugin.so[0m
[ 87%] Built target SlamToolboxPlugin
[ 87%] [32m[1mLinking CXX shared library libceres_solver_plugin.so[0m
[ 87%] Built target ceres_solver_plugin
[ 88%] [32m[1mLinking CXX shared library libtoolbox_common.so[0m
[ 88%] Built target toolbox_common
[ 89%] [32mBuilding CXX object CMakeFiles/localization_slam_toolbox.dir/src/slam_toolbox_localization.cpp.o[0m
[ 89%] [32mBuilding CXX object CMakeFiles/async_slam_toolbox.dir/src/slam_toolbox_async.cpp.o[0m
[ 89%] [32mBuilding CXX object CMakeFiles/sync_slam_toolbox.dir/src/slam_toolbox_sync.cpp.o[0m
[ 90%] [32mBuilding CXX object CMakeFiles/merge_maps_kinematic.dir/src/merge_maps_kinematic.cpp.o[0m
[ 91%] [32mBuilding CXX object CMakeFiles/lifelong_slam_toolbox.dir/src/experimental/slam_toolbox_lifelong.cpp.o[0m
[ 92%] [32m[1mLinking CXX shared library libasync_slam_toolbox.so[0m
[ 92%] Built target async_slam_toolbox
[ 93%] [32mBuilding CXX object CMakeFiles/async_slam_toolbox_node.dir/src/slam_toolbox_async_node.cpp.o[0m
[ 93%] [32m[1mLinking CXX shared library liblifelong_slam_toolbox.so[0m
[ 93%] Built target lifelong_slam_toolbox
[ 94%] [32mBuilding CXX object CMakeFiles/lifelong_slam_toolbox_node.dir/src/experimental/slam_toolbox_lifelong_node.cpp.o[0m
[ 95%] [32m[1mLinking CXX shared library libsync_slam_toolbox.so[0m
[ 95%] Built target sync_slam_toolbox
[ 95%] [32mBuilding CXX object CMakeFiles/sync_slam_toolbox_node.dir/src/slam_toolbox_sync_node.cpp.o[0m
[ 95%] [32m[1mLinking CXX executable merge_maps_kinematic[0m
[ 95%] Built target merge_maps_kinematic
[ 96%] [32m[1mLinking CXX shared library liblocalization_slam_toolbox.so[0m
[ 96%] Built target localization_slam_toolbox
[ 96%] [32mBuilding CXX object CMakeFiles/localization_slam_toolbox_node.dir/src/slam_toolbox_localization_node.cpp.o[0m
[ 96%] [32mBuilding CXX object CMakeFiles/map_and_localization_slam_toolbox.dir/src/experimental/slam_toolbox_map_and_localization.cpp.o[0m
[ 96%] [32m[1mLinking CXX executable async_slam_toolbox_node[0m
[ 96%] Built target async_slam_toolbox_node
[ 96%] [32m[1mLinking CXX executable lifelong_slam_toolbox_node[0m
[ 96%] Built target lifelong_slam_toolbox_node
[ 97%] [32m[1mLinking CXX executable sync_slam_toolbox_node[0m
[ 97%] Built target sync_slam_toolbox_node
[ 98%] [32m[1mLinking CXX executable localization_slam_toolbox_node[0m
[ 98%] Built target localization_slam_toolbox_node
[ 99%] [32m[1mLinking CXX shared library libmap_and_localization_slam_toolbox.so[0m
[ 99%] Built target map_and_localization_slam_toolbox
[100%] [32mBuilding CXX object CMakeFiles/map_and_localization_slam_toolbox_node.dir/src/experimental/slam_toolbox_map_and_localization_node.cpp.o[0m
[100%] [32m[1mLinking CXX executable map_and_localization_slam_toolbox_node[0m
[100%] Built target map_and_localization_slam_toolbox_node
-- Install configuration: "Release"
-- Execute custom install script
-- Symlinking: /home/xybxy123/w_work/ros2_ws/install/slam_toolbox/include//karto_sdk/Karto.h
-- Symlinking: /home/xybxy123/w_work/ros2_ws/install/slam_toolbox/include//karto_sdk/Macros.h
-- Symlinking: /home/xybxy123/w_work/ros2_ws/install/slam_toolbox/include//karto_sdk/Mapper.h
-- Symlinking: /home/xybxy123/w_work/ros2_ws/install/slam_toolbox/include//karto_sdk/Math.h
-- Symlinking: /home/xybxy123/w_work/ros2_ws/install/slam_toolbox/include//karto_sdk/Types.h
-- Symlinking: /home/xybxy123/w_work/ros2_ws/install/slam_toolbox/include//karto_sdk/nanoflann.hpp
-- Symlinking: /home/xybxy123/w_work/ros2_ws/install/slam_toolbox/include//karto_sdk/nanoflann_adaptors.h
-- Symlinking: /home/xybxy123/w_work/ros2_ws/install/slam_toolbox/share/ament_index/resource_index/rosidl_interfaces/slam_toolbox
-- Symlinking: /home/xybxy123/w_work/ros2_ws/install/slam_toolbox/share/slam_toolbox/srv/Pause.json
-- Symlinking: /home/xybxy123/w_work/ros2_ws/install/slam_toolbox/share/slam_toolbox/srv/Reset.json
-- Symlinking: /home/xybxy123/w_work/ros2_ws/install/slam_toolbox/share/slam_toolbox/srv/ClearQueue.json
-- Symlinking: /home/xybxy123/w_work/ros2_ws/install/slam_toolbox/share/slam_toolbox/srv/ToggleInteractive.json
-- Symlinking: /home/xybxy123/w_work/ros2_ws/install/slam_toolbox/share/slam_toolbox/srv/Clear.json
-- Symlinking: /home/xybxy123/w_work/ros2_ws/install/slam_toolbox/share/slam_toolbox/srv/SaveMap.json
-- Symlinking: /home/xybxy123/w_work/ros2_ws/install/slam_toolbox/share/slam_toolbox/srv/LoopClosure.json
-- Symlinking: /home/xybxy123/w_work/ros2_ws/install/slam_toolbox/share/slam_toolbox/srv/MergeMaps.json
-- Symlinking: /home/xybxy123/w_work/ros2_ws/install/slam_toolbox/share/slam_toolbox/srv/AddSubmap.json
-- Symlinking: /home/xybxy123/w_work/ros2_ws/install/slam_toolbox/share/slam_toolbox/srv/DeserializePoseGraph.json
-- Symlinking: /home/xybxy123/w_work/ros2_ws/install/slam_toolbox/share/slam_toolbox/srv/SerializePoseGraph.json
-- Symlinking: /home/xybxy123/w_work/ros2_ws/install/slam_toolbox/include/slam_toolbox/slam_toolbox/msg/rosidl_generator_c__visibility_control.h
-- Symlinking: /home/xybxy123/w_work/ros2_ws/install/slam_toolbox/include/slam_toolbox/slam_toolbox/srv/add_submap.h
-- Symlinking: /home/xybxy123/w_work/ros2_ws/install/slam_toolbox/include/slam_toolbox/slam_toolbox/srv/clear.h
-- Symlinking: /home/xybxy123/w_work/ros2_ws/install/slam_toolbox/include/slam_toolbox/slam_toolbox/srv/clear_queue.h
-- Symlinking: /home/xybxy123/w_work/ros2_ws/install/slam_toolbox/include/slam_toolbox/slam_toolbox/srv/deserialize_pose_graph.h
-- Symlinking: /home/xybxy123/w_work/ros2_ws/install/slam_toolbox/include/slam_toolbox/slam_toolbox/srv/detail/add_submap__functions.h
-- Symlinking: /home/xybxy123/w_work/ros2_ws/install/slam_toolbox/include/slam_toolbox/slam_toolbox/srv/detail/add_submap__struct.h
-- Symlinking: /home/xybxy123/w_work/ros2_ws/install/slam_toolbox/include/slam_toolbox/slam_toolbox/srv/detail/add_submap__type_support.h
-- Symlinking: /home/xybxy123/w_work/ros2_ws/install/slam_toolbox/include/slam_toolbox/slam_toolbox/srv/detail/clear__functions.h
-- Symlinking: /home/xybxy123/w_work/ros2_ws/install/slam_toolbox/include/slam_toolbox/slam_toolbox/srv/detail/clear__struct.h
-- Symlinking: /home/xybxy123/w_work/ros2_ws/install/slam_toolbox/include/slam_toolbox/slam_toolbox/srv/detail/clear__type_support.h
-- Symlinking: /home/xybxy123/w_work/ros2_ws/install/slam_toolbox/include/slam_toolbox/slam_toolbox/srv/detail/clear_queue__functions.h
-- Symlinking: /home/xybxy123/w_work/ros2_ws/install/slam_toolbox/include/slam_toolbox/slam_toolbox/srv/detail/clear_queue__struct.h
-- Symlinking: /home/xybxy123/w_work/ros2_ws/install/slam_toolbox/include/slam_toolbox/slam_toolbox/srv/detail/clear_queue__type_support.h
-- Symlinking: /home/xybxy123/w_work/ros2_ws/install/slam_toolbox/include/slam_toolbox/slam_toolbox/srv/detail/deserialize_pose_graph__functions.h
-- Symlinking: /home/xybxy123/w_work/ros2_ws/install/slam_toolbox/include/slam_toolbox/slam_toolbox/srv/detail/deserialize_pose_graph__struct.h
-- Symlinking: /home/xybxy123/w_work/ros2_ws/install/slam_toolbox/include/slam_toolbox/slam_toolbox/srv/detail/deserialize_pose_graph__type_support.h
-- Symlinking: /home/xybxy123/w_work/ros2_ws/install/slam_toolbox/include/slam_toolbox/slam_toolbox/srv/detail/loop_closure__functions.h
-- Symlinking: /home/xybxy123/w_work/ros2_ws/install/slam_toolbox/include/slam_toolbox/slam_toolbox/srv/detail/loop_closure__struct.h
-- Symlinking: /home/xybxy123/w_work/ros2_ws/install/slam_toolbox/include/slam_toolbox/slam_toolbox/srv/detail/loop_closure__type_support.h
-- Symlinking: /home/xybxy123/w_work/ros2_ws/install/slam_toolbox/include/slam_toolbox/slam_toolbox/srv/detail/merge_maps__functions.h
-- Symlinking: /home/xybxy123/w_work/ros2_ws/install/slam_toolbox/include/slam_toolbox/slam_toolbox/srv/detail/merge_maps__struct.h
-- Symlinking: /home/xybxy123/w_work/ros2_ws/install/slam_toolbox/include/slam_toolbox/slam_toolbox/srv/detail/merge_maps__type_support.h
-- Symlinking: /home/xybxy123/w_work/ros2_ws/install/slam_toolbox/include/slam_toolbox/slam_toolbox/srv/detail/pause__functions.h
-- Symlinking: /home/xybxy123/w_work/ros2_ws/install/slam_toolbox/include/slam_toolbox/slam_toolbox/srv/detail/pause__struct.h
-- Symlinking: /home/xybxy123/w_work/ros2_ws/install/slam_toolbox/include/slam_toolbox/slam_toolbox/srv/detail/pause__type_support.h
-- Symlinking: /home/xybxy123/w_work/ros2_ws/install/slam_toolbox/include/slam_toolbox/slam_toolbox/srv/detail/reset__functions.h
-- Symlinking: /home/xybxy123/w_work/ros2_ws/install/slam_toolbox/include/slam_toolbox/slam_toolbox/srv/detail/reset__struct.h
-- Symlinking: /home/xybxy123/w_work/ros2_ws/install/slam_toolbox/include/slam_toolbox/slam_toolbox/srv/detail/reset__type_support.h
-- Symlinking: /home/xybxy123/w_work/ros2_ws/install/slam_toolbox/include/slam_toolbox/slam_toolbox/srv/detail/save_map__functions.h
-- Symlinking: /home/xybxy123/w_work/ros2_ws/install/slam_toolbox/include/slam_toolbox/slam_toolbox/srv/detail/save_map__struct.h
-- Symlinking: /home/xybxy123/w_work/ros2_ws/install/slam_toolbox/include/slam_toolbox/slam_toolbox/srv/detail/save_map__type_support.h
-- Symlinking: /home/xybxy123/w_work/ros2_ws/install/slam_toolbox/include/slam_toolbox/slam_toolbox/srv/detail/serialize_pose_graph__functions.h
-- Symlinking: /home/xybxy123/w_work/ros2_ws/install/slam_toolbox/include/slam_toolbox/slam_toolbox/srv/detail/serialize_pose_graph__struct.h
-- Symlinking: /home/xybxy123/w_work/ros2_ws/install/slam_toolbox/include/slam_toolbox/slam_toolbox/srv/detail/serialize_pose_graph__type_support.h
-- Symlinking: /home/xybxy123/w_work/ros2_ws/install/slam_toolbox/include/slam_toolbox/slam_toolbox/srv/detail/toggle_interactive__functions.h
-- Symlinking: /home/xybxy123/w_work/ros2_ws/install/slam_toolbox/include/slam_toolbox/slam_toolbox/srv/detail/toggle_interactive__struct.h
-- Symlinking: /home/xybxy123/w_work/ros2_ws/install/slam_toolbox/include/slam_toolbox/slam_toolbox/srv/detail/toggle_interactive__type_support.h
-- Symlinking: /home/xybxy123/w_work/ros2_ws/install/slam_toolbox/include/slam_toolbox/slam_toolbox/srv/loop_closure.h
-- Symlinking: /home/xybxy123/w_work/ros2_ws/install/slam_toolbox/include/slam_toolbox/slam_toolbox/srv/merge_maps.h
-- Symlinking: /home/xybxy123/w_work/ros2_ws/install/slam_toolbox/include/slam_toolbox/slam_toolbox/srv/pause.h
-- Symlinking: /home/xybxy123/w_work/ros2_ws/install/slam_toolbox/include/slam_toolbox/slam_toolbox/srv/reset.h
-- Symlinking: /home/xybxy123/w_work/ros2_ws/install/slam_toolbox/include/slam_toolbox/slam_toolbox/srv/save_map.h
-- Symlinking: /home/xybxy123/w_work/ros2_ws/install/slam_toolbox/include/slam_toolbox/slam_toolbox/srv/serialize_pose_graph.h
-- Symlinking: /home/xybxy123/w_work/ros2_ws/install/slam_toolbox/include/slam_toolbox/slam_toolbox/srv/toggle_interactive.h
-- Symlinking: /home/xybxy123/w_work/ros2_ws/install/slam_toolbox/share/slam_toolbox/environment/library_path.sh
-- Symlinking: /home/xybxy123/w_work/ros2_ws/install/slam_toolbox/share/slam_toolbox/environment/library_path.dsv
-- Symlinking: /home/xybxy123/w_work/ros2_ws/install/slam_toolbox/include/slam_toolbox/slam_toolbox/msg/rosidl_typesupport_fastrtps_c__visibility_control.h
-- Symlinking: /home/xybxy123/w_work/ros2_ws/install/slam_toolbox/include/slam_toolbox/slam_toolbox/srv/detail/add_submap__rosidl_typesupport_fastrtps_c.h
-- Symlinking: /home/xybxy123/w_work/ros2_ws/install/slam_toolbox/include/slam_toolbox/slam_toolbox/srv/detail/clear__rosidl_typesupport_fastrtps_c.h
-- Symlinking: /home/xybxy123/w_work/ros2_ws/install/slam_toolbox/include/slam_toolbox/slam_toolbox/srv/detail/clear_queue__rosidl_typesupport_fastrtps_c.h
-- Symlinking: /home/xybxy123/w_work/ros2_ws/install/slam_toolbox/include/slam_toolbox/slam_toolbox/srv/detail/deserialize_pose_graph__rosidl_typesupport_fastrtps_c.h
-- Symlinking: /home/xybxy123/w_work/ros2_ws/install/slam_toolbox/include/slam_toolbox/slam_toolbox/srv/detail/loop_closure__rosidl_typesupport_fastrtps_c.h
-- Symlinking: /home/xybxy123/w_work/ros2_ws/install/slam_toolbox/include/slam_toolbox/slam_toolbox/srv/detail/merge_maps__rosidl_typesupport_fastrtps_c.h
-- Symlinking: /home/xybxy123/w_work/ros2_ws/install/slam_toolbox/include/slam_toolbox/slam_toolbox/srv/detail/pause__rosidl_typesupport_fastrtps_c.h
-- Symlinking: /home/xybxy123/w_work/ros2_ws/install/slam_toolbox/include/slam_toolbox/slam_toolbox/srv/detail/reset__rosidl_typesupport_fastrtps_c.h
-- Symlinking: /home/xybxy123/w_work/ros2_ws/install/slam_toolbox/include/slam_toolbox/slam_toolbox/srv/detail/save_map__rosidl_typesupport_fastrtps_c.h
-- Symlinking: /home/xybxy123/w_work/ros2_ws/install/slam_toolbox/include/slam_toolbox/slam_toolbox/srv/detail/serialize_pose_graph__rosidl_typesupport_fastrtps_c.h
-- Symlinking: /home/xybxy123/w_work/ros2_ws/install/slam_toolbox/include/slam_toolbox/slam_toolbox/srv/detail/toggle_interactive__rosidl_typesupport_fastrtps_c.h
-- Symlinking: /home/xybxy123/w_work/ros2_ws/install/slam_toolbox/include/slam_toolbox/slam_toolbox/msg/rosidl_generator_cpp__visibility_control.hpp
-- Symlinking: /home/xybxy123/w_work/ros2_ws/install/slam_toolbox/include/slam_toolbox/slam_toolbox/srv/add_submap.hpp
-- Symlinking: /home/xybxy123/w_work/ros2_ws/install/slam_toolbox/include/slam_toolbox/slam_toolbox/srv/clear.hpp
-- Symlinking: /home/xybxy123/w_work/ros2_ws/install/slam_toolbox/include/slam_toolbox/slam_toolbox/srv/clear_queue.hpp
-- Symlinking: /home/xybxy123/w_work/ros2_ws/install/slam_toolbox/include/slam_toolbox/slam_toolbox/srv/deserialize_pose_graph.hpp
-- Symlinking: /home/xybxy123/w_work/ros2_ws/install/slam_toolbox/include/slam_toolbox/slam_toolbox/srv/detail/add_submap__builder.hpp
-- Symlinking: /home/xybxy123/w_work/ros2_ws/install/slam_toolbox/include/slam_toolbox/slam_toolbox/srv/detail/add_submap__struct.hpp
-- Symlinking: /home/xybxy123/w_work/ros2_ws/install/slam_toolbox/include/slam_toolbox/slam_toolbox/srv/detail/add_submap__traits.hpp
-- Symlinking: /home/xybxy123/w_work/ros2_ws/install/slam_toolbox/include/slam_toolbox/slam_toolbox/srv/detail/add_submap__type_support.hpp
-- Symlinking: /home/xybxy123/w_work/ros2_ws/install/slam_toolbox/include/slam_toolbox/slam_toolbox/srv/detail/clear__builder.hpp
-- Symlinking: /home/xybxy123/w_work/ros2_ws/install/slam_toolbox/include/slam_toolbox/slam_toolbox/srv/detail/clear__struct.hpp
-- Symlinking: /home/xybxy123/w_work/ros2_ws/install/slam_toolbox/include/slam_toolbox/slam_toolbox/srv/detail/clear__traits.hpp
-- Symlinking: /home/xybxy123/w_work/ros2_ws/install/slam_toolbox/include/slam_toolbox/slam_toolbox/srv/detail/clear__type_support.hpp
-- Symlinking: /home/xybxy123/w_work/ros2_ws/install/slam_toolbox/include/slam_toolbox/slam_toolbox/srv/detail/clear_queue__builder.hpp
-- Symlinking: /home/xybxy123/w_work/ros2_ws/install/slam_toolbox/include/slam_toolbox/slam_toolbox/srv/detail/clear_queue__struct.hpp
-- Symlinking: /home/xybxy123/w_work/ros2_ws/install/slam_toolbox/include/slam_toolbox/slam_toolbox/srv/detail/clear_queue__traits.hpp
-- Symlinking: /home/xybxy123/w_work/ros2_ws/install/slam_toolbox/include/slam_toolbox/slam_toolbox/srv/detail/clear_queue__type_support.hpp
-- Symlinking: /home/xybxy123/w_work/ros2_ws/install/slam_toolbox/include/slam_toolbox/slam_toolbox/srv/detail/deserialize_pose_graph__builder.hpp
-- Symlinking: /home/xybxy123/w_work/ros2_ws/install/slam_toolbox/include/slam_toolbox/slam_toolbox/srv/detail/deserialize_pose_graph__struct.hpp
-- Symlinking: /home/xybxy123/w_work/ros2_ws/install/slam_toolbox/include/slam_toolbox/slam_toolbox/srv/detail/deserialize_pose_graph__traits.hpp
-- Symlinking: /home/xybxy123/w_work/ros2_ws/install/slam_toolbox/include/slam_toolbox/slam_toolbox/srv/detail/deserialize_pose_graph__type_support.hpp
-- Symlinking: /home/xybxy123/w_work/ros2_ws/install/slam_toolbox/include/slam_toolbox/slam_toolbox/srv/detail/loop_closure__builder.hpp
-- Symlinking: /home/xybxy123/w_work/ros2_ws/install/slam_toolbox/include/slam_toolbox/slam_toolbox/srv/detail/loop_closure__struct.hpp
-- Symlinking: /home/xybxy123/w_work/ros2_ws/install/slam_toolbox/include/slam_toolbox/slam_toolbox/srv/detail/loop_closure__traits.hpp
-- Symlinking: /home/xybxy123/w_work/ros2_ws/install/slam_toolbox/include/slam_toolbox/slam_toolbox/srv/detail/loop_closure__type_support.hpp
-- Symlinking: /home/xybxy123/w_work/ros2_ws/install/slam_toolbox/include/slam_toolbox/slam_toolbox/srv/detail/merge_maps__builder.hpp
-- Symlinking: /home/xybxy123/w_work/ros2_ws/install/slam_toolbox/include/slam_toolbox/slam_toolbox/srv/detail/merge_maps__struct.hpp
-- Symlinking: /home/xybxy123/w_work/ros2_ws/install/slam_toolbox/include/slam_toolbox/slam_toolbox/srv/detail/merge_maps__traits.hpp
-- Symlinking: /home/xybxy123/w_work/ros2_ws/install/slam_toolbox/include/slam_toolbox/slam_toolbox/srv/detail/merge_maps__type_support.hpp
-- Symlinking: /home/xybxy123/w_work/ros2_ws/install/slam_toolbox/include/slam_toolbox/slam_toolbox/srv/detail/pause__builder.hpp
-- Symlinking: /home/xybxy123/w_work/ros2_ws/install/slam_toolbox/include/slam_toolbox/slam_toolbox/srv/detail/pause__struct.hpp
-- Symlinking: /home/xybxy123/w_work/ros2_ws/install/slam_toolbox/include/slam_toolbox/slam_toolbox/srv/detail/pause__traits.hpp
-- Symlinking: /home/xybxy123/w_work/ros2_ws/install/slam_toolbox/include/slam_toolbox/slam_toolbox/srv/detail/pause__type_support.hpp
-- Symlinking: /home/xybxy123/w_work/ros2_ws/install/slam_toolbox/include/slam_toolbox/slam_toolbox/srv/detail/reset__builder.hpp
-- Symlinking: /home/xybxy123/w_work/ros2_ws/install/slam_toolbox/include/slam_toolbox/slam_toolbox/srv/detail/reset__struct.hpp
-- Symlinking: /home/xybxy123/w_work/ros2_ws/install/slam_toolbox/include/slam_toolbox/slam_toolbox/srv/detail/reset__traits.hpp
-- Symlinking: /home/xybxy123/w_work/ros2_ws/install/slam_toolbox/include/slam_toolbox/slam_toolbox/srv/detail/reset__type_support.hpp
-- Symlinking: /home/xybxy123/w_work/ros2_ws/install/slam_toolbox/include/slam_toolbox/slam_toolbox/srv/detail/save_map__builder.hpp
-- Symlinking: /home/xybxy123/w_work/ros2_ws/install/slam_toolbox/include/slam_toolbox/slam_toolbox/srv/detail/save_map__struct.hpp
-- Symlinking: /home/xybxy123/w_work/ros2_ws/install/slam_toolbox/include/slam_toolbox/slam_toolbox/srv/detail/save_map__traits.hpp
-- Symlinking: /home/xybxy123/w_work/ros2_ws/install/slam_toolbox/include/slam_toolbox/slam_toolbox/srv/detail/save_map__type_support.hpp
-- Symlinking: /home/xybxy123/w_work/ros2_ws/install/slam_toolbox/include/slam_toolbox/slam_toolbox/srv/detail/serialize_pose_graph__builder.hpp
-- Symlinking: /home/xybxy123/w_work/ros2_ws/install/slam_toolbox/include/slam_toolbox/slam_toolbox/srv/detail/serialize_pose_graph__struct.hpp
-- Symlinking: /home/xybxy123/w_work/ros2_ws/install/slam_toolbox/include/slam_toolbox/slam_toolbox/srv/detail/serialize_pose_graph__traits.hpp
-- Symlinking: /home/xybxy123/w_work/ros2_ws/install/slam_toolbox/include/slam_toolbox/slam_toolbox/srv/detail/serialize_pose_graph__type_support.hpp
-- Symlinking: /home/xybxy123/w_work/ros2_ws/install/slam_toolbox/include/slam_toolbox/slam_toolbox/srv/detail/toggle_interactive__builder.hpp
-- Symlinking: /home/xybxy123/w_work/ros2_ws/install/slam_toolbox/include/slam_toolbox/slam_toolbox/srv/detail/toggle_interactive__struct.hpp
-- Symlinking: /home/xybxy123/w_work/ros2_ws/install/slam_toolbox/include/slam_toolbox/slam_toolbox/srv/detail/toggle_interactive__traits.hpp
-- Symlinking: /home/xybxy123/w_work/ros2_ws/install/slam_toolbox/include/slam_toolbox/slam_toolbox/srv/detail/toggle_interactive__type_support.hpp
-- Symlinking: /home/xybxy123/w_work/ros2_ws/install/slam_toolbox/include/slam_toolbox/slam_toolbox/srv/loop_closure.hpp
-- Symlinking: /home/xybxy123/w_work/ros2_ws/install/slam_toolbox/include/slam_toolbox/slam_toolbox/srv/merge_maps.hpp
-- Symlinking: /home/xybxy123/w_work/ros2_ws/install/slam_toolbox/include/slam_toolbox/slam_toolbox/srv/pause.hpp
-- Symlinking: /home/xybxy123/w_work/ros2_ws/install/slam_toolbox/include/slam_toolbox/slam_toolbox/srv/reset.hpp
-- Symlinking: /home/xybxy123/w_work/ros2_ws/install/slam_toolbox/include/slam_toolbox/slam_toolbox/srv/save_map.hpp
-- Symlinking: /home/xybxy123/w_work/ros2_ws/install/slam_toolbox/include/slam_toolbox/slam_toolbox/srv/serialize_pose_graph.hpp
-- Symlinking: /home/xybxy123/w_work/ros2_ws/install/slam_toolbox/include/slam_toolbox/slam_toolbox/srv/toggle_interactive.hpp
-- Symlinking: /home/xybxy123/w_work/ros2_ws/install/slam_toolbox/include/slam_toolbox/slam_toolbox/msg/rosidl_typesupport_fastrtps_cpp__visibility_control.h
-- Symlinking: /home/xybxy123/w_work/ros2_ws/install/slam_toolbox/include/slam_toolbox/slam_toolbox/srv/detail/add_submap__rosidl_typesupport_fastrtps_cpp.hpp
-- Symlinking: /home/xybxy123/w_work/ros2_ws/install/slam_toolbox/include/slam_toolbox/slam_toolbox/srv/detail/clear__rosidl_typesupport_fastrtps_cpp.hpp
-- Symlinking: /home/xybxy123/w_work/ros2_ws/install/slam_toolbox/include/slam_toolbox/slam_toolbox/srv/detail/clear_queue__rosidl_typesupport_fastrtps_cpp.hpp
-- Symlinking: /home/xybxy123/w_work/ros2_ws/install/slam_toolbox/include/slam_toolbox/slam_toolbox/srv/detail/deserialize_pose_graph__rosidl_typesupport_fastrtps_cpp.hpp
-- Symlinking: /home/xybxy123/w_work/ros2_ws/install/slam_toolbox/include/slam_toolbox/slam_toolbox/srv/detail/loop_closure__rosidl_typesupport_fastrtps_cpp.hpp
-- Symlinking: /home/xybxy123/w_work/ros2_ws/install/slam_toolbox/include/slam_toolbox/slam_toolbox/srv/detail/merge_maps__rosidl_typesupport_fastrtps_cpp.hpp
-- Symlinking: /home/xybxy123/w_work/ros2_ws/install/slam_toolbox/include/slam_toolbox/slam_toolbox/srv/detail/pause__rosidl_typesupport_fastrtps_cpp.hpp
-- Symlinking: /home/xybxy123/w_work/ros2_ws/install/slam_toolbox/include/slam_toolbox/slam_toolbox/srv/detail/reset__rosidl_typesupport_fastrtps_cpp.hpp
-- Symlinking: /home/xybxy123/w_work/ros2_ws/install/slam_toolbox/include/slam_toolbox/slam_toolbox/srv/detail/save_map__rosidl_typesupport_fastrtps_cpp.hpp
-- Symlinking: /home/xybxy123/w_work/ros2_ws/install/slam_toolbox/include/slam_toolbox/slam_toolbox/srv/detail/serialize_pose_graph__rosidl_typesupport_fastrtps_cpp.hpp
-- Symlinking: /home/xybxy123/w_work/ros2_ws/install/slam_toolbox/include/slam_toolbox/slam_toolbox/srv/detail/toggle_interactive__rosidl_typesupport_fastrtps_cpp.hpp
-- Symlinking: /home/xybxy123/w_work/ros2_ws/install/slam_toolbox/include/slam_toolbox/slam_toolbox/msg/rosidl_typesupport_introspection_c__visibility_control.h
-- Symlinking: /home/xybxy123/w_work/ros2_ws/install/slam_toolbox/include/slam_toolbox/slam_toolbox/srv/detail/add_submap__rosidl_typesupport_introspection_c.h
-- Symlinking: /home/xybxy123/w_work/ros2_ws/install/slam_toolbox/include/slam_toolbox/slam_toolbox/srv/detail/clear__rosidl_typesupport_introspection_c.h
-- Symlinking: /home/xybxy123/w_work/ros2_ws/install/slam_toolbox/include/slam_toolbox/slam_toolbox/srv/detail/clear_queue__rosidl_typesupport_introspection_c.h
-- Symlinking: /home/xybxy123/w_work/ros2_ws/install/slam_toolbox/include/slam_toolbox/slam_toolbox/srv/detail/deserialize_pose_graph__rosidl_typesupport_introspection_c.h
-- Symlinking: /home/xybxy123/w_work/ros2_ws/install/slam_toolbox/include/slam_toolbox/slam_toolbox/srv/detail/loop_closure__rosidl_typesupport_introspection_c.h
-- Symlinking: /home/xybxy123/w_work/ros2_ws/install/slam_toolbox/include/slam_toolbox/slam_toolbox/srv/detail/merge_maps__rosidl_typesupport_introspection_c.h
-- Symlinking: /home/xybxy123/w_work/ros2_ws/install/slam_toolbox/include/slam_toolbox/slam_toolbox/srv/detail/pause__rosidl_typesupport_introspection_c.h
-- Symlinking: /home/xybxy123/w_work/ros2_ws/install/slam_toolbox/include/slam_toolbox/slam_toolbox/srv/detail/reset__rosidl_typesupport_introspection_c.h
-- Symlinking: /home/xybxy123/w_work/ros2_ws/install/slam_toolbox/include/slam_toolbox/slam_toolbox/srv/detail/save_map__rosidl_typesupport_introspection_c.h
-- Symlinking: /home/xybxy123/w_work/ros2_ws/install/slam_toolbox/include/slam_toolbox/slam_toolbox/srv/detail/serialize_pose_graph__rosidl_typesupport_introspection_c.h
-- Symlinking: /home/xybxy123/w_work/ros2_ws/install/slam_toolbox/include/slam_toolbox/slam_toolbox/srv/detail/toggle_interactive__rosidl_typesupport_introspection_c.h
-- Symlinking: /home/xybxy123/w_work/ros2_ws/install/slam_toolbox/include/slam_toolbox/slam_toolbox/srv/detail/add_submap__rosidl_typesupport_introspection_cpp.hpp
-- Symlinking: /home/xybxy123/w_work/ros2_ws/install/slam_toolbox/include/slam_toolbox/slam_toolbox/srv/detail/clear__rosidl_typesupport_introspection_cpp.hpp
-- Symlinking: /home/xybxy123/w_work/ros2_ws/install/slam_toolbox/include/slam_toolbox/slam_toolbox/srv/detail/clear_queue__rosidl_typesupport_introspection_cpp.hpp
-- Symlinking: /home/xybxy123/w_work/ros2_ws/install/slam_toolbox/include/slam_toolbox/slam_toolbox/srv/detail/deserialize_pose_graph__rosidl_typesupport_introspection_cpp.hpp
-- Symlinking: /home/xybxy123/w_work/ros2_ws/install/slam_toolbox/include/slam_toolbox/slam_toolbox/srv/detail/loop_closure__rosidl_typesupport_introspection_cpp.hpp
-- Symlinking: /home/xybxy123/w_work/ros2_ws/install/slam_toolbox/include/slam_toolbox/slam_toolbox/srv/detail/merge_maps__rosidl_typesupport_introspection_cpp.hpp
-- Symlinking: /home/xybxy123/w_work/ros2_ws/install/slam_toolbox/include/slam_toolbox/slam_toolbox/srv/detail/pause__rosidl_typesupport_introspection_cpp.hpp
-- Symlinking: /home/xybxy123/w_work/ros2_ws/install/slam_toolbox/include/slam_toolbox/slam_toolbox/srv/detail/reset__rosidl_typesupport_introspection_cpp.hpp
-- Symlinking: /home/xybxy123/w_work/ros2_ws/install/slam_toolbox/include/slam_toolbox/slam_toolbox/srv/detail/save_map__rosidl_typesupport_introspection_cpp.hpp
-- Symlinking: /home/xybxy123/w_work/ros2_ws/install/slam_toolbox/include/slam_toolbox/slam_toolbox/srv/detail/serialize_pose_graph__rosidl_typesupport_introspection_cpp.hpp
-- Symlinking: /home/xybxy123/w_work/ros2_ws/install/slam_toolbox/include/slam_toolbox/slam_toolbox/srv/detail/toggle_interactive__rosidl_typesupport_introspection_cpp.hpp
-- Symlinking: /home/xybxy123/w_work/ros2_ws/install/slam_toolbox/share/slam_toolbox/environment/pythonpath.sh
-- Symlinking: /home/xybxy123/w_work/ros2_ws/install/slam_toolbox/share/slam_toolbox/environment/pythonpath.dsv
-- Symlinking: /home/xybxy123/w_work/ros2_ws/install/slam_toolbox/lib/python3.12/site-packages/slam_toolbox-2.8.4-py3.12.egg-info/PKG-INFO
-- Symlinking: /home/xybxy123/w_work/ros2_ws/install/slam_toolbox/lib/python3.12/site-packages/slam_toolbox-2.8.4-py3.12.egg-info/SOURCES.txt
-- Symlinking: /home/xybxy123/w_work/ros2_ws/install/slam_toolbox/lib/python3.12/site-packages/slam_toolbox-2.8.4-py3.12.egg-info/dependency_links.txt
-- Symlinking: /home/xybxy123/w_work/ros2_ws/install/slam_toolbox/lib/python3.12/site-packages/slam_toolbox-2.8.4-py3.12.egg-info/top_level.txt
-- Symlinking: /home/xybxy123/w_work/ros2_ws/install/slam_toolbox/lib/python3.12/site-packages/slam_toolbox/__init__.py
-- Symlinking: /home/xybxy123/w_work/ros2_ws/install/slam_toolbox/lib/python3.12/site-packages/slam_toolbox/_slam_toolbox_s.ep.rosidl_typesupport_c.c
-- Symlinking: /home/xybxy123/w_work/ros2_ws/install/slam_toolbox/lib/python3.12/site-packages/slam_toolbox/_slam_toolbox_s.ep.rosidl_typesupport_fastrtps_c.c
-- Symlinking: /home/xybxy123/w_work/ros2_ws/install/slam_toolbox/lib/python3.12/site-packages/slam_toolbox/_slam_toolbox_s.ep.rosidl_typesupport_introspection_c.c
-- Symlinking: /home/xybxy123/w_work/ros2_ws/install/slam_toolbox/lib/python3.12/site-packages/slam_toolbox/slam_toolbox_s__rosidl_typesupport_c.so
-- Symlinking: /home/xybxy123/w_work/ros2_ws/install/slam_toolbox/lib/python3.12/site-packages/slam_toolbox/slam_toolbox_s__rosidl_typesupport_fastrtps_c.so
-- Symlinking: /home/xybxy123/w_work/ros2_ws/install/slam_toolbox/lib/python3.12/site-packages/slam_toolbox/slam_toolbox_s__rosidl_typesupport_introspection_c.so
-- Symlinking: /home/xybxy123/w_work/ros2_ws/install/slam_toolbox/lib/python3.12/site-packages/slam_toolbox/srv/__init__.py
-- Symlinking: /home/xybxy123/w_work/ros2_ws/install/slam_toolbox/lib/python3.12/site-packages/slam_toolbox/srv/_add_submap.py
-- Symlinking: /home/xybxy123/w_work/ros2_ws/install/slam_toolbox/lib/python3.12/site-packages/slam_toolbox/srv/_add_submap_s.c
-- Symlinking: /home/xybxy123/w_work/ros2_ws/install/slam_toolbox/lib/python3.12/site-packages/slam_toolbox/srv/_clear.py
-- Symlinking: /home/xybxy123/w_work/ros2_ws/install/slam_toolbox/lib/python3.12/site-packages/slam_toolbox/srv/_clear_queue.py
-- Symlinking: /home/xybxy123/w_work/ros2_ws/install/slam_toolbox/lib/python3.12/site-packages/slam_toolbox/srv/_clear_queue_s.c
-- Symlinking: /home/xybxy123/w_work/ros2_ws/install/slam_toolbox/lib/python3.12/site-packages/slam_toolbox/srv/_clear_s.c
-- Symlinking: /home/xybxy123/w_work/ros2_ws/install/slam_toolbox/lib/python3.12/site-packages/slam_toolbox/srv/_deserialize_pose_graph.py
-- Symlinking: /home/xybxy123/w_work/ros2_ws/install/slam_toolbox/lib/python3.12/site-packages/slam_toolbox/srv/_deserialize_pose_graph_s.c
-- Symlinking: /home/xybxy123/w_work/ros2_ws/install/slam_toolbox/lib/python3.12/site-packages/slam_toolbox/srv/_loop_closure.py
-- Symlinking: /home/xybxy123/w_work/ros2_ws/install/slam_toolbox/lib/python3.12/site-packages/slam_toolbox/srv/_loop_closure_s.c
-- Symlinking: /home/xybxy123/w_work/ros2_ws/install/slam_toolbox/lib/python3.12/site-packages/slam_toolbox/srv/_merge_maps.py
-- Symlinking: /home/xybxy123/w_work/ros2_ws/install/slam_toolbox/lib/python3.12/site-packages/slam_toolbox/srv/_merge_maps_s.c
-- Symlinking: /home/xybxy123/w_work/ros2_ws/install/slam_toolbox/lib/python3.12/site-packages/slam_toolbox/srv/_pause.py
-- Symlinking: /home/xybxy123/w_work/ros2_ws/install/slam_toolbox/lib/python3.12/site-packages/slam_toolbox/srv/_pause_s.c
-- Symlinking: /home/xybxy123/w_work/ros2_ws/install/slam_toolbox/lib/python3.12/site-packages/slam_toolbox/srv/_reset.py
-- Symlinking: /home/xybxy123/w_work/ros2_ws/install/slam_toolbox/lib/python3.12/site-packages/slam_toolbox/srv/_reset_s.c
-- Symlinking: /home/xybxy123/w_work/ros2_ws/install/slam_toolbox/lib/python3.12/site-packages/slam_toolbox/srv/_save_map.py
-- Symlinking: /home/xybxy123/w_work/ros2_ws/install/slam_toolbox/lib/python3.12/site-packages/slam_toolbox/srv/_save_map_s.c
-- Symlinking: /home/xybxy123/w_work/ros2_ws/install/slam_toolbox/lib/python3.12/site-packages/slam_toolbox/srv/_serialize_pose_graph.py
-- Symlinking: /home/xybxy123/w_work/ros2_ws/install/slam_toolbox/lib/python3.12/site-packages/slam_toolbox/srv/_serialize_pose_graph_s.c
-- Symlinking: /home/xybxy123/w_work/ros2_ws/install/slam_toolbox/lib/python3.12/site-packages/slam_toolbox/srv/_toggle_interactive.py
-- Symlinking: /home/xybxy123/w_work/ros2_ws/install/slam_toolbox/lib/python3.12/site-packages/slam_toolbox/srv/_toggle_interactive_s.c
-- Up-to-date symlink: /home/xybxy123/w_work/ros2_ws/install/slam_toolbox/lib/python3.12/site-packages/slam_toolbox/slam_toolbox_s__rosidl_typesupport_fastrtps_c.so
-- Up-to-date symlink: /home/xybxy123/w_work/ros2_ws/install/slam_toolbox/lib/python3.12/site-packages/slam_toolbox/slam_toolbox_s__rosidl_typesupport_introspection_c.so
-- Up-to-date symlink: /home/xybxy123/w_work/ros2_ws/install/slam_toolbox/lib/python3.12/site-packages/slam_toolbox/slam_toolbox_s__rosidl_typesupport_c.so
-- Symlinking: /home/xybxy123/w_work/ros2_ws/install/slam_toolbox/share/slam_toolbox/srv/Pause.idl
-- Symlinking: /home/xybxy123/w_work/ros2_ws/install/slam_toolbox/share/slam_toolbox/srv/Reset.idl
-- Symlinking: /home/xybxy123/w_work/ros2_ws/install/slam_toolbox/share/slam_toolbox/srv/ClearQueue.idl
-- Symlinking: /home/xybxy123/w_work/ros2_ws/install/slam_toolbox/share/slam_toolbox/srv/ToggleInteractive.idl
-- Symlinking: /home/xybxy123/w_work/ros2_ws/install/slam_toolbox/share/slam_toolbox/srv/Clear.idl
-- Symlinking: /home/xybxy123/w_work/ros2_ws/install/slam_toolbox/share/slam_toolbox/srv/SaveMap.idl
-- Symlinking: /home/xybxy123/w_work/ros2_ws/install/slam_toolbox/share/slam_toolbox/srv/LoopClosure.idl
-- Symlinking: /home/xybxy123/w_work/ros2_ws/install/slam_toolbox/share/slam_toolbox/srv/MergeMaps.idl
-- Symlinking: /home/xybxy123/w_work/ros2_ws/install/slam_toolbox/share/slam_toolbox/srv/AddSubmap.idl
-- Symlinking: /home/xybxy123/w_work/ros2_ws/install/slam_toolbox/share/slam_toolbox/srv/DeserializePoseGraph.idl
-- Symlinking: /home/xybxy123/w_work/ros2_ws/install/slam_toolbox/share/slam_toolbox/srv/SerializePoseGraph.idl
-- Symlinking: /home/xybxy123/w_work/ros2_ws/install/slam_toolbox/share/slam_toolbox/srv/Pause.srv
-- Symlinking: /home/xybxy123/w_work/ros2_ws/install/slam_toolbox/share/slam_toolbox/srv/Reset.srv
-- Symlinking: /home/xybxy123/w_work/ros2_ws/install/slam_toolbox/share/slam_toolbox/srv/ClearQueue.srv
-- Symlinking: /home/xybxy123/w_work/ros2_ws/install/slam_toolbox/share/slam_toolbox/srv/ToggleInteractive.srv
-- Symlinking: /home/xybxy123/w_work/ros2_ws/install/slam_toolbox/share/slam_toolbox/srv/Clear.srv
-- Symlinking: /home/xybxy123/w_work/ros2_ws/install/slam_toolbox/share/slam_toolbox/srv/SaveMap.srv
-- Symlinking: /home/xybxy123/w_work/ros2_ws/install/slam_toolbox/share/slam_toolbox/srv/LoopClosure.srv
-- Symlinking: /home/xybxy123/w_work/ros2_ws/install/slam_toolbox/share/slam_toolbox/srv/MergeMaps.srv
-- Symlinking: /home/xybxy123/w_work/ros2_ws/install/slam_toolbox/share/slam_toolbox/srv/AddSubmap.srv
-- Symlinking: /home/xybxy123/w_work/ros2_ws/install/slam_toolbox/share/slam_toolbox/srv/DeserializePoseGraph.srv
-- Symlinking: /home/xybxy123/w_work/ros2_ws/install/slam_toolbox/share/slam_toolbox/srv/SerializePoseGraph.srv
-- Symlinking: /home/xybxy123/w_work/ros2_ws/install/slam_toolbox/share/slam_toolbox//rviz_plugins.xml
-- Symlinking: /home/xybxy123/w_work/ros2_ws/install/slam_toolbox/share/slam_toolbox//solver_plugins.xml
-- Symlinking: /home/xybxy123/w_work/ros2_ws/install/slam_toolbox/lib/slam_toolbox/async_slam_toolbox_node
-- Symlinking: /home/xybxy123/w_work/ros2_ws/install/slam_toolbox/lib/slam_toolbox/sync_slam_toolbox_node
-- Symlinking: /home/xybxy123/w_work/ros2_ws/install/slam_toolbox/lib/slam_toolbox/localization_slam_toolbox_node
-- Symlinking: /home/xybxy123/w_work/ros2_ws/install/slam_toolbox/lib/slam_toolbox/map_and_localization_slam_toolbox_node
-- Symlinking: /home/xybxy123/w_work/ros2_ws/install/slam_toolbox/lib/slam_toolbox/lifelong_slam_toolbox_node
-- Symlinking: /home/xybxy123/w_work/ros2_ws/install/slam_toolbox/lib/slam_toolbox/merge_maps_kinematic
-- Symlinking: /home/xybxy123/w_work/ros2_ws/install/slam_toolbox/lib/libtoolbox_common.so
-- Symlinking: /home/xybxy123/w_work/ros2_ws/install/slam_toolbox/lib/libSlamToolboxPlugin.so
-- Symlinking: /home/xybxy123/w_work/ros2_ws/install/slam_toolbox/lib/libceres_solver_plugin.so
-- Symlinking: /home/xybxy123/w_work/ros2_ws/install/slam_toolbox/lib/libasync_slam_toolbox.so
-- Symlinking: /home/xybxy123/w_work/ros2_ws/install/slam_toolbox/lib/libsync_slam_toolbox.so
-- Symlinking: /home/xybxy123/w_work/ros2_ws/install/slam_toolbox/lib/liblocalization_slam_toolbox.so
-- Symlinking: /home/xybxy123/w_work/ros2_ws/install/slam_toolbox/lib/liblifelong_slam_toolbox.so
-- Symlinking: /home/xybxy123/w_work/ros2_ws/install/slam_toolbox/lib/libmap_and_localization_slam_toolbox.so
-- Symlinking: /home/xybxy123/w_work/ros2_ws/install/slam_toolbox/lib/libkartoSlamToolbox.so
-- Symlinking: /home/xybxy123/w_work/ros2_ws/install/slam_toolbox/include/slam_toolbox/experimental/slam_toolbox_lifelong.hpp
-- Symlinking: /home/xybxy123/w_work/ros2_ws/install/slam_toolbox/include/slam_toolbox/experimental/slam_toolbox_map_and_localization.hpp
-- Symlinking: /home/xybxy123/w_work/ros2_ws/install/slam_toolbox/include/slam_toolbox/get_pose_helper.hpp
-- Symlinking: /home/xybxy123/w_work/ros2_ws/install/slam_toolbox/include/slam_toolbox/laser_utils.hpp
-- Symlinking: /home/xybxy123/w_work/ros2_ws/install/slam_toolbox/include/slam_toolbox/loop_closure_assistant.hpp
-- Symlinking: /home/xybxy123/w_work/ros2_ws/install/slam_toolbox/include/slam_toolbox/map_saver.hpp
-- Symlinking: /home/xybxy123/w_work/ros2_ws/install/slam_toolbox/include/slam_toolbox/merge_maps_kinematic.hpp
-- Symlinking: /home/xybxy123/w_work/ros2_ws/install/slam_toolbox/include/slam_toolbox/serialization.hpp
-- Symlinking: /home/xybxy123/w_work/ros2_ws/install/slam_toolbox/include/slam_toolbox/slam_mapper.hpp
-- Symlinking: /home/xybxy123/w_work/ros2_ws/install/slam_toolbox/include/slam_toolbox/slam_toolbox_async.hpp
-- Symlinking: /home/xybxy123/w_work/ros2_ws/install/slam_toolbox/include/slam_toolbox/slam_toolbox_common.hpp
-- Symlinking: /home/xybxy123/w_work/ros2_ws/install/slam_toolbox/include/slam_toolbox/slam_toolbox_localization.hpp
-- Symlinking: /home/xybxy123/w_work/ros2_ws/install/slam_toolbox/include/slam_toolbox/slam_toolbox_sync.hpp
-- Symlinking: /home/xybxy123/w_work/ros2_ws/install/slam_toolbox/include/slam_toolbox/snap_utils.hpp
-- Symlinking: /home/xybxy123/w_work/ros2_ws/install/slam_toolbox/include/slam_toolbox/toolbox_msgs.hpp
-- Symlinking: /home/xybxy123/w_work/ros2_ws/install/slam_toolbox/include/slam_toolbox/toolbox_types.hpp
-- Symlinking: /home/xybxy123/w_work/ros2_ws/install/slam_toolbox/include/slam_toolbox/visualization_utils.hpp
-- Symlinking: /home/xybxy123/w_work/ros2_ws/install/slam_toolbox/share/slam_toolbox/launch/localization_launch.py
-- Symlinking: /home/xybxy123/w_work/ros2_ws/install/slam_toolbox/share/slam_toolbox/launch/merge_maps_kinematic_launch.py
-- Symlinking: /home/xybxy123/w_work/ros2_ws/install/slam_toolbox/share/slam_toolbox/launch/offline_launch.py
-- Symlinking: /home/xybxy123/w_work/ros2_ws/install/slam_toolbox/share/slam_toolbox/launch/online_async_launch.py
-- Symlinking: /home/xybxy123/w_work/ros2_ws/install/slam_toolbox/share/slam_toolbox/launch/online_sync_launch.py
-- Symlinking: /home/xybxy123/w_work/ros2_ws/install/slam_toolbox/share/slam_toolbox/config/mapper_params_lifelong.yaml
-- Symlinking: /home/xybxy123/w_work/ros2_ws/install/slam_toolbox/share/slam_toolbox/config/mapper_params_localization.yaml
-- Symlinking: /home/xybxy123/w_work/ros2_ws/install/slam_toolbox/share/slam_toolbox/config/mapper_params_offline.yaml
-- Symlinking: /home/xybxy123/w_work/ros2_ws/install/slam_toolbox/share/slam_toolbox/config/mapper_params_online_async.yaml
-- Symlinking: /home/xybxy123/w_work/ros2_ws/install/slam_toolbox/share/slam_toolbox/config/mapper_params_online_sync.yaml
-- Symlinking: /home/xybxy123/w_work/ros2_ws/install/slam_toolbox/share/slam_toolbox/config/slam_toolbox_default.rviz
-- Symlinking: /home/xybxy123/w_work/ros2_ws/install/slam_toolbox/share/solver_plugins.xml
-- Symlinking: /home/xybxy123/w_work/ros2_ws/install/slam_toolbox/share/rviz_plugins.xml
-- Symlinking: /home/xybxy123/w_work/ros2_ws/install/slam_toolbox/share/ament_index/resource_index/package_run_dependencies/slam_toolbox
-- Symlinking: /home/xybxy123/w_work/ros2_ws/install/slam_toolbox/share/ament_index/resource_index/parent_prefix_path/slam_toolbox
-- Symlinking: /home/xybxy123/w_work/ros2_ws/install/slam_toolbox/share/slam_toolbox/environment/ament_prefix_path.sh
-- Symlinking: /home/xybxy123/w_work/ros2_ws/install/slam_toolbox/share/slam_toolbox/environment/ament_prefix_path.dsv
-- Symlinking: /home/xybxy123/w_work/ros2_ws/install/slam_toolbox/share/slam_toolbox/environment/path.sh
-- Symlinking: /home/xybxy123/w_work/ros2_ws/install/slam_toolbox/share/slam_toolbox/environment/path.dsv
-- Symlinking: /home/xybxy123/w_work/ros2_ws/install/slam_toolbox/share/slam_toolbox/local_setup.bash
-- Symlinking: /home/xybxy123/w_work/ros2_ws/install/slam_toolbox/share/slam_toolbox/local_setup.sh
-- Symlinking: /home/xybxy123/w_work/ros2_ws/install/slam_toolbox/share/slam_toolbox/local_setup.zsh
-- Symlinking: /home/xybxy123/w_work/ros2_ws/install/slam_toolbox/share/slam_toolbox/local_setup.dsv
-- Symlinking: /home/xybxy123/w_work/ros2_ws/install/slam_toolbox/share/slam_toolbox/package.dsv
-- Symlinking: /home/xybxy123/w_work/ros2_ws/install/slam_toolbox/share/ament_index/resource_index/packages/slam_toolbox
-- Symlinking: /home/xybxy123/w_work/ros2_ws/install/slam_toolbox/share/ament_index/resource_index/rviz_common__pluginlib__plugin/slam_toolbox
-- Symlinking: /home/xybxy123/w_work/ros2_ws/install/slam_toolbox/share/ament_index/resource_index/slam_toolbox__pluginlib__plugin/slam_toolbox
-- Symlinking: /home/xybxy123/w_work/ros2_ws/install/slam_toolbox/share/ament_index/resource_index/rclcpp_components/slam_toolbox
-- Symlinking: /home/xybxy123/w_work/ros2_ws/install/slam_toolbox/share/slam_toolbox/cmake/rosidl_cmake-extras.cmake
-- Symlinking: /home/xybxy123/w_work/ros2_ws/install/slam_toolbox/share/slam_toolbox/cmake/ament_cmake_export_dependencies-extras.cmake
-- Symlinking: /home/xybxy123/w_work/ros2_ws/install/slam_toolbox/share/slam_toolbox/cmake/ament_cmake_export_include_directories-extras.cmake
-- Symlinking: /home/xybxy123/w_work/ros2_ws/install/slam_toolbox/share/slam_toolbox/cmake/ament_cmake_export_libraries-extras.cmake
-- Symlinking: /home/xybxy123/w_work/ros2_ws/install/slam_toolbox/share/slam_toolbox/cmake/ament_cmake_export_targets-extras.cmake
-- Symlinking: /home/xybxy123/w_work/ros2_ws/install/slam_toolbox/share/slam_toolbox/cmake/rosidl_cmake_export_typesupport_targets-extras.cmake
-- Symlinking: /home/xybxy123/w_work/ros2_ws/install/slam_toolbox/share/slam_toolbox/cmake/rosidl_cmake_export_typesupport_libraries-extras.cmake
-- Symlinking: /home/xybxy123/w_work/ros2_ws/install/slam_toolbox/share/slam_toolbox/cmake/slam_toolboxConfig.cmake
-- Symlinking: /home/xybxy123/w_work/ros2_ws/install/slam_toolbox/share/slam_toolbox/cmake/slam_toolboxConfig-version.cmake
-- Symlinking: /home/xybxy123/w_work/ros2_ws/install/slam_toolbox/share/slam_toolbox/package.xml
-- Installing: /home/xybxy123/w_work/ros2_ws/install/slam_toolbox/lib/libslam_toolbox__rosidl_generator_c.so
-- Set non-toolchain portion of runtime path of "/home/xybxy123/w_work/ros2_ws/install/slam_toolbox/lib/libslam_toolbox__rosidl_generator_c.so" to ""
-- Installing: /home/xybxy123/w_work/ros2_ws/install/slam_toolbox/lib/libslam_toolbox__rosidl_typesupport_fastrtps_c.so
-- Set non-toolchain portion of runtime path of "/home/xybxy123/w_work/ros2_ws/install/slam_toolbox/lib/libslam_toolbox__rosidl_typesupport_fastrtps_c.so" to ""
-- Installing: /home/xybxy123/w_work/ros2_ws/install/slam_toolbox/lib/libslam_toolbox__rosidl_typesupport_fastrtps_cpp.so
-- Set non-toolchain portion of runtime path of "/home/xybxy123/w_work/ros2_ws/install/slam_toolbox/lib/libslam_toolbox__rosidl_typesupport_fastrtps_cpp.so" to ""
-- Installing: /home/xybxy123/w_work/ros2_ws/install/slam_toolbox/lib/libslam_toolbox__rosidl_typesupport_introspection_c.so
-- Set non-toolchain portion of runtime path of "/home/xybxy123/w_work/ros2_ws/install/slam_toolbox/lib/libslam_toolbox__rosidl_typesupport_introspection_c.so" to ""
-- Installing: /home/xybxy123/w_work/ros2_ws/install/slam_toolbox/lib/libslam_toolbox__rosidl_typesupport_c.so
-- Set non-toolchain portion of runtime path of "/home/xybxy123/w_work/ros2_ws/install/slam_toolbox/lib/libslam_toolbox__rosidl_typesupport_c.so" to ""
-- Installing: /home/xybxy123/w_work/ros2_ws/install/slam_toolbox/lib/libslam_toolbox__rosidl_typesupport_introspection_cpp.so
-- Set non-toolchain portion of runtime path of "/home/xybxy123/w_work/ros2_ws/install/slam_toolbox/lib/libslam_toolbox__rosidl_typesupport_introspection_cpp.so" to ""
-- Installing: /home/xybxy123/w_work/ros2_ws/install/slam_toolbox/lib/libslam_toolbox__rosidl_typesupport_cpp.so
-- Set non-toolchain portion of runtime path of "/home/xybxy123/w_work/ros2_ws/install/slam_toolbox/lib/libslam_toolbox__rosidl_typesupport_cpp.so" to ""
Listing '/home/xybxy123/w_work/ros2_ws/install/slam_toolbox/lib/python3.12/site-packages/slam_toolbox'...
Compiling '/home/xybxy123/w_work/ros2_ws/install/slam_toolbox/lib/python3.12/site-packages/slam_toolbox/__init__.py'...
Listing '/home/xybxy123/w_work/ros2_ws/install/slam_toolbox/lib/python3.12/site-packages/slam_toolbox/srv'...
Compiling '/home/xybxy123/w_work/ros2_ws/install/slam_toolbox/lib/python3.12/site-packages/slam_toolbox/srv/__init__.py'...
Compiling '/home/xybxy123/w_work/ros2_ws/install/slam_toolbox/lib/python3.12/site-packages/slam_toolbox/srv/_add_submap.py'...
Compiling '/home/xybxy123/w_work/ros2_ws/install/slam_toolbox/lib/python3.12/site-packages/slam_toolbox/srv/_clear.py'...
Compiling '/home/xybxy123/w_work/ros2_ws/install/slam_toolbox/lib/python3.12/site-packages/slam_toolbox/srv/_clear_queue.py'...
Compiling '/home/xybxy123/w_work/ros2_ws/install/slam_toolbox/lib/python3.12/site-packages/slam_toolbox/srv/_deserialize_pose_graph.py'...
Compiling '/home/xybxy123/w_work/ros2_ws/install/slam_toolbox/lib/python3.12/site-packages/slam_toolbox/srv/_loop_closure.py'...
Compiling '/home/xybxy123/w_work/ros2_ws/install/slam_toolbox/lib/python3.12/site-packages/slam_toolbox/srv/_merge_maps.py'...
Compiling '/home/xybxy123/w_work/ros2_ws/install/slam_toolbox/lib/python3.12/site-packages/slam_toolbox/srv/_pause.py'...
Compiling '/home/xybxy123/w_work/ros2_ws/install/slam_toolbox/lib/python3.12/site-packages/slam_toolbox/srv/_reset.py'...
Compiling '/home/xybxy123/w_work/ros2_ws/install/slam_toolbox/lib/python3.12/site-packages/slam_toolbox/srv/_save_map.py'...
Compiling '/home/xybxy123/w_work/ros2_ws/install/slam_toolbox/lib/python3.12/site-packages/slam_toolbox/srv/_serialize_pose_graph.py'...
Compiling '/home/xybxy123/w_work/ros2_ws/install/slam_toolbox/lib/python3.12/site-packages/slam_toolbox/srv/_toggle_interactive.py'...
-- Installing: /home/xybxy123/w_work/ros2_ws/install/slam_toolbox/lib/libslam_toolbox__rosidl_generator_py.so
-- Set non-toolchain portion of runtime path of "/home/xybxy123/w_work/ros2_ws/install/slam_toolbox/lib/libslam_toolbox__rosidl_generator_py.so" to ""
-- Installing: /home/xybxy123/w_work/ros2_ws/install/slam_toolbox/share/slam_toolbox/cmake/export_slam_toolbox__rosidl_generator_cExport.cmake
-- Installing: /home/xybxy123/w_work/ros2_ws/install/slam_toolbox/share/slam_toolbox/cmake/export_slam_toolbox__rosidl_generator_cExport-release.cmake
-- Installing: /home/xybxy123/w_work/ros2_ws/install/slam_toolbox/share/slam_toolbox/cmake/export_slam_toolbox__rosidl_typesupport_fastrtps_cExport.cmake
-- Installing: /home/xybxy123/w_work/ros2_ws/install/slam_toolbox/share/slam_toolbox/cmake/export_slam_toolbox__rosidl_typesupport_fastrtps_cExport-release.cmake
-- Installing: /home/xybxy123/w_work/ros2_ws/install/slam_toolbox/share/slam_toolbox/cmake/export_slam_toolbox__rosidl_generator_cppExport.cmake
-- Installing: /home/xybxy123/w_work/ros2_ws/install/slam_toolbox/share/slam_toolbox/cmake/export_slam_toolbox__rosidl_typesupport_fastrtps_cppExport.cmake
-- Installing: /home/xybxy123/w_work/ros2_ws/install/slam_toolbox/share/slam_toolbox/cmake/export_slam_toolbox__rosidl_typesupport_fastrtps_cppExport-release.cmake
-- Installing: /home/xybxy123/w_work/ros2_ws/install/slam_toolbox/share/slam_toolbox/cmake/slam_toolbox__rosidl_typesupport_introspection_cExport.cmake
-- Installing: /home/xybxy123/w_work/ros2_ws/install/slam_toolbox/share/slam_toolbox/cmake/slam_toolbox__rosidl_typesupport_introspection_cExport-release.cmake
-- Installing: /home/xybxy123/w_work/ros2_ws/install/slam_toolbox/share/slam_toolbox/cmake/slam_toolbox__rosidl_typesupport_cExport.cmake
-- Installing: /home/xybxy123/w_work/ros2_ws/install/slam_toolbox/share/slam_toolbox/cmake/slam_toolbox__rosidl_typesupport_cExport-release.cmake
-- Installing: /home/xybxy123/w_work/ros2_ws/install/slam_toolbox/share/slam_toolbox/cmake/slam_toolbox__rosidl_typesupport_introspection_cppExport.cmake
-- Installing: /home/xybxy123/w_work/ros2_ws/install/slam_toolbox/share/slam_toolbox/cmake/slam_toolbox__rosidl_typesupport_introspection_cppExport-release.cmake
-- Installing: /home/xybxy123/w_work/ros2_ws/install/slam_toolbox/share/slam_toolbox/cmake/slam_toolbox__rosidl_typesupport_cppExport.cmake
-- Installing: /home/xybxy123/w_work/ros2_ws/install/slam_toolbox/share/slam_toolbox/cmake/slam_toolbox__rosidl_typesupport_cppExport-release.cmake
-- Installing: /home/xybxy123/w_work/ros2_ws/install/slam_toolbox/share/slam_toolbox/cmake/export_slam_toolbox__rosidl_generator_pyExport.cmake
-- Installing: /home/xybxy123/w_work/ros2_ws/install/slam_toolbox/share/slam_toolbox/cmake/export_slam_toolbox__rosidl_generator_pyExport-release.cmake
-- Installing: /home/xybxy123/w_work/ros2_ws/install/slam_toolbox/share/slam_toolbox/cmake/SlamToolboxPluginExport.cmake
-- Installing: /home/xybxy123/w_work/ros2_ws/install/slam_toolbox/share/slam_toolbox/cmake/SlamToolboxPluginExport-release.cmake
