[0.006s] Invoking command in '/home/xybxy123/w_work/ros2_ws/build/slam_toolbox': CMAKE_PREFIX_PATH=${CMAKE_PREFIX_PATH}:/opt/ros/jazzy DEBUGINFOD_URLS=https://debuginfod.ubuntu.com /usr/bin/cmake /home/xybxy123/w_work/ros2_ws/src/slam_toolbox -DCMAKE_BUILD_TYPE=Release -DAMENT_CMAKE_SYMLINK_INSTALL=1 -DCMAKE_INSTALL_PREFIX=/home/xybxy123/w_work/ros2_ws/install/slam_toolbox
[0.094s] -- The C compiler identification is GNU 11.5.0
[0.161s] -- The CXX compiler identification is GNU 11.5.0
[0.184s] -- Detecting C compiler ABI info
[0.332s] -- Detecting C compiler ABI info - done
[0.346s] -- Check for working C compiler: /usr/bin/cc - skipped
[0.347s] -- Detecting C compile features
[0.348s] -- Detecting C compile features - done
[0.363s] -- Detecting CXX compiler ABI info
[0.472s] -- Detecting CXX compiler ABI info - done
[0.481s] -- Check for working CXX compiler: /usr/bin/c++ - skipped
[0.481s] -- Detecting CXX compile features
[0.481s] -- Detecting CXX compile features - done
[0.489s] -- Found ament_cmake: 2.5.5 (/opt/ros/jazzy/share/ament_cmake/cmake)
[0.585s] -- Found Python3: /usr/bin/python3 (found version "3.12.3") found components: Interpreter 
[0.631s] -- Override CMake install command with custom implementation using symlinks instead of copying resources
[0.679s] -- Found message_filters: 4.11.10 (/opt/ros/jazzy/share/message_filters/cmake)
[0.733s] -- Found rosidl_generator_c: 4.6.7 (/opt/ros/jazzy/share/rosidl_generator_c/cmake)
[0.743s] -- Found rosidl_generator_cpp: 4.6.7 (/opt/ros/jazzy/share/rosidl_generator_cpp/cmake)
[0.755s] -- Using all available rosidl_typesupport_c: rosidl_typesupport_fastrtps_c;rosidl_typesupport_introspection_c
[0.769s] -- Using all available rosidl_typesupport_cpp: rosidl_typesupport_fastrtps_cpp;rosidl_typesupport_introspection_cpp
[0.824s] -- Found rmw_implementation_cmake: 7.3.3 (/opt/ros/jazzy/share/rmw_implementation_cmake/cmake)
[0.827s] -- Found rmw_fastrtps_cpp: 8.4.3 (/opt/ros/jazzy/share/rmw_fastrtps_cpp/cmake)
[0.921s] -- Found OpenSSL: /usr/lib/x86_64-linux-gnu/libcrypto.so (found version "3.0.13")  
[0.956s] -- Found FastRTPS: /opt/ros/jazzy/include (Required is at least version "2.13") 
[0.986s] -- Using RMW implementation 'rmw_fastrtps_cpp' as default
[1.075s] -- Found nav_msgs: 5.3.6 (/opt/ros/jazzy/share/nav_msgs/cmake)
[1.106s] -- Found sensor_msgs: 5.3.6 (/opt/ros/jazzy/share/sensor_msgs/cmake)
[1.123s] -- Found tf2: 0.36.19 (/opt/ros/jazzy/share/tf2/cmake)
[1.127s] -- Found tf2_ros: 0.36.19 (/opt/ros/jazzy/share/tf2_ros/cmake)
[1.217s] -- Found visualization_msgs: 5.3.6 (/opt/ros/jazzy/share/visualization_msgs/cmake)
[1.237s] -- Found pluginlib: 5.4.4 (/opt/ros/jazzy/share/pluginlib/cmake)
[1.242s] -- Found tf2_geometry_msgs: 0.36.19 (/opt/ros/jazzy/share/tf2_geometry_msgs/cmake)
[1.255s] -- Found eigen3_cmake_module: 0.3.0 (/opt/ros/jazzy/share/eigen3_cmake_module/cmake)
[1.256s] -- Found Eigen3: TRUE (found version "3.4.0") 
[1.256s] -- Ensuring Eigen3 include directory is part of orocos-kdl CMake target
[1.258s] -- Found tf2_sensor_msgs: 0.36.19 (/opt/ros/jazzy/share/tf2_sensor_msgs/cmake)
[1.263s] -- Found std_srvs: 5.3.6 (/opt/ros/jazzy/share/std_srvs/cmake)
[1.275s] -- Found rosidl_default_generators: 1.6.0 (/opt/ros/jazzy/share/rosidl_default_generators/cmake)
[1.286s] -- Found rosidl_adapter: 4.6.7 (/opt/ros/jazzy/share/rosidl_adapter/cmake)
[1.289s] -- Found lifecycle_msgs: 2.0.3 (/opt/ros/jazzy/share/lifecycle_msgs/cmake)
[1.303s] -- Found bondcpp: 4.1.2 (/opt/ros/jazzy/share/bondcpp/cmake)
[1.333s] -- Found rviz_common: 14.1.19 (/opt/ros/jazzy/share/rviz_common/cmake)
[1.348s] -- Setting OGRE_DIR to: '/opt/ros/jazzy/share/rviz_ogre_vendor/cmake/../../../opt/rviz_ogre_vendor/lib/OGRE/cmake'
[1.349s] -- Found OGRE
[1.349s] --   static     : OFF
[1.349s] --   components : MeshLodGenerator;Overlay;Paging;Property;RTShaderSystem;Terrain;Volume
[1.349s] --   plugins    : Plugin_BSPSceneManager;Plugin_OctreeSceneManager;Plugin_PCZSceneManager;Plugin_ParticleFX;RenderSystem_GL;RenderSystem_GL3Plus;Codec_STBI
[1.349s] --   media      : /opt/ros/jazzy/opt/rviz_ogre_vendor/share/OGRE/Media
[1.349s] -- OGRE_LIBRARIES: OgreMeshLodGenerator;OgreOverlay;OgrePaging;OgreProperty;OgreRTShaderSystem;OgreTerrain;OgreVolume;OgreMain
[1.349s] -- OGRE_LIBRARY_DIRS: /opt/ros/jazzy/opt/rviz_ogre_vendor/lib
[1.349s] -- OGRE_PLUGINS: Plugin_BSPSceneManager;Plugin_OctreeSceneManager;Plugin_PCZSceneManager;Plugin_ParticleFX;RenderSystem_GL;RenderSystem_GL3Plus;Codec_STBI
[1.349s] -- OGRE_PLUGIN_DIR: /opt/ros/jazzy/opt/rviz_ogre_vendor/lib/OGRE
[1.349s] -- rviz_ogre_vendor::OgreOverlay for IMPORTED_LOCATION_RELEASE: /opt/ros/jazzy/opt/rviz_ogre_vendor/lib/libOgreOverlay.so
[1.349s] -- rviz_ogre_vendor::OgreOverlay for IMPORTED_LOCATION_DEBUG: /opt/ros/jazzy/opt/rviz_ogre_vendor/lib/libOgreOverlay.so
[1.350s] -- rviz_ogre_vendor::OgreMain for IMPORTED_LOCATION_RELEASE: /opt/ros/jazzy/opt/rviz_ogre_vendor/lib/libOgreMain.so
[1.350s] -- rviz_ogre_vendor::OgreMain for IMPORTED_LOCATION_DEBUG: /opt/ros/jazzy/opt/rviz_ogre_vendor/lib/libOgreMain.so
[1.371s] -- Found ZLIB: /usr/lib/x86_64-linux-gnu/libz.so (found version "1.3")  
[1.378s] -- Found OpenGL: /usr/lib/x86_64-linux-gnu/libOpenGL.so   
[1.504s] -- Found X11: /usr/include   
[1.505s] -- Looking for XOpenDisplay in /usr/lib/x86_64-linux-gnu/libX11.so;/usr/lib/x86_64-linux-gnu/libXext.so
[1.612s] -- Looking for XOpenDisplay in /usr/lib/x86_64-linux-gnu/libX11.so;/usr/lib/x86_64-linux-gnu/libXext.so - found
[1.612s] -- Looking for gethostbyname
[1.672s] -- Looking for gethostbyname - found
[1.673s] -- Looking for connect
[1.729s] -- Looking for connect - found
[1.729s] -- Looking for remove
[1.788s] -- Looking for remove - found
[1.788s] -- Looking for shmat
[1.845s] -- Looking for shmat - found
[1.845s] -- Looking for IceConnectionNumber in ICE
[1.901s] -- Looking for IceConnectionNumber in ICE - found
[1.915s] -- Setting yaml-cpp_DIR to: '/opt/ros/jazzy/share/yaml_cpp_vendor/cmake/../../../opt/yaml_cpp_vendor/share/cmake/yaml-cpp'
[1.922s] -- Found rviz_default_plugins: 14.1.19 (/opt/ros/jazzy/share/rviz_default_plugins/cmake)
[2.125s] -- Found Boost: /usr/lib/x86_64-linux-gnu/cmake/Boost-1.83.0/BoostConfig.cmake (found version "1.83.0") found components: system serialization filesystem thread 
[2.137s] -- Found PkgConfig: /usr/bin/pkg-config (found version "1.8.1") 
[2.147s] -- Found CHOLMOD: /usr/include/suitesparse  
[2.149s] -- Found CSparse: /usr/include/suitesparse  
[2.187s] -- Looking for sgemm_
[2.248s] -- Looking for sgemm_ - not found
[2.249s] -- Found Threads: TRUE  
[2.303s] -- Looking for sgemm_
[2.386s] -- Looking for sgemm_ - found
[2.386s] -- Found BLAS: /usr/lib/x86_64-linux-gnu/libblas.so  
[2.388s] -- Looking for cheev_
[2.457s] -- Looking for cheev_ - not found
[2.474s] -- Looking for cheev_
[2.555s] -- Looking for cheev_ - found
[2.555s] -- Found LAPACK: /usr/lib/x86_64-linux-gnu/liblapack.so;/usr/lib/x86_64-linux-gnu/libblas.so  
[2.693s] -- Found AMD headers in: /usr/include/suitesparse
[2.694s] -- Found AMD library: /usr/lib/x86_64-linux-gnu/libamd.so
[2.694s] -- Found CAMD headers in: /usr/include/suitesparse
[2.695s] -- Found CAMD library: /usr/lib/x86_64-linux-gnu/libcamd.so
[2.695s] -- Found CCOLAMD headers in: /usr/include/suitesparse
[2.696s] -- Found CCOLAMD library: /usr/lib/x86_64-linux-gnu/libccolamd.so
[2.696s] -- Found CHOLMOD headers in: /usr/include/suitesparse
[2.697s] -- Found CHOLMOD library: /usr/lib/x86_64-linux-gnu/libcholmod.so
[2.698s] -- Found COLAMD headers in: /usr/include/suitesparse
[2.698s] -- Found COLAMD library: /usr/lib/x86_64-linux-gnu/libcolamd.so
[2.698s] -- Found SPQR headers in: /usr/include/suitesparse
[2.699s] -- Found SPQR library: /usr/lib/x86_64-linux-gnu/libspqr.so
[2.700s] -- Found Config headers in: /usr/include/suitesparse
[2.701s] -- Found Config library: /usr/lib/x86_64-linux-gnu/libsuitesparseconfig.so
[2.701s] -- Found Intel Thread Building Blocks (TBB) library (2021.11 / ) include location: . Assuming SuiteSparseQR was compiled with TBB.
[2.701s] -- Looking for shm_open in rt
[2.785s] -- Looking for shm_open in rt - found
[2.785s] -- Adding librt to SuiteSparse_config libraries (required on Linux & Unix [not OSX] if SuiteSparse is compiled with timing).
[2.796s] -- Could NOT find METIS (missing: METIS_INCLUDE_DIR METIS_LIBRARY) 
[2.797s] -- Found SuiteSparse: /usr/include/suitesparse (found suitable version "7.6.1", minimum required is "7.6.1") found components: AMD CAMD CCOLAMD CHOLMOD COLAMD SPQR Config 
[2.801s] -- Found required Ceres dependency: Eigen version 3.4.0 in /usr/share/eigen3/cmake
[2.814s] -- Found required Ceres dependency: glog
[2.815s] -- Found required Ceres dependency: gflags
[2.815s] -- Found Ceres version: 2.2.0 installed in: /usr with components: [EigenSparse, SparseLinearAlgebraLibrary, LAPACK, SuiteSparse, SchurSpecializations]
[3.336s] -- Found ament_cmake_ros: 0.12.0 (/opt/ros/jazzy/share/ament_cmake_ros/cmake)
[4.053s] -- Using all available rosidl_typesupport_c: rosidl_typesupport_fastrtps_c;rosidl_typesupport_introspection_c
[4.368s] -- Using all available rosidl_typesupport_cpp: rosidl_typesupport_fastrtps_cpp;rosidl_typesupport_introspection_cpp
[4.373s] -- Found python_cmake_module: 0.11.1 (/opt/ros/jazzy/share/python_cmake_module/cmake)
[4.489s] -- Found PythonExtra: /usr/bin/python3  
[4.826s] -- Found Python3: /usr/bin/python3 (found version "3.12.3") found components: Interpreter Development NumPy Development.Module Development.Embed 
[4.900s] -- Configuring done (4.9s)
[5.029s] -- Generating done (0.1s)
[5.059s] -- Build files have been written to: /home/xybxy123/w_work/ros2_ws/build/slam_toolbox
[5.073s] Invoked command in '/home/xybxy123/w_work/ros2_ws/build/slam_toolbox' returned '0': CMAKE_PREFIX_PATH=${CMAKE_PREFIX_PATH}:/opt/ros/jazzy DEBUGINFOD_URLS=https://debuginfod.ubuntu.com /usr/bin/cmake /home/xybxy123/w_work/ros2_ws/src/slam_toolbox -DCMAKE_BUILD_TYPE=Release -DAMENT_CMAKE_SYMLINK_INSTALL=1 -DCMAKE_INSTALL_PREFIX=/home/xybxy123/w_work/ros2_ws/install/slam_toolbox
[5.074s] Invoking command in '/home/xybxy123/w_work/ros2_ws/build/slam_toolbox': CMAKE_PREFIX_PATH=${CMAKE_PREFIX_PATH}:/opt/ros/jazzy DEBUGINFOD_URLS=https://debuginfod.ubuntu.com /usr/bin/cmake --build /home/xybxy123/w_work/ros2_ws/build/slam_toolbox -- -j24 -l24
[5.132s] [  1%] [32mBuilding CXX object lib/karto_sdk/CMakeFiles/kartoSlamToolbox.dir/src/Karto.cpp.o[0m
[5.133s] [  2%] [34m[1mGenerating type hashes for ROS interfaces[0m
[5.134s] [  3%] [32mBuilding CXX object lib/karto_sdk/CMakeFiles/kartoSlamToolbox.dir/src/Mapper.cpp.o[0m
[5.138s] [  3%] Built target ament_cmake_python_symlink_slam_toolbox
[5.252s] running egg_info
[5.252s] creating slam_toolbox.egg-info
[5.261s] writing slam_toolbox.egg-info/PKG-INFO
[5.262s] writing dependency_links to slam_toolbox.egg-info/dependency_links.txt
[5.262s] writing top-level names to slam_toolbox.egg-info/top_level.txt
[5.262s] writing manifest file 'slam_toolbox.egg-info/SOURCES.txt'
[5.287s] reading manifest file 'slam_toolbox.egg-info/SOURCES.txt'
[5.287s] writing manifest file 'slam_toolbox.egg-info/SOURCES.txt'
[5.305s] [  3%] Built target ament_cmake_python_build_slam_toolbox_egg
[5.333s] [  3%] Built target slam_toolbox__rosidl_generator_type_description
[5.342s] [  4%] [34m[1mGenerating C code for ROS interfaces[0m
[5.350s] [  5%] [34m[1mGenerating C++ code for ROS interfaces[0m
[5.888s] [  5%] Built target slam_toolbox__cpp
[5.999s] [  6%] [32mBuilding C object CMakeFiles/slam_toolbox__rosidl_generator_c.dir/rosidl_generator_c/slam_toolbox/srv/detail/reset__functions.c.o[0m
[5.999s] [  7%] [32mBuilding C object CMakeFiles/slam_toolbox__rosidl_generator_c.dir/rosidl_generator_c/slam_toolbox/srv/detail/clear_queue__description.c.o[0m
[5.999s] [  8%] [32mBuilding C object CMakeFiles/slam_toolbox__rosidl_generator_c.dir/rosidl_generator_c/slam_toolbox/srv/detail/pause__functions.c.o[0m
[5.999s] [  9%] [32mBuilding C object CMakeFiles/slam_toolbox__rosidl_generator_c.dir/rosidl_generator_c/slam_toolbox/srv/detail/pause__type_support.c.o[0m
[5.999s] [ 10%] [32mBuilding C object CMakeFiles/slam_toolbox__rosidl_generator_c.dir/rosidl_generator_c/slam_toolbox/srv/detail/toggle_interactive__description.c.o[0m
[5.999s] [ 10%] [32mBuilding C object CMakeFiles/slam_toolbox__rosidl_generator_c.dir/rosidl_generator_c/slam_toolbox/srv/detail/reset__description.c.o[0m
[5.999s] [ 11%] [32mBuilding C object CMakeFiles/slam_toolbox__rosidl_generator_c.dir/rosidl_generator_c/slam_toolbox/srv/detail/pause__description.c.o[0m
[5.999s] [  7%] [32mBuilding C object CMakeFiles/slam_toolbox__rosidl_generator_c.dir/rosidl_generator_c/slam_toolbox/srv/detail/reset__type_support.c.o[0m
[6.000s] [  8%] [32mBuilding C object CMakeFiles/slam_toolbox__rosidl_generator_c.dir/rosidl_generator_c/slam_toolbox/srv/detail/clear_queue__functions.c.o[0m
[6.000s] [ 12%] [32mBuilding C object CMakeFiles/slam_toolbox__rosidl_generator_c.dir/rosidl_generator_c/slam_toolbox/srv/detail/toggle_interactive__type_support.c.o[0m
[6.000s] [ 12%] [32mBuilding C object CMakeFiles/slam_toolbox__rosidl_generator_c.dir/rosidl_generator_c/slam_toolbox/srv/detail/clear__functions.c.o[0m
[6.000s] [ 13%] [32mBuilding C object CMakeFiles/slam_toolbox__rosidl_generator_c.dir/rosidl_generator_c/slam_toolbox/srv/detail/clear__description.c.o[0m
[6.000s] [ 13%] [32mBuilding C object CMakeFiles/slam_toolbox__rosidl_generator_c.dir/rosidl_generator_c/slam_toolbox/srv/detail/save_map__description.c.o[0m
[6.000s] [  8%] [32mBuilding C object CMakeFiles/slam_toolbox__rosidl_generator_c.dir/rosidl_generator_c/slam_toolbox/srv/detail/clear_queue__type_support.c.o[0m
[6.001s] [ 13%] [32mBuilding C object CMakeFiles/slam_toolbox__rosidl_generator_c.dir/rosidl_generator_c/slam_toolbox/srv/detail/toggle_interactive__functions.c.o[0m
[6.001s] [ 13%] [32mBuilding C object CMakeFiles/slam_toolbox__rosidl_generator_c.dir/rosidl_generator_c/slam_toolbox/srv/detail/loop_closure__description.c.o[0m
[6.001s] [ 14%] [32mBuilding C object CMakeFiles/slam_toolbox__rosidl_generator_c.dir/rosidl_generator_c/slam_toolbox/srv/detail/save_map__type_support.c.o[0m
[6.001s] [ 15%] [32mBuilding C object CMakeFiles/slam_toolbox__rosidl_generator_c.dir/rosidl_generator_c/slam_toolbox/srv/detail/loop_closure__functions.c.o[0m
[6.001s] [ 16%] [32mBuilding C object CMakeFiles/slam_toolbox__rosidl_generator_c.dir/rosidl_generator_c/slam_toolbox/srv/detail/clear__type_support.c.o[0m
[6.002s] [ 16%] [32mBuilding C object CMakeFiles/slam_toolbox__rosidl_generator_c.dir/rosidl_generator_c/slam_toolbox/srv/detail/loop_closure__type_support.c.o[0m
[6.002s] [ 17%] [32mBuilding C object CMakeFiles/slam_toolbox__rosidl_generator_c.dir/rosidl_generator_c/slam_toolbox/srv/detail/save_map__functions.c.o[0m
[6.002s] [ 18%] [32mBuilding C object CMakeFiles/slam_toolbox__rosidl_generator_c.dir/rosidl_generator_c/slam_toolbox/srv/detail/merge_maps__description.c.o[0m
[6.045s] [ 19%] [32mBuilding C object CMakeFiles/slam_toolbox__rosidl_generator_c.dir/rosidl_generator_c/slam_toolbox/srv/detail/merge_maps__type_support.c.o[0m
[6.045s] [ 19%] [32mBuilding C object CMakeFiles/slam_toolbox__rosidl_generator_c.dir/rosidl_generator_c/slam_toolbox/srv/detail/add_submap__functions.c.o[0m
[6.046s] [ 20%] [32mBuilding C object CMakeFiles/slam_toolbox__rosidl_generator_c.dir/rosidl_generator_c/slam_toolbox/srv/detail/merge_maps__functions.c.o[0m
[6.046s] [ 20%] [32mBuilding C object CMakeFiles/slam_toolbox__rosidl_generator_c.dir/rosidl_generator_c/slam_toolbox/srv/detail/add_submap__description.c.o[0m
[6.049s] [ 21%] [32mBuilding C object CMakeFiles/slam_toolbox__rosidl_generator_c.dir/rosidl_generator_c/slam_toolbox/srv/detail/add_submap__type_support.c.o[0m
[6.049s] [ 21%] [32mBuilding C object CMakeFiles/slam_toolbox__rosidl_generator_c.dir/rosidl_generator_c/slam_toolbox/srv/detail/deserialize_pose_graph__description.c.o[0m
[6.053s] [ 22%] [32mBuilding C object CMakeFiles/slam_toolbox__rosidl_generator_c.dir/rosidl_generator_c/slam_toolbox/srv/detail/deserialize_pose_graph__functions.c.o[0m
[6.058s] [ 23%] [32mBuilding C object CMakeFiles/slam_toolbox__rosidl_generator_c.dir/rosidl_generator_c/slam_toolbox/srv/detail/serialize_pose_graph__functions.c.o[0m
[6.059s] [ 24%] [32mBuilding C object CMakeFiles/slam_toolbox__rosidl_generator_c.dir/rosidl_generator_c/slam_toolbox/srv/detail/deserialize_pose_graph__type_support.c.o[0m
[6.061s] [ 24%] [32mBuilding C object CMakeFiles/slam_toolbox__rosidl_generator_c.dir/rosidl_generator_c/slam_toolbox/srv/detail/serialize_pose_graph__description.c.o[0m
[6.062s] [ 24%] [32mBuilding C object CMakeFiles/slam_toolbox__rosidl_generator_c.dir/rosidl_generator_c/slam_toolbox/srv/detail/serialize_pose_graph__type_support.c.o[0m
[6.196s] [ 25%] [32m[1mLinking C shared library libslam_toolbox__rosidl_generator_c.so[0m
[6.227s] [ 25%] Built target slam_toolbox__rosidl_generator_c
[6.234s] [ 25%] [34m[1mGenerating C++ introspection for ROS interfaces[0m
[6.234s] [ 25%] [34m[1mGenerating C type support dispatch for ROS interfaces[0m
[6.234s] [ 26%] [34m[1mGenerating C introspection for ROS interfaces[0m
[6.234s] [ 27%] [34m[1mGenerating C++ type support dispatch for ROS interfaces[0m
[6.236s] [ 27%] [34m[1mGenerating C type support for eProsima Fast-RTPS[0m
[6.236s] [ 28%] [34m[1mGenerating C++ type support for eProsima Fast-RTPS[0m
[6.553s] [ 29%] [32mBuilding CXX object CMakeFiles/slam_toolbox__rosidl_typesupport_c.dir/rosidl_typesupport_c/slam_toolbox/srv/loop_closure__type_support.cpp.o[0m
[6.553s] [ 29%] [32mBuilding CXX object CMakeFiles/slam_toolbox__rosidl_typesupport_c.dir/rosidl_typesupport_c/slam_toolbox/srv/clear__type_support.cpp.o[0m
[6.553s] [ 29%] [32mBuilding CXX object CMakeFiles/slam_toolbox__rosidl_typesupport_c.dir/rosidl_typesupport_c/slam_toolbox/srv/add_submap__type_support.cpp.o[0m
[6.553s] [ 29%] [32mBuilding CXX object CMakeFiles/slam_toolbox__rosidl_typesupport_c.dir/rosidl_typesupport_c/slam_toolbox/srv/reset__type_support.cpp.o[0m
[6.553s] [ 30%] [32mBuilding CXX object CMakeFiles/slam_toolbox__rosidl_typesupport_c.dir/rosidl_typesupport_c/slam_toolbox/srv/pause__type_support.cpp.o[0m
[6.553s] [ 31%] [32mBuilding CXX object CMakeFiles/slam_toolbox__rosidl_typesupport_c.dir/rosidl_typesupport_c/slam_toolbox/srv/toggle_interactive__type_support.cpp.o[0m
[6.554s] [ 31%] [32mBuilding CXX object CMakeFiles/slam_toolbox__rosidl_typesupport_c.dir/rosidl_typesupport_c/slam_toolbox/srv/clear_queue__type_support.cpp.o[0m
[6.554s] [ 32%] [32mBuilding CXX object CMakeFiles/slam_toolbox__rosidl_typesupport_c.dir/rosidl_typesupport_c/slam_toolbox/srv/merge_maps__type_support.cpp.o[0m
[6.554s] [ 33%] [32mBuilding CXX object CMakeFiles/slam_toolbox__rosidl_typesupport_c.dir/rosidl_typesupport_c/slam_toolbox/srv/deserialize_pose_graph__type_support.cpp.o[0m
[6.554s] [ 34%] [32mBuilding CXX object CMakeFiles/slam_toolbox__rosidl_typesupport_c.dir/rosidl_typesupport_c/slam_toolbox/srv/serialize_pose_graph__type_support.cpp.o[0m
[6.555s] [ 35%] [32mBuilding CXX object CMakeFiles/slam_toolbox__rosidl_typesupport_c.dir/rosidl_typesupport_c/slam_toolbox/srv/save_map__type_support.cpp.o[0m
[6.563s] [ 36%] [32mBuilding CXX object CMakeFiles/slam_toolbox__rosidl_typesupport_cpp.dir/rosidl_typesupport_cpp/slam_toolbox/srv/toggle_interactive__type_support.cpp.o[0m
[6.563s] [ 36%] [32mBuilding CXX object CMakeFiles/slam_toolbox__rosidl_typesupport_cpp.dir/rosidl_typesupport_cpp/slam_toolbox/srv/clear_queue__type_support.cpp.o[0m
[6.563s] [ 37%] [32mBuilding CXX object CMakeFiles/slam_toolbox__rosidl_typesupport_cpp.dir/rosidl_typesupport_cpp/slam_toolbox/srv/save_map__type_support.cpp.o[0m
[6.564s] [ 38%] [32mBuilding CXX object CMakeFiles/slam_toolbox__rosidl_typesupport_cpp.dir/rosidl_typesupport_cpp/slam_toolbox/srv/clear__type_support.cpp.o[0m
[6.564s] [ 38%] [32mBuilding CXX object CMakeFiles/slam_toolbox__rosidl_typesupport_cpp.dir/rosidl_typesupport_cpp/slam_toolbox/srv/reset__type_support.cpp.o[0m
[6.564s] [ 38%] [32mBuilding CXX object CMakeFiles/slam_toolbox__rosidl_typesupport_cpp.dir/rosidl_typesupport_cpp/slam_toolbox/srv/pause__type_support.cpp.o[0m
[6.570s] [ 39%] [32mBuilding CXX object CMakeFiles/slam_toolbox__rosidl_typesupport_cpp.dir/rosidl_typesupport_cpp/slam_toolbox/srv/loop_closure__type_support.cpp.o[0m
[6.603s] [ 40%] [32mBuilding CXX object CMakeFiles/slam_toolbox__rosidl_typesupport_cpp.dir/rosidl_typesupport_cpp/slam_toolbox/srv/deserialize_pose_graph__type_support.cpp.o[0m
[6.604s] [ 40%] [32mBuilding CXX object CMakeFiles/slam_toolbox__rosidl_typesupport_cpp.dir/rosidl_typesupport_cpp/slam_toolbox/srv/merge_maps__type_support.cpp.o[0m
[6.604s] [ 40%] [32mBuilding CXX object CMakeFiles/slam_toolbox__rosidl_typesupport_cpp.dir/rosidl_typesupport_cpp/slam_toolbox/srv/serialize_pose_graph__type_support.cpp.o[0m
[6.605s] [ 41%] [32mBuilding CXX object CMakeFiles/slam_toolbox__rosidl_typesupport_cpp.dir/rosidl_typesupport_cpp/slam_toolbox/srv/add_submap__type_support.cpp.o[0m
[6.605s] [ 41%] [32m[1mLinking CXX shared library libslam_toolbox__rosidl_typesupport_c.so[0m
[6.648s] [ 41%] Built target slam_toolbox__rosidl_typesupport_c
[6.708s] [ 45%] [32mBuilding CXX object CMakeFiles/slam_toolbox__rosidl_typesupport_introspection_cpp.dir/rosidl_typesupport_introspection_cpp/slam_toolbox/srv/detail/clear__type_support.cpp.o[0m
[6.708s] [ 45%] [32mBuilding CXX object CMakeFiles/slam_toolbox__rosidl_typesupport_introspection_cpp.dir/rosidl_typesupport_introspection_cpp/slam_toolbox/srv/detail/toggle_interactive__type_support.cpp.o[0m
[6.708s] [ 45%] [32mBuilding CXX object CMakeFiles/slam_toolbox__rosidl_typesupport_introspection_cpp.dir/rosidl_typesupport_introspection_cpp/slam_toolbox/srv/detail/save_map__type_support.cpp.o[0m
[6.708s] [ 45%] [32mBuilding CXX object CMakeFiles/slam_toolbox__rosidl_typesupport_introspection_cpp.dir/rosidl_typesupport_introspection_cpp/slam_toolbox/srv/detail/loop_closure__type_support.cpp.o[0m
[6.708s] [ 45%] [32mBuilding CXX object CMakeFiles/slam_toolbox__rosidl_typesupport_introspection_cpp.dir/rosidl_typesupport_introspection_cpp/slam_toolbox/srv/detail/clear_queue__type_support.cpp.o[0m
[6.708s] [ 45%] [32mBuilding CXX object CMakeFiles/slam_toolbox__rosidl_typesupport_introspection_cpp.dir/rosidl_typesupport_introspection_cpp/slam_toolbox/srv/detail/pause__type_support.cpp.o[0m
[6.708s] [ 45%] [32mBuilding CXX object CMakeFiles/slam_toolbox__rosidl_typesupport_introspection_cpp.dir/rosidl_typesupport_introspection_cpp/slam_toolbox/srv/detail/reset__type_support.cpp.o[0m
[6.708s] [ 46%] [32mBuilding CXX object CMakeFiles/slam_toolbox__rosidl_typesupport_introspection_cpp.dir/rosidl_typesupport_introspection_cpp/slam_toolbox/srv/detail/merge_maps__type_support.cpp.o[0m
[6.956s] [ 46%] [32mBuilding CXX object CMakeFiles/slam_toolbox__rosidl_typesupport_introspection_cpp.dir/rosidl_typesupport_introspection_cpp/slam_toolbox/srv/detail/add_submap__type_support.cpp.o[0m
[6.956s] [ 47%] [32mBuilding CXX object CMakeFiles/slam_toolbox__rosidl_typesupport_introspection_cpp.dir/rosidl_typesupport_introspection_cpp/slam_toolbox/srv/detail/deserialize_pose_graph__type_support.cpp.o[0m
[6.995s] [ 48%] [32mBuilding CXX object CMakeFiles/slam_toolbox__rosidl_typesupport_introspection_cpp.dir/rosidl_typesupport_introspection_cpp/slam_toolbox/srv/detail/serialize_pose_graph__type_support.cpp.o[0m
[7.016s] [ 49%] [32mBuilding C object CMakeFiles/slam_toolbox__rosidl_typesupport_introspection_c.dir/rosidl_typesupport_introspection_c/slam_toolbox/srv/detail/clear_queue__type_support.c.o[0m
[7.017s] [ 49%] [32mBuilding C object CMakeFiles/slam_toolbox__rosidl_typesupport_introspection_c.dir/rosidl_typesupport_introspection_c/slam_toolbox/srv/detail/reset__type_support.c.o[0m
[7.018s] [ 49%] [32mBuilding C object CMakeFiles/slam_toolbox__rosidl_typesupport_introspection_c.dir/rosidl_typesupport_introspection_c/slam_toolbox/srv/detail/pause__type_support.c.o[0m
[7.047s] [ 50%] [32mBuilding C object CMakeFiles/slam_toolbox__rosidl_typesupport_introspection_c.dir/rosidl_typesupport_introspection_c/slam_toolbox/srv/detail/toggle_interactive__type_support.c.o[0m
[7.047s] [ 50%] [32mBuilding C object CMakeFiles/slam_toolbox__rosidl_typesupport_introspection_c.dir/rosidl_typesupport_introspection_c/slam_toolbox/srv/detail/clear__type_support.c.o[0m
[7.047s] [ 51%] [32mBuilding C object CMakeFiles/slam_toolbox__rosidl_typesupport_introspection_c.dir/rosidl_typesupport_introspection_c/slam_toolbox/srv/detail/save_map__type_support.c.o[0m
[7.051s] [ 52%] [32mBuilding C object CMakeFiles/slam_toolbox__rosidl_typesupport_introspection_c.dir/rosidl_typesupport_introspection_c/slam_toolbox/srv/detail/loop_closure__type_support.c.o[0m
[7.085s] [ 52%] [32mBuilding C object CMakeFiles/slam_toolbox__rosidl_typesupport_introspection_c.dir/rosidl_typesupport_introspection_c/slam_toolbox/srv/detail/merge_maps__type_support.c.o[0m
[7.085s] [ 53%] [32mBuilding C object CMakeFiles/slam_toolbox__rosidl_typesupport_introspection_c.dir/rosidl_typesupport_introspection_c/slam_toolbox/srv/detail/deserialize_pose_graph__type_support.c.o[0m
[7.085s] [ 53%] [32mBuilding C object CMakeFiles/slam_toolbox__rosidl_typesupport_introspection_c.dir/rosidl_typesupport_introspection_c/slam_toolbox/srv/detail/add_submap__type_support.c.o[0m
[7.112s] [ 54%] [32mBuilding C object CMakeFiles/slam_toolbox__rosidl_typesupport_introspection_c.dir/rosidl_typesupport_introspection_c/slam_toolbox/srv/detail/serialize_pose_graph__type_support.c.o[0m
[7.155s] [ 55%] [32m[1mLinking CXX shared library libslam_toolbox__rosidl_typesupport_cpp.so[0m
[7.156s] [ 56%] [32m[1mLinking C shared library libslam_toolbox__rosidl_typesupport_introspection_c.so[0m
[7.185s] [ 59%] [32mBuilding CXX object CMakeFiles/slam_toolbox__rosidl_typesupport_fastrtps_cpp.dir/rosidl_typesupport_fastrtps_cpp/slam_toolbox/srv/detail/dds_fastrtps/toggle_interactive__type_support.cpp.o[0m
[7.185s] [ 61%] [32mBuilding CXX object CMakeFiles/slam_toolbox__rosidl_typesupport_fastrtps_cpp.dir/rosidl_typesupport_fastrtps_cpp/slam_toolbox/srv/detail/dds_fastrtps/clear__type_support.cpp.o[0m
[7.186s] [ 60%] [32mBuilding CXX object CMakeFiles/slam_toolbox__rosidl_typesupport_fastrtps_cpp.dir/rosidl_typesupport_fastrtps_cpp/slam_toolbox/srv/detail/dds_fastrtps/pause__type_support.cpp.o[0m
[7.186s] [ 61%] [32mBuilding CXX object CMakeFiles/slam_toolbox__rosidl_typesupport_fastrtps_cpp.dir/rosidl_typesupport_fastrtps_cpp/slam_toolbox/srv/detail/dds_fastrtps/save_map__type_support.cpp.o[0m
[7.186s] [ 61%] [32mBuilding CXX object CMakeFiles/slam_toolbox__rosidl_typesupport_fastrtps_cpp.dir/rosidl_typesupport_fastrtps_cpp/slam_toolbox/srv/detail/dds_fastrtps/add_submap__type_support.cpp.o[0m
[7.186s] [ 59%] [32mBuilding CXX object CMakeFiles/slam_toolbox__rosidl_typesupport_fastrtps_cpp.dir/rosidl_typesupport_fastrtps_cpp/slam_toolbox/srv/detail/dds_fastrtps/merge_maps__type_support.cpp.o[0m
[7.186s] [ 59%] [32mBuilding CXX object CMakeFiles/slam_toolbox__rosidl_typesupport_fastrtps_cpp.dir/rosidl_typesupport_fastrtps_cpp/slam_toolbox/srv/detail/dds_fastrtps/loop_closure__type_support.cpp.o[0m
[7.186s] [ 59%] [32mBuilding CXX object CMakeFiles/slam_toolbox__rosidl_typesupport_fastrtps_cpp.dir/rosidl_typesupport_fastrtps_cpp/slam_toolbox/srv/detail/dds_fastrtps/reset__type_support.cpp.o[0m
[7.186s] [ 59%] [32mBuilding CXX object CMakeFiles/slam_toolbox__rosidl_typesupport_fastrtps_cpp.dir/rosidl_typesupport_fastrtps_cpp/slam_toolbox/srv/detail/dds_fastrtps/clear_queue__type_support.cpp.o[0m
[7.191s] [ 61%] Built target slam_toolbox__rosidl_typesupport_introspection_c
[7.195s] [ 62%] [32mBuilding CXX object CMakeFiles/slam_toolbox__rosidl_typesupport_fastrtps_cpp.dir/rosidl_typesupport_fastrtps_cpp/slam_toolbox/srv/detail/dds_fastrtps/deserialize_pose_graph__type_support.cpp.o[0m
[7.200s] [ 62%] [32mBuilding CXX object CMakeFiles/slam_toolbox__rosidl_typesupport_fastrtps_cpp.dir/rosidl_typesupport_fastrtps_cpp/slam_toolbox/srv/detail/dds_fastrtps/serialize_pose_graph__type_support.cpp.o[0m
[7.243s] [ 62%] Built target slam_toolbox__rosidl_typesupport_cpp
[7.257s] [ 62%] [34m[1mGenerating rviz_plugin/moc_slam_toolbox_rviz_plugin.cpp[0m
[7.283s] [ 63%] [32mBuilding CXX object CMakeFiles/SlamToolboxPlugin.dir/rviz_plugin/moc_slam_toolbox_rviz_plugin.cpp.o[0m
[7.283s] [ 63%] [32mBuilding CXX object CMakeFiles/SlamToolboxPlugin.dir/rviz_plugin/slam_toolbox_rviz_plugin.cpp.o[0m
[7.288s] [ 66%] [32mBuilding CXX object CMakeFiles/slam_toolbox__rosidl_typesupport_fastrtps_c.dir/rosidl_typesupport_fastrtps_c/slam_toolbox/srv/detail/clear_queue__type_support_c.cpp.o[0m
[7.288s] [ 66%] [32mBuilding CXX object CMakeFiles/slam_toolbox__rosidl_typesupport_fastrtps_c.dir/rosidl_typesupport_fastrtps_c/slam_toolbox/srv/detail/clear__type_support_c.cpp.o[0m
[7.288s] [ 66%] [32mBuilding CXX object CMakeFiles/slam_toolbox__rosidl_typesupport_fastrtps_c.dir/rosidl_typesupport_fastrtps_c/slam_toolbox/srv/detail/reset__type_support_c.cpp.o[0m
[7.288s] [ 66%] [32mBuilding CXX object CMakeFiles/slam_toolbox__rosidl_typesupport_fastrtps_c.dir/rosidl_typesupport_fastrtps_c/slam_toolbox/srv/detail/pause__type_support_c.cpp.o[0m
[7.288s] [ 66%] [32mBuilding CXX object CMakeFiles/slam_toolbox__rosidl_typesupport_fastrtps_c.dir/rosidl_typesupport_fastrtps_c/slam_toolbox/srv/detail/toggle_interactive__type_support_c.cpp.o[0m
[7.318s] [ 67%] [32mBuilding CXX object CMakeFiles/slam_toolbox__rosidl_typesupport_fastrtps_c.dir/rosidl_typesupport_fastrtps_c/slam_toolbox/srv/detail/save_map__type_support_c.cpp.o[0m
[7.461s] [ 67%] [32mBuilding CXX object CMakeFiles/slam_toolbox__rosidl_typesupport_fastrtps_c.dir/rosidl_typesupport_fastrtps_c/slam_toolbox/srv/detail/loop_closure__type_support_c.cpp.o[0m
[7.491s] [ 68%] [32mBuilding CXX object CMakeFiles/slam_toolbox__rosidl_typesupport_fastrtps_c.dir/rosidl_typesupport_fastrtps_c/slam_toolbox/srv/detail/merge_maps__type_support_c.cpp.o[0m
[7.553s] [ 68%] [32m[1mLinking CXX shared library libslam_toolbox__rosidl_typesupport_introspection_cpp.so[0m
[7.642s] [ 68%] Built target slam_toolbox__rosidl_typesupport_introspection_cpp
[7.653s] [ 69%] [32mBuilding CXX object CMakeFiles/slam_toolbox__rosidl_typesupport_fastrtps_c.dir/rosidl_typesupport_fastrtps_c/slam_toolbox/srv/detail/add_submap__type_support_c.cpp.o[0m
[7.836s] [ 69%] [32mBuilding CXX object CMakeFiles/slam_toolbox__rosidl_typesupport_fastrtps_c.dir/rosidl_typesupport_fastrtps_c/slam_toolbox/srv/detail/deserialize_pose_graph__type_support_c.cpp.o[0m
[7.843s] [ 70%] [32mBuilding CXX object CMakeFiles/slam_toolbox__rosidl_typesupport_fastrtps_c.dir/rosidl_typesupport_fastrtps_c/slam_toolbox/srv/detail/serialize_pose_graph__type_support_c.cpp.o[0m
[7.974s] [ 71%] [32m[1mLinking CXX shared library libslam_toolbox__rosidl_typesupport_fastrtps_cpp.so[0m
[8.034s] [ 71%] Built target slam_toolbox__rosidl_typesupport_fastrtps_cpp
[8.197s] [ 71%] [32m[1mLinking CXX shared library libslam_toolbox__rosidl_typesupport_fastrtps_c.so[0m
[8.249s] [ 71%] Built target slam_toolbox__rosidl_typesupport_fastrtps_c
[8.268s] [ 71%] Built target slam_toolbox
[8.283s] [ 71%] [34m[1mGenerating Python code for ROS interfaces[0m
[9.224s] [ 71%] Built target slam_toolbox__py
[9.239s] [ 73%] [32mBuilding C object CMakeFiles/slam_toolbox__rosidl_generator_py.dir/rosidl_generator_py/slam_toolbox/srv/_loop_closure_s.c.o[0m
[9.239s] [ 73%] [32mBuilding C object CMakeFiles/slam_toolbox__rosidl_generator_py.dir/rosidl_generator_py/slam_toolbox/srv/_clear_s.c.o[0m
[9.239s] [ 73%] [32mBuilding C object CMakeFiles/slam_toolbox__rosidl_generator_py.dir/rosidl_generator_py/slam_toolbox/srv/_save_map_s.c.o[0m
[9.240s] [ 74%] [32mBuilding C object CMakeFiles/slam_toolbox__rosidl_generator_py.dir/rosidl_generator_py/slam_toolbox/srv/_merge_maps_s.c.o[0m
[9.240s] [ 74%] [32mBuilding C object CMakeFiles/slam_toolbox__rosidl_generator_py.dir/rosidl_generator_py/slam_toolbox/srv/_reset_s.c.o[0m
[9.240s] [ 75%] [32mBuilding C object CMakeFiles/slam_toolbox__rosidl_generator_py.dir/rosidl_generator_py/slam_toolbox/srv/_pause_s.c.o[0m
[9.241s] [ 75%] [32mBuilding C object CMakeFiles/slam_toolbox__rosidl_generator_py.dir/rosidl_generator_py/slam_toolbox/srv/_toggle_interactive_s.c.o[0m
[9.241s] [ 76%] [32mBuilding C object CMakeFiles/slam_toolbox__rosidl_generator_py.dir/rosidl_generator_py/slam_toolbox/srv/_clear_queue_s.c.o[0m
[9.241s] [ 76%] [32mBuilding C object CMakeFiles/slam_toolbox__rosidl_generator_py.dir/rosidl_generator_py/slam_toolbox/srv/_serialize_pose_graph_s.c.o[0m
[9.241s] [ 76%] [32mBuilding C object CMakeFiles/slam_toolbox__rosidl_generator_py.dir/rosidl_generator_py/slam_toolbox/srv/_add_submap_s.c.o[0m
[9.242s] [ 77%] [32mBuilding C object CMakeFiles/slam_toolbox__rosidl_generator_py.dir/rosidl_generator_py/slam_toolbox/srv/_deserialize_pose_graph_s.c.o[0m
[9.427s] [ 78%] [32m[1mLinking C shared library libslam_toolbox__rosidl_generator_py.so[0m
[9.468s] [ 78%] Built target slam_toolbox__rosidl_generator_py
[9.484s] [ 79%] [32mBuilding C object CMakeFiles/slam_toolbox_s__rosidl_typesupport_fastrtps_c.dir/rosidl_generator_py/slam_toolbox/_slam_toolbox_s.ep.rosidl_typesupport_fastrtps_c.c.o[0m
[9.485s] [ 80%] [32mBuilding C object CMakeFiles/slam_toolbox_s__rosidl_typesupport_c.dir/rosidl_generator_py/slam_toolbox/_slam_toolbox_s.ep.rosidl_typesupport_c.c.o[0m
[9.485s] [ 81%] [32mBuilding C object CMakeFiles/slam_toolbox_s__rosidl_typesupport_introspection_c.dir/rosidl_generator_py/slam_toolbox/_slam_toolbox_s.ep.rosidl_typesupport_introspection_c.c.o[0m
[9.758s] [ 82%] [32m[1mLinking C shared module rosidl_generator_py/slam_toolbox/slam_toolbox_s__rosidl_typesupport_introspection_c.so[0m
[9.765s] [ 82%] [32m[1mLinking C shared module rosidl_generator_py/slam_toolbox/slam_toolbox_s__rosidl_typesupport_c.so[0m
[9.765s] [ 82%] [32m[1mLinking C shared module rosidl_generator_py/slam_toolbox/slam_toolbox_s__rosidl_typesupport_fastrtps_c.so[0m
[9.785s] [ 82%] Built target slam_toolbox_s__rosidl_typesupport_introspection_c
[9.795s] [ 82%] Built target slam_toolbox_s__rosidl_typesupport_c
[9.796s] [ 82%] Built target slam_toolbox_s__rosidl_typesupport_fastrtps_c
[15.929s] [ 82%] [32m[1mLinking CXX shared library libkartoSlamToolbox.so[0m
[16.074s] [ 82%] Built target kartoSlamToolbox
[16.089s] [ 83%] [32mBuilding CXX object CMakeFiles/toolbox_common.dir/src/slam_toolbox_common.cpp.o[0m
[16.089s] [ 83%] [32mBuilding CXX object CMakeFiles/toolbox_common.dir/src/laser_utils.cpp.o[0m
[16.089s] [ 84%] [32mBuilding CXX object CMakeFiles/ceres_solver_plugin.dir/solvers/ceres_solver.cpp.o[0m
[16.090s] [ 84%] [32mBuilding CXX object CMakeFiles/toolbox_common.dir/src/map_saver.cpp.o[0m
[16.091s] [ 85%] [32mBuilding CXX object CMakeFiles/toolbox_common.dir/src/loop_closure_assistant.cpp.o[0m
[16.091s] [ 86%] [32mBuilding CXX object CMakeFiles/toolbox_common.dir/src/slam_mapper.cpp.o[0m
[19.428s] [ 87%] [32m[1mLinking CXX shared library libSlamToolboxPlugin.so[0m
[20.164s] [ 87%] Built target SlamToolboxPlugin
[24.639s] [ 87%] [32m[1mLinking CXX shared library libceres_solver_plugin.so[0m
[24.860s] [ 87%] Built target ceres_solver_plugin
[36.411s] [ 88%] [32m[1mLinking CXX shared library libtoolbox_common.so[0m
[36.732s] [ 88%] Built target toolbox_common
[36.748s] [ 89%] [32mBuilding CXX object CMakeFiles/localization_slam_toolbox.dir/src/slam_toolbox_localization.cpp.o[0m
[36.751s] [ 89%] [32mBuilding CXX object CMakeFiles/async_slam_toolbox.dir/src/slam_toolbox_async.cpp.o[0m
[36.752s] [ 89%] [32mBuilding CXX object CMakeFiles/sync_slam_toolbox.dir/src/slam_toolbox_sync.cpp.o[0m
[36.752s] [ 90%] [32mBuilding CXX object CMakeFiles/merge_maps_kinematic.dir/src/merge_maps_kinematic.cpp.o[0m
[36.752s] [ 91%] [32mBuilding CXX object CMakeFiles/lifelong_slam_toolbox.dir/src/experimental/slam_toolbox_lifelong.cpp.o[0m
[44.387s] [ 92%] [32m[1mLinking CXX shared library libasync_slam_toolbox.so[0m
[44.651s] [ 92%] Built target async_slam_toolbox
[44.667s] [ 93%] [32mBuilding CXX object CMakeFiles/async_slam_toolbox_node.dir/src/slam_toolbox_async_node.cpp.o[0m
[44.707s] [ 93%] [32m[1mLinking CXX shared library liblifelong_slam_toolbox.so[0m
[44.973s] [ 93%] Built target lifelong_slam_toolbox
[44.992s] [ 94%] [32mBuilding CXX object CMakeFiles/lifelong_slam_toolbox_node.dir/src/experimental/slam_toolbox_lifelong_node.cpp.o[0m
[45.119s] [ 95%] [32m[1mLinking CXX shared library libsync_slam_toolbox.so[0m
[45.383s] [ 95%] Built target sync_slam_toolbox
[45.401s] [ 95%] [32mBuilding CXX object CMakeFiles/sync_slam_toolbox_node.dir/src/slam_toolbox_sync_node.cpp.o[0m
[47.265s] [ 95%] [32m[1mLinking CXX executable merge_maps_kinematic[0m
[47.559s] [ 95%] Built target merge_maps_kinematic
[48.971s] [ 96%] [32m[1mLinking CXX shared library liblocalization_slam_toolbox.so[0m
[49.253s] [ 96%] Built target localization_slam_toolbox
[49.269s] [ 96%] [32mBuilding CXX object CMakeFiles/localization_slam_toolbox_node.dir/src/slam_toolbox_localization_node.cpp.o[0m
[49.269s] [ 96%] [32mBuilding CXX object CMakeFiles/map_and_localization_slam_toolbox.dir/src/experimental/slam_toolbox_map_and_localization.cpp.o[0m
[51.944s] [ 96%] [32m[1mLinking CXX executable async_slam_toolbox_node[0m
[52.169s] [ 96%] Built target async_slam_toolbox_node
[52.285s] [ 96%] [32m[1mLinking CXX executable lifelong_slam_toolbox_node[0m
[52.507s] [ 96%] Built target lifelong_slam_toolbox_node
[52.677s] [ 97%] [32m[1mLinking CXX executable sync_slam_toolbox_node[0m
[52.874s] [ 97%] Built target sync_slam_toolbox_node
[56.264s] [ 98%] [32m[1mLinking CXX executable localization_slam_toolbox_node[0m
[56.479s] [ 98%] Built target localization_slam_toolbox_node
[60.825s] [ 99%] [32m[1mLinking CXX shared library libmap_and_localization_slam_toolbox.so[0m
[61.082s] [ 99%] Built target map_and_localization_slam_toolbox
[61.100s] [100%] [32mBuilding CXX object CMakeFiles/map_and_localization_slam_toolbox_node.dir/src/experimental/slam_toolbox_map_and_localization_node.cpp.o[0m
[67.577s] [100%] [32m[1mLinking CXX executable map_and_localization_slam_toolbox_node[0m
[67.792s] [100%] Built target map_and_localization_slam_toolbox_node
[67.803s] Invoked command in '/home/xybxy123/w_work/ros2_ws/build/slam_toolbox' returned '0': CMAKE_PREFIX_PATH=${CMAKE_PREFIX_PATH}:/opt/ros/jazzy DEBUGINFOD_URLS=https://debuginfod.ubuntu.com /usr/bin/cmake --build /home/xybxy123/w_work/ros2_ws/build/slam_toolbox -- -j24 -l24
[67.812s] Invoking command in '/home/xybxy123/w_work/ros2_ws/build/slam_toolbox': CMAKE_PREFIX_PATH=${CMAKE_PREFIX_PATH}:/opt/ros/jazzy DEBUGINFOD_URLS=https://debuginfod.ubuntu.com /usr/bin/cmake --install /home/xybxy123/w_work/ros2_ws/build/slam_toolbox
[67.817s] -- Install configuration: "Release"
[67.817s] -- Execute custom install script
[67.817s] -- Symlinking: /home/xybxy123/w_work/ros2_ws/install/slam_toolbox/include//karto_sdk/Karto.h
[67.826s] -- Symlinking: /home/xybxy123/w_work/ros2_ws/install/slam_toolbox/include//karto_sdk/Macros.h
[67.833s] -- Symlinking: /home/xybxy123/w_work/ros2_ws/install/slam_toolbox/include//karto_sdk/Mapper.h
[67.842s] -- Symlinking: /home/xybxy123/w_work/ros2_ws/install/slam_toolbox/include//karto_sdk/Math.h
[67.848s] -- Symlinking: /home/xybxy123/w_work/ros2_ws/install/slam_toolbox/include//karto_sdk/Types.h
[67.853s] -- Symlinking: /home/xybxy123/w_work/ros2_ws/install/slam_toolbox/include//karto_sdk/nanoflann.hpp
[67.858s] -- Symlinking: /home/xybxy123/w_work/ros2_ws/install/slam_toolbox/include//karto_sdk/nanoflann_adaptors.h
[67.863s] -- Symlinking: /home/xybxy123/w_work/ros2_ws/install/slam_toolbox/share/ament_index/resource_index/rosidl_interfaces/slam_toolbox
[67.871s] -- Symlinking: /home/xybxy123/w_work/ros2_ws/install/slam_toolbox/share/slam_toolbox/srv/Pause.json
[67.878s] -- Symlinking: /home/xybxy123/w_work/ros2_ws/install/slam_toolbox/share/slam_toolbox/srv/Reset.json
[67.884s] -- Symlinking: /home/xybxy123/w_work/ros2_ws/install/slam_toolbox/share/slam_toolbox/srv/ClearQueue.json
[67.891s] -- Symlinking: /home/xybxy123/w_work/ros2_ws/install/slam_toolbox/share/slam_toolbox/srv/ToggleInteractive.json
[67.896s] -- Symlinking: /home/xybxy123/w_work/ros2_ws/install/slam_toolbox/share/slam_toolbox/srv/Clear.json
[67.904s] -- Symlinking: /home/xybxy123/w_work/ros2_ws/install/slam_toolbox/share/slam_toolbox/srv/SaveMap.json
[67.910s] -- Symlinking: /home/xybxy123/w_work/ros2_ws/install/slam_toolbox/share/slam_toolbox/srv/LoopClosure.json
[67.916s] -- Symlinking: /home/xybxy123/w_work/ros2_ws/install/slam_toolbox/share/slam_toolbox/srv/MergeMaps.json
[67.928s] -- Symlinking: /home/xybxy123/w_work/ros2_ws/install/slam_toolbox/share/slam_toolbox/srv/AddSubmap.json
[67.938s] -- Symlinking: /home/xybxy123/w_work/ros2_ws/install/slam_toolbox/share/slam_toolbox/srv/DeserializePoseGraph.json
[67.949s] -- Symlinking: /home/xybxy123/w_work/ros2_ws/install/slam_toolbox/share/slam_toolbox/srv/SerializePoseGraph.json
[67.960s] -- Symlinking: /home/xybxy123/w_work/ros2_ws/install/slam_toolbox/include/slam_toolbox/slam_toolbox/msg/rosidl_generator_c__visibility_control.h
[67.969s] -- Symlinking: /home/xybxy123/w_work/ros2_ws/install/slam_toolbox/include/slam_toolbox/slam_toolbox/srv/add_submap.h
[67.978s] -- Symlinking: /home/xybxy123/w_work/ros2_ws/install/slam_toolbox/include/slam_toolbox/slam_toolbox/srv/clear.h
[67.988s] -- Symlinking: /home/xybxy123/w_work/ros2_ws/install/slam_toolbox/include/slam_toolbox/slam_toolbox/srv/clear_queue.h
[67.996s] -- Symlinking: /home/xybxy123/w_work/ros2_ws/install/slam_toolbox/include/slam_toolbox/slam_toolbox/srv/deserialize_pose_graph.h
[68.009s] -- Symlinking: /home/xybxy123/w_work/ros2_ws/install/slam_toolbox/include/slam_toolbox/slam_toolbox/srv/detail/add_submap__functions.h
[68.020s] -- Symlinking: /home/xybxy123/w_work/ros2_ws/install/slam_toolbox/include/slam_toolbox/slam_toolbox/srv/detail/add_submap__struct.h
[68.030s] -- Symlinking: /home/xybxy123/w_work/ros2_ws/install/slam_toolbox/include/slam_toolbox/slam_toolbox/srv/detail/add_submap__type_support.h
[68.040s] -- Symlinking: /home/xybxy123/w_work/ros2_ws/install/slam_toolbox/include/slam_toolbox/slam_toolbox/srv/detail/clear__functions.h
[68.050s] -- Symlinking: /home/xybxy123/w_work/ros2_ws/install/slam_toolbox/include/slam_toolbox/slam_toolbox/srv/detail/clear__struct.h
[68.060s] -- Symlinking: /home/xybxy123/w_work/ros2_ws/install/slam_toolbox/include/slam_toolbox/slam_toolbox/srv/detail/clear__type_support.h
[68.069s] -- Symlinking: /home/xybxy123/w_work/ros2_ws/install/slam_toolbox/include/slam_toolbox/slam_toolbox/srv/detail/clear_queue__functions.h
[68.081s] -- Symlinking: /home/xybxy123/w_work/ros2_ws/install/slam_toolbox/include/slam_toolbox/slam_toolbox/srv/detail/clear_queue__struct.h
[68.091s] -- Symlinking: /home/xybxy123/w_work/ros2_ws/install/slam_toolbox/include/slam_toolbox/slam_toolbox/srv/detail/clear_queue__type_support.h
[68.102s] -- Symlinking: /home/xybxy123/w_work/ros2_ws/install/slam_toolbox/include/slam_toolbox/slam_toolbox/srv/detail/deserialize_pose_graph__functions.h
[68.113s] -- Symlinking: /home/xybxy123/w_work/ros2_ws/install/slam_toolbox/include/slam_toolbox/slam_toolbox/srv/detail/deserialize_pose_graph__struct.h
[68.123s] -- Symlinking: /home/xybxy123/w_work/ros2_ws/install/slam_toolbox/include/slam_toolbox/slam_toolbox/srv/detail/deserialize_pose_graph__type_support.h
[68.132s] -- Symlinking: /home/xybxy123/w_work/ros2_ws/install/slam_toolbox/include/slam_toolbox/slam_toolbox/srv/detail/loop_closure__functions.h
[68.141s] -- Symlinking: /home/xybxy123/w_work/ros2_ws/install/slam_toolbox/include/slam_toolbox/slam_toolbox/srv/detail/loop_closure__struct.h
[68.151s] -- Symlinking: /home/xybxy123/w_work/ros2_ws/install/slam_toolbox/include/slam_toolbox/slam_toolbox/srv/detail/loop_closure__type_support.h
[68.161s] -- Symlinking: /home/xybxy123/w_work/ros2_ws/install/slam_toolbox/include/slam_toolbox/slam_toolbox/srv/detail/merge_maps__functions.h
[68.170s] -- Symlinking: /home/xybxy123/w_work/ros2_ws/install/slam_toolbox/include/slam_toolbox/slam_toolbox/srv/detail/merge_maps__struct.h
[68.177s] -- Symlinking: /home/xybxy123/w_work/ros2_ws/install/slam_toolbox/include/slam_toolbox/slam_toolbox/srv/detail/merge_maps__type_support.h
[68.184s] -- Symlinking: /home/xybxy123/w_work/ros2_ws/install/slam_toolbox/include/slam_toolbox/slam_toolbox/srv/detail/pause__functions.h
[68.191s] -- Symlinking: /home/xybxy123/w_work/ros2_ws/install/slam_toolbox/include/slam_toolbox/slam_toolbox/srv/detail/pause__struct.h
[68.202s] -- Symlinking: /home/xybxy123/w_work/ros2_ws/install/slam_toolbox/include/slam_toolbox/slam_toolbox/srv/detail/pause__type_support.h
[68.213s] -- Symlinking: /home/xybxy123/w_work/ros2_ws/install/slam_toolbox/include/slam_toolbox/slam_toolbox/srv/detail/reset__functions.h
[68.223s] -- Symlinking: /home/xybxy123/w_work/ros2_ws/install/slam_toolbox/include/slam_toolbox/slam_toolbox/srv/detail/reset__struct.h
[68.234s] -- Symlinking: /home/xybxy123/w_work/ros2_ws/install/slam_toolbox/include/slam_toolbox/slam_toolbox/srv/detail/reset__type_support.h
[68.242s] -- Symlinking: /home/xybxy123/w_work/ros2_ws/install/slam_toolbox/include/slam_toolbox/slam_toolbox/srv/detail/save_map__functions.h
[68.251s] -- Symlinking: /home/xybxy123/w_work/ros2_ws/install/slam_toolbox/include/slam_toolbox/slam_toolbox/srv/detail/save_map__struct.h
[68.260s] -- Symlinking: /home/xybxy123/w_work/ros2_ws/install/slam_toolbox/include/slam_toolbox/slam_toolbox/srv/detail/save_map__type_support.h
[68.270s] -- Symlinking: /home/xybxy123/w_work/ros2_ws/install/slam_toolbox/include/slam_toolbox/slam_toolbox/srv/detail/serialize_pose_graph__functions.h
[68.278s] -- Symlinking: /home/xybxy123/w_work/ros2_ws/install/slam_toolbox/include/slam_toolbox/slam_toolbox/srv/detail/serialize_pose_graph__struct.h
[68.284s] -- Symlinking: /home/xybxy123/w_work/ros2_ws/install/slam_toolbox/include/slam_toolbox/slam_toolbox/srv/detail/serialize_pose_graph__type_support.h
[68.290s] -- Symlinking: /home/xybxy123/w_work/ros2_ws/install/slam_toolbox/include/slam_toolbox/slam_toolbox/srv/detail/toggle_interactive__functions.h
[68.299s] -- Symlinking: /home/xybxy123/w_work/ros2_ws/install/slam_toolbox/include/slam_toolbox/slam_toolbox/srv/detail/toggle_interactive__struct.h
[68.310s] -- Symlinking: /home/xybxy123/w_work/ros2_ws/install/slam_toolbox/include/slam_toolbox/slam_toolbox/srv/detail/toggle_interactive__type_support.h
[68.316s] -- Symlinking: /home/xybxy123/w_work/ros2_ws/install/slam_toolbox/include/slam_toolbox/slam_toolbox/srv/loop_closure.h
[68.324s] -- Symlinking: /home/xybxy123/w_work/ros2_ws/install/slam_toolbox/include/slam_toolbox/slam_toolbox/srv/merge_maps.h
[68.333s] -- Symlinking: /home/xybxy123/w_work/ros2_ws/install/slam_toolbox/include/slam_toolbox/slam_toolbox/srv/pause.h
[68.339s] -- Symlinking: /home/xybxy123/w_work/ros2_ws/install/slam_toolbox/include/slam_toolbox/slam_toolbox/srv/reset.h
[68.346s] -- Symlinking: /home/xybxy123/w_work/ros2_ws/install/slam_toolbox/include/slam_toolbox/slam_toolbox/srv/save_map.h
[68.355s] -- Symlinking: /home/xybxy123/w_work/ros2_ws/install/slam_toolbox/include/slam_toolbox/slam_toolbox/srv/serialize_pose_graph.h
[68.360s] -- Symlinking: /home/xybxy123/w_work/ros2_ws/install/slam_toolbox/include/slam_toolbox/slam_toolbox/srv/toggle_interactive.h
[68.367s] -- Symlinking: /home/xybxy123/w_work/ros2_ws/install/slam_toolbox/share/slam_toolbox/environment/library_path.sh
[68.376s] -- Symlinking: /home/xybxy123/w_work/ros2_ws/install/slam_toolbox/share/slam_toolbox/environment/library_path.dsv
[68.385s] -- Symlinking: /home/xybxy123/w_work/ros2_ws/install/slam_toolbox/include/slam_toolbox/slam_toolbox/msg/rosidl_typesupport_fastrtps_c__visibility_control.h
[68.395s] -- Symlinking: /home/xybxy123/w_work/ros2_ws/install/slam_toolbox/include/slam_toolbox/slam_toolbox/srv/detail/add_submap__rosidl_typesupport_fastrtps_c.h
[68.405s] -- Symlinking: /home/xybxy123/w_work/ros2_ws/install/slam_toolbox/include/slam_toolbox/slam_toolbox/srv/detail/clear__rosidl_typesupport_fastrtps_c.h
[68.413s] -- Symlinking: /home/xybxy123/w_work/ros2_ws/install/slam_toolbox/include/slam_toolbox/slam_toolbox/srv/detail/clear_queue__rosidl_typesupport_fastrtps_c.h
[68.420s] -- Symlinking: /home/xybxy123/w_work/ros2_ws/install/slam_toolbox/include/slam_toolbox/slam_toolbox/srv/detail/deserialize_pose_graph__rosidl_typesupport_fastrtps_c.h
[68.429s] -- Symlinking: /home/xybxy123/w_work/ros2_ws/install/slam_toolbox/include/slam_toolbox/slam_toolbox/srv/detail/loop_closure__rosidl_typesupport_fastrtps_c.h
[68.438s] -- Symlinking: /home/xybxy123/w_work/ros2_ws/install/slam_toolbox/include/slam_toolbox/slam_toolbox/srv/detail/merge_maps__rosidl_typesupport_fastrtps_c.h
[68.447s] -- Symlinking: /home/xybxy123/w_work/ros2_ws/install/slam_toolbox/include/slam_toolbox/slam_toolbox/srv/detail/pause__rosidl_typesupport_fastrtps_c.h
[68.457s] -- Symlinking: /home/xybxy123/w_work/ros2_ws/install/slam_toolbox/include/slam_toolbox/slam_toolbox/srv/detail/reset__rosidl_typesupport_fastrtps_c.h
[68.465s] -- Symlinking: /home/xybxy123/w_work/ros2_ws/install/slam_toolbox/include/slam_toolbox/slam_toolbox/srv/detail/save_map__rosidl_typesupport_fastrtps_c.h
[68.474s] -- Symlinking: /home/xybxy123/w_work/ros2_ws/install/slam_toolbox/include/slam_toolbox/slam_toolbox/srv/detail/serialize_pose_graph__rosidl_typesupport_fastrtps_c.h
[68.484s] -- Symlinking: /home/xybxy123/w_work/ros2_ws/install/slam_toolbox/include/slam_toolbox/slam_toolbox/srv/detail/toggle_interactive__rosidl_typesupport_fastrtps_c.h
[68.496s] -- Symlinking: /home/xybxy123/w_work/ros2_ws/install/slam_toolbox/include/slam_toolbox/slam_toolbox/msg/rosidl_generator_cpp__visibility_control.hpp
[68.505s] -- Symlinking: /home/xybxy123/w_work/ros2_ws/install/slam_toolbox/include/slam_toolbox/slam_toolbox/srv/add_submap.hpp
[68.515s] -- Symlinking: /home/xybxy123/w_work/ros2_ws/install/slam_toolbox/include/slam_toolbox/slam_toolbox/srv/clear.hpp
[68.526s] -- Symlinking: /home/xybxy123/w_work/ros2_ws/install/slam_toolbox/include/slam_toolbox/slam_toolbox/srv/clear_queue.hpp
[68.534s] -- Symlinking: /home/xybxy123/w_work/ros2_ws/install/slam_toolbox/include/slam_toolbox/slam_toolbox/srv/deserialize_pose_graph.hpp
[68.544s] -- Symlinking: /home/xybxy123/w_work/ros2_ws/install/slam_toolbox/include/slam_toolbox/slam_toolbox/srv/detail/add_submap__builder.hpp
[68.555s] -- Symlinking: /home/xybxy123/w_work/ros2_ws/install/slam_toolbox/include/slam_toolbox/slam_toolbox/srv/detail/add_submap__struct.hpp
[68.565s] -- Symlinking: /home/xybxy123/w_work/ros2_ws/install/slam_toolbox/include/slam_toolbox/slam_toolbox/srv/detail/add_submap__traits.hpp
[68.576s] -- Symlinking: /home/xybxy123/w_work/ros2_ws/install/slam_toolbox/include/slam_toolbox/slam_toolbox/srv/detail/add_submap__type_support.hpp
[68.583s] -- Symlinking: /home/xybxy123/w_work/ros2_ws/install/slam_toolbox/include/slam_toolbox/slam_toolbox/srv/detail/clear__builder.hpp
[68.592s] -- Symlinking: /home/xybxy123/w_work/ros2_ws/install/slam_toolbox/include/slam_toolbox/slam_toolbox/srv/detail/clear__struct.hpp
[68.602s] -- Symlinking: /home/xybxy123/w_work/ros2_ws/install/slam_toolbox/include/slam_toolbox/slam_toolbox/srv/detail/clear__traits.hpp
[68.612s] -- Symlinking: /home/xybxy123/w_work/ros2_ws/install/slam_toolbox/include/slam_toolbox/slam_toolbox/srv/detail/clear__type_support.hpp
[68.619s] -- Symlinking: /home/xybxy123/w_work/ros2_ws/install/slam_toolbox/include/slam_toolbox/slam_toolbox/srv/detail/clear_queue__builder.hpp
[68.627s] -- Symlinking: /home/xybxy123/w_work/ros2_ws/install/slam_toolbox/include/slam_toolbox/slam_toolbox/srv/detail/clear_queue__struct.hpp
[68.637s] -- Symlinking: /home/xybxy123/w_work/ros2_ws/install/slam_toolbox/include/slam_toolbox/slam_toolbox/srv/detail/clear_queue__traits.hpp
[68.646s] -- Symlinking: /home/xybxy123/w_work/ros2_ws/install/slam_toolbox/include/slam_toolbox/slam_toolbox/srv/detail/clear_queue__type_support.hpp
[68.656s] -- Symlinking: /home/xybxy123/w_work/ros2_ws/install/slam_toolbox/include/slam_toolbox/slam_toolbox/srv/detail/deserialize_pose_graph__builder.hpp
[68.665s] -- Symlinking: /home/xybxy123/w_work/ros2_ws/install/slam_toolbox/include/slam_toolbox/slam_toolbox/srv/detail/deserialize_pose_graph__struct.hpp
[68.672s] -- Symlinking: /home/xybxy123/w_work/ros2_ws/install/slam_toolbox/include/slam_toolbox/slam_toolbox/srv/detail/deserialize_pose_graph__traits.hpp
[68.680s] -- Symlinking: /home/xybxy123/w_work/ros2_ws/install/slam_toolbox/include/slam_toolbox/slam_toolbox/srv/detail/deserialize_pose_graph__type_support.hpp
[68.689s] -- Symlinking: /home/xybxy123/w_work/ros2_ws/install/slam_toolbox/include/slam_toolbox/slam_toolbox/srv/detail/loop_closure__builder.hpp
[68.697s] -- Symlinking: /home/xybxy123/w_work/ros2_ws/install/slam_toolbox/include/slam_toolbox/slam_toolbox/srv/detail/loop_closure__struct.hpp
[68.708s] -- Symlinking: /home/xybxy123/w_work/ros2_ws/install/slam_toolbox/include/slam_toolbox/slam_toolbox/srv/detail/loop_closure__traits.hpp
[68.717s] -- Symlinking: /home/xybxy123/w_work/ros2_ws/install/slam_toolbox/include/slam_toolbox/slam_toolbox/srv/detail/loop_closure__type_support.hpp
[68.728s] -- Symlinking: /home/xybxy123/w_work/ros2_ws/install/slam_toolbox/include/slam_toolbox/slam_toolbox/srv/detail/merge_maps__builder.hpp
[68.736s] -- Symlinking: /home/xybxy123/w_work/ros2_ws/install/slam_toolbox/include/slam_toolbox/slam_toolbox/srv/detail/merge_maps__struct.hpp
[68.746s] -- Symlinking: /home/xybxy123/w_work/ros2_ws/install/slam_toolbox/include/slam_toolbox/slam_toolbox/srv/detail/merge_maps__traits.hpp
[68.754s] -- Symlinking: /home/xybxy123/w_work/ros2_ws/install/slam_toolbox/include/slam_toolbox/slam_toolbox/srv/detail/merge_maps__type_support.hpp
[68.768s] -- Symlinking: /home/xybxy123/w_work/ros2_ws/install/slam_toolbox/include/slam_toolbox/slam_toolbox/srv/detail/pause__builder.hpp
[68.775s] -- Symlinking: /home/xybxy123/w_work/ros2_ws/install/slam_toolbox/include/slam_toolbox/slam_toolbox/srv/detail/pause__struct.hpp
[68.782s] -- Symlinking: /home/xybxy123/w_work/ros2_ws/install/slam_toolbox/include/slam_toolbox/slam_toolbox/srv/detail/pause__traits.hpp
[68.792s] -- Symlinking: /home/xybxy123/w_work/ros2_ws/install/slam_toolbox/include/slam_toolbox/slam_toolbox/srv/detail/pause__type_support.hpp
[68.801s] -- Symlinking: /home/xybxy123/w_work/ros2_ws/install/slam_toolbox/include/slam_toolbox/slam_toolbox/srv/detail/reset__builder.hpp
[68.812s] -- Symlinking: /home/xybxy123/w_work/ros2_ws/install/slam_toolbox/include/slam_toolbox/slam_toolbox/srv/detail/reset__struct.hpp
[68.822s] -- Symlinking: /home/xybxy123/w_work/ros2_ws/install/slam_toolbox/include/slam_toolbox/slam_toolbox/srv/detail/reset__traits.hpp
[68.829s] -- Symlinking: /home/xybxy123/w_work/ros2_ws/install/slam_toolbox/include/slam_toolbox/slam_toolbox/srv/detail/reset__type_support.hpp
[68.838s] -- Symlinking: /home/xybxy123/w_work/ros2_ws/install/slam_toolbox/include/slam_toolbox/slam_toolbox/srv/detail/save_map__builder.hpp
[68.848s] -- Symlinking: /home/xybxy123/w_work/ros2_ws/install/slam_toolbox/include/slam_toolbox/slam_toolbox/srv/detail/save_map__struct.hpp
[68.857s] -- Symlinking: /home/xybxy123/w_work/ros2_ws/install/slam_toolbox/include/slam_toolbox/slam_toolbox/srv/detail/save_map__traits.hpp
[68.868s] -- Symlinking: /home/xybxy123/w_work/ros2_ws/install/slam_toolbox/include/slam_toolbox/slam_toolbox/srv/detail/save_map__type_support.hpp
[68.878s] -- Symlinking: /home/xybxy123/w_work/ros2_ws/install/slam_toolbox/include/slam_toolbox/slam_toolbox/srv/detail/serialize_pose_graph__builder.hpp
[68.889s] -- Symlinking: /home/xybxy123/w_work/ros2_ws/install/slam_toolbox/include/slam_toolbox/slam_toolbox/srv/detail/serialize_pose_graph__struct.hpp
[68.898s] -- Symlinking: /home/xybxy123/w_work/ros2_ws/install/slam_toolbox/include/slam_toolbox/slam_toolbox/srv/detail/serialize_pose_graph__traits.hpp
[68.908s] -- Symlinking: /home/xybxy123/w_work/ros2_ws/install/slam_toolbox/include/slam_toolbox/slam_toolbox/srv/detail/serialize_pose_graph__type_support.hpp
[68.919s] -- Symlinking: /home/xybxy123/w_work/ros2_ws/install/slam_toolbox/include/slam_toolbox/slam_toolbox/srv/detail/toggle_interactive__builder.hpp
[68.929s] -- Symlinking: /home/xybxy123/w_work/ros2_ws/install/slam_toolbox/include/slam_toolbox/slam_toolbox/srv/detail/toggle_interactive__struct.hpp
[68.938s] -- Symlinking: /home/xybxy123/w_work/ros2_ws/install/slam_toolbox/include/slam_toolbox/slam_toolbox/srv/detail/toggle_interactive__traits.hpp
[68.945s] -- Symlinking: /home/xybxy123/w_work/ros2_ws/install/slam_toolbox/include/slam_toolbox/slam_toolbox/srv/detail/toggle_interactive__type_support.hpp
[68.950s] -- Symlinking: /home/xybxy123/w_work/ros2_ws/install/slam_toolbox/include/slam_toolbox/slam_toolbox/srv/loop_closure.hpp
[68.955s] -- Symlinking: /home/xybxy123/w_work/ros2_ws/install/slam_toolbox/include/slam_toolbox/slam_toolbox/srv/merge_maps.hpp
[68.961s] -- Symlinking: /home/xybxy123/w_work/ros2_ws/install/slam_toolbox/include/slam_toolbox/slam_toolbox/srv/pause.hpp
[68.968s] -- Symlinking: /home/xybxy123/w_work/ros2_ws/install/slam_toolbox/include/slam_toolbox/slam_toolbox/srv/reset.hpp
[68.977s] -- Symlinking: /home/xybxy123/w_work/ros2_ws/install/slam_toolbox/include/slam_toolbox/slam_toolbox/srv/save_map.hpp
[68.987s] -- Symlinking: /home/xybxy123/w_work/ros2_ws/install/slam_toolbox/include/slam_toolbox/slam_toolbox/srv/serialize_pose_graph.hpp
[68.998s] -- Symlinking: /home/xybxy123/w_work/ros2_ws/install/slam_toolbox/include/slam_toolbox/slam_toolbox/srv/toggle_interactive.hpp
[69.006s] -- Symlinking: /home/xybxy123/w_work/ros2_ws/install/slam_toolbox/include/slam_toolbox/slam_toolbox/msg/rosidl_typesupport_fastrtps_cpp__visibility_control.h
[69.016s] -- Symlinking: /home/xybxy123/w_work/ros2_ws/install/slam_toolbox/include/slam_toolbox/slam_toolbox/srv/detail/add_submap__rosidl_typesupport_fastrtps_cpp.hpp
[69.025s] -- Symlinking: /home/xybxy123/w_work/ros2_ws/install/slam_toolbox/include/slam_toolbox/slam_toolbox/srv/detail/clear__rosidl_typesupport_fastrtps_cpp.hpp
[69.036s] -- Symlinking: /home/xybxy123/w_work/ros2_ws/install/slam_toolbox/include/slam_toolbox/slam_toolbox/srv/detail/clear_queue__rosidl_typesupport_fastrtps_cpp.hpp
[69.045s] -- Symlinking: /home/xybxy123/w_work/ros2_ws/install/slam_toolbox/include/slam_toolbox/slam_toolbox/srv/detail/deserialize_pose_graph__rosidl_typesupport_fastrtps_cpp.hpp
[69.056s] -- Symlinking: /home/xybxy123/w_work/ros2_ws/install/slam_toolbox/include/slam_toolbox/slam_toolbox/srv/detail/loop_closure__rosidl_typesupport_fastrtps_cpp.hpp
[69.061s] -- Symlinking: /home/xybxy123/w_work/ros2_ws/install/slam_toolbox/include/slam_toolbox/slam_toolbox/srv/detail/merge_maps__rosidl_typesupport_fastrtps_cpp.hpp
[69.066s] -- Symlinking: /home/xybxy123/w_work/ros2_ws/install/slam_toolbox/include/slam_toolbox/slam_toolbox/srv/detail/pause__rosidl_typesupport_fastrtps_cpp.hpp
[69.073s] -- Symlinking: /home/xybxy123/w_work/ros2_ws/install/slam_toolbox/include/slam_toolbox/slam_toolbox/srv/detail/reset__rosidl_typesupport_fastrtps_cpp.hpp
[69.079s] -- Symlinking: /home/xybxy123/w_work/ros2_ws/install/slam_toolbox/include/slam_toolbox/slam_toolbox/srv/detail/save_map__rosidl_typesupport_fastrtps_cpp.hpp
[69.083s] -- Symlinking: /home/xybxy123/w_work/ros2_ws/install/slam_toolbox/include/slam_toolbox/slam_toolbox/srv/detail/serialize_pose_graph__rosidl_typesupport_fastrtps_cpp.hpp
[69.089s] -- Symlinking: /home/xybxy123/w_work/ros2_ws/install/slam_toolbox/include/slam_toolbox/slam_toolbox/srv/detail/toggle_interactive__rosidl_typesupport_fastrtps_cpp.hpp
[69.096s] -- Symlinking: /home/xybxy123/w_work/ros2_ws/install/slam_toolbox/include/slam_toolbox/slam_toolbox/msg/rosidl_typesupport_introspection_c__visibility_control.h
[69.105s] -- Symlinking: /home/xybxy123/w_work/ros2_ws/install/slam_toolbox/include/slam_toolbox/slam_toolbox/srv/detail/add_submap__rosidl_typesupport_introspection_c.h
[69.111s] -- Symlinking: /home/xybxy123/w_work/ros2_ws/install/slam_toolbox/include/slam_toolbox/slam_toolbox/srv/detail/clear__rosidl_typesupport_introspection_c.h
[69.118s] -- Symlinking: /home/xybxy123/w_work/ros2_ws/install/slam_toolbox/include/slam_toolbox/slam_toolbox/srv/detail/clear_queue__rosidl_typesupport_introspection_c.h
[69.123s] -- Symlinking: /home/xybxy123/w_work/ros2_ws/install/slam_toolbox/include/slam_toolbox/slam_toolbox/srv/detail/deserialize_pose_graph__rosidl_typesupport_introspection_c.h
[69.129s] -- Symlinking: /home/xybxy123/w_work/ros2_ws/install/slam_toolbox/include/slam_toolbox/slam_toolbox/srv/detail/loop_closure__rosidl_typesupport_introspection_c.h
[69.136s] -- Symlinking: /home/xybxy123/w_work/ros2_ws/install/slam_toolbox/include/slam_toolbox/slam_toolbox/srv/detail/merge_maps__rosidl_typesupport_introspection_c.h
[69.145s] -- Symlinking: /home/xybxy123/w_work/ros2_ws/install/slam_toolbox/include/slam_toolbox/slam_toolbox/srv/detail/pause__rosidl_typesupport_introspection_c.h
[69.153s] -- Symlinking: /home/xybxy123/w_work/ros2_ws/install/slam_toolbox/include/slam_toolbox/slam_toolbox/srv/detail/reset__rosidl_typesupport_introspection_c.h
[69.162s] -- Symlinking: /home/xybxy123/w_work/ros2_ws/install/slam_toolbox/include/slam_toolbox/slam_toolbox/srv/detail/save_map__rosidl_typesupport_introspection_c.h
[69.172s] -- Symlinking: /home/xybxy123/w_work/ros2_ws/install/slam_toolbox/include/slam_toolbox/slam_toolbox/srv/detail/serialize_pose_graph__rosidl_typesupport_introspection_c.h
[69.178s] -- Symlinking: /home/xybxy123/w_work/ros2_ws/install/slam_toolbox/include/slam_toolbox/slam_toolbox/srv/detail/toggle_interactive__rosidl_typesupport_introspection_c.h
[69.185s] -- Symlinking: /home/xybxy123/w_work/ros2_ws/install/slam_toolbox/include/slam_toolbox/slam_toolbox/srv/detail/add_submap__rosidl_typesupport_introspection_cpp.hpp
[69.192s] -- Symlinking: /home/xybxy123/w_work/ros2_ws/install/slam_toolbox/include/slam_toolbox/slam_toolbox/srv/detail/clear__rosidl_typesupport_introspection_cpp.hpp
[69.197s] -- Symlinking: /home/xybxy123/w_work/ros2_ws/install/slam_toolbox/include/slam_toolbox/slam_toolbox/srv/detail/clear_queue__rosidl_typesupport_introspection_cpp.hpp
[69.203s] -- Symlinking: /home/xybxy123/w_work/ros2_ws/install/slam_toolbox/include/slam_toolbox/slam_toolbox/srv/detail/deserialize_pose_graph__rosidl_typesupport_introspection_cpp.hpp
[69.208s] -- Symlinking: /home/xybxy123/w_work/ros2_ws/install/slam_toolbox/include/slam_toolbox/slam_toolbox/srv/detail/loop_closure__rosidl_typesupport_introspection_cpp.hpp
[69.212s] -- Symlinking: /home/xybxy123/w_work/ros2_ws/install/slam_toolbox/include/slam_toolbox/slam_toolbox/srv/detail/merge_maps__rosidl_typesupport_introspection_cpp.hpp
[69.222s] -- Symlinking: /home/xybxy123/w_work/ros2_ws/install/slam_toolbox/include/slam_toolbox/slam_toolbox/srv/detail/pause__rosidl_typesupport_introspection_cpp.hpp
[69.231s] -- Symlinking: /home/xybxy123/w_work/ros2_ws/install/slam_toolbox/include/slam_toolbox/slam_toolbox/srv/detail/reset__rosidl_typesupport_introspection_cpp.hpp
[69.241s] -- Symlinking: /home/xybxy123/w_work/ros2_ws/install/slam_toolbox/include/slam_toolbox/slam_toolbox/srv/detail/save_map__rosidl_typesupport_introspection_cpp.hpp
[69.246s] -- Symlinking: /home/xybxy123/w_work/ros2_ws/install/slam_toolbox/include/slam_toolbox/slam_toolbox/srv/detail/serialize_pose_graph__rosidl_typesupport_introspection_cpp.hpp
[69.252s] -- Symlinking: /home/xybxy123/w_work/ros2_ws/install/slam_toolbox/include/slam_toolbox/slam_toolbox/srv/detail/toggle_interactive__rosidl_typesupport_introspection_cpp.hpp
[69.257s] -- Symlinking: /home/xybxy123/w_work/ros2_ws/install/slam_toolbox/share/slam_toolbox/environment/pythonpath.sh
[69.262s] -- Symlinking: /home/xybxy123/w_work/ros2_ws/install/slam_toolbox/share/slam_toolbox/environment/pythonpath.dsv
[69.269s] -- Symlinking: /home/xybxy123/w_work/ros2_ws/install/slam_toolbox/lib/python3.12/site-packages/slam_toolbox-2.8.4-py3.12.egg-info/PKG-INFO
[69.277s] -- Symlinking: /home/xybxy123/w_work/ros2_ws/install/slam_toolbox/lib/python3.12/site-packages/slam_toolbox-2.8.4-py3.12.egg-info/SOURCES.txt
[69.288s] -- Symlinking: /home/xybxy123/w_work/ros2_ws/install/slam_toolbox/lib/python3.12/site-packages/slam_toolbox-2.8.4-py3.12.egg-info/dependency_links.txt
[69.298s] -- Symlinking: /home/xybxy123/w_work/ros2_ws/install/slam_toolbox/lib/python3.12/site-packages/slam_toolbox-2.8.4-py3.12.egg-info/top_level.txt
[69.308s] -- Symlinking: /home/xybxy123/w_work/ros2_ws/install/slam_toolbox/lib/python3.12/site-packages/slam_toolbox/__init__.py
[69.317s] -- Symlinking: /home/xybxy123/w_work/ros2_ws/install/slam_toolbox/lib/python3.12/site-packages/slam_toolbox/_slam_toolbox_s.ep.rosidl_typesupport_c.c
[69.325s] -- Symlinking: /home/xybxy123/w_work/ros2_ws/install/slam_toolbox/lib/python3.12/site-packages/slam_toolbox/_slam_toolbox_s.ep.rosidl_typesupport_fastrtps_c.c
[69.336s] -- Symlinking: /home/xybxy123/w_work/ros2_ws/install/slam_toolbox/lib/python3.12/site-packages/slam_toolbox/_slam_toolbox_s.ep.rosidl_typesupport_introspection_c.c
[69.344s] -- Symlinking: /home/xybxy123/w_work/ros2_ws/install/slam_toolbox/lib/python3.12/site-packages/slam_toolbox/slam_toolbox_s__rosidl_typesupport_c.so
[69.354s] -- Symlinking: /home/xybxy123/w_work/ros2_ws/install/slam_toolbox/lib/python3.12/site-packages/slam_toolbox/slam_toolbox_s__rosidl_typesupport_fastrtps_c.so
[69.363s] -- Symlinking: /home/xybxy123/w_work/ros2_ws/install/slam_toolbox/lib/python3.12/site-packages/slam_toolbox/slam_toolbox_s__rosidl_typesupport_introspection_c.so
[69.372s] -- Symlinking: /home/xybxy123/w_work/ros2_ws/install/slam_toolbox/lib/python3.12/site-packages/slam_toolbox/srv/__init__.py
[69.381s] -- Symlinking: /home/xybxy123/w_work/ros2_ws/install/slam_toolbox/lib/python3.12/site-packages/slam_toolbox/srv/_add_submap.py
[69.390s] -- Symlinking: /home/xybxy123/w_work/ros2_ws/install/slam_toolbox/lib/python3.12/site-packages/slam_toolbox/srv/_add_submap_s.c
[69.403s] -- Symlinking: /home/xybxy123/w_work/ros2_ws/install/slam_toolbox/lib/python3.12/site-packages/slam_toolbox/srv/_clear.py
[69.414s] -- Symlinking: /home/xybxy123/w_work/ros2_ws/install/slam_toolbox/lib/python3.12/site-packages/slam_toolbox/srv/_clear_queue.py
[69.424s] -- Symlinking: /home/xybxy123/w_work/ros2_ws/install/slam_toolbox/lib/python3.12/site-packages/slam_toolbox/srv/_clear_queue_s.c
[69.434s] -- Symlinking: /home/xybxy123/w_work/ros2_ws/install/slam_toolbox/lib/python3.12/site-packages/slam_toolbox/srv/_clear_s.c
[69.446s] -- Symlinking: /home/xybxy123/w_work/ros2_ws/install/slam_toolbox/lib/python3.12/site-packages/slam_toolbox/srv/_deserialize_pose_graph.py
[69.452s] -- Symlinking: /home/xybxy123/w_work/ros2_ws/install/slam_toolbox/lib/python3.12/site-packages/slam_toolbox/srv/_deserialize_pose_graph_s.c
[69.461s] -- Symlinking: /home/xybxy123/w_work/ros2_ws/install/slam_toolbox/lib/python3.12/site-packages/slam_toolbox/srv/_loop_closure.py
[69.468s] -- Symlinking: /home/xybxy123/w_work/ros2_ws/install/slam_toolbox/lib/python3.12/site-packages/slam_toolbox/srv/_loop_closure_s.c
[69.475s] -- Symlinking: /home/xybxy123/w_work/ros2_ws/install/slam_toolbox/lib/python3.12/site-packages/slam_toolbox/srv/_merge_maps.py
[69.484s] -- Symlinking: /home/xybxy123/w_work/ros2_ws/install/slam_toolbox/lib/python3.12/site-packages/slam_toolbox/srv/_merge_maps_s.c
[69.494s] -- Symlinking: /home/xybxy123/w_work/ros2_ws/install/slam_toolbox/lib/python3.12/site-packages/slam_toolbox/srv/_pause.py
[69.501s] -- Symlinking: /home/xybxy123/w_work/ros2_ws/install/slam_toolbox/lib/python3.12/site-packages/slam_toolbox/srv/_pause_s.c
[69.511s] -- Symlinking: /home/xybxy123/w_work/ros2_ws/install/slam_toolbox/lib/python3.12/site-packages/slam_toolbox/srv/_reset.py
[69.515s] -- Symlinking: /home/xybxy123/w_work/ros2_ws/install/slam_toolbox/lib/python3.12/site-packages/slam_toolbox/srv/_reset_s.c
[69.522s] -- Symlinking: /home/xybxy123/w_work/ros2_ws/install/slam_toolbox/lib/python3.12/site-packages/slam_toolbox/srv/_save_map.py
[69.531s] -- Symlinking: /home/xybxy123/w_work/ros2_ws/install/slam_toolbox/lib/python3.12/site-packages/slam_toolbox/srv/_save_map_s.c
[69.542s] -- Symlinking: /home/xybxy123/w_work/ros2_ws/install/slam_toolbox/lib/python3.12/site-packages/slam_toolbox/srv/_serialize_pose_graph.py
[69.551s] -- Symlinking: /home/xybxy123/w_work/ros2_ws/install/slam_toolbox/lib/python3.12/site-packages/slam_toolbox/srv/_serialize_pose_graph_s.c
[69.562s] -- Symlinking: /home/xybxy123/w_work/ros2_ws/install/slam_toolbox/lib/python3.12/site-packages/slam_toolbox/srv/_toggle_interactive.py
[69.571s] -- Symlinking: /home/xybxy123/w_work/ros2_ws/install/slam_toolbox/lib/python3.12/site-packages/slam_toolbox/srv/_toggle_interactive_s.c
[69.581s] -- Up-to-date symlink: /home/xybxy123/w_work/ros2_ws/install/slam_toolbox/lib/python3.12/site-packages/slam_toolbox/slam_toolbox_s__rosidl_typesupport_fastrtps_c.so
[69.581s] -- Up-to-date symlink: /home/xybxy123/w_work/ros2_ws/install/slam_toolbox/lib/python3.12/site-packages/slam_toolbox/slam_toolbox_s__rosidl_typesupport_introspection_c.so
[69.581s] -- Up-to-date symlink: /home/xybxy123/w_work/ros2_ws/install/slam_toolbox/lib/python3.12/site-packages/slam_toolbox/slam_toolbox_s__rosidl_typesupport_c.so
[69.581s] -- Symlinking: /home/xybxy123/w_work/ros2_ws/install/slam_toolbox/share/slam_toolbox/srv/Pause.idl
[69.588s] -- Symlinking: /home/xybxy123/w_work/ros2_ws/install/slam_toolbox/share/slam_toolbox/srv/Reset.idl
[69.594s] -- Symlinking: /home/xybxy123/w_work/ros2_ws/install/slam_toolbox/share/slam_toolbox/srv/ClearQueue.idl
[69.599s] -- Symlinking: /home/xybxy123/w_work/ros2_ws/install/slam_toolbox/share/slam_toolbox/srv/ToggleInteractive.idl
[69.606s] -- Symlinking: /home/xybxy123/w_work/ros2_ws/install/slam_toolbox/share/slam_toolbox/srv/Clear.idl
[69.612s] -- Symlinking: /home/xybxy123/w_work/ros2_ws/install/slam_toolbox/share/slam_toolbox/srv/SaveMap.idl
[69.618s] -- Symlinking: /home/xybxy123/w_work/ros2_ws/install/slam_toolbox/share/slam_toolbox/srv/LoopClosure.idl
[69.623s] -- Symlinking: /home/xybxy123/w_work/ros2_ws/install/slam_toolbox/share/slam_toolbox/srv/MergeMaps.idl
[69.630s] -- Symlinking: /home/xybxy123/w_work/ros2_ws/install/slam_toolbox/share/slam_toolbox/srv/AddSubmap.idl
[69.636s] -- Symlinking: /home/xybxy123/w_work/ros2_ws/install/slam_toolbox/share/slam_toolbox/srv/DeserializePoseGraph.idl
[69.641s] -- Symlinking: /home/xybxy123/w_work/ros2_ws/install/slam_toolbox/share/slam_toolbox/srv/SerializePoseGraph.idl
[69.646s] -- Symlinking: /home/xybxy123/w_work/ros2_ws/install/slam_toolbox/share/slam_toolbox/srv/Pause.srv
[69.654s] -- Symlinking: /home/xybxy123/w_work/ros2_ws/install/slam_toolbox/share/slam_toolbox/srv/Reset.srv
[69.660s] -- Symlinking: /home/xybxy123/w_work/ros2_ws/install/slam_toolbox/share/slam_toolbox/srv/ClearQueue.srv
[69.666s] -- Symlinking: /home/xybxy123/w_work/ros2_ws/install/slam_toolbox/share/slam_toolbox/srv/ToggleInteractive.srv
[69.672s] -- Symlinking: /home/xybxy123/w_work/ros2_ws/install/slam_toolbox/share/slam_toolbox/srv/Clear.srv
[69.679s] -- Symlinking: /home/xybxy123/w_work/ros2_ws/install/slam_toolbox/share/slam_toolbox/srv/SaveMap.srv
[69.686s] -- Symlinking: /home/xybxy123/w_work/ros2_ws/install/slam_toolbox/share/slam_toolbox/srv/LoopClosure.srv
[69.691s] -- Symlinking: /home/xybxy123/w_work/ros2_ws/install/slam_toolbox/share/slam_toolbox/srv/MergeMaps.srv
[69.695s] -- Symlinking: /home/xybxy123/w_work/ros2_ws/install/slam_toolbox/share/slam_toolbox/srv/AddSubmap.srv
[69.705s] -- Symlinking: /home/xybxy123/w_work/ros2_ws/install/slam_toolbox/share/slam_toolbox/srv/DeserializePoseGraph.srv
[69.713s] -- Symlinking: /home/xybxy123/w_work/ros2_ws/install/slam_toolbox/share/slam_toolbox/srv/SerializePoseGraph.srv
[69.719s] -- Symlinking: /home/xybxy123/w_work/ros2_ws/install/slam_toolbox/share/slam_toolbox//rviz_plugins.xml
[69.727s] -- Symlinking: /home/xybxy123/w_work/ros2_ws/install/slam_toolbox/share/slam_toolbox//solver_plugins.xml
[69.736s] -- Symlinking: /home/xybxy123/w_work/ros2_ws/install/slam_toolbox/lib/slam_toolbox/async_slam_toolbox_node
[69.743s] -- Symlinking: /home/xybxy123/w_work/ros2_ws/install/slam_toolbox/lib/slam_toolbox/sync_slam_toolbox_node
[69.752s] -- Symlinking: /home/xybxy123/w_work/ros2_ws/install/slam_toolbox/lib/slam_toolbox/localization_slam_toolbox_node
[69.756s] -- Symlinking: /home/xybxy123/w_work/ros2_ws/install/slam_toolbox/lib/slam_toolbox/map_and_localization_slam_toolbox_node
[69.763s] -- Symlinking: /home/xybxy123/w_work/ros2_ws/install/slam_toolbox/lib/slam_toolbox/lifelong_slam_toolbox_node
[69.767s] -- Symlinking: /home/xybxy123/w_work/ros2_ws/install/slam_toolbox/lib/slam_toolbox/merge_maps_kinematic
[69.774s] -- Symlinking: /home/xybxy123/w_work/ros2_ws/install/slam_toolbox/lib/libtoolbox_common.so
[69.781s] -- Symlinking: /home/xybxy123/w_work/ros2_ws/install/slam_toolbox/lib/libSlamToolboxPlugin.so
[69.786s] -- Symlinking: /home/xybxy123/w_work/ros2_ws/install/slam_toolbox/lib/libceres_solver_plugin.so
[69.791s] -- Symlinking: /home/xybxy123/w_work/ros2_ws/install/slam_toolbox/lib/libasync_slam_toolbox.so
[69.798s] -- Symlinking: /home/xybxy123/w_work/ros2_ws/install/slam_toolbox/lib/libsync_slam_toolbox.so
[69.805s] -- Symlinking: /home/xybxy123/w_work/ros2_ws/install/slam_toolbox/lib/liblocalization_slam_toolbox.so
[69.811s] -- Symlinking: /home/xybxy123/w_work/ros2_ws/install/slam_toolbox/lib/liblifelong_slam_toolbox.so
[69.815s] -- Symlinking: /home/xybxy123/w_work/ros2_ws/install/slam_toolbox/lib/libmap_and_localization_slam_toolbox.so
[69.822s] -- Symlinking: /home/xybxy123/w_work/ros2_ws/install/slam_toolbox/lib/libkartoSlamToolbox.so
[69.828s] -- Symlinking: /home/xybxy123/w_work/ros2_ws/install/slam_toolbox/include/slam_toolbox/experimental/slam_toolbox_lifelong.hpp
[69.835s] -- Symlinking: /home/xybxy123/w_work/ros2_ws/install/slam_toolbox/include/slam_toolbox/experimental/slam_toolbox_map_and_localization.hpp
[69.839s] -- Symlinking: /home/xybxy123/w_work/ros2_ws/install/slam_toolbox/include/slam_toolbox/get_pose_helper.hpp
[69.845s] -- Symlinking: /home/xybxy123/w_work/ros2_ws/install/slam_toolbox/include/slam_toolbox/laser_utils.hpp
[69.852s] -- Symlinking: /home/xybxy123/w_work/ros2_ws/install/slam_toolbox/include/slam_toolbox/loop_closure_assistant.hpp
[69.857s] -- Symlinking: /home/xybxy123/w_work/ros2_ws/install/slam_toolbox/include/slam_toolbox/map_saver.hpp
[69.862s] -- Symlinking: /home/xybxy123/w_work/ros2_ws/install/slam_toolbox/include/slam_toolbox/merge_maps_kinematic.hpp
[69.867s] -- Symlinking: /home/xybxy123/w_work/ros2_ws/install/slam_toolbox/include/slam_toolbox/serialization.hpp
[69.874s] -- Symlinking: /home/xybxy123/w_work/ros2_ws/install/slam_toolbox/include/slam_toolbox/slam_mapper.hpp
[69.881s] -- Symlinking: /home/xybxy123/w_work/ros2_ws/install/slam_toolbox/include/slam_toolbox/slam_toolbox_async.hpp
[69.886s] -- Symlinking: /home/xybxy123/w_work/ros2_ws/install/slam_toolbox/include/slam_toolbox/slam_toolbox_common.hpp
[69.891s] -- Symlinking: /home/xybxy123/w_work/ros2_ws/install/slam_toolbox/include/slam_toolbox/slam_toolbox_localization.hpp
[69.898s] -- Symlinking: /home/xybxy123/w_work/ros2_ws/install/slam_toolbox/include/slam_toolbox/slam_toolbox_sync.hpp
[69.904s] -- Symlinking: /home/xybxy123/w_work/ros2_ws/install/slam_toolbox/include/slam_toolbox/snap_utils.hpp
[69.909s] -- Symlinking: /home/xybxy123/w_work/ros2_ws/install/slam_toolbox/include/slam_toolbox/toolbox_msgs.hpp
[69.914s] -- Symlinking: /home/xybxy123/w_work/ros2_ws/install/slam_toolbox/include/slam_toolbox/toolbox_types.hpp
[69.921s] -- Symlinking: /home/xybxy123/w_work/ros2_ws/install/slam_toolbox/include/slam_toolbox/visualization_utils.hpp
[69.927s] -- Symlinking: /home/xybxy123/w_work/ros2_ws/install/slam_toolbox/share/slam_toolbox/launch/localization_launch.py
[69.932s] -- Symlinking: /home/xybxy123/w_work/ros2_ws/install/slam_toolbox/share/slam_toolbox/launch/merge_maps_kinematic_launch.py
[69.937s] -- Symlinking: /home/xybxy123/w_work/ros2_ws/install/slam_toolbox/share/slam_toolbox/launch/offline_launch.py
[69.941s] -- Symlinking: /home/xybxy123/w_work/ros2_ws/install/slam_toolbox/share/slam_toolbox/launch/online_async_launch.py
[69.949s] -- Symlinking: /home/xybxy123/w_work/ros2_ws/install/slam_toolbox/share/slam_toolbox/launch/online_sync_launch.py
[69.956s] -- Symlinking: /home/xybxy123/w_work/ros2_ws/install/slam_toolbox/share/slam_toolbox/config/mapper_params_lifelong.yaml
[69.960s] -- Symlinking: /home/xybxy123/w_work/ros2_ws/install/slam_toolbox/share/slam_toolbox/config/mapper_params_localization.yaml
[69.967s] -- Symlinking: /home/xybxy123/w_work/ros2_ws/install/slam_toolbox/share/slam_toolbox/config/mapper_params_offline.yaml
[69.971s] -- Symlinking: /home/xybxy123/w_work/ros2_ws/install/slam_toolbox/share/slam_toolbox/config/mapper_params_online_async.yaml
[69.976s] -- Symlinking: /home/xybxy123/w_work/ros2_ws/install/slam_toolbox/share/slam_toolbox/config/mapper_params_online_sync.yaml
[69.981s] -- Symlinking: /home/xybxy123/w_work/ros2_ws/install/slam_toolbox/share/slam_toolbox/config/slam_toolbox_default.rviz
[69.988s] -- Symlinking: /home/xybxy123/w_work/ros2_ws/install/slam_toolbox/share/solver_plugins.xml
[69.994s] -- Symlinking: /home/xybxy123/w_work/ros2_ws/install/slam_toolbox/share/rviz_plugins.xml
[70.000s] -- Symlinking: /home/xybxy123/w_work/ros2_ws/install/slam_toolbox/share/ament_index/resource_index/package_run_dependencies/slam_toolbox
[70.006s] -- Symlinking: /home/xybxy123/w_work/ros2_ws/install/slam_toolbox/share/ament_index/resource_index/parent_prefix_path/slam_toolbox
[70.010s] -- Symlinking: /home/xybxy123/w_work/ros2_ws/install/slam_toolbox/share/slam_toolbox/environment/ament_prefix_path.sh
[70.018s] -- Symlinking: /home/xybxy123/w_work/ros2_ws/install/slam_toolbox/share/slam_toolbox/environment/ament_prefix_path.dsv
[70.027s] -- Symlinking: /home/xybxy123/w_work/ros2_ws/install/slam_toolbox/share/slam_toolbox/environment/path.sh
[70.036s] -- Symlinking: /home/xybxy123/w_work/ros2_ws/install/slam_toolbox/share/slam_toolbox/environment/path.dsv
[70.046s] -- Symlinking: /home/xybxy123/w_work/ros2_ws/install/slam_toolbox/share/slam_toolbox/local_setup.bash
[70.055s] -- Symlinking: /home/xybxy123/w_work/ros2_ws/install/slam_toolbox/share/slam_toolbox/local_setup.sh
[70.060s] -- Symlinking: /home/xybxy123/w_work/ros2_ws/install/slam_toolbox/share/slam_toolbox/local_setup.zsh
[70.070s] -- Symlinking: /home/xybxy123/w_work/ros2_ws/install/slam_toolbox/share/slam_toolbox/local_setup.dsv
[70.078s] -- Symlinking: /home/xybxy123/w_work/ros2_ws/install/slam_toolbox/share/slam_toolbox/package.dsv
[70.087s] -- Symlinking: /home/xybxy123/w_work/ros2_ws/install/slam_toolbox/share/ament_index/resource_index/packages/slam_toolbox
[70.095s] -- Symlinking: /home/xybxy123/w_work/ros2_ws/install/slam_toolbox/share/ament_index/resource_index/rviz_common__pluginlib__plugin/slam_toolbox
[70.100s] -- Symlinking: /home/xybxy123/w_work/ros2_ws/install/slam_toolbox/share/ament_index/resource_index/slam_toolbox__pluginlib__plugin/slam_toolbox
[70.105s] -- Symlinking: /home/xybxy123/w_work/ros2_ws/install/slam_toolbox/share/ament_index/resource_index/rclcpp_components/slam_toolbox
[70.114s] -- Symlinking: /home/xybxy123/w_work/ros2_ws/install/slam_toolbox/share/slam_toolbox/cmake/rosidl_cmake-extras.cmake
[70.123s] -- Symlinking: /home/xybxy123/w_work/ros2_ws/install/slam_toolbox/share/slam_toolbox/cmake/ament_cmake_export_dependencies-extras.cmake
[70.132s] -- Symlinking: /home/xybxy123/w_work/ros2_ws/install/slam_toolbox/share/slam_toolbox/cmake/ament_cmake_export_include_directories-extras.cmake
[70.142s] -- Symlinking: /home/xybxy123/w_work/ros2_ws/install/slam_toolbox/share/slam_toolbox/cmake/ament_cmake_export_libraries-extras.cmake
[70.151s] -- Symlinking: /home/xybxy123/w_work/ros2_ws/install/slam_toolbox/share/slam_toolbox/cmake/ament_cmake_export_targets-extras.cmake
[70.160s] -- Symlinking: /home/xybxy123/w_work/ros2_ws/install/slam_toolbox/share/slam_toolbox/cmake/rosidl_cmake_export_typesupport_targets-extras.cmake
[70.171s] -- Symlinking: /home/xybxy123/w_work/ros2_ws/install/slam_toolbox/share/slam_toolbox/cmake/rosidl_cmake_export_typesupport_libraries-extras.cmake
[70.179s] -- Symlinking: /home/xybxy123/w_work/ros2_ws/install/slam_toolbox/share/slam_toolbox/cmake/slam_toolboxConfig.cmake
[70.190s] -- Symlinking: /home/xybxy123/w_work/ros2_ws/install/slam_toolbox/share/slam_toolbox/cmake/slam_toolboxConfig-version.cmake
[70.200s] -- Symlinking: /home/xybxy123/w_work/ros2_ws/install/slam_toolbox/share/slam_toolbox/package.xml
[70.209s] -- Installing: /home/xybxy123/w_work/ros2_ws/install/slam_toolbox/lib/libslam_toolbox__rosidl_generator_c.so
[70.210s] -- Set non-toolchain portion of runtime path of "/home/xybxy123/w_work/ros2_ws/install/slam_toolbox/lib/libslam_toolbox__rosidl_generator_c.so" to ""
[70.210s] -- Installing: /home/xybxy123/w_work/ros2_ws/install/slam_toolbox/lib/libslam_toolbox__rosidl_typesupport_fastrtps_c.so
[70.210s] -- Set non-toolchain portion of runtime path of "/home/xybxy123/w_work/ros2_ws/install/slam_toolbox/lib/libslam_toolbox__rosidl_typesupport_fastrtps_c.so" to ""
[70.210s] -- Installing: /home/xybxy123/w_work/ros2_ws/install/slam_toolbox/lib/libslam_toolbox__rosidl_typesupport_fastrtps_cpp.so
[70.211s] -- Set non-toolchain portion of runtime path of "/home/xybxy123/w_work/ros2_ws/install/slam_toolbox/lib/libslam_toolbox__rosidl_typesupport_fastrtps_cpp.so" to ""
[70.211s] -- Installing: /home/xybxy123/w_work/ros2_ws/install/slam_toolbox/lib/libslam_toolbox__rosidl_typesupport_introspection_c.so
[70.211s] -- Set non-toolchain portion of runtime path of "/home/xybxy123/w_work/ros2_ws/install/slam_toolbox/lib/libslam_toolbox__rosidl_typesupport_introspection_c.so" to ""
[70.211s] -- Installing: /home/xybxy123/w_work/ros2_ws/install/slam_toolbox/lib/libslam_toolbox__rosidl_typesupport_c.so
[70.212s] -- Set non-toolchain portion of runtime path of "/home/xybxy123/w_work/ros2_ws/install/slam_toolbox/lib/libslam_toolbox__rosidl_typesupport_c.so" to ""
[70.212s] -- Installing: /home/xybxy123/w_work/ros2_ws/install/slam_toolbox/lib/libslam_toolbox__rosidl_typesupport_introspection_cpp.so
[70.212s] -- Set non-toolchain portion of runtime path of "/home/xybxy123/w_work/ros2_ws/install/slam_toolbox/lib/libslam_toolbox__rosidl_typesupport_introspection_cpp.so" to ""
[70.212s] -- Installing: /home/xybxy123/w_work/ros2_ws/install/slam_toolbox/lib/libslam_toolbox__rosidl_typesupport_cpp.so
[70.212s] -- Set non-toolchain portion of runtime path of "/home/xybxy123/w_work/ros2_ws/install/slam_toolbox/lib/libslam_toolbox__rosidl_typesupport_cpp.so" to ""
[70.276s] Listing '/home/xybxy123/w_work/ros2_ws/install/slam_toolbox/lib/python3.12/site-packages/slam_toolbox'...
[70.276s] Compiling '/home/xybxy123/w_work/ros2_ws/install/slam_toolbox/lib/python3.12/site-packages/slam_toolbox/__init__.py'...
[70.276s] Listing '/home/xybxy123/w_work/ros2_ws/install/slam_toolbox/lib/python3.12/site-packages/slam_toolbox/srv'...
[70.277s] Compiling '/home/xybxy123/w_work/ros2_ws/install/slam_toolbox/lib/python3.12/site-packages/slam_toolbox/srv/__init__.py'...
[70.277s] Compiling '/home/xybxy123/w_work/ros2_ws/install/slam_toolbox/lib/python3.12/site-packages/slam_toolbox/srv/_add_submap.py'...
[70.277s] Compiling '/home/xybxy123/w_work/ros2_ws/install/slam_toolbox/lib/python3.12/site-packages/slam_toolbox/srv/_clear.py'...
[70.277s] Compiling '/home/xybxy123/w_work/ros2_ws/install/slam_toolbox/lib/python3.12/site-packages/slam_toolbox/srv/_clear_queue.py'...
[70.277s] Compiling '/home/xybxy123/w_work/ros2_ws/install/slam_toolbox/lib/python3.12/site-packages/slam_toolbox/srv/_deserialize_pose_graph.py'...
[70.277s] Compiling '/home/xybxy123/w_work/ros2_ws/install/slam_toolbox/lib/python3.12/site-packages/slam_toolbox/srv/_loop_closure.py'...
[70.277s] Compiling '/home/xybxy123/w_work/ros2_ws/install/slam_toolbox/lib/python3.12/site-packages/slam_toolbox/srv/_merge_maps.py'...
[70.277s] Compiling '/home/xybxy123/w_work/ros2_ws/install/slam_toolbox/lib/python3.12/site-packages/slam_toolbox/srv/_pause.py'...
[70.277s] Compiling '/home/xybxy123/w_work/ros2_ws/install/slam_toolbox/lib/python3.12/site-packages/slam_toolbox/srv/_reset.py'...
[70.277s] Compiling '/home/xybxy123/w_work/ros2_ws/install/slam_toolbox/lib/python3.12/site-packages/slam_toolbox/srv/_save_map.py'...
[70.277s] Compiling '/home/xybxy123/w_work/ros2_ws/install/slam_toolbox/lib/python3.12/site-packages/slam_toolbox/srv/_serialize_pose_graph.py'...
[70.277s] Compiling '/home/xybxy123/w_work/ros2_ws/install/slam_toolbox/lib/python3.12/site-packages/slam_toolbox/srv/_toggle_interactive.py'...
[70.279s] -- Installing: /home/xybxy123/w_work/ros2_ws/install/slam_toolbox/lib/libslam_toolbox__rosidl_generator_py.so
[70.280s] -- Set non-toolchain portion of runtime path of "/home/xybxy123/w_work/ros2_ws/install/slam_toolbox/lib/libslam_toolbox__rosidl_generator_py.so" to ""
[70.280s] -- Installing: /home/xybxy123/w_work/ros2_ws/install/slam_toolbox/share/slam_toolbox/cmake/export_slam_toolbox__rosidl_generator_cExport.cmake
[70.280s] -- Installing: /home/xybxy123/w_work/ros2_ws/install/slam_toolbox/share/slam_toolbox/cmake/export_slam_toolbox__rosidl_generator_cExport-release.cmake
[70.280s] -- Installing: /home/xybxy123/w_work/ros2_ws/install/slam_toolbox/share/slam_toolbox/cmake/export_slam_toolbox__rosidl_typesupport_fastrtps_cExport.cmake
[70.280s] -- Installing: /home/xybxy123/w_work/ros2_ws/install/slam_toolbox/share/slam_toolbox/cmake/export_slam_toolbox__rosidl_typesupport_fastrtps_cExport-release.cmake
[70.280s] -- Installing: /home/xybxy123/w_work/ros2_ws/install/slam_toolbox/share/slam_toolbox/cmake/export_slam_toolbox__rosidl_generator_cppExport.cmake
[70.280s] -- Installing: /home/xybxy123/w_work/ros2_ws/install/slam_toolbox/share/slam_toolbox/cmake/export_slam_toolbox__rosidl_typesupport_fastrtps_cppExport.cmake
[70.280s] -- Installing: /home/xybxy123/w_work/ros2_ws/install/slam_toolbox/share/slam_toolbox/cmake/export_slam_toolbox__rosidl_typesupport_fastrtps_cppExport-release.cmake
[70.280s] -- Installing: /home/xybxy123/w_work/ros2_ws/install/slam_toolbox/share/slam_toolbox/cmake/slam_toolbox__rosidl_typesupport_introspection_cExport.cmake
[70.280s] -- Installing: /home/xybxy123/w_work/ros2_ws/install/slam_toolbox/share/slam_toolbox/cmake/slam_toolbox__rosidl_typesupport_introspection_cExport-release.cmake
[70.280s] -- Installing: /home/xybxy123/w_work/ros2_ws/install/slam_toolbox/share/slam_toolbox/cmake/slam_toolbox__rosidl_typesupport_cExport.cmake
[70.280s] -- Installing: /home/xybxy123/w_work/ros2_ws/install/slam_toolbox/share/slam_toolbox/cmake/slam_toolbox__rosidl_typesupport_cExport-release.cmake
[70.280s] -- Installing: /home/xybxy123/w_work/ros2_ws/install/slam_toolbox/share/slam_toolbox/cmake/slam_toolbox__rosidl_typesupport_introspection_cppExport.cmake
[70.280s] -- Installing: /home/xybxy123/w_work/ros2_ws/install/slam_toolbox/share/slam_toolbox/cmake/slam_toolbox__rosidl_typesupport_introspection_cppExport-release.cmake
[70.280s] -- Installing: /home/xybxy123/w_work/ros2_ws/install/slam_toolbox/share/slam_toolbox/cmake/slam_toolbox__rosidl_typesupport_cppExport.cmake
[70.280s] -- Installing: /home/xybxy123/w_work/ros2_ws/install/slam_toolbox/share/slam_toolbox/cmake/slam_toolbox__rosidl_typesupport_cppExport-release.cmake
[70.280s] -- Installing: /home/xybxy123/w_work/ros2_ws/install/slam_toolbox/share/slam_toolbox/cmake/export_slam_toolbox__rosidl_generator_pyExport.cmake
[70.280s] -- Installing: /home/xybxy123/w_work/ros2_ws/install/slam_toolbox/share/slam_toolbox/cmake/export_slam_toolbox__rosidl_generator_pyExport-release.cmake
[70.280s] -- Installing: /home/xybxy123/w_work/ros2_ws/install/slam_toolbox/share/slam_toolbox/cmake/SlamToolboxPluginExport.cmake
[70.280s] -- Installing: /home/xybxy123/w_work/ros2_ws/install/slam_toolbox/share/slam_toolbox/cmake/SlamToolboxPluginExport-release.cmake
[70.282s] Invoked command in '/home/xybxy123/w_work/ros2_ws/build/slam_toolbox' returned '0': CMAKE_PREFIX_PATH=${CMAKE_PREFIX_PATH}:/opt/ros/jazzy DEBUGINFOD_URLS=https://debuginfod.ubuntu.com /usr/bin/cmake --install /home/xybxy123/w_work/ros2_ws/build/slam_toolbox
