[0.049s] DEBUG:colcon:Command line arguments: ['/usr/bin/colcon', 'build', '--packages-select', 'slam_toolbox', '--cmake-args', '-DCMAKE_BUILD_TYPE=Release', '--symlink-install']
[0.049s] DEBUG:colcon:Parsed command line arguments: Namespace(log_base=None, log_level=None, verb_name='build', build_base='build', install_base='install', merge_install=False, symlink_install=True, test_result_base=None, continue_on_error=False, executor='parallel', parallel_workers=24, event_handlers=None, ignore_user_meta=False, metas=['./colcon.meta'], base_paths=['.'], packages_ignore=None, packages_ignore_regex=None, paths=None, packages_up_to=None, packages_up_to_regex=None, packages_above=None, packages_above_and_dependencies=None, packages_above_depth=None, packages_select_by_dep=None, packages_skip_by_dep=None, packages_skip_up_to=None, packages_select_build_failed=False, packages_skip_build_finished=False, packages_select_test_failures=False, packages_skip_test_passed=False, packages_select=['slam_toolbox'], packages_skip=None, packages_select_regex=None, packages_skip_regex=None, packages_start=None, packages_end=None, allow_overriding=[], cmake_args=['-DCMAKE_BUILD_TYPE=Release'], cmake_target=None, cmake_target_skip_unavailable=False, cmake_clean_cache=False, cmake_clean_first=False, cmake_force_configure=False, ament_cmake_args=None, catkin_cmake_args=None, catkin_skip_building_tests=False, verb_parser=<colcon_defaults.argument_parser.defaults.DefaultArgumentsDecorator object at 0x78c956c83da0>, verb_extension=<colcon_core.verb.build.BuildVerb object at 0x78c956c82c60>, main=<bound method BuildVerb.main of <colcon_core.verb.build.BuildVerb object at 0x78c956c82c60>>)
[0.068s] Level 1:colcon.colcon_core.package_discovery:discover_packages(colcon_meta) check parameters
[0.068s] Level 1:colcon.colcon_core.package_discovery:discover_packages(recursive) check parameters
[0.068s] Level 1:colcon.colcon_core.package_discovery:discover_packages(ignore) check parameters
[0.068s] Level 1:colcon.colcon_core.package_discovery:discover_packages(path) check parameters
[0.068s] Level 1:colcon.colcon_core.package_discovery:discover_packages(colcon_meta) discover
[0.068s] Level 1:colcon.colcon_core.package_discovery:discover_packages(recursive) discover
[0.068s] INFO:colcon.colcon_core.package_discovery:Crawling recursively for packages in '/home/xybxy123/w_work/ros2_ws'
[0.068s] Level 1:colcon.colcon_core.package_identification:_identify(.) by extensions ['ignore', 'ignore_ament_install']
[0.068s] Level 1:colcon.colcon_core.package_identification:_identify(.) by extension 'ignore'
[0.068s] Level 1:colcon.colcon_core.package_identification:_identify(.) by extension 'ignore_ament_install'
[0.068s] Level 1:colcon.colcon_core.package_identification:_identify(.) by extensions ['colcon_pkg']
[0.068s] Level 1:colcon.colcon_core.package_identification:_identify(.) by extension 'colcon_pkg'
[0.068s] Level 1:colcon.colcon_core.package_identification:_identify(.) by extensions ['colcon_meta']
[0.068s] Level 1:colcon.colcon_core.package_identification:_identify(.) by extension 'colcon_meta'
[0.068s] Level 1:colcon.colcon_core.package_identification:_identify(.) by extensions ['ros']
[0.068s] Level 1:colcon.colcon_core.package_identification:_identify(.) by extension 'ros'
[0.081s] Level 1:colcon.colcon_core.package_identification:_identify(.) by extensions ['cmake', 'python']
[0.081s] Level 1:colcon.colcon_core.package_identification:_identify(.) by extension 'cmake'
[0.081s] Level 1:colcon.colcon_core.package_identification:_identify(.) by extension 'python'
[0.081s] Level 1:colcon.colcon_core.package_identification:_identify(.) by extensions ['python_setup_py']
[0.081s] Level 1:colcon.colcon_core.package_identification:_identify(.) by extension 'python_setup_py'
[0.081s] Level 1:colcon.colcon_core.package_identification:_identify(build) by extensions ['ignore', 'ignore_ament_install']
[0.081s] Level 1:colcon.colcon_core.package_identification:_identify(build) by extension 'ignore'
[0.081s] Level 1:colcon.colcon_core.package_identification:_identify(build) ignored
[0.081s] Level 1:colcon.colcon_core.package_identification:_identify(install) by extensions ['ignore', 'ignore_ament_install']
[0.082s] Level 1:colcon.colcon_core.package_identification:_identify(install) by extension 'ignore'
[0.082s] Level 1:colcon.colcon_core.package_identification:_identify(install) ignored
[0.082s] Level 1:colcon.colcon_core.package_identification:_identify(log) by extensions ['ignore', 'ignore_ament_install']
[0.082s] Level 1:colcon.colcon_core.package_identification:_identify(log) by extension 'ignore'
[0.082s] Level 1:colcon.colcon_core.package_identification:_identify(log) ignored
[0.082s] Level 1:colcon.colcon_core.package_identification:_identify(src) by extensions ['ignore', 'ignore_ament_install']
[0.082s] Level 1:colcon.colcon_core.package_identification:_identify(src) by extension 'ignore'
[0.082s] Level 1:colcon.colcon_core.package_identification:_identify(src) by extension 'ignore_ament_install'
[0.082s] Level 1:colcon.colcon_core.package_identification:_identify(src) by extensions ['colcon_pkg']
[0.082s] Level 1:colcon.colcon_core.package_identification:_identify(src) by extension 'colcon_pkg'
[0.082s] Level 1:colcon.colcon_core.package_identification:_identify(src) by extensions ['colcon_meta']
[0.082s] Level 1:colcon.colcon_core.package_identification:_identify(src) by extension 'colcon_meta'
[0.082s] Level 1:colcon.colcon_core.package_identification:_identify(src) by extensions ['ros']
[0.082s] Level 1:colcon.colcon_core.package_identification:_identify(src) by extension 'ros'
[0.082s] Level 1:colcon.colcon_core.package_identification:_identify(src) by extensions ['cmake', 'python']
[0.082s] Level 1:colcon.colcon_core.package_identification:_identify(src) by extension 'cmake'
[0.082s] Level 1:colcon.colcon_core.package_identification:_identify(src) by extension 'python'
[0.082s] Level 1:colcon.colcon_core.package_identification:_identify(src) by extensions ['python_setup_py']
[0.082s] Level 1:colcon.colcon_core.package_identification:_identify(src) by extension 'python_setup_py'
[0.082s] Level 1:colcon.colcon_core.package_identification:_identify(src/input_img) by extensions ['ignore', 'ignore_ament_install']
[0.082s] Level 1:colcon.colcon_core.package_identification:_identify(src/input_img) by extension 'ignore'
[0.082s] Level 1:colcon.colcon_core.package_identification:_identify(src/input_img) by extension 'ignore_ament_install'
[0.082s] Level 1:colcon.colcon_core.package_identification:_identify(src/input_img) by extensions ['colcon_pkg']
[0.082s] Level 1:colcon.colcon_core.package_identification:_identify(src/input_img) by extension 'colcon_pkg'
[0.082s] Level 1:colcon.colcon_core.package_identification:_identify(src/input_img) by extensions ['colcon_meta']
[0.082s] Level 1:colcon.colcon_core.package_identification:_identify(src/input_img) by extension 'colcon_meta'
[0.082s] Level 1:colcon.colcon_core.package_identification:_identify(src/input_img) by extensions ['ros']
[0.082s] Level 1:colcon.colcon_core.package_identification:_identify(src/input_img) by extension 'ros'
[0.084s] DEBUG:colcon.colcon_core.package_identification:Package 'src/input_img' with type 'ros.ament_cmake' and name 'input_img'
[0.084s] Level 1:colcon.colcon_core.package_identification:_identify(src/ros2_yolos_cpp) by extensions ['ignore', 'ignore_ament_install']
[0.084s] Level 1:colcon.colcon_core.package_identification:_identify(src/ros2_yolos_cpp) by extension 'ignore'
[0.084s] Level 1:colcon.colcon_core.package_identification:_identify(src/ros2_yolos_cpp) by extension 'ignore_ament_install'
[0.084s] Level 1:colcon.colcon_core.package_identification:_identify(src/ros2_yolos_cpp) by extensions ['colcon_pkg']
[0.084s] Level 1:colcon.colcon_core.package_identification:_identify(src/ros2_yolos_cpp) by extension 'colcon_pkg'
[0.084s] Level 1:colcon.colcon_core.package_identification:_identify(src/ros2_yolos_cpp) by extensions ['colcon_meta']
[0.084s] Level 1:colcon.colcon_core.package_identification:_identify(src/ros2_yolos_cpp) by extension 'colcon_meta'
[0.084s] Level 1:colcon.colcon_core.package_identification:_identify(src/ros2_yolos_cpp) by extensions ['ros']
[0.084s] Level 1:colcon.colcon_core.package_identification:_identify(src/ros2_yolos_cpp) by extension 'ros'
[0.084s] DEBUG:colcon.colcon_core.package_identification:Package 'src/ros2_yolos_cpp' with type 'ros.ament_cmake' and name 'ros2_yolos_cpp'
[0.084s] Level 1:colcon.colcon_core.package_identification:_identify(src/slam_toolbox) by extensions ['ignore', 'ignore_ament_install']
[0.084s] Level 1:colcon.colcon_core.package_identification:_identify(src/slam_toolbox) by extension 'ignore'
[0.085s] Level 1:colcon.colcon_core.package_identification:_identify(src/slam_toolbox) by extension 'ignore_ament_install'
[0.085s] Level 1:colcon.colcon_core.package_identification:_identify(src/slam_toolbox) by extensions ['colcon_pkg']
[0.085s] Level 1:colcon.colcon_core.package_identification:_identify(src/slam_toolbox) by extension 'colcon_pkg'
[0.085s] Level 1:colcon.colcon_core.package_identification:_identify(src/slam_toolbox) by extensions ['colcon_meta']
[0.085s] Level 1:colcon.colcon_core.package_identification:_identify(src/slam_toolbox) by extension 'colcon_meta'
[0.085s] Level 1:colcon.colcon_core.package_identification:_identify(src/slam_toolbox) by extensions ['ros']
[0.085s] Level 1:colcon.colcon_core.package_identification:_identify(src/slam_toolbox) by extension 'ros'
[0.085s] DEBUG:colcon.colcon_core.package_identification:Package 'src/slam_toolbox' with type 'ros.ament_cmake' and name 'slam_toolbox'
[0.085s] Level 1:colcon.colcon_core.package_identification:_identify(src/ydlidar_ros2_driver) by extensions ['ignore', 'ignore_ament_install']
[0.085s] Level 1:colcon.colcon_core.package_identification:_identify(src/ydlidar_ros2_driver) by extension 'ignore'
[0.085s] Level 1:colcon.colcon_core.package_identification:_identify(src/ydlidar_ros2_driver) by extension 'ignore_ament_install'
[0.085s] Level 1:colcon.colcon_core.package_identification:_identify(src/ydlidar_ros2_driver) by extensions ['colcon_pkg']
[0.085s] Level 1:colcon.colcon_core.package_identification:_identify(src/ydlidar_ros2_driver) by extension 'colcon_pkg'
[0.085s] Level 1:colcon.colcon_core.package_identification:_identify(src/ydlidar_ros2_driver) by extensions ['colcon_meta']
[0.086s] Level 1:colcon.colcon_core.package_identification:_identify(src/ydlidar_ros2_driver) by extension 'colcon_meta'
[0.086s] Level 1:colcon.colcon_core.package_identification:_identify(src/ydlidar_ros2_driver) by extensions ['ros']
[0.086s] Level 1:colcon.colcon_core.package_identification:_identify(src/ydlidar_ros2_driver) by extension 'ros'
[0.086s] DEBUG:colcon.colcon_core.package_identification:Package 'src/ydlidar_ros2_driver' with type 'ros.ament_cmake' and name 'ydlidar_ros2_driver'
[0.086s] Level 1:colcon.colcon_core.package_discovery:discover_packages(recursive) using defaults
[0.086s] Level 1:colcon.colcon_core.package_discovery:discover_packages(ignore) discover
[0.086s] Level 1:colcon.colcon_core.package_discovery:discover_packages(ignore) using defaults
[0.086s] Level 1:colcon.colcon_core.package_discovery:discover_packages(path) discover
[0.086s] Level 1:colcon.colcon_core.package_discovery:discover_packages(path) using defaults
[0.095s] INFO:colcon.colcon_core.package_selection:Skipping not selected package 'input_img' in 'src/input_img'
[0.096s] INFO:colcon.colcon_core.package_selection:Skipping not selected package 'ros2_yolos_cpp' in 'src/ros2_yolos_cpp'
[0.096s] INFO:colcon.colcon_core.package_selection:Skipping not selected package 'ydlidar_ros2_driver' in 'src/ydlidar_ros2_driver'
[0.096s] Level 1:colcon.colcon_core.package_discovery:discover_packages(prefix_path) check parameters
[0.096s] Level 1:colcon.colcon_core.package_discovery:discover_packages(prefix_path) discover
[0.097s] DEBUG:colcon.colcon_installed_package_information.package_discovery:Found 375 installed packages in /opt/ros/jazzy
[0.098s] Level 1:colcon.colcon_core.package_discovery:discover_packages(prefix_path) using defaults
[0.117s] Level 5:colcon.colcon_core.verb:set package 'slam_toolbox' build argument 'cmake_args' from command line to '['-DCMAKE_BUILD_TYPE=Release']'
[0.118s] Level 5:colcon.colcon_core.verb:set package 'slam_toolbox' build argument 'cmake_target' from command line to 'None'
[0.118s] Level 5:colcon.colcon_core.verb:set package 'slam_toolbox' build argument 'cmake_target_skip_unavailable' from command line to 'False'
[0.118s] Level 5:colcon.colcon_core.verb:set package 'slam_toolbox' build argument 'cmake_clean_cache' from command line to 'False'
[0.118s] Level 5:colcon.colcon_core.verb:set package 'slam_toolbox' build argument 'cmake_clean_first' from command line to 'False'
[0.118s] Level 5:colcon.colcon_core.verb:set package 'slam_toolbox' build argument 'cmake_force_configure' from command line to 'False'
[0.118s] Level 5:colcon.colcon_core.verb:set package 'slam_toolbox' build argument 'ament_cmake_args' from command line to 'None'
[0.118s] Level 5:colcon.colcon_core.verb:set package 'slam_toolbox' build argument 'catkin_cmake_args' from command line to 'None'
[0.118s] Level 5:colcon.colcon_core.verb:set package 'slam_toolbox' build argument 'catkin_skip_building_tests' from command line to 'False'
[0.118s] DEBUG:colcon.colcon_core.verb:Building package 'slam_toolbox' with the following arguments: {'ament_cmake_args': None, 'build_base': '/home/xybxy123/w_work/ros2_ws/build/slam_toolbox', 'catkin_cmake_args': None, 'catkin_skip_building_tests': False, 'cmake_args': ['-DCMAKE_BUILD_TYPE=Release'], 'cmake_clean_cache': False, 'cmake_clean_first': False, 'cmake_force_configure': False, 'cmake_target': None, 'cmake_target_skip_unavailable': False, 'install_base': '/home/xybxy123/w_work/ros2_ws/install/slam_toolbox', 'merge_install': False, 'path': '/home/xybxy123/w_work/ros2_ws/src/slam_toolbox', 'symlink_install': True, 'test_result_base': None}
[0.118s] INFO:colcon.colcon_core.executor:Executing jobs using 'parallel' executor
[0.118s] DEBUG:colcon.colcon_parallel_executor.executor.parallel:run_until_complete
[0.118s] INFO:colcon.colcon_ros.task.ament_cmake.build:Building ROS package in '/home/xybxy123/w_work/ros2_ws/src/slam_toolbox' with build type 'ament_cmake'
[0.118s] INFO:colcon.colcon_cmake.task.cmake.build:Building CMake package in '/home/xybxy123/w_work/ros2_ws/src/slam_toolbox'
[0.119s] INFO:colcon.colcon_core.plugin_system:Skipping extension 'colcon_core.shell.bat': Not used on non-Windows systems
[0.120s] INFO:colcon.colcon_core.shell:Skip shell extension 'powershell' for command environment: Not usable outside of PowerShell
[0.120s] DEBUG:colcon.colcon_core.shell:Skip shell extension 'dsv' for command environment
[0.126s] DEBUG:colcon.colcon_core.event_handler.log_command:Invoking command in '/home/xybxy123/w_work/ros2_ws/build/slam_toolbox': CMAKE_PREFIX_PATH=${CMAKE_PREFIX_PATH}:/opt/ros/jazzy DEBUGINFOD_URLS=https://debuginfod.ubuntu.com /usr/bin/cmake /home/xybxy123/w_work/ros2_ws/src/slam_toolbox -DCMAKE_BUILD_TYPE=Release -DAMENT_CMAKE_SYMLINK_INSTALL=1 -DCMAKE_INSTALL_PREFIX=/home/xybxy123/w_work/ros2_ws/install/slam_toolbox
[5.191s] DEBUG:colcon.colcon_core.event_handler.log_command:Invoked command in '/home/xybxy123/w_work/ros2_ws/build/slam_toolbox' returned '0': CMAKE_PREFIX_PATH=${CMAKE_PREFIX_PATH}:/opt/ros/jazzy DEBUGINFOD_URLS=https://debuginfod.ubuntu.com /usr/bin/cmake /home/xybxy123/w_work/ros2_ws/src/slam_toolbox -DCMAKE_BUILD_TYPE=Release -DAMENT_CMAKE_SYMLINK_INSTALL=1 -DCMAKE_INSTALL_PREFIX=/home/xybxy123/w_work/ros2_ws/install/slam_toolbox
[5.193s] DEBUG:colcon.colcon_core.event_handler.log_command:Invoking command in '/home/xybxy123/w_work/ros2_ws/build/slam_toolbox': CMAKE_PREFIX_PATH=${CMAKE_PREFIX_PATH}:/opt/ros/jazzy DEBUGINFOD_URLS=https://debuginfod.ubuntu.com /usr/bin/cmake --build /home/xybxy123/w_work/ros2_ws/build/slam_toolbox -- -j24 -l24
[67.922s] DEBUG:colcon.colcon_core.event_handler.log_command:Invoked command in '/home/xybxy123/w_work/ros2_ws/build/slam_toolbox' returned '0': CMAKE_PREFIX_PATH=${CMAKE_PREFIX_PATH}:/opt/ros/jazzy DEBUGINFOD_URLS=https://debuginfod.ubuntu.com /usr/bin/cmake --build /home/xybxy123/w_work/ros2_ws/build/slam_toolbox -- -j24 -l24
[67.931s] DEBUG:colcon.colcon_core.event_handler.log_command:Invoking command in '/home/xybxy123/w_work/ros2_ws/build/slam_toolbox': CMAKE_PREFIX_PATH=${CMAKE_PREFIX_PATH}:/opt/ros/jazzy DEBUGINFOD_URLS=https://debuginfod.ubuntu.com /usr/bin/cmake --install /home/xybxy123/w_work/ros2_ws/build/slam_toolbox
[70.400s] Level 1:colcon.colcon_core.environment:create_environment_scripts_only(slam_toolbox)
[70.401s] DEBUG:colcon.colcon_core.event_handler.log_command:Invoked command in '/home/xybxy123/w_work/ros2_ws/build/slam_toolbox' returned '0': CMAKE_PREFIX_PATH=${CMAKE_PREFIX_PATH}:/opt/ros/jazzy DEBUGINFOD_URLS=https://debuginfod.ubuntu.com /usr/bin/cmake --install /home/xybxy123/w_work/ros2_ws/build/slam_toolbox
[70.405s] Level 1:colcon.colcon_core.environment:checking '/home/xybxy123/w_work/ros2_ws/install/slam_toolbox' for CMake module files
[70.405s] Level 1:colcon.colcon_core.environment:checking '/home/xybxy123/w_work/ros2_ws/install/slam_toolbox' for CMake config files
[70.406s] Level 1:colcon.colcon_core.shell:create_environment_hook('slam_toolbox', 'cmake_prefix_path')
[70.407s] INFO:colcon.colcon_core.shell:Creating environment hook '/home/xybxy123/w_work/ros2_ws/install/slam_toolbox/share/slam_toolbox/hook/cmake_prefix_path.ps1'
[70.407s] INFO:colcon.colcon_core.shell:Creating environment descriptor '/home/xybxy123/w_work/ros2_ws/install/slam_toolbox/share/slam_toolbox/hook/cmake_prefix_path.dsv'
[70.407s] INFO:colcon.colcon_core.shell:Creating environment hook '/home/xybxy123/w_work/ros2_ws/install/slam_toolbox/share/slam_toolbox/hook/cmake_prefix_path.sh'
[70.407s] Level 1:colcon.colcon_core.environment:checking '/home/xybxy123/w_work/ros2_ws/install/slam_toolbox/lib'
[70.408s] Level 1:colcon.colcon_core.shell:create_environment_hook('slam_toolbox', 'ld_library_path_lib')
[70.408s] INFO:colcon.colcon_core.shell:Creating environment hook '/home/xybxy123/w_work/ros2_ws/install/slam_toolbox/share/slam_toolbox/hook/ld_library_path_lib.ps1'
[70.408s] INFO:colcon.colcon_core.shell:Creating environment descriptor '/home/xybxy123/w_work/ros2_ws/install/slam_toolbox/share/slam_toolbox/hook/ld_library_path_lib.dsv'
[70.408s] INFO:colcon.colcon_core.shell:Creating environment hook '/home/xybxy123/w_work/ros2_ws/install/slam_toolbox/share/slam_toolbox/hook/ld_library_path_lib.sh'
[70.408s] Level 1:colcon.colcon_core.environment:checking '/home/xybxy123/w_work/ros2_ws/install/slam_toolbox/bin'
[70.408s] Level 1:colcon.colcon_core.environment:checking '/home/xybxy123/w_work/ros2_ws/install/slam_toolbox/lib/pkgconfig/slam_toolbox.pc'
[70.408s] Level 1:colcon.colcon_core.environment:checking '/home/xybxy123/w_work/ros2_ws/install/slam_toolbox/lib/python3.12/site-packages'
[70.408s] Level 1:colcon.colcon_core.shell:create_environment_hook('slam_toolbox', 'pythonpath')
[70.408s] INFO:colcon.colcon_core.shell:Creating environment hook '/home/xybxy123/w_work/ros2_ws/install/slam_toolbox/share/slam_toolbox/hook/pythonpath.ps1'
[70.409s] INFO:colcon.colcon_core.shell:Creating environment descriptor '/home/xybxy123/w_work/ros2_ws/install/slam_toolbox/share/slam_toolbox/hook/pythonpath.dsv'
[70.409s] INFO:colcon.colcon_core.shell:Creating environment hook '/home/xybxy123/w_work/ros2_ws/install/slam_toolbox/share/slam_toolbox/hook/pythonpath.sh'
[70.409s] Level 1:colcon.colcon_core.environment:checking '/home/xybxy123/w_work/ros2_ws/install/slam_toolbox/bin'
[70.409s] INFO:colcon.colcon_core.shell:Creating package script '/home/xybxy123/w_work/ros2_ws/install/slam_toolbox/share/slam_toolbox/package.ps1'
[70.410s] INFO:colcon.colcon_core.shell:Creating package descriptor '/home/xybxy123/w_work/ros2_ws/install/slam_toolbox/share/slam_toolbox/package.dsv'
[70.410s] INFO:colcon.colcon_core.shell:Creating package script '/home/xybxy123/w_work/ros2_ws/install/slam_toolbox/share/slam_toolbox/package.sh'
[70.410s] INFO:colcon.colcon_core.shell:Creating package script '/home/xybxy123/w_work/ros2_ws/install/slam_toolbox/share/slam_toolbox/package.bash'
[70.411s] INFO:colcon.colcon_core.shell:Creating package script '/home/xybxy123/w_work/ros2_ws/install/slam_toolbox/share/slam_toolbox/package.zsh'
[70.411s] Level 1:colcon.colcon_core.environment:create_file_with_runtime_dependencies(/home/xybxy123/w_work/ros2_ws/install/slam_toolbox/share/colcon-core/packages/slam_toolbox)
[70.411s] Level 1:colcon.colcon_core.environment:create_environment_scripts_only(slam_toolbox)
[70.411s] Level 1:colcon.colcon_core.environment:checking '/home/xybxy123/w_work/ros2_ws/install/slam_toolbox' for CMake module files
[70.412s] Level 1:colcon.colcon_core.environment:checking '/home/xybxy123/w_work/ros2_ws/install/slam_toolbox' for CMake config files
[70.412s] Level 1:colcon.colcon_core.shell:create_environment_hook('slam_toolbox', 'cmake_prefix_path')
[70.412s] INFO:colcon.colcon_core.shell:Creating environment hook '/home/xybxy123/w_work/ros2_ws/install/slam_toolbox/share/slam_toolbox/hook/cmake_prefix_path.ps1'
[70.413s] INFO:colcon.colcon_core.shell:Creating environment descriptor '/home/xybxy123/w_work/ros2_ws/install/slam_toolbox/share/slam_toolbox/hook/cmake_prefix_path.dsv'
[70.413s] INFO:colcon.colcon_core.shell:Creating environment hook '/home/xybxy123/w_work/ros2_ws/install/slam_toolbox/share/slam_toolbox/hook/cmake_prefix_path.sh'
[70.413s] Level 1:colcon.colcon_core.environment:checking '/home/xybxy123/w_work/ros2_ws/install/slam_toolbox/lib'
[70.413s] Level 1:colcon.colcon_core.shell:create_environment_hook('slam_toolbox', 'ld_library_path_lib')
[70.413s] INFO:colcon.colcon_core.shell:Creating environment hook '/home/xybxy123/w_work/ros2_ws/install/slam_toolbox/share/slam_toolbox/hook/ld_library_path_lib.ps1'
[70.413s] INFO:colcon.colcon_core.shell:Creating environment descriptor '/home/xybxy123/w_work/ros2_ws/install/slam_toolbox/share/slam_toolbox/hook/ld_library_path_lib.dsv'
[70.414s] INFO:colcon.colcon_core.shell:Creating environment hook '/home/xybxy123/w_work/ros2_ws/install/slam_toolbox/share/slam_toolbox/hook/ld_library_path_lib.sh'
[70.414s] Level 1:colcon.colcon_core.environment:checking '/home/xybxy123/w_work/ros2_ws/install/slam_toolbox/bin'
[70.414s] Level 1:colcon.colcon_core.environment:checking '/home/xybxy123/w_work/ros2_ws/install/slam_toolbox/lib/pkgconfig/slam_toolbox.pc'
[70.414s] Level 1:colcon.colcon_core.environment:checking '/home/xybxy123/w_work/ros2_ws/install/slam_toolbox/lib/python3.12/site-packages'
[70.414s] Level 1:colcon.colcon_core.shell:create_environment_hook('slam_toolbox', 'pythonpath')
[70.414s] INFO:colcon.colcon_core.shell:Creating environment hook '/home/xybxy123/w_work/ros2_ws/install/slam_toolbox/share/slam_toolbox/hook/pythonpath.ps1'
[70.414s] INFO:colcon.colcon_core.shell:Creating environment descriptor '/home/xybxy123/w_work/ros2_ws/install/slam_toolbox/share/slam_toolbox/hook/pythonpath.dsv'
[70.414s] INFO:colcon.colcon_core.shell:Creating environment hook '/home/xybxy123/w_work/ros2_ws/install/slam_toolbox/share/slam_toolbox/hook/pythonpath.sh'
[70.415s] Level 1:colcon.colcon_core.environment:checking '/home/xybxy123/w_work/ros2_ws/install/slam_toolbox/bin'
[70.415s] INFO:colcon.colcon_core.shell:Creating package script '/home/xybxy123/w_work/ros2_ws/install/slam_toolbox/share/slam_toolbox/package.ps1'
[70.415s] INFO:colcon.colcon_core.shell:Creating package descriptor '/home/xybxy123/w_work/ros2_ws/install/slam_toolbox/share/slam_toolbox/package.dsv'
[70.415s] INFO:colcon.colcon_core.shell:Creating package script '/home/xybxy123/w_work/ros2_ws/install/slam_toolbox/share/slam_toolbox/package.sh'
[70.415s] INFO:colcon.colcon_core.shell:Creating package script '/home/xybxy123/w_work/ros2_ws/install/slam_toolbox/share/slam_toolbox/package.bash'
[70.416s] INFO:colcon.colcon_core.shell:Creating package script '/home/xybxy123/w_work/ros2_ws/install/slam_toolbox/share/slam_toolbox/package.zsh'
[70.416s] Level 1:colcon.colcon_core.environment:create_file_with_runtime_dependencies(/home/xybxy123/w_work/ros2_ws/install/slam_toolbox/share/colcon-core/packages/slam_toolbox)
[70.416s] DEBUG:colcon.colcon_parallel_executor.executor.parallel:closing loop
[70.416s] DEBUG:colcon.colcon_parallel_executor.executor.parallel:loop closed
[70.416s] DEBUG:colcon.colcon_parallel_executor.executor.parallel:run_until_complete finished with '0'
[70.416s] DEBUG:colcon.colcon_core.event_reactor:joining thread
[70.420s] INFO:colcon.colcon_core.plugin_system:Skipping extension 'colcon_notification.desktop_notification.terminal_notifier': Not used on non-Darwin systems
[70.420s] INFO:colcon.colcon_core.plugin_system:Skipping extension 'colcon_notification.desktop_notification.win32': Not used on non-Windows systems
[70.420s] INFO:colcon.colcon_notification.desktop_notification:Sending desktop notification using 'notify2'
[70.438s] DEBUG:colcon.colcon_core.event_reactor:joined thread
[70.438s] INFO:colcon.colcon_core.shell:Creating prefix script '/home/xybxy123/w_work/ros2_ws/install/local_setup.ps1'
[70.439s] INFO:colcon.colcon_core.shell:Creating prefix util module '/home/xybxy123/w_work/ros2_ws/install/_local_setup_util_ps1.py'
[70.440s] INFO:colcon.colcon_core.shell:Creating prefix chain script '/home/xybxy123/w_work/ros2_ws/install/setup.ps1'
[70.442s] INFO:colcon.colcon_core.shell:Creating prefix script '/home/xybxy123/w_work/ros2_ws/install/local_setup.sh'
[70.442s] INFO:colcon.colcon_core.shell:Creating prefix util module '/home/xybxy123/w_work/ros2_ws/install/_local_setup_util_sh.py'
[70.443s] INFO:colcon.colcon_core.shell:Creating prefix chain script '/home/xybxy123/w_work/ros2_ws/install/setup.sh'
[70.444s] INFO:colcon.colcon_core.shell:Creating prefix script '/home/xybxy123/w_work/ros2_ws/install/local_setup.bash'
[70.445s] INFO:colcon.colcon_core.shell:Creating prefix chain script '/home/xybxy123/w_work/ros2_ws/install/setup.bash'
[70.446s] INFO:colcon.colcon_core.shell:Creating prefix script '/home/xybxy123/w_work/ros2_ws/install/local_setup.zsh'
[70.446s] INFO:colcon.colcon_core.shell:Creating prefix chain script '/home/xybxy123/w_work/ros2_ws/install/setup.zsh'
