[0.015s] Invoking command in '/home/xybxy123/w_work/ros2_ws/build/depth_camera_pub': CMAKE_PREFIX_PATH=${CMAKE_PREFIX_PATH}:/opt/ros/jazzy DEBUGINFOD_URLS=https://debuginfod.ubuntu.com /usr/bin/cmake --build /home/xybxy123/w_work/ros2_ws/build/depth_camera_pub -- -j24 -l24
[0.062s] [100%] Built target depth_camera_pub_node
[0.072s] Invoked command in '/home/xybxy123/w_work/ros2_ws/build/depth_camera_pub' returned '0': CMAKE_PREFIX_PATH=${CMAKE_PREFIX_PATH}:/opt/ros/jazzy DEBUGINFOD_URLS=https://debuginfod.ubuntu.com /usr/bin/cmake --build /home/xybxy123/w_work/ros2_ws/build/depth_camera_pub -- -j24 -l24
[0.078s] Invoking command in '/home/xybxy123/w_work/ros2_ws/build/depth_camera_pub': CMAKE_PREFIX_PATH=${CMAKE_PREFIX_PATH}:/opt/ros/jazzy DEBUGINFOD_URLS=https://debuginfod.ubuntu.com /usr/bin/cmake --install /home/xybxy123/w_work/ros2_ws/build/depth_camera_pub
[0.085s] -- Install configuration: ""
[0.086s] -- Up-to-date: /home/xybxy123/w_work/ros2_ws/install/depth_camera_pub/lib/depth_camera_pub/depth_camera_pub_node
[0.087s] -- Up-to-date: /home/xybxy123/w_work/ros2_ws/install/depth_camera_pub/share/ament_index/resource_index/package_run_dependencies/depth_camera_pub
[0.088s] -- Up-to-date: /home/xybxy123/w_work/ros2_ws/install/depth_camera_pub/share/ament_index/resource_index/parent_prefix_path/depth_camera_pub
[0.088s] -- Up-to-date: /home/xybxy123/w_work/ros2_ws/install/depth_camera_pub/share/depth_camera_pub/environment/ament_prefix_path.sh
[0.089s] -- Up-to-date: /home/xybxy123/w_work/ros2_ws/install/depth_camera_pub/share/depth_camera_pub/environment/ament_prefix_path.dsv
[0.089s] -- Up-to-date: /home/xybxy123/w_work/ros2_ws/install/depth_camera_pub/share/depth_camera_pub/environment/path.sh
[0.090s] -- Up-to-date: /home/xybxy123/w_work/ros2_ws/install/depth_camera_pub/share/depth_camera_pub/environment/path.dsv
[0.090s] -- Up-to-date: /home/xybxy123/w_work/ros2_ws/install/depth_camera_pub/share/depth_camera_pub/local_setup.bash
[0.090s] -- Up-to-date: /home/xybxy123/w_work/ros2_ws/install/depth_camera_pub/share/depth_camera_pub/local_setup.sh
[0.091s] -- Up-to-date: /home/xybxy123/w_work/ros2_ws/install/depth_camera_pub/share/depth_camera_pub/local_setup.zsh
[0.091s] -- Up-to-date: /home/xybxy123/w_work/ros2_ws/install/depth_camera_pub/share/depth_camera_pub/local_setup.dsv
[0.092s] -- Installing: /home/xybxy123/w_work/ros2_ws/install/depth_camera_pub/share/depth_camera_pub/package.dsv
[0.093s] -- Up-to-date: /home/xybxy123/w_work/ros2_ws/install/depth_camera_pub/share/ament_index/resource_index/packages/depth_camera_pub
[0.093s] -- Up-to-date: /home/xybxy123/w_work/ros2_ws/install/depth_camera_pub/share/depth_camera_pub/cmake/depth_camera_pubConfig.cmake
[0.093s] -- Up-to-date: /home/xybxy123/w_work/ros2_ws/install/depth_camera_pub/share/depth_camera_pub/cmake/depth_camera_pubConfig-version.cmake
[0.093s] -- Up-to-date: /home/xybxy123/w_work/ros2_ws/install/depth_camera_pub/share/depth_camera_pub/package.xml
[0.107s] Invoked command in '/home/xybxy123/w_work/ros2_ws/build/depth_camera_pub' returned '0': CMAKE_PREFIX_PATH=${CMAKE_PREFIX_PATH}:/opt/ros/jazzy DEBUGINFOD_URLS=https://debuginfod.ubuntu.com /usr/bin/cmake --install /home/xybxy123/w_work/ros2_ws/build/depth_camera_pub
