-- The C compiler identification is GNU 11.5.0
-- The CXX compiler identification is GNU 11.5.0
-- Detecting C compiler ABI info
-- Detecting C compiler ABI info - done
-- Check for working C compiler: /usr/bin/cc - skipped
-- Detecting C compile features
-- Detecting C compile features - done
-- Detecting CXX compiler ABI info
-- Detecting CXX compiler ABI info - done
-- Check for working CXX compiler: /usr/bin/c++ - skipped
-- Detecting CXX compile features
-- Detecting CXX compile features - done
-- Found ament_cmake: 2.5.5 (/opt/ros/jazzy/share/ament_cmake/cmake)
-- Found Python3: /usr/bin/python3 (found version "3.12.3") found components: Interpreter 
-- Found rclcpp: 28.1.16 (/opt/ros/jazzy/share/rclcpp/cmake)
-- Found rosidl_generator_c: 4.6.7 (/opt/ros/jazzy/share/rosidl_generator_c/cmake)
-- Found rosidl_generator_cpp: 4.6.7 (/opt/ros/jazzy/share/rosidl_generator_cpp/cmake)
-- Using all available rosidl_typesupport_c: rosidl_typesupport_fastrtps_c;rosidl_typesupport_introspection_c
-- Using all available rosidl_typesupport_cpp: rosidl_typesupport_fastrtps_cpp;rosidl_typesupport_introspection_cpp
-- Found rmw_implementation_cmake: 7.3.3 (/opt/ros/jazzy/share/rmw_implementation_cmake/cmake)
-- Found rmw_fastrtps_cpp: 8.4.3 (/opt/ros/jazzy/share/rmw_fastrtps_cpp/cmake)
-- Found OpenSSL: /usr/lib/x86_64-linux-gnu/libcrypto.so (found version "3.0.13")  
-- Found FastRTPS: /opt/ros/jazzy/include (Required is at least version "2.13") 
-- Using RMW implementation 'rmw_fastrtps_cpp' as default
-- Found sensor_msgs: 5.3.6 (/opt/ros/jazzy/share/sensor_msgs/cmake)
-- Found cv_bridge: 4.1.0 (/opt/ros/jazzy/share/cv_bridge/cmake)
-- Found OpenCV: /usr/local (found suitable version "4.8.0", minimum required is "4") found components: core highgui videoio imgproc dnn 
-- Configuring done (0.8s)
-- Generating done (0.0s)
-- Build files have been written to: /home/xybxy123/w_work/ros2_ws/build/input_img
[ 75%] [32mBuilding CXX object CMakeFiles/yolo_main_node.dir/src/predict.cpp.o[0m
[ 75%] [32mBuilding CXX object CMakeFiles/yolo_main_node.dir/src/yolo_node.cpp.o[0m
[ 75%] [32mBuilding CXX object CMakeFiles/yolo_main_node.dir/src/track.cpp.o[0m
[100%] [32m[1mLinking CXX executable yolo_main_node[0m
[100%] Built target yolo_main_node
-- Install configuration: ""
-- Installing: /home/xybxy123/w_work/ros2_ws/install/input_img/lib/input_img/yolo_main_node
-- Set non-toolchain portion of runtime path of "/home/xybxy123/w_work/ros2_ws/install/input_img/lib/input_img/yolo_main_node" to ""
-- Installing: /home/xybxy123/w_work/ros2_ws/install/input_img/share/input_img/launch
-- Installing: /home/xybxy123/w_work/ros2_ws/install/input_img/share/ament_index/resource_index/package_run_dependencies/input_img
-- Installing: /home/xybxy123/w_work/ros2_ws/install/input_img/share/ament_index/resource_index/parent_prefix_path/input_img
-- Installing: /home/xybxy123/w_work/ros2_ws/install/input_img/share/input_img/environment/ament_prefix_path.sh
-- Installing: /home/xybxy123/w_work/ros2_ws/install/input_img/share/input_img/environment/ament_prefix_path.dsv
-- Installing: /home/xybxy123/w_work/ros2_ws/install/input_img/share/input_img/environment/path.sh
-- Installing: /home/xybxy123/w_work/ros2_ws/install/input_img/share/input_img/environment/path.dsv
-- Installing: /home/xybxy123/w_work/ros2_ws/install/input_img/share/input_img/local_setup.bash
-- Installing: /home/xybxy123/w_work/ros2_ws/install/input_img/share/input_img/local_setup.sh
-- Installing: /home/xybxy123/w_work/ros2_ws/install/input_img/share/input_img/local_setup.zsh
-- Installing: /home/xybxy123/w_work/ros2_ws/install/input_img/share/input_img/local_setup.dsv
-- Installing: /home/xybxy123/w_work/ros2_ws/install/input_img/share/input_img/package.dsv
-- Installing: /home/xybxy123/w_work/ros2_ws/install/input_img/share/ament_index/resource_index/packages/input_img
-- Installing: /home/xybxy123/w_work/ros2_ws/install/input_img/share/input_img/cmake/input_imgConfig.cmake
-- Installing: /home/xybxy123/w_work/ros2_ws/install/input_img/share/input_img/cmake/input_imgConfig-version.cmake
-- Installing: /home/xybxy123/w_work/ros2_ws/install/input_img/share/input_img/package.xml
