[  0%] Built target ros2_yolos_cpp__rosidl_generator_type_description
[  2%] Built target gtest_main
[  2%] Built target ament_cmake_python_copy_ros2_yolos_cpp
[  3%] Built target gtest
[  5%] Built target yolos_classifier_node
[  7%] Built target yolos_detector_node
[  8%] Built target yolos_segmentor_node
[ 10%] Built target yolos_pose_node
[ 12%] Built target yolos_obb_node
[ 13%] Built target ros2_yolos_cpp__cpp
[ 27%] Built target ros2_yolos_cpp__rosidl_generator_c
[ 40%] Built target ros2_yolos_cpp__rosidl_typesupport_fastrtps_cpp
[ 40%] Built target ros2_yolos_cpp__rosidl_typesupport_cpp
[ 46%] Built target ros2_yolos_cpp__rosidl_typesupport_introspection_c
[ 52%] Built target ros2_yolos_cpp__rosidl_typesupport_c
[ 64%] Built target ros2_yolos_cpp__rosidl_typesupport_introspection_cpp
[ 64%] Built target ros2_yolos_cpp__rosidl_typesupport_fastrtps_c
[ 64%] Built target ros2_yolos_cpp
[ 65%] Built target ros2_yolos_cpp__py
[ 66%] [32mBuilding CXX object CMakeFiles/ros2_yolos_cpp_components.dir/src/nodes/detector_node.cpp.o[0m
[ 72%] Built target ros2_yolos_cpp__rosidl_generator_py
[ 74%] Built target ros2_yolos_cpp_s__rosidl_typesupport_introspection_c
[ 76%] Built target ros2_yolos_cpp_s__rosidl_typesupport_c
[ 78%] Built target ros2_yolos_cpp_s__rosidl_typesupport_fastrtps_c
running egg_info
writing ros2_yolos_cpp.egg-info/PKG-INFO
writing dependency_links to ros2_yolos_cpp.egg-info/dependency_links.txt
writing top-level names to ros2_yolos_cpp.egg-info/top_level.txt
reading manifest file 'ros2_yolos_cpp.egg-info/SOURCES.txt'
writing manifest file 'ros2_yolos_cpp.egg-info/SOURCES.txt'
[ 78%] Built target ament_cmake_python_build_ros2_yolos_cpp_egg
[ 78%] [32m[1mLinking CXX shared library libros2_yolos_cpp_components.so[0m
[ 90%] Built target ros2_yolos_cpp_components
[ 92%] [32m[1mLinking CXX executable test_detection_converter[0m
[ 92%] [32m[1mLinking CXX executable test_integration_segmentation[0m
[ 92%] [32m[1mLinking CXX executable test_integration_obb[0m
[ 93%] [32m[1mLinking CXX executable test_integration_classification[0m
[ 94%] [32m[1mLinking CXX executable test_integration_pose[0m
[ 95%] [32m[1mLinking CXX executable test_integration_detection[0m
[ 95%] Built target test_detection_converter
[ 96%] Built target test_integration_obb
[ 98%] Built target test_integration_detection
[ 98%] Built target test_integration_classification
[ 99%] Built target test_integration_pose
[100%] Built target test_integration_segmentation
-- Install configuration: "Release"
-- Up-to-date: /home/xybxy123/w_work/ros2_ws/install/ros2_yolos_cpp/share/ament_index/resource_index/rosidl_interfaces/ros2_yolos_cpp
-- Up-to-date: /home/xybxy123/w_work/ros2_ws/install/ros2_yolos_cpp/share/ros2_yolos_cpp/msg/OrientedBoundingBox2D.json
-- Up-to-date: /home/xybxy123/w_work/ros2_ws/install/ros2_yolos_cpp/share/ros2_yolos_cpp/msg/OBBDetection2D.json
-- Up-to-date: /home/xybxy123/w_work/ros2_ws/install/ros2_yolos_cpp/share/ros2_yolos_cpp/msg/OBBDetection2DArray.json
-- Up-to-date: /home/xybxy123/w_work/ros2_ws/install/ros2_yolos_cpp/share/ros2_yolos_cpp/msg/KeyPoint2D.json
-- Up-to-date: /home/xybxy123/w_work/ros2_ws/install/ros2_yolos_cpp/share/ros2_yolos_cpp/msg/KeyPoint2DArray.json
-- Up-to-date: /home/xybxy123/w_work/ros2_ws/install/ros2_yolos_cpp/include/ros2_yolos_cpp/ros2_yolos_cpp
-- Up-to-date: /home/xybxy123/w_work/ros2_ws/install/ros2_yolos_cpp/include/ros2_yolos_cpp/ros2_yolos_cpp/msg
-- Up-to-date: /home/xybxy123/w_work/ros2_ws/install/ros2_yolos_cpp/include/ros2_yolos_cpp/ros2_yolos_cpp/msg/oriented_bounding_box2_d.h
-- Up-to-date: /home/xybxy123/w_work/ros2_ws/install/ros2_yolos_cpp/include/ros2_yolos_cpp/ros2_yolos_cpp/msg/obb_detection2_d_array.h
-- Up-to-date: /home/xybxy123/w_work/ros2_ws/install/ros2_yolos_cpp/include/ros2_yolos_cpp/ros2_yolos_cpp/msg/key_point2_d.h
-- Up-to-date: /home/xybxy123/w_work/ros2_ws/install/ros2_yolos_cpp/include/ros2_yolos_cpp/ros2_yolos_cpp/msg/detail
-- Up-to-date: /home/xybxy123/w_work/ros2_ws/install/ros2_yolos_cpp/include/ros2_yolos_cpp/ros2_yolos_cpp/msg/detail/obb_detection2_d__functions.c
-- Up-to-date: /home/xybxy123/w_work/ros2_ws/install/ros2_yolos_cpp/include/ros2_yolos_cpp/ros2_yolos_cpp/msg/detail/obb_detection2_d_array__functions.h
-- Up-to-date: /home/xybxy123/w_work/ros2_ws/install/ros2_yolos_cpp/include/ros2_yolos_cpp/ros2_yolos_cpp/msg/detail/oriented_bounding_box2_d__functions.c
-- Up-to-date: /home/xybxy123/w_work/ros2_ws/install/ros2_yolos_cpp/include/ros2_yolos_cpp/ros2_yolos_cpp/msg/detail/key_point2_d__struct.h
-- Up-to-date: /home/xybxy123/w_work/ros2_ws/install/ros2_yolos_cpp/include/ros2_yolos_cpp/ros2_yolos_cpp/msg/detail/oriented_bounding_box2_d__type_support.h
-- Up-to-date: /home/xybxy123/w_work/ros2_ws/install/ros2_yolos_cpp/include/ros2_yolos_cpp/ros2_yolos_cpp/msg/detail/oriented_bounding_box2_d__type_support.c
-- Up-to-date: /home/xybxy123/w_work/ros2_ws/install/ros2_yolos_cpp/include/ros2_yolos_cpp/ros2_yolos_cpp/msg/detail/oriented_bounding_box2_d__description.c
-- Up-to-date: /home/xybxy123/w_work/ros2_ws/install/ros2_yolos_cpp/include/ros2_yolos_cpp/ros2_yolos_cpp/msg/detail/key_point2_d__functions.h
-- Up-to-date: /home/xybxy123/w_work/ros2_ws/install/ros2_yolos_cpp/include/ros2_yolos_cpp/ros2_yolos_cpp/msg/detail/oriented_bounding_box2_d__struct.h
-- Up-to-date: /home/xybxy123/w_work/ros2_ws/install/ros2_yolos_cpp/include/ros2_yolos_cpp/ros2_yolos_cpp/msg/detail/obb_detection2_d_array__functions.c
-- Up-to-date: /home/xybxy123/w_work/ros2_ws/install/ros2_yolos_cpp/include/ros2_yolos_cpp/ros2_yolos_cpp/msg/detail/obb_detection2_d__description.c
-- Up-to-date: /home/xybxy123/w_work/ros2_ws/install/ros2_yolos_cpp/include/ros2_yolos_cpp/ros2_yolos_cpp/msg/detail/key_point2_d__functions.c
-- Up-to-date: /home/xybxy123/w_work/ros2_ws/install/ros2_yolos_cpp/include/ros2_yolos_cpp/ros2_yolos_cpp/msg/detail/obb_detection2_d_array__description.c
-- Up-to-date: /home/xybxy123/w_work/ros2_ws/install/ros2_yolos_cpp/include/ros2_yolos_cpp/ros2_yolos_cpp/msg/detail/obb_detection2_d__type_support.c
-- Up-to-date: /home/xybxy123/w_work/ros2_ws/install/ros2_yolos_cpp/include/ros2_yolos_cpp/ros2_yolos_cpp/msg/detail/obb_detection2_d__struct.h
-- Up-to-date: /home/xybxy123/w_work/ros2_ws/install/ros2_yolos_cpp/include/ros2_yolos_cpp/ros2_yolos_cpp/msg/detail/obb_detection2_d_array__type_support.h
-- Up-to-date: /home/xybxy123/w_work/ros2_ws/install/ros2_yolos_cpp/include/ros2_yolos_cpp/ros2_yolos_cpp/msg/detail/obb_detection2_d__type_support.h
-- Up-to-date: /home/xybxy123/w_work/ros2_ws/install/ros2_yolos_cpp/include/ros2_yolos_cpp/ros2_yolos_cpp/msg/detail/obb_detection2_d_array__struct.h
-- Up-to-date: /home/xybxy123/w_work/ros2_ws/install/ros2_yolos_cpp/include/ros2_yolos_cpp/ros2_yolos_cpp/msg/detail/key_point2_d__description.c
-- Up-to-date: /home/xybxy123/w_work/ros2_ws/install/ros2_yolos_cpp/include/ros2_yolos_cpp/ros2_yolos_cpp/msg/detail/key_point2_d_array__struct.h
-- Up-to-date: /home/xybxy123/w_work/ros2_ws/install/ros2_yolos_cpp/include/ros2_yolos_cpp/ros2_yolos_cpp/msg/detail/obb_detection2_d__functions.h
-- Up-to-date: /home/xybxy123/w_work/ros2_ws/install/ros2_yolos_cpp/include/ros2_yolos_cpp/ros2_yolos_cpp/msg/detail/key_point2_d__type_support.c
-- Up-to-date: /home/xybxy123/w_work/ros2_ws/install/ros2_yolos_cpp/include/ros2_yolos_cpp/ros2_yolos_cpp/msg/detail/oriented_bounding_box2_d__functions.h
-- Up-to-date: /home/xybxy123/w_work/ros2_ws/install/ros2_yolos_cpp/include/ros2_yolos_cpp/ros2_yolos_cpp/msg/detail/key_point2_d_array__functions.c
-- Up-to-date: /home/xybxy123/w_work/ros2_ws/install/ros2_yolos_cpp/include/ros2_yolos_cpp/ros2_yolos_cpp/msg/detail/obb_detection2_d_array__type_support.c
-- Up-to-date: /home/xybxy123/w_work/ros2_ws/install/ros2_yolos_cpp/include/ros2_yolos_cpp/ros2_yolos_cpp/msg/detail/key_point2_d_array__description.c
-- Up-to-date: /home/xybxy123/w_work/ros2_ws/install/ros2_yolos_cpp/include/ros2_yolos_cpp/ros2_yolos_cpp/msg/detail/key_point2_d__type_support.h
-- Up-to-date: /home/xybxy123/w_work/ros2_ws/install/ros2_yolos_cpp/include/ros2_yolos_cpp/ros2_yolos_cpp/msg/detail/key_point2_d_array__type_support.c
-- Up-to-date: /home/xybxy123/w_work/ros2_ws/install/ros2_yolos_cpp/include/ros2_yolos_cpp/ros2_yolos_cpp/msg/detail/key_point2_d_array__type_support.h
-- Up-to-date: /home/xybxy123/w_work/ros2_ws/install/ros2_yolos_cpp/include/ros2_yolos_cpp/ros2_yolos_cpp/msg/detail/key_point2_d_array__functions.h
-- Up-to-date: /home/xybxy123/w_work/ros2_ws/install/ros2_yolos_cpp/include/ros2_yolos_cpp/ros2_yolos_cpp/msg/rosidl_generator_c__visibility_control.h
-- Up-to-date: /home/xybxy123/w_work/ros2_ws/install/ros2_yolos_cpp/include/ros2_yolos_cpp/ros2_yolos_cpp/msg/obb_detection2_d.h
-- Up-to-date: /home/xybxy123/w_work/ros2_ws/install/ros2_yolos_cpp/include/ros2_yolos_cpp/ros2_yolos_cpp/msg/key_point2_d_array.h
-- Up-to-date: /home/xybxy123/w_work/ros2_ws/install/ros2_yolos_cpp/share/ros2_yolos_cpp/environment/library_path.sh
-- Up-to-date: /home/xybxy123/w_work/ros2_ws/install/ros2_yolos_cpp/share/ros2_yolos_cpp/environment/library_path.dsv
-- Up-to-date: /home/xybxy123/w_work/ros2_ws/install/ros2_yolos_cpp/lib/libros2_yolos_cpp__rosidl_generator_c.so
-- Up-to-date: /home/xybxy123/w_work/ros2_ws/install/ros2_yolos_cpp/include/ros2_yolos_cpp/ros2_yolos_cpp
-- Up-to-date: /home/xybxy123/w_work/ros2_ws/install/ros2_yolos_cpp/include/ros2_yolos_cpp/ros2_yolos_cpp/msg
-- Up-to-date: /home/xybxy123/w_work/ros2_ws/install/ros2_yolos_cpp/include/ros2_yolos_cpp/ros2_yolos_cpp/msg/rosidl_typesupport_fastrtps_c__visibility_control.h
-- Up-to-date: /home/xybxy123/w_work/ros2_ws/install/ros2_yolos_cpp/include/ros2_yolos_cpp/ros2_yolos_cpp/msg/detail
-- Up-to-date: /home/xybxy123/w_work/ros2_ws/install/ros2_yolos_cpp/include/ros2_yolos_cpp/ros2_yolos_cpp/msg/detail/key_point2_d__rosidl_typesupport_fastrtps_c.h
-- Up-to-date: /home/xybxy123/w_work/ros2_ws/install/ros2_yolos_cpp/include/ros2_yolos_cpp/ros2_yolos_cpp/msg/detail/key_point2_d_array__rosidl_typesupport_fastrtps_c.h
-- Up-to-date: /home/xybxy123/w_work/ros2_ws/install/ros2_yolos_cpp/include/ros2_yolos_cpp/ros2_yolos_cpp/msg/detail/oriented_bounding_box2_d__rosidl_typesupport_fastrtps_c.h
-- Up-to-date: /home/xybxy123/w_work/ros2_ws/install/ros2_yolos_cpp/include/ros2_yolos_cpp/ros2_yolos_cpp/msg/detail/obb_detection2_d__rosidl_typesupport_fastrtps_c.h
-- Up-to-date: /home/xybxy123/w_work/ros2_ws/install/ros2_yolos_cpp/include/ros2_yolos_cpp/ros2_yolos_cpp/msg/detail/obb_detection2_d_array__rosidl_typesupport_fastrtps_c.h
-- Up-to-date: /home/xybxy123/w_work/ros2_ws/install/ros2_yolos_cpp/lib/libros2_yolos_cpp__rosidl_typesupport_fastrtps_c.so
-- Up-to-date: /home/xybxy123/w_work/ros2_ws/install/ros2_yolos_cpp/include/ros2_yolos_cpp/ros2_yolos_cpp
-- Up-to-date: /home/xybxy123/w_work/ros2_ws/install/ros2_yolos_cpp/include/ros2_yolos_cpp/ros2_yolos_cpp/msg
-- Up-to-date: /home/xybxy123/w_work/ros2_ws/install/ros2_yolos_cpp/include/ros2_yolos_cpp/ros2_yolos_cpp/msg/obb_detection2_d.hpp
-- Up-to-date: /home/xybxy123/w_work/ros2_ws/install/ros2_yolos_cpp/include/ros2_yolos_cpp/ros2_yolos_cpp/msg/key_point2_d.hpp
-- Up-to-date: /home/xybxy123/w_work/ros2_ws/install/ros2_yolos_cpp/include/ros2_yolos_cpp/ros2_yolos_cpp/msg/detail
-- Up-to-date: /home/xybxy123/w_work/ros2_ws/install/ros2_yolos_cpp/include/ros2_yolos_cpp/ros2_yolos_cpp/msg/detail/oriented_bounding_box2_d__traits.hpp
-- Up-to-date: /home/xybxy123/w_work/ros2_ws/install/ros2_yolos_cpp/include/ros2_yolos_cpp/ros2_yolos_cpp/msg/detail/key_point2_d_array__struct.hpp
-- Up-to-date: /home/xybxy123/w_work/ros2_ws/install/ros2_yolos_cpp/include/ros2_yolos_cpp/ros2_yolos_cpp/msg/detail/key_point2_d__type_support.hpp
-- Up-to-date: /home/xybxy123/w_work/ros2_ws/install/ros2_yolos_cpp/include/ros2_yolos_cpp/ros2_yolos_cpp/msg/detail/key_point2_d_array__type_support.hpp
-- Up-to-date: /home/xybxy123/w_work/ros2_ws/install/ros2_yolos_cpp/include/ros2_yolos_cpp/ros2_yolos_cpp/msg/detail/obb_detection2_d_array__traits.hpp
-- Up-to-date: /home/xybxy123/w_work/ros2_ws/install/ros2_yolos_cpp/include/ros2_yolos_cpp/ros2_yolos_cpp/msg/detail/oriented_bounding_box2_d__type_support.hpp
-- Up-to-date: /home/xybxy123/w_work/ros2_ws/install/ros2_yolos_cpp/include/ros2_yolos_cpp/ros2_yolos_cpp/msg/detail/key_point2_d__builder.hpp
-- Up-to-date: /home/xybxy123/w_work/ros2_ws/install/ros2_yolos_cpp/include/ros2_yolos_cpp/ros2_yolos_cpp/msg/detail/obb_detection2_d_array__struct.hpp
-- Up-to-date: /home/xybxy123/w_work/ros2_ws/install/ros2_yolos_cpp/include/ros2_yolos_cpp/ros2_yolos_cpp/msg/detail/key_point2_d_array__builder.hpp
-- Up-to-date: /home/xybxy123/w_work/ros2_ws/install/ros2_yolos_cpp/include/ros2_yolos_cpp/ros2_yolos_cpp/msg/detail/key_point2_d_array__traits.hpp
-- Up-to-date: /home/xybxy123/w_work/ros2_ws/install/ros2_yolos_cpp/include/ros2_yolos_cpp/ros2_yolos_cpp/msg/detail/obb_detection2_d__struct.hpp
-- Up-to-date: /home/xybxy123/w_work/ros2_ws/install/ros2_yolos_cpp/include/ros2_yolos_cpp/ros2_yolos_cpp/msg/detail/obb_detection2_d_array__type_support.hpp
-- Up-to-date: /home/xybxy123/w_work/ros2_ws/install/ros2_yolos_cpp/include/ros2_yolos_cpp/ros2_yolos_cpp/msg/detail/key_point2_d__struct.hpp
-- Up-to-date: /home/xybxy123/w_work/ros2_ws/install/ros2_yolos_cpp/include/ros2_yolos_cpp/ros2_yolos_cpp/msg/detail/obb_detection2_d__traits.hpp
-- Up-to-date: /home/xybxy123/w_work/ros2_ws/install/ros2_yolos_cpp/include/ros2_yolos_cpp/ros2_yolos_cpp/msg/detail/obb_detection2_d__type_support.hpp
-- Up-to-date: /home/xybxy123/w_work/ros2_ws/install/ros2_yolos_cpp/include/ros2_yolos_cpp/ros2_yolos_cpp/msg/detail/obb_detection2_d__builder.hpp
-- Up-to-date: /home/xybxy123/w_work/ros2_ws/install/ros2_yolos_cpp/include/ros2_yolos_cpp/ros2_yolos_cpp/msg/detail/key_point2_d__traits.hpp
-- Up-to-date: /home/xybxy123/w_work/ros2_ws/install/ros2_yolos_cpp/include/ros2_yolos_cpp/ros2_yolos_cpp/msg/detail/obb_detection2_d_array__builder.hpp
-- Up-to-date: /home/xybxy123/w_work/ros2_ws/install/ros2_yolos_cpp/include/ros2_yolos_cpp/ros2_yolos_cpp/msg/detail/oriented_bounding_box2_d__struct.hpp
-- Up-to-date: /home/xybxy123/w_work/ros2_ws/install/ros2_yolos_cpp/include/ros2_yolos_cpp/ros2_yolos_cpp/msg/detail/oriented_bounding_box2_d__builder.hpp
-- Up-to-date: /home/xybxy123/w_work/ros2_ws/install/ros2_yolos_cpp/include/ros2_yolos_cpp/ros2_yolos_cpp/msg/oriented_bounding_box2_d.hpp
-- Up-to-date: /home/xybxy123/w_work/ros2_ws/install/ros2_yolos_cpp/include/ros2_yolos_cpp/ros2_yolos_cpp/msg/obb_detection2_d_array.hpp
-- Up-to-date: /home/xybxy123/w_work/ros2_ws/install/ros2_yolos_cpp/include/ros2_yolos_cpp/ros2_yolos_cpp/msg/rosidl_generator_cpp__visibility_control.hpp
-- Up-to-date: /home/xybxy123/w_work/ros2_ws/install/ros2_yolos_cpp/include/ros2_yolos_cpp/ros2_yolos_cpp/msg/key_point2_d_array.hpp
-- Up-to-date: /home/xybxy123/w_work/ros2_ws/install/ros2_yolos_cpp/include/ros2_yolos_cpp/ros2_yolos_cpp
-- Up-to-date: /home/xybxy123/w_work/ros2_ws/install/ros2_yolos_cpp/include/ros2_yolos_cpp/ros2_yolos_cpp/msg
-- Up-to-date: /home/xybxy123/w_work/ros2_ws/install/ros2_yolos_cpp/include/ros2_yolos_cpp/ros2_yolos_cpp/msg/rosidl_typesupport_fastrtps_cpp__visibility_control.h
-- Up-to-date: /home/xybxy123/w_work/ros2_ws/install/ros2_yolos_cpp/include/ros2_yolos_cpp/ros2_yolos_cpp/msg/detail
-- Up-to-date: /home/xybxy123/w_work/ros2_ws/install/ros2_yolos_cpp/include/ros2_yolos_cpp/ros2_yolos_cpp/msg/detail/dds_fastrtps
-- Up-to-date: /home/xybxy123/w_work/ros2_ws/install/ros2_yolos_cpp/include/ros2_yolos_cpp/ros2_yolos_cpp/msg/detail/obb_detection2_d__rosidl_typesupport_fastrtps_cpp.hpp
-- Up-to-date: /home/xybxy123/w_work/ros2_ws/install/ros2_yolos_cpp/include/ros2_yolos_cpp/ros2_yolos_cpp/msg/detail/key_point2_d__rosidl_typesupport_fastrtps_cpp.hpp
-- Up-to-date: /home/xybxy123/w_work/ros2_ws/install/ros2_yolos_cpp/include/ros2_yolos_cpp/ros2_yolos_cpp/msg/detail/oriented_bounding_box2_d__rosidl_typesupport_fastrtps_cpp.hpp
-- Up-to-date: /home/xybxy123/w_work/ros2_ws/install/ros2_yolos_cpp/include/ros2_yolos_cpp/ros2_yolos_cpp/msg/detail/key_point2_d_array__rosidl_typesupport_fastrtps_cpp.hpp
-- Up-to-date: /home/xybxy123/w_work/ros2_ws/install/ros2_yolos_cpp/include/ros2_yolos_cpp/ros2_yolos_cpp/msg/detail/obb_detection2_d_array__rosidl_typesupport_fastrtps_cpp.hpp
-- Up-to-date: /home/xybxy123/w_work/ros2_ws/install/ros2_yolos_cpp/lib/libros2_yolos_cpp__rosidl_typesupport_fastrtps_cpp.so
-- Up-to-date: /home/xybxy123/w_work/ros2_ws/install/ros2_yolos_cpp/include/ros2_yolos_cpp/ros2_yolos_cpp
-- Up-to-date: /home/xybxy123/w_work/ros2_ws/install/ros2_yolos_cpp/include/ros2_yolos_cpp/ros2_yolos_cpp/msg
-- Up-to-date: /home/xybxy123/w_work/ros2_ws/install/ros2_yolos_cpp/include/ros2_yolos_cpp/ros2_yolos_cpp/msg/rosidl_typesupport_introspection_c__visibility_control.h
-- Up-to-date: /home/xybxy123/w_work/ros2_ws/install/ros2_yolos_cpp/include/ros2_yolos_cpp/ros2_yolos_cpp/msg/detail
-- Up-to-date: /home/xybxy123/w_work/ros2_ws/install/ros2_yolos_cpp/include/ros2_yolos_cpp/ros2_yolos_cpp/msg/detail/oriented_bounding_box2_d__type_support.c
-- Up-to-date: /home/xybxy123/w_work/ros2_ws/install/ros2_yolos_cpp/include/ros2_yolos_cpp/ros2_yolos_cpp/msg/detail/key_point2_d_array__rosidl_typesupport_introspection_c.h
-- Up-to-date: /home/xybxy123/w_work/ros2_ws/install/ros2_yolos_cpp/include/ros2_yolos_cpp/ros2_yolos_cpp/msg/detail/key_point2_d__rosidl_typesupport_introspection_c.h
-- Up-to-date: /home/xybxy123/w_work/ros2_ws/install/ros2_yolos_cpp/include/ros2_yolos_cpp/ros2_yolos_cpp/msg/detail/obb_detection2_d__rosidl_typesupport_introspection_c.h
-- Up-to-date: /home/xybxy123/w_work/ros2_ws/install/ros2_yolos_cpp/include/ros2_yolos_cpp/ros2_yolos_cpp/msg/detail/obb_detection2_d__type_support.c
-- Up-to-date: /home/xybxy123/w_work/ros2_ws/install/ros2_yolos_cpp/include/ros2_yolos_cpp/ros2_yolos_cpp/msg/detail/obb_detection2_d_array__rosidl_typesupport_introspection_c.h
-- Up-to-date: /home/xybxy123/w_work/ros2_ws/install/ros2_yolos_cpp/include/ros2_yolos_cpp/ros2_yolos_cpp/msg/detail/key_point2_d__type_support.c
-- Up-to-date: /home/xybxy123/w_work/ros2_ws/install/ros2_yolos_cpp/include/ros2_yolos_cpp/ros2_yolos_cpp/msg/detail/obb_detection2_d_array__type_support.c
-- Up-to-date: /home/xybxy123/w_work/ros2_ws/install/ros2_yolos_cpp/include/ros2_yolos_cpp/ros2_yolos_cpp/msg/detail/key_point2_d_array__type_support.c
-- Up-to-date: /home/xybxy123/w_work/ros2_ws/install/ros2_yolos_cpp/include/ros2_yolos_cpp/ros2_yolos_cpp/msg/detail/oriented_bounding_box2_d__rosidl_typesupport_introspection_c.h
-- Up-to-date: /home/xybxy123/w_work/ros2_ws/install/ros2_yolos_cpp/lib/libros2_yolos_cpp__rosidl_typesupport_introspection_c.so
-- Up-to-date: /home/xybxy123/w_work/ros2_ws/install/ros2_yolos_cpp/lib/libros2_yolos_cpp__rosidl_typesupport_c.so
-- Up-to-date: /home/xybxy123/w_work/ros2_ws/install/ros2_yolos_cpp/include/ros2_yolos_cpp/ros2_yolos_cpp
-- Up-to-date: /home/xybxy123/w_work/ros2_ws/install/ros2_yolos_cpp/include/ros2_yolos_cpp/ros2_yolos_cpp/msg
-- Up-to-date: /home/xybxy123/w_work/ros2_ws/install/ros2_yolos_cpp/include/ros2_yolos_cpp/ros2_yolos_cpp/msg/detail
-- Up-to-date: /home/xybxy123/w_work/ros2_ws/install/ros2_yolos_cpp/include/ros2_yolos_cpp/ros2_yolos_cpp/msg/detail/key_point2_d_array__rosidl_typesupport_introspection_cpp.hpp
-- Up-to-date: /home/xybxy123/w_work/ros2_ws/install/ros2_yolos_cpp/include/ros2_yolos_cpp/ros2_yolos_cpp/msg/detail/obb_detection2_d_array__type_support.cpp
-- Up-to-date: /home/xybxy123/w_work/ros2_ws/install/ros2_yolos_cpp/include/ros2_yolos_cpp/ros2_yolos_cpp/msg/detail/obb_detection2_d__type_support.cpp
-- Up-to-date: /home/xybxy123/w_work/ros2_ws/install/ros2_yolos_cpp/include/ros2_yolos_cpp/ros2_yolos_cpp/msg/detail/obb_detection2_d_array__rosidl_typesupport_introspection_cpp.hpp
-- Up-to-date: /home/xybxy123/w_work/ros2_ws/install/ros2_yolos_cpp/include/ros2_yolos_cpp/ros2_yolos_cpp/msg/detail/oriented_bounding_box2_d__type_support.cpp
-- Up-to-date: /home/xybxy123/w_work/ros2_ws/install/ros2_yolos_cpp/include/ros2_yolos_cpp/ros2_yolos_cpp/msg/detail/obb_detection2_d__rosidl_typesupport_introspection_cpp.hpp
-- Up-to-date: /home/xybxy123/w_work/ros2_ws/install/ros2_yolos_cpp/include/ros2_yolos_cpp/ros2_yolos_cpp/msg/detail/key_point2_d_array__type_support.cpp
-- Up-to-date: /home/xybxy123/w_work/ros2_ws/install/ros2_yolos_cpp/include/ros2_yolos_cpp/ros2_yolos_cpp/msg/detail/key_point2_d__rosidl_typesupport_introspection_cpp.hpp
-- Up-to-date: /home/xybxy123/w_work/ros2_ws/install/ros2_yolos_cpp/include/ros2_yolos_cpp/ros2_yolos_cpp/msg/detail/oriented_bounding_box2_d__rosidl_typesupport_introspection_cpp.hpp
-- Up-to-date: /home/xybxy123/w_work/ros2_ws/install/ros2_yolos_cpp/include/ros2_yolos_cpp/ros2_yolos_cpp/msg/detail/key_point2_d__type_support.cpp
-- Up-to-date: /home/xybxy123/w_work/ros2_ws/install/ros2_yolos_cpp/lib/libros2_yolos_cpp__rosidl_typesupport_introspection_cpp.so
-- Up-to-date: /home/xybxy123/w_work/ros2_ws/install/ros2_yolos_cpp/lib/libros2_yolos_cpp__rosidl_typesupport_cpp.so
-- Up-to-date: /home/xybxy123/w_work/ros2_ws/install/ros2_yolos_cpp/share/ros2_yolos_cpp/environment/pythonpath.sh
-- Up-to-date: /home/xybxy123/w_work/ros2_ws/install/ros2_yolos_cpp/share/ros2_yolos_cpp/environment/pythonpath.dsv
-- Up-to-date: /home/xybxy123/w_work/ros2_ws/install/ros2_yolos_cpp/lib/python3.12/site-packages/ros2_yolos_cpp-1.0.0-py3.12.egg-info
-- Installing: /home/xybxy123/w_work/ros2_ws/install/ros2_yolos_cpp/lib/python3.12/site-packages/ros2_yolos_cpp-1.0.0-py3.12.egg-info/SOURCES.txt
-- Installing: /home/xybxy123/w_work/ros2_ws/install/ros2_yolos_cpp/lib/python3.12/site-packages/ros2_yolos_cpp-1.0.0-py3.12.egg-info/top_level.txt
-- Installing: /home/xybxy123/w_work/ros2_ws/install/ros2_yolos_cpp/lib/python3.12/site-packages/ros2_yolos_cpp-1.0.0-py3.12.egg-info/PKG-INFO
-- Installing: /home/xybxy123/w_work/ros2_ws/install/ros2_yolos_cpp/lib/python3.12/site-packages/ros2_yolos_cpp-1.0.0-py3.12.egg-info/dependency_links.txt
-- Up-to-date: /home/xybxy123/w_work/ros2_ws/install/ros2_yolos_cpp/lib/python3.12/site-packages/ros2_yolos_cpp
-- Up-to-date: /home/xybxy123/w_work/ros2_ws/install/ros2_yolos_cpp/lib/python3.12/site-packages/ros2_yolos_cpp/ros2_yolos_cpp_s__rosidl_typesupport_fastrtps_c.so
-- Up-to-date: /home/xybxy123/w_work/ros2_ws/install/ros2_yolos_cpp/lib/python3.12/site-packages/ros2_yolos_cpp/ros2_yolos_cpp_s__rosidl_typesupport_introspection_c.so
-- Up-to-date: /home/xybxy123/w_work/ros2_ws/install/ros2_yolos_cpp/lib/python3.12/site-packages/ros2_yolos_cpp/_ros2_yolos_cpp_s.ep.rosidl_typesupport_introspection_c.c
-- Up-to-date: /home/xybxy123/w_work/ros2_ws/install/ros2_yolos_cpp/lib/python3.12/site-packages/ros2_yolos_cpp/__init__.py
-- Up-to-date: /home/xybxy123/w_work/ros2_ws/install/ros2_yolos_cpp/lib/python3.12/site-packages/ros2_yolos_cpp/_ros2_yolos_cpp_s.ep.rosidl_typesupport_c.c
-- Up-to-date: /home/xybxy123/w_work/ros2_ws/install/ros2_yolos_cpp/lib/python3.12/site-packages/ros2_yolos_cpp/ros2_yolos_cpp_s__rosidl_typesupport_c.so
-- Up-to-date: /home/xybxy123/w_work/ros2_ws/install/ros2_yolos_cpp/lib/python3.12/site-packages/ros2_yolos_cpp/_ros2_yolos_cpp_s.ep.rosidl_typesupport_fastrtps_c.c
-- Up-to-date: /home/xybxy123/w_work/ros2_ws/install/ros2_yolos_cpp/lib/python3.12/site-packages/ros2_yolos_cpp/msg
-- Up-to-date: /home/xybxy123/w_work/ros2_ws/install/ros2_yolos_cpp/lib/python3.12/site-packages/ros2_yolos_cpp/msg/_key_point2_d_array.py
-- Up-to-date: /home/xybxy123/w_work/ros2_ws/install/ros2_yolos_cpp/lib/python3.12/site-packages/ros2_yolos_cpp/msg/_obb_detection2_d_array.py
-- Up-to-date: /home/xybxy123/w_work/ros2_ws/install/ros2_yolos_cpp/lib/python3.12/site-packages/ros2_yolos_cpp/msg/_key_point2_d_array_s.c
-- Up-to-date: /home/xybxy123/w_work/ros2_ws/install/ros2_yolos_cpp/lib/python3.12/site-packages/ros2_yolos_cpp/msg/_key_point2_d.py
-- Up-to-date: /home/xybxy123/w_work/ros2_ws/install/ros2_yolos_cpp/lib/python3.12/site-packages/ros2_yolos_cpp/msg/_oriented_bounding_box2_d.py
-- Up-to-date: /home/xybxy123/w_work/ros2_ws/install/ros2_yolos_cpp/lib/python3.12/site-packages/ros2_yolos_cpp/msg/_obb_detection2_d_s.c
-- Up-to-date: /home/xybxy123/w_work/ros2_ws/install/ros2_yolos_cpp/lib/python3.12/site-packages/ros2_yolos_cpp/msg/__init__.py
-- Up-to-date: /home/xybxy123/w_work/ros2_ws/install/ros2_yolos_cpp/lib/python3.12/site-packages/ros2_yolos_cpp/msg/_obb_detection2_d_array_s.c
-- Up-to-date: /home/xybxy123/w_work/ros2_ws/install/ros2_yolos_cpp/lib/python3.12/site-packages/ros2_yolos_cpp/msg/_key_point2_d_s.c
-- Up-to-date: /home/xybxy123/w_work/ros2_ws/install/ros2_yolos_cpp/lib/python3.12/site-packages/ros2_yolos_cpp/msg/_obb_detection2_d.py
-- Up-to-date: /home/xybxy123/w_work/ros2_ws/install/ros2_yolos_cpp/lib/python3.12/site-packages/ros2_yolos_cpp/msg/_oriented_bounding_box2_d_s.c
Listing '/home/xybxy123/w_work/ros2_ws/install/ros2_yolos_cpp/lib/python3.12/site-packages/ros2_yolos_cpp'...
Listing '/home/xybxy123/w_work/ros2_ws/install/ros2_yolos_cpp/lib/python3.12/site-packages/ros2_yolos_cpp/msg'...
-- Up-to-date: /home/xybxy123/w_work/ros2_ws/install/ros2_yolos_cpp/lib/python3.12/site-packages/ros2_yolos_cpp/ros2_yolos_cpp_s__rosidl_typesupport_fastrtps_c.so
-- Up-to-date: /home/xybxy123/w_work/ros2_ws/install/ros2_yolos_cpp/lib/python3.12/site-packages/ros2_yolos_cpp/ros2_yolos_cpp_s__rosidl_typesupport_introspection_c.so
-- Up-to-date: /home/xybxy123/w_work/ros2_ws/install/ros2_yolos_cpp/lib/python3.12/site-packages/ros2_yolos_cpp/ros2_yolos_cpp_s__rosidl_typesupport_c.so
-- Up-to-date: /home/xybxy123/w_work/ros2_ws/install/ros2_yolos_cpp/lib/libros2_yolos_cpp__rosidl_generator_py.so
-- Up-to-date: /home/xybxy123/w_work/ros2_ws/install/ros2_yolos_cpp/share/ros2_yolos_cpp/msg/OrientedBoundingBox2D.idl
-- Up-to-date: /home/xybxy123/w_work/ros2_ws/install/ros2_yolos_cpp/share/ros2_yolos_cpp/msg/OBBDetection2D.idl
-- Up-to-date: /home/xybxy123/w_work/ros2_ws/install/ros2_yolos_cpp/share/ros2_yolos_cpp/msg/OBBDetection2DArray.idl
-- Up-to-date: /home/xybxy123/w_work/ros2_ws/install/ros2_yolos_cpp/share/ros2_yolos_cpp/msg/KeyPoint2D.idl
-- Up-to-date: /home/xybxy123/w_work/ros2_ws/install/ros2_yolos_cpp/share/ros2_yolos_cpp/msg/KeyPoint2DArray.idl
-- Up-to-date: /home/xybxy123/w_work/ros2_ws/install/ros2_yolos_cpp/share/ros2_yolos_cpp/msg/OrientedBoundingBox2D.msg
-- Up-to-date: /home/xybxy123/w_work/ros2_ws/install/ros2_yolos_cpp/share/ros2_yolos_cpp/msg/OBBDetection2D.msg
-- Up-to-date: /home/xybxy123/w_work/ros2_ws/install/ros2_yolos_cpp/share/ros2_yolos_cpp/msg/OBBDetection2DArray.msg
-- Up-to-date: /home/xybxy123/w_work/ros2_ws/install/ros2_yolos_cpp/share/ros2_yolos_cpp/msg/KeyPoint2D.msg
-- Up-to-date: /home/xybxy123/w_work/ros2_ws/install/ros2_yolos_cpp/share/ros2_yolos_cpp/msg/KeyPoint2DArray.msg
-- Up-to-date: /home/xybxy123/w_work/ros2_ws/install/ros2_yolos_cpp/lib/ros2_yolos_cpp/yolos_detector_node
-- Up-to-date: /home/xybxy123/w_work/ros2_ws/install/ros2_yolos_cpp/lib/ros2_yolos_cpp/yolos_segmentor_node
-- Up-to-date: /home/xybxy123/w_work/ros2_ws/install/ros2_yolos_cpp/lib/ros2_yolos_cpp/yolos_pose_node
-- Up-to-date: /home/xybxy123/w_work/ros2_ws/install/ros2_yolos_cpp/lib/ros2_yolos_cpp/yolos_obb_node
-- Up-to-date: /home/xybxy123/w_work/ros2_ws/install/ros2_yolos_cpp/lib/ros2_yolos_cpp/yolos_classifier_node
-- Installing: /home/xybxy123/w_work/ros2_ws/install/ros2_yolos_cpp/lib/libros2_yolos_cpp_components.so
-- Set non-toolchain portion of runtime path of "/home/xybxy123/w_work/ros2_ws/install/ros2_yolos_cpp/lib/libros2_yolos_cpp_components.so" to "/home/xybxy123/w_work/ros2_ws/build/ros2_yolos_cpp/onnxruntime/lib"
-- Up-to-date: /home/xybxy123/w_work/ros2_ws/install/ros2_yolos_cpp/include
-- Up-to-date: /home/xybxy123/w_work/ros2_ws/install/ros2_yolos_cpp/include/ros2_yolos_cpp
-- Up-to-date: /home/xybxy123/w_work/ros2_ws/install/ros2_yolos_cpp/include/ros2_yolos_cpp/nodes
-- Up-to-date: /home/xybxy123/w_work/ros2_ws/install/ros2_yolos_cpp/include/ros2_yolos_cpp/nodes/obb_node.hpp
-- Up-to-date: /home/xybxy123/w_work/ros2_ws/install/ros2_yolos_cpp/include/ros2_yolos_cpp/nodes/classifier_node.hpp
-- Up-to-date: /home/xybxy123/w_work/ros2_ws/install/ros2_yolos_cpp/include/ros2_yolos_cpp/nodes/pose_node.hpp
-- Up-to-date: /home/xybxy123/w_work/ros2_ws/install/ros2_yolos_cpp/include/ros2_yolos_cpp/nodes/segmentor_node.hpp
-- Up-to-date: /home/xybxy123/w_work/ros2_ws/install/ros2_yolos_cpp/include/ros2_yolos_cpp/nodes/detector_node.hpp
-- Up-to-date: /home/xybxy123/w_work/ros2_ws/install/ros2_yolos_cpp/include/ros2_yolos_cpp/visibility_control.hpp
-- Up-to-date: /home/xybxy123/w_work/ros2_ws/install/ros2_yolos_cpp/include/ros2_yolos_cpp/conversion
-- Up-to-date: /home/xybxy123/w_work/ros2_ws/install/ros2_yolos_cpp/include/ros2_yolos_cpp/conversion/classification_converter.hpp
-- Up-to-date: /home/xybxy123/w_work/ros2_ws/install/ros2_yolos_cpp/include/ros2_yolos_cpp/conversion/detection_converter.hpp
-- Up-to-date: /home/xybxy123/w_work/ros2_ws/install/ros2_yolos_cpp/include/ros2_yolos_cpp/conversion/pose_converter.hpp
-- Up-to-date: /home/xybxy123/w_work/ros2_ws/install/ros2_yolos_cpp/include/ros2_yolos_cpp/conversion/segmentation_converter.hpp
-- Up-to-date: /home/xybxy123/w_work/ros2_ws/install/ros2_yolos_cpp/include/ros2_yolos_cpp/conversion/obb_converter.hpp
-- Up-to-date: /home/xybxy123/w_work/ros2_ws/install/ros2_yolos_cpp/include/ros2_yolos_cpp/adapters
-- Up-to-date: /home/xybxy123/w_work/ros2_ws/install/ros2_yolos_cpp/include/ros2_yolos_cpp/adapters/detector_adapter.hpp
-- Up-to-date: /home/xybxy123/w_work/ros2_ws/install/ros2_yolos_cpp/include/ros2_yolos_cpp/adapters/pose_adapter.hpp
-- Up-to-date: /home/xybxy123/w_work/ros2_ws/install/ros2_yolos_cpp/include/ros2_yolos_cpp/adapters/yolos_adapter_base.hpp
-- Up-to-date: /home/xybxy123/w_work/ros2_ws/install/ros2_yolos_cpp/include/ros2_yolos_cpp/adapters/obb_adapter.hpp
-- Up-to-date: /home/xybxy123/w_work/ros2_ws/install/ros2_yolos_cpp/include/ros2_yolos_cpp/adapters/segmentor_adapter.hpp
-- Up-to-date: /home/xybxy123/w_work/ros2_ws/install/ros2_yolos_cpp/include/ros2_yolos_cpp/adapters/classifier_adapter.hpp
-- Up-to-date: /home/xybxy123/w_work/ros2_ws/install/ros2_yolos_cpp/share/ros2_yolos_cpp/launch
-- Up-to-date: /home/xybxy123/w_work/ros2_ws/install/ros2_yolos_cpp/share/ros2_yolos_cpp/launch/segmentor.launch.py
-- Up-to-date: /home/xybxy123/w_work/ros2_ws/install/ros2_yolos_cpp/share/ros2_yolos_cpp/launch/classifier.launch.py
-- Up-to-date: /home/xybxy123/w_work/ros2_ws/install/ros2_yolos_cpp/share/ros2_yolos_cpp/launch/obb.launch.py
-- Up-to-date: /home/xybxy123/w_work/ros2_ws/install/ros2_yolos_cpp/share/ros2_yolos_cpp/launch/pose.launch.py
-- Up-to-date: /home/xybxy123/w_work/ros2_ws/install/ros2_yolos_cpp/share/ros2_yolos_cpp/launch/detector.launch.py
-- Up-to-date: /home/xybxy123/w_work/ros2_ws/install/ros2_yolos_cpp/share/ros2_yolos_cpp/config
-- Up-to-date: /home/xybxy123/w_work/ros2_ws/install/ros2_yolos_cpp/share/ros2_yolos_cpp/config/default_params.yaml
-- Up-to-date: /home/xybxy123/w_work/ros2_ws/install/ros2_yolos_cpp/share/ament_index/resource_index/package_run_dependencies/ros2_yolos_cpp
-- Up-to-date: /home/xybxy123/w_work/ros2_ws/install/ros2_yolos_cpp/share/ament_index/resource_index/parent_prefix_path/ros2_yolos_cpp
-- Up-to-date: /home/xybxy123/w_work/ros2_ws/install/ros2_yolos_cpp/share/ros2_yolos_cpp/environment/ament_prefix_path.sh
-- Up-to-date: /home/xybxy123/w_work/ros2_ws/install/ros2_yolos_cpp/share/ros2_yolos_cpp/environment/ament_prefix_path.dsv
-- Up-to-date: /home/xybxy123/w_work/ros2_ws/install/ros2_yolos_cpp/share/ros2_yolos_cpp/environment/path.sh
-- Up-to-date: /home/xybxy123/w_work/ros2_ws/install/ros2_yolos_cpp/share/ros2_yolos_cpp/environment/path.dsv
-- Up-to-date: /home/xybxy123/w_work/ros2_ws/install/ros2_yolos_cpp/share/ros2_yolos_cpp/local_setup.bash
-- Up-to-date: /home/xybxy123/w_work/ros2_ws/install/ros2_yolos_cpp/share/ros2_yolos_cpp/local_setup.sh
-- Up-to-date: /home/xybxy123/w_work/ros2_ws/install/ros2_yolos_cpp/share/ros2_yolos_cpp/local_setup.zsh
-- Up-to-date: /home/xybxy123/w_work/ros2_ws/install/ros2_yolos_cpp/share/ros2_yolos_cpp/local_setup.dsv
-- Installing: /home/xybxy123/w_work/ros2_ws/install/ros2_yolos_cpp/share/ros2_yolos_cpp/package.dsv
-- Up-to-date: /home/xybxy123/w_work/ros2_ws/install/ros2_yolos_cpp/share/ament_index/resource_index/packages/ros2_yolos_cpp
-- Up-to-date: /home/xybxy123/w_work/ros2_ws/install/ros2_yolos_cpp/share/ros2_yolos_cpp/cmake/export_ros2_yolos_cpp__rosidl_generator_cExport.cmake
-- Up-to-date: /home/xybxy123/w_work/ros2_ws/install/ros2_yolos_cpp/share/ros2_yolos_cpp/cmake/export_ros2_yolos_cpp__rosidl_generator_cExport-release.cmake
-- Up-to-date: /home/xybxy123/w_work/ros2_ws/install/ros2_yolos_cpp/share/ros2_yolos_cpp/cmake/export_ros2_yolos_cpp__rosidl_typesupport_fastrtps_cExport.cmake
-- Up-to-date: /home/xybxy123/w_work/ros2_ws/install/ros2_yolos_cpp/share/ros2_yolos_cpp/cmake/export_ros2_yolos_cpp__rosidl_typesupport_fastrtps_cExport-release.cmake
-- Up-to-date: /home/xybxy123/w_work/ros2_ws/install/ros2_yolos_cpp/share/ros2_yolos_cpp/cmake/export_ros2_yolos_cpp__rosidl_generator_cppExport.cmake
-- Up-to-date: /home/xybxy123/w_work/ros2_ws/install/ros2_yolos_cpp/share/ros2_yolos_cpp/cmake/export_ros2_yolos_cpp__rosidl_typesupport_fastrtps_cppExport.cmake
-- Up-to-date: /home/xybxy123/w_work/ros2_ws/install/ros2_yolos_cpp/share/ros2_yolos_cpp/cmake/export_ros2_yolos_cpp__rosidl_typesupport_fastrtps_cppExport-release.cmake
-- Up-to-date: /home/xybxy123/w_work/ros2_ws/install/ros2_yolos_cpp/share/ros2_yolos_cpp/cmake/ros2_yolos_cpp__rosidl_typesupport_introspection_cExport.cmake
-- Up-to-date: /home/xybxy123/w_work/ros2_ws/install/ros2_yolos_cpp/share/ros2_yolos_cpp/cmake/ros2_yolos_cpp__rosidl_typesupport_introspection_cExport-release.cmake
-- Up-to-date: /home/xybxy123/w_work/ros2_ws/install/ros2_yolos_cpp/share/ros2_yolos_cpp/cmake/ros2_yolos_cpp__rosidl_typesupport_cExport.cmake
-- Up-to-date: /home/xybxy123/w_work/ros2_ws/install/ros2_yolos_cpp/share/ros2_yolos_cpp/cmake/ros2_yolos_cpp__rosidl_typesupport_cExport-release.cmake
-- Up-to-date: /home/xybxy123/w_work/ros2_ws/install/ros2_yolos_cpp/share/ros2_yolos_cpp/cmake/ros2_yolos_cpp__rosidl_typesupport_introspection_cppExport.cmake
-- Up-to-date: /home/xybxy123/w_work/ros2_ws/install/ros2_yolos_cpp/share/ros2_yolos_cpp/cmake/ros2_yolos_cpp__rosidl_typesupport_introspection_cppExport-release.cmake
-- Up-to-date: /home/xybxy123/w_work/ros2_ws/install/ros2_yolos_cpp/share/ros2_yolos_cpp/cmake/ros2_yolos_cpp__rosidl_typesupport_cppExport.cmake
-- Up-to-date: /home/xybxy123/w_work/ros2_ws/install/ros2_yolos_cpp/share/ros2_yolos_cpp/cmake/ros2_yolos_cpp__rosidl_typesupport_cppExport-release.cmake
-- Up-to-date: /home/xybxy123/w_work/ros2_ws/install/ros2_yolos_cpp/share/ros2_yolos_cpp/cmake/export_ros2_yolos_cpp__rosidl_generator_pyExport.cmake
-- Up-to-date: /home/xybxy123/w_work/ros2_ws/install/ros2_yolos_cpp/share/ros2_yolos_cpp/cmake/export_ros2_yolos_cpp__rosidl_generator_pyExport-release.cmake
-- Up-to-date: /home/xybxy123/w_work/ros2_ws/install/ros2_yolos_cpp/share/ament_index/resource_index/rclcpp_components/ros2_yolos_cpp
-- Up-to-date: /home/xybxy123/w_work/ros2_ws/install/ros2_yolos_cpp/share/ros2_yolos_cpp/cmake/rosidl_cmake-extras.cmake
-- Up-to-date: /home/xybxy123/w_work/ros2_ws/install/ros2_yolos_cpp/share/ros2_yolos_cpp/cmake/ament_cmake_export_dependencies-extras.cmake
-- Up-to-date: /home/xybxy123/w_work/ros2_ws/install/ros2_yolos_cpp/share/ros2_yolos_cpp/cmake/ament_cmake_export_include_directories-extras.cmake
-- Up-to-date: /home/xybxy123/w_work/ros2_ws/install/ros2_yolos_cpp/share/ros2_yolos_cpp/cmake/ament_cmake_export_libraries-extras.cmake
-- Up-to-date: /home/xybxy123/w_work/ros2_ws/install/ros2_yolos_cpp/share/ros2_yolos_cpp/cmake/ament_cmake_export_targets-extras.cmake
-- Up-to-date: /home/xybxy123/w_work/ros2_ws/install/ros2_yolos_cpp/share/ros2_yolos_cpp/cmake/rosidl_cmake_export_typesupport_targets-extras.cmake
-- Up-to-date: /home/xybxy123/w_work/ros2_ws/install/ros2_yolos_cpp/share/ros2_yolos_cpp/cmake/rosidl_cmake_export_typesupport_libraries-extras.cmake
-- Up-to-date: /home/xybxy123/w_work/ros2_ws/install/ros2_yolos_cpp/share/ros2_yolos_cpp/cmake/ros2_yolos_cppConfig.cmake
-- Up-to-date: /home/xybxy123/w_work/ros2_ws/install/ros2_yolos_cpp/share/ros2_yolos_cpp/cmake/ros2_yolos_cppConfig-version.cmake
-- Up-to-date: /home/xybxy123/w_work/ros2_ws/install/ros2_yolos_cpp/share/ros2_yolos_cpp/package.xml
