[0.009s] Invoking command in '/home/xybxy123/w_work/ros2_ws/build/ros2_yolos_cpp': CMAKE_PREFIX_PATH=${CMAKE_PREFIX_PATH}:/opt/ros/jazzy DEBUGINFOD_URLS=https://debuginfod.ubuntu.com /usr/bin/cmake --build /home/xybxy123/w_work/ros2_ws/build/ros2_yolos_cpp -- -j24 -l24
[0.199s] [  0%] Built target ros2_yolos_cpp__rosidl_generator_type_description
[0.209s] [  2%] Built target gtest_main
[0.210s] [  2%] Built target ament_cmake_python_copy_ros2_yolos_cpp
[0.214s] [  3%] Built target gtest
[0.220s] [  5%] Built target yolos_classifier_node
[0.221s] [  7%] Built target yolos_detector_node
[0.221s] [  8%] Built target yolos_segmentor_node
[0.221s] [ 10%] Built target yolos_pose_node
[0.222s] [ 12%] Built target yolos_obb_node
[0.229s] [ 13%] Built target ros2_yolos_cpp__cpp
[0.237s] [ 27%] Built target ros2_yolos_cpp__rosidl_generator_c
[0.258s] [ 40%] Built target ros2_yolos_cpp__rosidl_typesupport_fastrtps_cpp
[0.258s] [ 40%] Built target ros2_yolos_cpp__rosidl_typesupport_cpp
[0.260s] [ 46%] Built target ros2_yolos_cpp__rosidl_typesupport_introspection_c
[0.260s] [ 52%] Built target ros2_yolos_cpp__rosidl_typesupport_c
[0.262s] [ 64%] Built target ros2_yolos_cpp__rosidl_typesupport_introspection_cpp
[0.262s] [ 64%] Built target ros2_yolos_cpp__rosidl_typesupport_fastrtps_c
[0.275s] [ 64%] Built target ros2_yolos_cpp
[0.291s] [ 65%] Built target ros2_yolos_cpp__py
[0.293s] [ 66%] [32mBuilding CXX object CMakeFiles/ros2_yolos_cpp_components.dir/src/nodes/detector_node.cpp.o[0m
[0.314s] [ 72%] Built target ros2_yolos_cpp__rosidl_generator_py
[0.334s] [ 74%] Built target ros2_yolos_cpp_s__rosidl_typesupport_introspection_c
[0.334s] [ 76%] Built target ros2_yolos_cpp_s__rosidl_typesupport_c
[0.335s] [ 78%] Built target ros2_yolos_cpp_s__rosidl_typesupport_fastrtps_c
[0.345s] running egg_info
[0.354s] writing ros2_yolos_cpp.egg-info/PKG-INFO
[0.355s] writing dependency_links to ros2_yolos_cpp.egg-info/dependency_links.txt
[0.355s] writing top-level names to ros2_yolos_cpp.egg-info/top_level.txt
[0.381s] reading manifest file 'ros2_yolos_cpp.egg-info/SOURCES.txt'
[0.381s] writing manifest file 'ros2_yolos_cpp.egg-info/SOURCES.txt'
[0.398s] [ 78%] Built target ament_cmake_python_build_ros2_yolos_cpp_egg
[10.009s] [ 78%] [32m[1mLinking CXX shared library libros2_yolos_cpp_components.so[0m
[10.252s] [ 90%] Built target ros2_yolos_cpp_components
[10.272s] [ 92%] [32m[1mLinking CXX executable test_detection_converter[0m
[10.272s] [ 92%] [32m[1mLinking CXX executable test_integration_segmentation[0m
[10.275s] [ 92%] [32m[1mLinking CXX executable test_integration_obb[0m
[10.277s] [ 93%] [32m[1mLinking CXX executable test_integration_classification[0m
[10.277s] [ 94%] [32m[1mLinking CXX executable test_integration_pose[0m
[10.277s] [ 95%] [32m[1mLinking CXX executable test_integration_detection[0m
[10.427s] /usr/bin/ld: warning: libopencv_imgcodecs.so.406, needed by /opt/ros/jazzy/lib/libcv_bridge.so, may conflict with libopencv_imgcodecs.so.408
[10.427s] /usr/bin/ld: warning: libopencv_core.so.406, needed by /opt/ros/jazzy/lib/libcv_bridge.so, may conflict with libopencv_core.so.408
[10.450s] /usr/bin/ld: warning: libopencv_imgcodecs.so.406, needed by /opt/ros/jazzy/lib/libcv_bridge.so, may conflict with libopencv_imgcodecs.so.408
[10.451s] /usr/bin/ld: warning: libopencv_core.so.406, needed by /opt/ros/jazzy/lib/libcv_bridge.so, may conflict with libopencv_core.so.408
[10.650s] [ 95%] Built target test_detection_converter
[10.657s] [ 96%] Built target test_integration_obb
[10.663s] [ 98%] Built target test_integration_detection
[10.663s] [ 98%] Built target test_integration_classification
[10.671s] [ 99%] Built target test_integration_pose
[10.681s] [100%] Built target test_integration_segmentation
[10.691s] Invoked command in '/home/xybxy123/w_work/ros2_ws/build/ros2_yolos_cpp' returned '0': CMAKE_PREFIX_PATH=${CMAKE_PREFIX_PATH}:/opt/ros/jazzy DEBUGINFOD_URLS=https://debuginfod.ubuntu.com /usr/bin/cmake --build /home/xybxy123/w_work/ros2_ws/build/ros2_yolos_cpp -- -j24 -l24
[10.705s] Invoking command in '/home/xybxy123/w_work/ros2_ws/build/ros2_yolos_cpp': CMAKE_PREFIX_PATH=${CMAKE_PREFIX_PATH}:/opt/ros/jazzy DEBUGINFOD_URLS=https://debuginfod.ubuntu.com /usr/bin/cmake --install /home/xybxy123/w_work/ros2_ws/build/ros2_yolos_cpp
[10.724s] -- Install configuration: "Release"
[10.726s] -- Up-to-date: /home/xybxy123/w_work/ros2_ws/install/ros2_yolos_cpp/share/ament_index/resource_index/rosidl_interfaces/ros2_yolos_cpp
[10.727s] -- Up-to-date: /home/xybxy123/w_work/ros2_ws/install/ros2_yolos_cpp/share/ros2_yolos_cpp/msg/OrientedBoundingBox2D.json
[10.727s] -- Up-to-date: /home/xybxy123/w_work/ros2_ws/install/ros2_yolos_cpp/share/ros2_yolos_cpp/msg/OBBDetection2D.json
[10.727s] -- Up-to-date: /home/xybxy123/w_work/ros2_ws/install/ros2_yolos_cpp/share/ros2_yolos_cpp/msg/OBBDetection2DArray.json
[10.727s] -- Up-to-date: /home/xybxy123/w_work/ros2_ws/install/ros2_yolos_cpp/share/ros2_yolos_cpp/msg/KeyPoint2D.json
[10.727s] -- Up-to-date: /home/xybxy123/w_work/ros2_ws/install/ros2_yolos_cpp/share/ros2_yolos_cpp/msg/KeyPoint2DArray.json
[10.727s] -- Up-to-date: /home/xybxy123/w_work/ros2_ws/install/ros2_yolos_cpp/include/ros2_yolos_cpp/ros2_yolos_cpp
[10.728s] -- Up-to-date: /home/xybxy123/w_work/ros2_ws/install/ros2_yolos_cpp/include/ros2_yolos_cpp/ros2_yolos_cpp/msg
[10.728s] -- Up-to-date: /home/xybxy123/w_work/ros2_ws/install/ros2_yolos_cpp/include/ros2_yolos_cpp/ros2_yolos_cpp/msg/oriented_bounding_box2_d.h
[10.728s] -- Up-to-date: /home/xybxy123/w_work/ros2_ws/install/ros2_yolos_cpp/include/ros2_yolos_cpp/ros2_yolos_cpp/msg/obb_detection2_d_array.h
[10.728s] -- Up-to-date: /home/xybxy123/w_work/ros2_ws/install/ros2_yolos_cpp/include/ros2_yolos_cpp/ros2_yolos_cpp/msg/key_point2_d.h
[10.728s] -- Up-to-date: /home/xybxy123/w_work/ros2_ws/install/ros2_yolos_cpp/include/ros2_yolos_cpp/ros2_yolos_cpp/msg/detail
[10.728s] -- Up-to-date: /home/xybxy123/w_work/ros2_ws/install/ros2_yolos_cpp/include/ros2_yolos_cpp/ros2_yolos_cpp/msg/detail/obb_detection2_d__functions.c
[10.728s] -- Up-to-date: /home/xybxy123/w_work/ros2_ws/install/ros2_yolos_cpp/include/ros2_yolos_cpp/ros2_yolos_cpp/msg/detail/obb_detection2_d_array__functions.h
[10.729s] -- Up-to-date: /home/xybxy123/w_work/ros2_ws/install/ros2_yolos_cpp/include/ros2_yolos_cpp/ros2_yolos_cpp/msg/detail/oriented_bounding_box2_d__functions.c
[10.729s] -- Up-to-date: /home/xybxy123/w_work/ros2_ws/install/ros2_yolos_cpp/include/ros2_yolos_cpp/ros2_yolos_cpp/msg/detail/key_point2_d__struct.h
[10.729s] -- Up-to-date: /home/xybxy123/w_work/ros2_ws/install/ros2_yolos_cpp/include/ros2_yolos_cpp/ros2_yolos_cpp/msg/detail/oriented_bounding_box2_d__type_support.h
[10.729s] -- Up-to-date: /home/xybxy123/w_work/ros2_ws/install/ros2_yolos_cpp/include/ros2_yolos_cpp/ros2_yolos_cpp/msg/detail/oriented_bounding_box2_d__type_support.c
[10.729s] -- Up-to-date: /home/xybxy123/w_work/ros2_ws/install/ros2_yolos_cpp/include/ros2_yolos_cpp/ros2_yolos_cpp/msg/detail/oriented_bounding_box2_d__description.c
[10.729s] -- Up-to-date: /home/xybxy123/w_work/ros2_ws/install/ros2_yolos_cpp/include/ros2_yolos_cpp/ros2_yolos_cpp/msg/detail/key_point2_d__functions.h
[10.729s] -- Up-to-date: /home/xybxy123/w_work/ros2_ws/install/ros2_yolos_cpp/include/ros2_yolos_cpp/ros2_yolos_cpp/msg/detail/oriented_bounding_box2_d__struct.h
[10.729s] -- Up-to-date: /home/xybxy123/w_work/ros2_ws/install/ros2_yolos_cpp/include/ros2_yolos_cpp/ros2_yolos_cpp/msg/detail/obb_detection2_d_array__functions.c
[10.729s] -- Up-to-date: /home/xybxy123/w_work/ros2_ws/install/ros2_yolos_cpp/include/ros2_yolos_cpp/ros2_yolos_cpp/msg/detail/obb_detection2_d__description.c
[10.730s] -- Up-to-date: /home/xybxy123/w_work/ros2_ws/install/ros2_yolos_cpp/include/ros2_yolos_cpp/ros2_yolos_cpp/msg/detail/key_point2_d__functions.c
[10.730s] -- Up-to-date: /home/xybxy123/w_work/ros2_ws/install/ros2_yolos_cpp/include/ros2_yolos_cpp/ros2_yolos_cpp/msg/detail/obb_detection2_d_array__description.c
[10.730s] -- Up-to-date: /home/xybxy123/w_work/ros2_ws/install/ros2_yolos_cpp/include/ros2_yolos_cpp/ros2_yolos_cpp/msg/detail/obb_detection2_d__type_support.c
[10.730s] -- Up-to-date: /home/xybxy123/w_work/ros2_ws/install/ros2_yolos_cpp/include/ros2_yolos_cpp/ros2_yolos_cpp/msg/detail/obb_detection2_d__struct.h
[10.730s] -- Up-to-date: /home/xybxy123/w_work/ros2_ws/install/ros2_yolos_cpp/include/ros2_yolos_cpp/ros2_yolos_cpp/msg/detail/obb_detection2_d_array__type_support.h
[10.730s] -- Up-to-date: /home/xybxy123/w_work/ros2_ws/install/ros2_yolos_cpp/include/ros2_yolos_cpp/ros2_yolos_cpp/msg/detail/obb_detection2_d__type_support.h
[10.730s] -- Up-to-date: /home/xybxy123/w_work/ros2_ws/install/ros2_yolos_cpp/include/ros2_yolos_cpp/ros2_yolos_cpp/msg/detail/obb_detection2_d_array__struct.h
[10.730s] -- Up-to-date: /home/xybxy123/w_work/ros2_ws/install/ros2_yolos_cpp/include/ros2_yolos_cpp/ros2_yolos_cpp/msg/detail/key_point2_d__description.c
[10.730s] -- Up-to-date: /home/xybxy123/w_work/ros2_ws/install/ros2_yolos_cpp/include/ros2_yolos_cpp/ros2_yolos_cpp/msg/detail/key_point2_d_array__struct.h
[10.731s] -- Up-to-date: /home/xybxy123/w_work/ros2_ws/install/ros2_yolos_cpp/include/ros2_yolos_cpp/ros2_yolos_cpp/msg/detail/obb_detection2_d__functions.h
[10.731s] -- Up-to-date: /home/xybxy123/w_work/ros2_ws/install/ros2_yolos_cpp/include/ros2_yolos_cpp/ros2_yolos_cpp/msg/detail/key_point2_d__type_support.c
[10.731s] -- Up-to-date: /home/xybxy123/w_work/ros2_ws/install/ros2_yolos_cpp/include/ros2_yolos_cpp/ros2_yolos_cpp/msg/detail/oriented_bounding_box2_d__functions.h
[10.731s] -- Up-to-date: /home/xybxy123/w_work/ros2_ws/install/ros2_yolos_cpp/include/ros2_yolos_cpp/ros2_yolos_cpp/msg/detail/key_point2_d_array__functions.c
[10.731s] -- Up-to-date: /home/xybxy123/w_work/ros2_ws/install/ros2_yolos_cpp/include/ros2_yolos_cpp/ros2_yolos_cpp/msg/detail/obb_detection2_d_array__type_support.c
[10.731s] -- Up-to-date: /home/xybxy123/w_work/ros2_ws/install/ros2_yolos_cpp/include/ros2_yolos_cpp/ros2_yolos_cpp/msg/detail/key_point2_d_array__description.c
[10.731s] -- Up-to-date: /home/xybxy123/w_work/ros2_ws/install/ros2_yolos_cpp/include/ros2_yolos_cpp/ros2_yolos_cpp/msg/detail/key_point2_d__type_support.h
[10.731s] -- Up-to-date: /home/xybxy123/w_work/ros2_ws/install/ros2_yolos_cpp/include/ros2_yolos_cpp/ros2_yolos_cpp/msg/detail/key_point2_d_array__type_support.c
[10.732s] -- Up-to-date: /home/xybxy123/w_work/ros2_ws/install/ros2_yolos_cpp/include/ros2_yolos_cpp/ros2_yolos_cpp/msg/detail/key_point2_d_array__type_support.h
[10.732s] -- Up-to-date: /home/xybxy123/w_work/ros2_ws/install/ros2_yolos_cpp/include/ros2_yolos_cpp/ros2_yolos_cpp/msg/detail/key_point2_d_array__functions.h
[10.732s] -- Up-to-date: /home/xybxy123/w_work/ros2_ws/install/ros2_yolos_cpp/include/ros2_yolos_cpp/ros2_yolos_cpp/msg/rosidl_generator_c__visibility_control.h
[10.732s] -- Up-to-date: /home/xybxy123/w_work/ros2_ws/install/ros2_yolos_cpp/include/ros2_yolos_cpp/ros2_yolos_cpp/msg/obb_detection2_d.h
[10.732s] -- Up-to-date: /home/xybxy123/w_work/ros2_ws/install/ros2_yolos_cpp/include/ros2_yolos_cpp/ros2_yolos_cpp/msg/key_point2_d_array.h
[10.733s] -- Up-to-date: /home/xybxy123/w_work/ros2_ws/install/ros2_yolos_cpp/share/ros2_yolos_cpp/environment/library_path.sh
[10.733s] -- Up-to-date: /home/xybxy123/w_work/ros2_ws/install/ros2_yolos_cpp/share/ros2_yolos_cpp/environment/library_path.dsv
[10.733s] -- Up-to-date: /home/xybxy123/w_work/ros2_ws/install/ros2_yolos_cpp/lib/libros2_yolos_cpp__rosidl_generator_c.so
[10.733s] -- Up-to-date: /home/xybxy123/w_work/ros2_ws/install/ros2_yolos_cpp/include/ros2_yolos_cpp/ros2_yolos_cpp
[10.733s] -- Up-to-date: /home/xybxy123/w_work/ros2_ws/install/ros2_yolos_cpp/include/ros2_yolos_cpp/ros2_yolos_cpp/msg
[10.733s] -- Up-to-date: /home/xybxy123/w_work/ros2_ws/install/ros2_yolos_cpp/include/ros2_yolos_cpp/ros2_yolos_cpp/msg/rosidl_typesupport_fastrtps_c__visibility_control.h
[10.733s] -- Up-to-date: /home/xybxy123/w_work/ros2_ws/install/ros2_yolos_cpp/include/ros2_yolos_cpp/ros2_yolos_cpp/msg/detail
[10.733s] -- Up-to-date: /home/xybxy123/w_work/ros2_ws/install/ros2_yolos_cpp/include/ros2_yolos_cpp/ros2_yolos_cpp/msg/detail/key_point2_d__rosidl_typesupport_fastrtps_c.h
[10.733s] -- Up-to-date: /home/xybxy123/w_work/ros2_ws/install/ros2_yolos_cpp/include/ros2_yolos_cpp/ros2_yolos_cpp/msg/detail/key_point2_d_array__rosidl_typesupport_fastrtps_c.h
[10.733s] -- Up-to-date: /home/xybxy123/w_work/ros2_ws/install/ros2_yolos_cpp/include/ros2_yolos_cpp/ros2_yolos_cpp/msg/detail/oriented_bounding_box2_d__rosidl_typesupport_fastrtps_c.h
[10.733s] -- Up-to-date: /home/xybxy123/w_work/ros2_ws/install/ros2_yolos_cpp/include/ros2_yolos_cpp/ros2_yolos_cpp/msg/detail/obb_detection2_d__rosidl_typesupport_fastrtps_c.h
[10.734s] -- Up-to-date: /home/xybxy123/w_work/ros2_ws/install/ros2_yolos_cpp/include/ros2_yolos_cpp/ros2_yolos_cpp/msg/detail/obb_detection2_d_array__rosidl_typesupport_fastrtps_c.h
[10.734s] -- Up-to-date: /home/xybxy123/w_work/ros2_ws/install/ros2_yolos_cpp/lib/libros2_yolos_cpp__rosidl_typesupport_fastrtps_c.so
[10.734s] -- Up-to-date: /home/xybxy123/w_work/ros2_ws/install/ros2_yolos_cpp/include/ros2_yolos_cpp/ros2_yolos_cpp
[10.734s] -- Up-to-date: /home/xybxy123/w_work/ros2_ws/install/ros2_yolos_cpp/include/ros2_yolos_cpp/ros2_yolos_cpp/msg
[10.734s] -- Up-to-date: /home/xybxy123/w_work/ros2_ws/install/ros2_yolos_cpp/include/ros2_yolos_cpp/ros2_yolos_cpp/msg/obb_detection2_d.hpp
[10.734s] -- Up-to-date: /home/xybxy123/w_work/ros2_ws/install/ros2_yolos_cpp/include/ros2_yolos_cpp/ros2_yolos_cpp/msg/key_point2_d.hpp
[10.734s] -- Up-to-date: /home/xybxy123/w_work/ros2_ws/install/ros2_yolos_cpp/include/ros2_yolos_cpp/ros2_yolos_cpp/msg/detail
[10.734s] -- Up-to-date: /home/xybxy123/w_work/ros2_ws/install/ros2_yolos_cpp/include/ros2_yolos_cpp/ros2_yolos_cpp/msg/detail/oriented_bounding_box2_d__traits.hpp
[10.734s] -- Up-to-date: /home/xybxy123/w_work/ros2_ws/install/ros2_yolos_cpp/include/ros2_yolos_cpp/ros2_yolos_cpp/msg/detail/key_point2_d_array__struct.hpp
[10.734s] -- Up-to-date: /home/xybxy123/w_work/ros2_ws/install/ros2_yolos_cpp/include/ros2_yolos_cpp/ros2_yolos_cpp/msg/detail/key_point2_d__type_support.hpp
[10.734s] -- Up-to-date: /home/xybxy123/w_work/ros2_ws/install/ros2_yolos_cpp/include/ros2_yolos_cpp/ros2_yolos_cpp/msg/detail/key_point2_d_array__type_support.hpp
[10.734s] -- Up-to-date: /home/xybxy123/w_work/ros2_ws/install/ros2_yolos_cpp/include/ros2_yolos_cpp/ros2_yolos_cpp/msg/detail/obb_detection2_d_array__traits.hpp
[10.735s] -- Up-to-date: /home/xybxy123/w_work/ros2_ws/install/ros2_yolos_cpp/include/ros2_yolos_cpp/ros2_yolos_cpp/msg/detail/oriented_bounding_box2_d__type_support.hpp
[10.735s] -- Up-to-date: /home/xybxy123/w_work/ros2_ws/install/ros2_yolos_cpp/include/ros2_yolos_cpp/ros2_yolos_cpp/msg/detail/key_point2_d__builder.hpp
[10.735s] -- Up-to-date: /home/xybxy123/w_work/ros2_ws/install/ros2_yolos_cpp/include/ros2_yolos_cpp/ros2_yolos_cpp/msg/detail/obb_detection2_d_array__struct.hpp
[10.735s] -- Up-to-date: /home/xybxy123/w_work/ros2_ws/install/ros2_yolos_cpp/include/ros2_yolos_cpp/ros2_yolos_cpp/msg/detail/key_point2_d_array__builder.hpp
[10.735s] -- Up-to-date: /home/xybxy123/w_work/ros2_ws/install/ros2_yolos_cpp/include/ros2_yolos_cpp/ros2_yolos_cpp/msg/detail/key_point2_d_array__traits.hpp
[10.735s] -- Up-to-date: /home/xybxy123/w_work/ros2_ws/install/ros2_yolos_cpp/include/ros2_yolos_cpp/ros2_yolos_cpp/msg/detail/obb_detection2_d__struct.hpp
[10.735s] -- Up-to-date: /home/xybxy123/w_work/ros2_ws/install/ros2_yolos_cpp/include/ros2_yolos_cpp/ros2_yolos_cpp/msg/detail/obb_detection2_d_array__type_support.hpp
[10.735s] -- Up-to-date: /home/xybxy123/w_work/ros2_ws/install/ros2_yolos_cpp/include/ros2_yolos_cpp/ros2_yolos_cpp/msg/detail/key_point2_d__struct.hpp
[10.735s] -- Up-to-date: /home/xybxy123/w_work/ros2_ws/install/ros2_yolos_cpp/include/ros2_yolos_cpp/ros2_yolos_cpp/msg/detail/obb_detection2_d__traits.hpp
[10.735s] -- Up-to-date: /home/xybxy123/w_work/ros2_ws/install/ros2_yolos_cpp/include/ros2_yolos_cpp/ros2_yolos_cpp/msg/detail/obb_detection2_d__type_support.hpp
[10.735s] -- Up-to-date: /home/xybxy123/w_work/ros2_ws/install/ros2_yolos_cpp/include/ros2_yolos_cpp/ros2_yolos_cpp/msg/detail/obb_detection2_d__builder.hpp
[10.735s] -- Up-to-date: /home/xybxy123/w_work/ros2_ws/install/ros2_yolos_cpp/include/ros2_yolos_cpp/ros2_yolos_cpp/msg/detail/key_point2_d__traits.hpp
[10.735s] -- Up-to-date: /home/xybxy123/w_work/ros2_ws/install/ros2_yolos_cpp/include/ros2_yolos_cpp/ros2_yolos_cpp/msg/detail/obb_detection2_d_array__builder.hpp
[10.736s] -- Up-to-date: /home/xybxy123/w_work/ros2_ws/install/ros2_yolos_cpp/include/ros2_yolos_cpp/ros2_yolos_cpp/msg/detail/oriented_bounding_box2_d__struct.hpp
[10.736s] -- Up-to-date: /home/xybxy123/w_work/ros2_ws/install/ros2_yolos_cpp/include/ros2_yolos_cpp/ros2_yolos_cpp/msg/detail/oriented_bounding_box2_d__builder.hpp
[10.736s] -- Up-to-date: /home/xybxy123/w_work/ros2_ws/install/ros2_yolos_cpp/include/ros2_yolos_cpp/ros2_yolos_cpp/msg/oriented_bounding_box2_d.hpp
[10.736s] -- Up-to-date: /home/xybxy123/w_work/ros2_ws/install/ros2_yolos_cpp/include/ros2_yolos_cpp/ros2_yolos_cpp/msg/obb_detection2_d_array.hpp
[10.736s] -- Up-to-date: /home/xybxy123/w_work/ros2_ws/install/ros2_yolos_cpp/include/ros2_yolos_cpp/ros2_yolos_cpp/msg/rosidl_generator_cpp__visibility_control.hpp
[10.736s] -- Up-to-date: /home/xybxy123/w_work/ros2_ws/install/ros2_yolos_cpp/include/ros2_yolos_cpp/ros2_yolos_cpp/msg/key_point2_d_array.hpp
[10.736s] -- Up-to-date: /home/xybxy123/w_work/ros2_ws/install/ros2_yolos_cpp/include/ros2_yolos_cpp/ros2_yolos_cpp
[10.736s] -- Up-to-date: /home/xybxy123/w_work/ros2_ws/install/ros2_yolos_cpp/include/ros2_yolos_cpp/ros2_yolos_cpp/msg
[10.736s] -- Up-to-date: /home/xybxy123/w_work/ros2_ws/install/ros2_yolos_cpp/include/ros2_yolos_cpp/ros2_yolos_cpp/msg/rosidl_typesupport_fastrtps_cpp__visibility_control.h
[10.736s] -- Up-to-date: /home/xybxy123/w_work/ros2_ws/install/ros2_yolos_cpp/include/ros2_yolos_cpp/ros2_yolos_cpp/msg/detail
[10.736s] -- Up-to-date: /home/xybxy123/w_work/ros2_ws/install/ros2_yolos_cpp/include/ros2_yolos_cpp/ros2_yolos_cpp/msg/detail/dds_fastrtps
[10.736s] -- Up-to-date: /home/xybxy123/w_work/ros2_ws/install/ros2_yolos_cpp/include/ros2_yolos_cpp/ros2_yolos_cpp/msg/detail/obb_detection2_d__rosidl_typesupport_fastrtps_cpp.hpp
[10.736s] -- Up-to-date: /home/xybxy123/w_work/ros2_ws/install/ros2_yolos_cpp/include/ros2_yolos_cpp/ros2_yolos_cpp/msg/detail/key_point2_d__rosidl_typesupport_fastrtps_cpp.hpp
[10.737s] -- Up-to-date: /home/xybxy123/w_work/ros2_ws/install/ros2_yolos_cpp/include/ros2_yolos_cpp/ros2_yolos_cpp/msg/detail/oriented_bounding_box2_d__rosidl_typesupport_fastrtps_cpp.hpp
[10.737s] -- Up-to-date: /home/xybxy123/w_work/ros2_ws/install/ros2_yolos_cpp/include/ros2_yolos_cpp/ros2_yolos_cpp/msg/detail/key_point2_d_array__rosidl_typesupport_fastrtps_cpp.hpp
[10.737s] -- Up-to-date: /home/xybxy123/w_work/ros2_ws/install/ros2_yolos_cpp/include/ros2_yolos_cpp/ros2_yolos_cpp/msg/detail/obb_detection2_d_array__rosidl_typesupport_fastrtps_cpp.hpp
[10.737s] -- Up-to-date: /home/xybxy123/w_work/ros2_ws/install/ros2_yolos_cpp/lib/libros2_yolos_cpp__rosidl_typesupport_fastrtps_cpp.so
[10.737s] -- Up-to-date: /home/xybxy123/w_work/ros2_ws/install/ros2_yolos_cpp/include/ros2_yolos_cpp/ros2_yolos_cpp
[10.737s] -- Up-to-date: /home/xybxy123/w_work/ros2_ws/install/ros2_yolos_cpp/include/ros2_yolos_cpp/ros2_yolos_cpp/msg
[10.737s] -- Up-to-date: /home/xybxy123/w_work/ros2_ws/install/ros2_yolos_cpp/include/ros2_yolos_cpp/ros2_yolos_cpp/msg/rosidl_typesupport_introspection_c__visibility_control.h
[10.737s] -- Up-to-date: /home/xybxy123/w_work/ros2_ws/install/ros2_yolos_cpp/include/ros2_yolos_cpp/ros2_yolos_cpp/msg/detail
[10.737s] -- Up-to-date: /home/xybxy123/w_work/ros2_ws/install/ros2_yolos_cpp/include/ros2_yolos_cpp/ros2_yolos_cpp/msg/detail/oriented_bounding_box2_d__type_support.c
[10.737s] -- Up-to-date: /home/xybxy123/w_work/ros2_ws/install/ros2_yolos_cpp/include/ros2_yolos_cpp/ros2_yolos_cpp/msg/detail/key_point2_d_array__rosidl_typesupport_introspection_c.h
[10.738s] -- Up-to-date: /home/xybxy123/w_work/ros2_ws/install/ros2_yolos_cpp/include/ros2_yolos_cpp/ros2_yolos_cpp/msg/detail/key_point2_d__rosidl_typesupport_introspection_c.h
[10.738s] -- Up-to-date: /home/xybxy123/w_work/ros2_ws/install/ros2_yolos_cpp/include/ros2_yolos_cpp/ros2_yolos_cpp/msg/detail/obb_detection2_d__rosidl_typesupport_introspection_c.h
[10.738s] -- Up-to-date: /home/xybxy123/w_work/ros2_ws/install/ros2_yolos_cpp/include/ros2_yolos_cpp/ros2_yolos_cpp/msg/detail/obb_detection2_d__type_support.c
[10.738s] -- Up-to-date: /home/xybxy123/w_work/ros2_ws/install/ros2_yolos_cpp/include/ros2_yolos_cpp/ros2_yolos_cpp/msg/detail/obb_detection2_d_array__rosidl_typesupport_introspection_c.h
[10.738s] -- Up-to-date: /home/xybxy123/w_work/ros2_ws/install/ros2_yolos_cpp/include/ros2_yolos_cpp/ros2_yolos_cpp/msg/detail/key_point2_d__type_support.c
[10.738s] -- Up-to-date: /home/xybxy123/w_work/ros2_ws/install/ros2_yolos_cpp/include/ros2_yolos_cpp/ros2_yolos_cpp/msg/detail/obb_detection2_d_array__type_support.c
[10.738s] -- Up-to-date: /home/xybxy123/w_work/ros2_ws/install/ros2_yolos_cpp/include/ros2_yolos_cpp/ros2_yolos_cpp/msg/detail/key_point2_d_array__type_support.c
[10.738s] -- Up-to-date: /home/xybxy123/w_work/ros2_ws/install/ros2_yolos_cpp/include/ros2_yolos_cpp/ros2_yolos_cpp/msg/detail/oriented_bounding_box2_d__rosidl_typesupport_introspection_c.h
[10.738s] -- Up-to-date: /home/xybxy123/w_work/ros2_ws/install/ros2_yolos_cpp/lib/libros2_yolos_cpp__rosidl_typesupport_introspection_c.so
[10.738s] -- Up-to-date: /home/xybxy123/w_work/ros2_ws/install/ros2_yolos_cpp/lib/libros2_yolos_cpp__rosidl_typesupport_c.so
[10.738s] -- Up-to-date: /home/xybxy123/w_work/ros2_ws/install/ros2_yolos_cpp/include/ros2_yolos_cpp/ros2_yolos_cpp
[10.738s] -- Up-to-date: /home/xybxy123/w_work/ros2_ws/install/ros2_yolos_cpp/include/ros2_yolos_cpp/ros2_yolos_cpp/msg
[10.738s] -- Up-to-date: /home/xybxy123/w_work/ros2_ws/install/ros2_yolos_cpp/include/ros2_yolos_cpp/ros2_yolos_cpp/msg/detail
[10.739s] -- Up-to-date: /home/xybxy123/w_work/ros2_ws/install/ros2_yolos_cpp/include/ros2_yolos_cpp/ros2_yolos_cpp/msg/detail/key_point2_d_array__rosidl_typesupport_introspection_cpp.hpp
[10.739s] -- Up-to-date: /home/xybxy123/w_work/ros2_ws/install/ros2_yolos_cpp/include/ros2_yolos_cpp/ros2_yolos_cpp/msg/detail/obb_detection2_d_array__type_support.cpp
[10.739s] -- Up-to-date: /home/xybxy123/w_work/ros2_ws/install/ros2_yolos_cpp/include/ros2_yolos_cpp/ros2_yolos_cpp/msg/detail/obb_detection2_d__type_support.cpp
[10.739s] -- Up-to-date: /home/xybxy123/w_work/ros2_ws/install/ros2_yolos_cpp/include/ros2_yolos_cpp/ros2_yolos_cpp/msg/detail/obb_detection2_d_array__rosidl_typesupport_introspection_cpp.hpp
[10.739s] -- Up-to-date: /home/xybxy123/w_work/ros2_ws/install/ros2_yolos_cpp/include/ros2_yolos_cpp/ros2_yolos_cpp/msg/detail/oriented_bounding_box2_d__type_support.cpp
[10.739s] -- Up-to-date: /home/xybxy123/w_work/ros2_ws/install/ros2_yolos_cpp/include/ros2_yolos_cpp/ros2_yolos_cpp/msg/detail/obb_detection2_d__rosidl_typesupport_introspection_cpp.hpp
[10.739s] -- Up-to-date: /home/xybxy123/w_work/ros2_ws/install/ros2_yolos_cpp/include/ros2_yolos_cpp/ros2_yolos_cpp/msg/detail/key_point2_d_array__type_support.cpp
[10.739s] -- Up-to-date: /home/xybxy123/w_work/ros2_ws/install/ros2_yolos_cpp/include/ros2_yolos_cpp/ros2_yolos_cpp/msg/detail/key_point2_d__rosidl_typesupport_introspection_cpp.hpp
[10.739s] -- Up-to-date: /home/xybxy123/w_work/ros2_ws/install/ros2_yolos_cpp/include/ros2_yolos_cpp/ros2_yolos_cpp/msg/detail/oriented_bounding_box2_d__rosidl_typesupport_introspection_cpp.hpp
[10.739s] -- Up-to-date: /home/xybxy123/w_work/ros2_ws/install/ros2_yolos_cpp/include/ros2_yolos_cpp/ros2_yolos_cpp/msg/detail/key_point2_d__type_support.cpp
[10.743s] -- Up-to-date: /home/xybxy123/w_work/ros2_ws/install/ros2_yolos_cpp/lib/libros2_yolos_cpp__rosidl_typesupport_introspection_cpp.so
[10.743s] -- Up-to-date: /home/xybxy123/w_work/ros2_ws/install/ros2_yolos_cpp/lib/libros2_yolos_cpp__rosidl_typesupport_cpp.so
[10.743s] -- Up-to-date: /home/xybxy123/w_work/ros2_ws/install/ros2_yolos_cpp/share/ros2_yolos_cpp/environment/pythonpath.sh
[10.743s] -- Up-to-date: /home/xybxy123/w_work/ros2_ws/install/ros2_yolos_cpp/share/ros2_yolos_cpp/environment/pythonpath.dsv
[10.744s] -- Up-to-date: /home/xybxy123/w_work/ros2_ws/install/ros2_yolos_cpp/lib/python3.12/site-packages/ros2_yolos_cpp-1.0.0-py3.12.egg-info
[10.744s] -- Installing: /home/xybxy123/w_work/ros2_ws/install/ros2_yolos_cpp/lib/python3.12/site-packages/ros2_yolos_cpp-1.0.0-py3.12.egg-info/SOURCES.txt
[10.744s] -- Installing: /home/xybxy123/w_work/ros2_ws/install/ros2_yolos_cpp/lib/python3.12/site-packages/ros2_yolos_cpp-1.0.0-py3.12.egg-info/top_level.txt
[10.744s] -- Installing: /home/xybxy123/w_work/ros2_ws/install/ros2_yolos_cpp/lib/python3.12/site-packages/ros2_yolos_cpp-1.0.0-py3.12.egg-info/PKG-INFO
[10.744s] -- Installing: /home/xybxy123/w_work/ros2_ws/install/ros2_yolos_cpp/lib/python3.12/site-packages/ros2_yolos_cpp-1.0.0-py3.12.egg-info/dependency_links.txt
[10.745s] -- Up-to-date: /home/xybxy123/w_work/ros2_ws/install/ros2_yolos_cpp/lib/python3.12/site-packages/ros2_yolos_cpp
[10.745s] -- Up-to-date: /home/xybxy123/w_work/ros2_ws/install/ros2_yolos_cpp/lib/python3.12/site-packages/ros2_yolos_cpp/ros2_yolos_cpp_s__rosidl_typesupport_fastrtps_c.so
[10.745s] -- Up-to-date: /home/xybxy123/w_work/ros2_ws/install/ros2_yolos_cpp/lib/python3.12/site-packages/ros2_yolos_cpp/ros2_yolos_cpp_s__rosidl_typesupport_introspection_c.so
[10.745s] -- Up-to-date: /home/xybxy123/w_work/ros2_ws/install/ros2_yolos_cpp/lib/python3.12/site-packages/ros2_yolos_cpp/_ros2_yolos_cpp_s.ep.rosidl_typesupport_introspection_c.c
[10.745s] -- Up-to-date: /home/xybxy123/w_work/ros2_ws/install/ros2_yolos_cpp/lib/python3.12/site-packages/ros2_yolos_cpp/__init__.py
[10.745s] -- Up-to-date: /home/xybxy123/w_work/ros2_ws/install/ros2_yolos_cpp/lib/python3.12/site-packages/ros2_yolos_cpp/_ros2_yolos_cpp_s.ep.rosidl_typesupport_c.c
[10.745s] -- Up-to-date: /home/xybxy123/w_work/ros2_ws/install/ros2_yolos_cpp/lib/python3.12/site-packages/ros2_yolos_cpp/ros2_yolos_cpp_s__rosidl_typesupport_c.so
[10.745s] -- Up-to-date: /home/xybxy123/w_work/ros2_ws/install/ros2_yolos_cpp/lib/python3.12/site-packages/ros2_yolos_cpp/_ros2_yolos_cpp_s.ep.rosidl_typesupport_fastrtps_c.c
[10.745s] -- Up-to-date: /home/xybxy123/w_work/ros2_ws/install/ros2_yolos_cpp/lib/python3.12/site-packages/ros2_yolos_cpp/msg
[10.745s] -- Up-to-date: /home/xybxy123/w_work/ros2_ws/install/ros2_yolos_cpp/lib/python3.12/site-packages/ros2_yolos_cpp/msg/_key_point2_d_array.py
[10.745s] -- Up-to-date: /home/xybxy123/w_work/ros2_ws/install/ros2_yolos_cpp/lib/python3.12/site-packages/ros2_yolos_cpp/msg/_obb_detection2_d_array.py
[10.745s] -- Up-to-date: /home/xybxy123/w_work/ros2_ws/install/ros2_yolos_cpp/lib/python3.12/site-packages/ros2_yolos_cpp/msg/_key_point2_d_array_s.c
[10.746s] -- Up-to-date: /home/xybxy123/w_work/ros2_ws/install/ros2_yolos_cpp/lib/python3.12/site-packages/ros2_yolos_cpp/msg/_key_point2_d.py
[10.746s] -- Up-to-date: /home/xybxy123/w_work/ros2_ws/install/ros2_yolos_cpp/lib/python3.12/site-packages/ros2_yolos_cpp/msg/_oriented_bounding_box2_d.py
[10.746s] -- Up-to-date: /home/xybxy123/w_work/ros2_ws/install/ros2_yolos_cpp/lib/python3.12/site-packages/ros2_yolos_cpp/msg/_obb_detection2_d_s.c
[10.746s] -- Up-to-date: /home/xybxy123/w_work/ros2_ws/install/ros2_yolos_cpp/lib/python3.12/site-packages/ros2_yolos_cpp/msg/__init__.py
[10.746s] -- Up-to-date: /home/xybxy123/w_work/ros2_ws/install/ros2_yolos_cpp/lib/python3.12/site-packages/ros2_yolos_cpp/msg/_obb_detection2_d_array_s.c
[10.746s] -- Up-to-date: /home/xybxy123/w_work/ros2_ws/install/ros2_yolos_cpp/lib/python3.12/site-packages/ros2_yolos_cpp/msg/_key_point2_d_s.c
[10.746s] -- Up-to-date: /home/xybxy123/w_work/ros2_ws/install/ros2_yolos_cpp/lib/python3.12/site-packages/ros2_yolos_cpp/msg/_obb_detection2_d.py
[10.746s] -- Up-to-date: /home/xybxy123/w_work/ros2_ws/install/ros2_yolos_cpp/lib/python3.12/site-packages/ros2_yolos_cpp/msg/_oriented_bounding_box2_d_s.c
[10.780s] Listing '/home/xybxy123/w_work/ros2_ws/install/ros2_yolos_cpp/lib/python3.12/site-packages/ros2_yolos_cpp'...
[10.780s] Listing '/home/xybxy123/w_work/ros2_ws/install/ros2_yolos_cpp/lib/python3.12/site-packages/ros2_yolos_cpp/msg'...
[10.783s] -- Up-to-date: /home/xybxy123/w_work/ros2_ws/install/ros2_yolos_cpp/lib/python3.12/site-packages/ros2_yolos_cpp/ros2_yolos_cpp_s__rosidl_typesupport_fastrtps_c.so
[10.783s] -- Up-to-date: /home/xybxy123/w_work/ros2_ws/install/ros2_yolos_cpp/lib/python3.12/site-packages/ros2_yolos_cpp/ros2_yolos_cpp_s__rosidl_typesupport_introspection_c.so
[10.784s] -- Up-to-date: /home/xybxy123/w_work/ros2_ws/install/ros2_yolos_cpp/lib/python3.12/site-packages/ros2_yolos_cpp/ros2_yolos_cpp_s__rosidl_typesupport_c.so
[10.784s] -- Up-to-date: /home/xybxy123/w_work/ros2_ws/install/ros2_yolos_cpp/lib/libros2_yolos_cpp__rosidl_generator_py.so
[10.784s] -- Up-to-date: /home/xybxy123/w_work/ros2_ws/install/ros2_yolos_cpp/share/ros2_yolos_cpp/msg/OrientedBoundingBox2D.idl
[10.784s] -- Up-to-date: /home/xybxy123/w_work/ros2_ws/install/ros2_yolos_cpp/share/ros2_yolos_cpp/msg/OBBDetection2D.idl
[10.784s] -- Up-to-date: /home/xybxy123/w_work/ros2_ws/install/ros2_yolos_cpp/share/ros2_yolos_cpp/msg/OBBDetection2DArray.idl
[10.784s] -- Up-to-date: /home/xybxy123/w_work/ros2_ws/install/ros2_yolos_cpp/share/ros2_yolos_cpp/msg/KeyPoint2D.idl
[10.784s] -- Up-to-date: /home/xybxy123/w_work/ros2_ws/install/ros2_yolos_cpp/share/ros2_yolos_cpp/msg/KeyPoint2DArray.idl
[10.784s] -- Up-to-date: /home/xybxy123/w_work/ros2_ws/install/ros2_yolos_cpp/share/ros2_yolos_cpp/msg/OrientedBoundingBox2D.msg
[10.784s] -- Up-to-date: /home/xybxy123/w_work/ros2_ws/install/ros2_yolos_cpp/share/ros2_yolos_cpp/msg/OBBDetection2D.msg
[10.785s] -- Up-to-date: /home/xybxy123/w_work/ros2_ws/install/ros2_yolos_cpp/share/ros2_yolos_cpp/msg/OBBDetection2DArray.msg
[10.785s] -- Up-to-date: /home/xybxy123/w_work/ros2_ws/install/ros2_yolos_cpp/share/ros2_yolos_cpp/msg/KeyPoint2D.msg
[10.785s] -- Up-to-date: /home/xybxy123/w_work/ros2_ws/install/ros2_yolos_cpp/share/ros2_yolos_cpp/msg/KeyPoint2DArray.msg
[10.785s] -- Up-to-date: /home/xybxy123/w_work/ros2_ws/install/ros2_yolos_cpp/lib/ros2_yolos_cpp/yolos_detector_node
[10.785s] -- Up-to-date: /home/xybxy123/w_work/ros2_ws/install/ros2_yolos_cpp/lib/ros2_yolos_cpp/yolos_segmentor_node
[10.785s] -- Up-to-date: /home/xybxy123/w_work/ros2_ws/install/ros2_yolos_cpp/lib/ros2_yolos_cpp/yolos_pose_node
[10.786s] -- Up-to-date: /home/xybxy123/w_work/ros2_ws/install/ros2_yolos_cpp/lib/ros2_yolos_cpp/yolos_obb_node
[10.786s] -- Up-to-date: /home/xybxy123/w_work/ros2_ws/install/ros2_yolos_cpp/lib/ros2_yolos_cpp/yolos_classifier_node
[10.786s] -- Installing: /home/xybxy123/w_work/ros2_ws/install/ros2_yolos_cpp/lib/libros2_yolos_cpp_components.so
[10.788s] -- Set non-toolchain portion of runtime path of "/home/xybxy123/w_work/ros2_ws/install/ros2_yolos_cpp/lib/libros2_yolos_cpp_components.so" to "/home/xybxy123/w_work/ros2_ws/build/ros2_yolos_cpp/onnxruntime/lib"
[10.788s] -- Up-to-date: /home/xybxy123/w_work/ros2_ws/install/ros2_yolos_cpp/include
[10.788s] -- Up-to-date: /home/xybxy123/w_work/ros2_ws/install/ros2_yolos_cpp/include/ros2_yolos_cpp
[10.788s] -- Up-to-date: /home/xybxy123/w_work/ros2_ws/install/ros2_yolos_cpp/include/ros2_yolos_cpp/nodes
[10.788s] -- Up-to-date: /home/xybxy123/w_work/ros2_ws/install/ros2_yolos_cpp/include/ros2_yolos_cpp/nodes/obb_node.hpp
[10.788s] -- Up-to-date: /home/xybxy123/w_work/ros2_ws/install/ros2_yolos_cpp/include/ros2_yolos_cpp/nodes/classifier_node.hpp
[10.788s] -- Up-to-date: /home/xybxy123/w_work/ros2_ws/install/ros2_yolos_cpp/include/ros2_yolos_cpp/nodes/pose_node.hpp
[10.788s] -- Up-to-date: /home/xybxy123/w_work/ros2_ws/install/ros2_yolos_cpp/include/ros2_yolos_cpp/nodes/segmentor_node.hpp
[10.788s] -- Up-to-date: /home/xybxy123/w_work/ros2_ws/install/ros2_yolos_cpp/include/ros2_yolos_cpp/nodes/detector_node.hpp
[10.788s] -- Up-to-date: /home/xybxy123/w_work/ros2_ws/install/ros2_yolos_cpp/include/ros2_yolos_cpp/visibility_control.hpp
[10.788s] -- Up-to-date: /home/xybxy123/w_work/ros2_ws/install/ros2_yolos_cpp/include/ros2_yolos_cpp/conversion
[10.788s] -- Up-to-date: /home/xybxy123/w_work/ros2_ws/install/ros2_yolos_cpp/include/ros2_yolos_cpp/conversion/classification_converter.hpp
[10.788s] -- Up-to-date: /home/xybxy123/w_work/ros2_ws/install/ros2_yolos_cpp/include/ros2_yolos_cpp/conversion/detection_converter.hpp
[10.788s] -- Up-to-date: /home/xybxy123/w_work/ros2_ws/install/ros2_yolos_cpp/include/ros2_yolos_cpp/conversion/pose_converter.hpp
[10.788s] -- Up-to-date: /home/xybxy123/w_work/ros2_ws/install/ros2_yolos_cpp/include/ros2_yolos_cpp/conversion/segmentation_converter.hpp
[10.788s] -- Up-to-date: /home/xybxy123/w_work/ros2_ws/install/ros2_yolos_cpp/include/ros2_yolos_cpp/conversion/obb_converter.hpp
[10.788s] -- Up-to-date: /home/xybxy123/w_work/ros2_ws/install/ros2_yolos_cpp/include/ros2_yolos_cpp/adapters
[10.788s] -- Up-to-date: /home/xybxy123/w_work/ros2_ws/install/ros2_yolos_cpp/include/ros2_yolos_cpp/adapters/detector_adapter.hpp
[10.788s] -- Up-to-date: /home/xybxy123/w_work/ros2_ws/install/ros2_yolos_cpp/include/ros2_yolos_cpp/adapters/pose_adapter.hpp
[10.788s] -- Up-to-date: /home/xybxy123/w_work/ros2_ws/install/ros2_yolos_cpp/include/ros2_yolos_cpp/adapters/yolos_adapter_base.hpp
[10.788s] -- Up-to-date: /home/xybxy123/w_work/ros2_ws/install/ros2_yolos_cpp/include/ros2_yolos_cpp/adapters/obb_adapter.hpp
[10.788s] -- Up-to-date: /home/xybxy123/w_work/ros2_ws/install/ros2_yolos_cpp/include/ros2_yolos_cpp/adapters/segmentor_adapter.hpp
[10.788s] -- Up-to-date: /home/xybxy123/w_work/ros2_ws/install/ros2_yolos_cpp/include/ros2_yolos_cpp/adapters/classifier_adapter.hpp
[10.788s] -- Up-to-date: /home/xybxy123/w_work/ros2_ws/install/ros2_yolos_cpp/share/ros2_yolos_cpp/launch
[10.788s] -- Up-to-date: /home/xybxy123/w_work/ros2_ws/install/ros2_yolos_cpp/share/ros2_yolos_cpp/launch/segmentor.launch.py
[10.788s] -- Up-to-date: /home/xybxy123/w_work/ros2_ws/install/ros2_yolos_cpp/share/ros2_yolos_cpp/launch/classifier.launch.py
[10.788s] -- Up-to-date: /home/xybxy123/w_work/ros2_ws/install/ros2_yolos_cpp/share/ros2_yolos_cpp/launch/obb.launch.py
[10.788s] -- Up-to-date: /home/xybxy123/w_work/ros2_ws/install/ros2_yolos_cpp/share/ros2_yolos_cpp/launch/pose.launch.py
[10.788s] -- Up-to-date: /home/xybxy123/w_work/ros2_ws/install/ros2_yolos_cpp/share/ros2_yolos_cpp/launch/detector.launch.py
[10.788s] -- Up-to-date: /home/xybxy123/w_work/ros2_ws/install/ros2_yolos_cpp/share/ros2_yolos_cpp/config
[10.789s] -- Up-to-date: /home/xybxy123/w_work/ros2_ws/install/ros2_yolos_cpp/share/ros2_yolos_cpp/config/default_params.yaml
[10.789s] -- Up-to-date: /home/xybxy123/w_work/ros2_ws/install/ros2_yolos_cpp/share/ament_index/resource_index/package_run_dependencies/ros2_yolos_cpp
[10.789s] -- Up-to-date: /home/xybxy123/w_work/ros2_ws/install/ros2_yolos_cpp/share/ament_index/resource_index/parent_prefix_path/ros2_yolos_cpp
[10.789s] -- Up-to-date: /home/xybxy123/w_work/ros2_ws/install/ros2_yolos_cpp/share/ros2_yolos_cpp/environment/ament_prefix_path.sh
[10.789s] -- Up-to-date: /home/xybxy123/w_work/ros2_ws/install/ros2_yolos_cpp/share/ros2_yolos_cpp/environment/ament_prefix_path.dsv
[10.789s] -- Up-to-date: /home/xybxy123/w_work/ros2_ws/install/ros2_yolos_cpp/share/ros2_yolos_cpp/environment/path.sh
[10.789s] -- Up-to-date: /home/xybxy123/w_work/ros2_ws/install/ros2_yolos_cpp/share/ros2_yolos_cpp/environment/path.dsv
[10.789s] -- Up-to-date: /home/xybxy123/w_work/ros2_ws/install/ros2_yolos_cpp/share/ros2_yolos_cpp/local_setup.bash
[10.789s] -- Up-to-date: /home/xybxy123/w_work/ros2_ws/install/ros2_yolos_cpp/share/ros2_yolos_cpp/local_setup.sh
[10.789s] -- Up-to-date: /home/xybxy123/w_work/ros2_ws/install/ros2_yolos_cpp/share/ros2_yolos_cpp/local_setup.zsh
[10.789s] -- Up-to-date: /home/xybxy123/w_work/ros2_ws/install/ros2_yolos_cpp/share/ros2_yolos_cpp/local_setup.dsv
[10.789s] -- Installing: /home/xybxy123/w_work/ros2_ws/install/ros2_yolos_cpp/share/ros2_yolos_cpp/package.dsv
[10.789s] -- Up-to-date: /home/xybxy123/w_work/ros2_ws/install/ros2_yolos_cpp/share/ament_index/resource_index/packages/ros2_yolos_cpp
[10.789s] -- Up-to-date: /home/xybxy123/w_work/ros2_ws/install/ros2_yolos_cpp/share/ros2_yolos_cpp/cmake/export_ros2_yolos_cpp__rosidl_generator_cExport.cmake
[10.789s] -- Up-to-date: /home/xybxy123/w_work/ros2_ws/install/ros2_yolos_cpp/share/ros2_yolos_cpp/cmake/export_ros2_yolos_cpp__rosidl_generator_cExport-release.cmake
[10.789s] -- Up-to-date: /home/xybxy123/w_work/ros2_ws/install/ros2_yolos_cpp/share/ros2_yolos_cpp/cmake/export_ros2_yolos_cpp__rosidl_typesupport_fastrtps_cExport.cmake
[10.789s] -- Up-to-date: /home/xybxy123/w_work/ros2_ws/install/ros2_yolos_cpp/share/ros2_yolos_cpp/cmake/export_ros2_yolos_cpp__rosidl_typesupport_fastrtps_cExport-release.cmake
[10.789s] -- Up-to-date: /home/xybxy123/w_work/ros2_ws/install/ros2_yolos_cpp/share/ros2_yolos_cpp/cmake/export_ros2_yolos_cpp__rosidl_generator_cppExport.cmake
[10.789s] -- Up-to-date: /home/xybxy123/w_work/ros2_ws/install/ros2_yolos_cpp/share/ros2_yolos_cpp/cmake/export_ros2_yolos_cpp__rosidl_typesupport_fastrtps_cppExport.cmake
[10.789s] -- Up-to-date: /home/xybxy123/w_work/ros2_ws/install/ros2_yolos_cpp/share/ros2_yolos_cpp/cmake/export_ros2_yolos_cpp__rosidl_typesupport_fastrtps_cppExport-release.cmake
[10.789s] -- Up-to-date: /home/xybxy123/w_work/ros2_ws/install/ros2_yolos_cpp/share/ros2_yolos_cpp/cmake/ros2_yolos_cpp__rosidl_typesupport_introspection_cExport.cmake
[10.790s] -- Up-to-date: /home/xybxy123/w_work/ros2_ws/install/ros2_yolos_cpp/share/ros2_yolos_cpp/cmake/ros2_yolos_cpp__rosidl_typesupport_introspection_cExport-release.cmake
[10.790s] -- Up-to-date: /home/xybxy123/w_work/ros2_ws/install/ros2_yolos_cpp/share/ros2_yolos_cpp/cmake/ros2_yolos_cpp__rosidl_typesupport_cExport.cmake
[10.790s] -- Up-to-date: /home/xybxy123/w_work/ros2_ws/install/ros2_yolos_cpp/share/ros2_yolos_cpp/cmake/ros2_yolos_cpp__rosidl_typesupport_cExport-release.cmake
[10.790s] -- Up-to-date: /home/xybxy123/w_work/ros2_ws/install/ros2_yolos_cpp/share/ros2_yolos_cpp/cmake/ros2_yolos_cpp__rosidl_typesupport_introspection_cppExport.cmake
[10.790s] -- Up-to-date: /home/xybxy123/w_work/ros2_ws/install/ros2_yolos_cpp/share/ros2_yolos_cpp/cmake/ros2_yolos_cpp__rosidl_typesupport_introspection_cppExport-release.cmake
[10.790s] -- Up-to-date: /home/xybxy123/w_work/ros2_ws/install/ros2_yolos_cpp/share/ros2_yolos_cpp/cmake/ros2_yolos_cpp__rosidl_typesupport_cppExport.cmake
[10.790s] -- Up-to-date: /home/xybxy123/w_work/ros2_ws/install/ros2_yolos_cpp/share/ros2_yolos_cpp/cmake/ros2_yolos_cpp__rosidl_typesupport_cppExport-release.cmake
[10.790s] -- Up-to-date: /home/xybxy123/w_work/ros2_ws/install/ros2_yolos_cpp/share/ros2_yolos_cpp/cmake/export_ros2_yolos_cpp__rosidl_generator_pyExport.cmake
[10.790s] -- Up-to-date: /home/xybxy123/w_work/ros2_ws/install/ros2_yolos_cpp/share/ros2_yolos_cpp/cmake/export_ros2_yolos_cpp__rosidl_generator_pyExport-release.cmake
[10.790s] -- Up-to-date: /home/xybxy123/w_work/ros2_ws/install/ros2_yolos_cpp/share/ament_index/resource_index/rclcpp_components/ros2_yolos_cpp
[10.790s] -- Up-to-date: /home/xybxy123/w_work/ros2_ws/install/ros2_yolos_cpp/share/ros2_yolos_cpp/cmake/rosidl_cmake-extras.cmake
[10.790s] -- Up-to-date: /home/xybxy123/w_work/ros2_ws/install/ros2_yolos_cpp/share/ros2_yolos_cpp/cmake/ament_cmake_export_dependencies-extras.cmake
[10.791s] -- Up-to-date: /home/xybxy123/w_work/ros2_ws/install/ros2_yolos_cpp/share/ros2_yolos_cpp/cmake/ament_cmake_export_include_directories-extras.cmake
[10.791s] -- Up-to-date: /home/xybxy123/w_work/ros2_ws/install/ros2_yolos_cpp/share/ros2_yolos_cpp/cmake/ament_cmake_export_libraries-extras.cmake
[10.791s] -- Up-to-date: /home/xybxy123/w_work/ros2_ws/install/ros2_yolos_cpp/share/ros2_yolos_cpp/cmake/ament_cmake_export_targets-extras.cmake
[10.791s] -- Up-to-date: /home/xybxy123/w_work/ros2_ws/install/ros2_yolos_cpp/share/ros2_yolos_cpp/cmake/rosidl_cmake_export_typesupport_targets-extras.cmake
[10.791s] -- Up-to-date: /home/xybxy123/w_work/ros2_ws/install/ros2_yolos_cpp/share/ros2_yolos_cpp/cmake/rosidl_cmake_export_typesupport_libraries-extras.cmake
[10.791s] -- Up-to-date: /home/xybxy123/w_work/ros2_ws/install/ros2_yolos_cpp/share/ros2_yolos_cpp/cmake/ros2_yolos_cppConfig.cmake
[10.791s] -- Up-to-date: /home/xybxy123/w_work/ros2_ws/install/ros2_yolos_cpp/share/ros2_yolos_cpp/cmake/ros2_yolos_cppConfig-version.cmake
[10.791s] -- Up-to-date: /home/xybxy123/w_work/ros2_ws/install/ros2_yolos_cpp/share/ros2_yolos_cpp/package.xml
[10.792s] Invoked command in '/home/xybxy123/w_work/ros2_ws/build/ros2_yolos_cpp' returned '0': CMAKE_PREFIX_PATH=${CMAKE_PREFIX_PATH}:/opt/ros/jazzy DEBUGINFOD_URLS=https://debuginfod.ubuntu.com /usr/bin/cmake --install /home/xybxy123/w_work/ros2_ws/build/ros2_yolos_cpp
