[0.006s] Invoking command in '/home/xybxy123/w_work/ros2_ws/build/rf2o_laser_odometry': CMAKE_PREFIX_PATH=${CMAKE_PREFIX_PATH}:/opt/ros/jazzy DEBUGINFOD_URLS=https://debuginfod.ubuntu.com /usr/bin/cmake /home/xybxy123/w_work/ros2_ws/src/rf2o_laser_odometry -DCMAKE_INSTALL_PREFIX=/home/xybxy123/w_work/ros2_ws/install/rf2o_laser_odometry
[0.058s] -- The C compiler identification is GNU 11.5.0
[0.102s] -- The CXX compiler identification is GNU 11.5.0
[0.127s] -- Detecting C compiler ABI info
[0.235s] -- Detecting C compiler ABI info - done
[0.246s] -- Check for working C compiler: /usr/bin/cc - skipped
[0.247s] -- Detecting C compile features
[0.247s] -- Detecting C compile features - done
[0.261s] -- Detecting CXX compiler ABI info
[0.383s] -- Detecting CXX compiler ABI info - done
[0.389s] -- Check for working CXX compiler: /usr/bin/c++ - skipped
[0.389s] -- Detecting CXX compile features
[0.389s] -- Detecting CXX compile features - done
[0.393s] -- Found ament_cmake: 2.5.5 (/opt/ros/jazzy/share/ament_cmake/cmake)
[0.490s] -- Found Python3: /usr/bin/python3 (found version "3.12.3") found components: Interpreter 
[0.564s] -- Found rclcpp: 28.1.16 (/opt/ros/jazzy/share/rclcpp/cmake)
[0.595s] -- Found rosidl_generator_c: 4.6.7 (/opt/ros/jazzy/share/rosidl_generator_c/cmake)
[0.605s] -- Found rosidl_generator_cpp: 4.6.7 (/opt/ros/jazzy/share/rosidl_generator_cpp/cmake)
[0.618s] -- Using all available rosidl_typesupport_c: rosidl_typesupport_fastrtps_c;rosidl_typesupport_introspection_c
[0.632s] -- Using all available rosidl_typesupport_cpp: rosidl_typesupport_fastrtps_cpp;rosidl_typesupport_introspection_cpp
[0.680s] -- Found rmw_implementation_cmake: 7.3.3 (/opt/ros/jazzy/share/rmw_implementation_cmake/cmake)
[0.682s] -- Found rmw_fastrtps_cpp: 8.4.3 (/opt/ros/jazzy/share/rmw_fastrtps_cpp/cmake)
[0.777s] -- Found OpenSSL: /usr/lib/x86_64-linux-gnu/libcrypto.so (found version "3.0.13")  
[0.803s] -- Found FastRTPS: /opt/ros/jazzy/include (Required is at least version "2.13") 
[0.823s] -- Using RMW implementation 'rmw_fastrtps_cpp' as default
[0.879s] -- Found std_msgs: 5.3.6 (/opt/ros/jazzy/share/std_msgs/cmake)
[0.888s] -- Found geometry_msgs: 5.3.6 (/opt/ros/jazzy/share/geometry_msgs/cmake)
[0.898s] -- Found tf2_geometry_msgs: 0.36.19 (/opt/ros/jazzy/share/tf2_geometry_msgs/cmake)
[0.912s] -- Found eigen3_cmake_module: 0.3.0 (/opt/ros/jazzy/share/eigen3_cmake_module/cmake)
[0.913s] -- Found Eigen3: TRUE (found version "3.4.0") 
[0.913s] -- Ensuring Eigen3 include directory is part of orocos-kdl CMake target
[1.002s] -- Found sensor_msgs: 5.3.6 (/opt/ros/jazzy/share/sensor_msgs/cmake)
[1.017s] -- Found nav_msgs: 5.3.6 (/opt/ros/jazzy/share/nav_msgs/cmake)
[1.037s] -- Found Boost: /usr/lib/x86_64-linux-gnu/cmake/Boost-1.83.0/BoostConfig.cmake (found version "1.83.0")  
[1.090s] -- Configuring done (1.1s)
[1.100s] -- Generating done (0.0s)
[1.103s] -- Build files have been written to: /home/xybxy123/w_work/ros2_ws/build/rf2o_laser_odometry
[1.110s] Invoked command in '/home/xybxy123/w_work/ros2_ws/build/rf2o_laser_odometry' returned '0': CMAKE_PREFIX_PATH=${CMAKE_PREFIX_PATH}:/opt/ros/jazzy DEBUGINFOD_URLS=https://debuginfod.ubuntu.com /usr/bin/cmake /home/xybxy123/w_work/ros2_ws/src/rf2o_laser_odometry -DCMAKE_INSTALL_PREFIX=/home/xybxy123/w_work/ros2_ws/install/rf2o_laser_odometry
[1.111s] Invoking command in '/home/xybxy123/w_work/ros2_ws/build/rf2o_laser_odometry': CMAKE_PREFIX_PATH=${CMAKE_PREFIX_PATH}:/opt/ros/jazzy DEBUGINFOD_URLS=https://debuginfod.ubuntu.com /usr/bin/cmake --build /home/xybxy123/w_work/ros2_ws/build/rf2o_laser_odometry -- -j24 -l24
[1.163s] [ 20%] [32mBuilding CXX object CMakeFiles/rf2o_laser_odometry_node.dir/src/CLaserOdometry2DNode.cpp.o[0m
[1.164s] [ 60%] [32mBuilding CXX object CMakeFiles/rf2o_laser_odometry.dir/src/CLaserOdometry2D.cpp.o[0m
[1.164s] [ 60%] [32mBuilding CXX object CMakeFiles/rf2o_laser_odometry_node.dir/src/CLaserOdometry2D.cpp.o[0m
[12.678s] [ 80%] [32m[1mLinking CXX static library librf2o_laser_odometry.a[0m
[12.725s] [100%] [32m[1mLinking CXX executable rf2o_laser_odometry_node[0m
[12.808s] [100%] Built target rf2o_laser_odometry
[13.245s] [100%] Built target rf2o_laser_odometry_node
[13.253s] Invoked command in '/home/xybxy123/w_work/ros2_ws/build/rf2o_laser_odometry' returned '0': CMAKE_PREFIX_PATH=${CMAKE_PREFIX_PATH}:/opt/ros/jazzy DEBUGINFOD_URLS=https://debuginfod.ubuntu.com /usr/bin/cmake --build /home/xybxy123/w_work/ros2_ws/build/rf2o_laser_odometry -- -j24 -l24
[13.263s] Invoking command in '/home/xybxy123/w_work/ros2_ws/build/rf2o_laser_odometry': CMAKE_PREFIX_PATH=${CMAKE_PREFIX_PATH}:/opt/ros/jazzy DEBUGINFOD_URLS=https://debuginfod.ubuntu.com /usr/bin/cmake --install /home/xybxy123/w_work/ros2_ws/build/rf2o_laser_odometry
[13.269s] -- Install configuration: ""
[13.269s] -- Installing: /home/xybxy123/w_work/ros2_ws/install/rf2o_laser_odometry/lib/rf2o_laser_odometry/rf2o_laser_odometry_node
[13.276s] -- Set non-toolchain portion of runtime path of "/home/xybxy123/w_work/ros2_ws/install/rf2o_laser_odometry/lib/rf2o_laser_odometry/rf2o_laser_odometry_node" to ""
[13.276s] -- Installing: /home/xybxy123/w_work/ros2_ws/install/rf2o_laser_odometry/share/rf2o_laser_odometry/launch
[13.276s] -- Installing: /home/xybxy123/w_work/ros2_ws/install/rf2o_laser_odometry/share/rf2o_laser_odometry/launch/rf2o_laser_odometry.launch.py
[13.276s] -- Installing: /home/xybxy123/w_work/ros2_ws/install/rf2o_laser_odometry/share/ament_index/resource_index/package_run_dependencies/rf2o_laser_odometry
[13.276s] -- Installing: /home/xybxy123/w_work/ros2_ws/install/rf2o_laser_odometry/share/ament_index/resource_index/parent_prefix_path/rf2o_laser_odometry
[13.276s] -- Installing: /home/xybxy123/w_work/ros2_ws/install/rf2o_laser_odometry/share/rf2o_laser_odometry/environment/ament_prefix_path.sh
[13.276s] -- Installing: /home/xybxy123/w_work/ros2_ws/install/rf2o_laser_odometry/share/rf2o_laser_odometry/environment/ament_prefix_path.dsv
[13.276s] -- Installing: /home/xybxy123/w_work/ros2_ws/install/rf2o_laser_odometry/share/rf2o_laser_odometry/environment/path.sh
[13.276s] -- Installing: /home/xybxy123/w_work/ros2_ws/install/rf2o_laser_odometry/share/rf2o_laser_odometry/environment/path.dsv
[13.276s] -- Installing: /home/xybxy123/w_work/ros2_ws/install/rf2o_laser_odometry/share/rf2o_laser_odometry/local_setup.bash
[13.276s] -- Installing: /home/xybxy123/w_work/ros2_ws/install/rf2o_laser_odometry/share/rf2o_laser_odometry/local_setup.sh
[13.276s] -- Installing: /home/xybxy123/w_work/ros2_ws/install/rf2o_laser_odometry/share/rf2o_laser_odometry/local_setup.zsh
[13.276s] -- Installing: /home/xybxy123/w_work/ros2_ws/install/rf2o_laser_odometry/share/rf2o_laser_odometry/local_setup.dsv
[13.276s] -- Installing: /home/xybxy123/w_work/ros2_ws/install/rf2o_laser_odometry/share/rf2o_laser_odometry/package.dsv
[13.277s] -- Installing: /home/xybxy123/w_work/ros2_ws/install/rf2o_laser_odometry/share/ament_index/resource_index/packages/rf2o_laser_odometry
[13.277s] -- Installing: /home/xybxy123/w_work/ros2_ws/install/rf2o_laser_odometry/share/rf2o_laser_odometry/cmake/rf2o_laser_odometryConfig.cmake
[13.277s] -- Installing: /home/xybxy123/w_work/ros2_ws/install/rf2o_laser_odometry/share/rf2o_laser_odometry/cmake/rf2o_laser_odometryConfig-version.cmake
[13.277s] -- Installing: /home/xybxy123/w_work/ros2_ws/install/rf2o_laser_odometry/share/rf2o_laser_odometry/package.xml
[13.278s] Invoked command in '/home/xybxy123/w_work/ros2_ws/build/rf2o_laser_odometry' returned '0': CMAKE_PREFIX_PATH=${CMAKE_PREFIX_PATH}:/opt/ros/jazzy DEBUGINFOD_URLS=https://debuginfod.ubuntu.com /usr/bin/cmake --install /home/xybxy123/w_work/ros2_ws/build/rf2o_laser_odometry
