[0.007s] Invoking command in '/home/xybxy123/w_work/ros2_ws/build/circle_detector': CMAKE_PREFIX_PATH=${CMAKE_PREFIX_PATH}:/opt/ros/jazzy DEBUGINFOD_URLS=https://debuginfod.ubuntu.com /usr/bin/cmake /home/xybxy123/w_work/ros2_ws/src/circle_detector -DCMAKE_INSTALL_PREFIX=/home/xybxy123/w_work/ros2_ws/install/circle_detector
[0.088s] -- The C compiler identification is GNU 11.5.0
[0.146s] -- The CXX compiler identification is GNU 11.5.0
[0.170s] -- Detecting C compiler ABI info
[0.294s] -- Detecting C compiler ABI info - done
[0.306s] -- Check for working C compiler: /usr/bin/cc - skipped
[0.307s] -- Detecting C compile features
[0.307s] -- Detecting C compile features - done
[0.318s] -- Detecting CXX compiler ABI info
[0.406s] -- Detecting CXX compiler ABI info - done
[0.411s] -- Check for working CXX compiler: /usr/bin/c++ - skipped
[0.411s] -- Detecting CXX compile features
[0.411s] -- Detecting CXX compile features - done
[0.416s] -- Found ament_cmake: 2.5.5 (/opt/ros/jazzy/share/ament_cmake/cmake)
[0.504s] -- Found Python3: /usr/bin/python3 (found version "3.12.3") found components: Interpreter 
[0.575s] -- Found rclcpp: 28.1.16 (/opt/ros/jazzy/share/rclcpp/cmake)
[0.610s] -- Found rosidl_generator_c: 4.6.7 (/opt/ros/jazzy/share/rosidl_generator_c/cmake)
[0.619s] -- Found rosidl_generator_cpp: 4.6.7 (/opt/ros/jazzy/share/rosidl_generator_cpp/cmake)
[0.629s] -- Using all available rosidl_typesupport_c: rosidl_typesupport_fastrtps_c;rosidl_typesupport_introspection_c
[0.641s] -- Using all available rosidl_typesupport_cpp: rosidl_typesupport_fastrtps_cpp;rosidl_typesupport_introspection_cpp
[0.688s] -- Found rmw_implementation_cmake: 7.3.3 (/opt/ros/jazzy/share/rmw_implementation_cmake/cmake)
[0.690s] -- Found rmw_fastrtps_cpp: 8.4.3 (/opt/ros/jazzy/share/rmw_fastrtps_cpp/cmake)
[0.778s] -- Found OpenSSL: /usr/lib/x86_64-linux-gnu/libcrypto.so (found version "3.0.13")  
[0.805s] -- Found FastRTPS: /opt/ros/jazzy/include (Required is at least version "2.13") 
[0.822s] -- Using RMW implementation 'rmw_fastrtps_cpp' as default
[0.870s] -- Found sensor_msgs: 5.3.6 (/opt/ros/jazzy/share/sensor_msgs/cmake)
[0.905s] -- Found cv_bridge: 4.1.0 (/opt/ros/jazzy/share/cv_bridge/cmake)
[0.915s] -- Found OpenCV: /usr/local (found version "4.8.0") 
[0.968s] -- Configuring done (0.9s)
[0.975s] -- Generating done (0.0s)
[0.977s] -- Build files have been written to: /home/xybxy123/w_work/ros2_ws/build/circle_detector
[0.985s] Invoked command in '/home/xybxy123/w_work/ros2_ws/build/circle_detector' returned '0': CMAKE_PREFIX_PATH=${CMAKE_PREFIX_PATH}:/opt/ros/jazzy DEBUGINFOD_URLS=https://debuginfod.ubuntu.com /usr/bin/cmake /home/xybxy123/w_work/ros2_ws/src/circle_detector -DCMAKE_INSTALL_PREFIX=/home/xybxy123/w_work/ros2_ws/install/circle_detector
[0.986s] Invoking command in '/home/xybxy123/w_work/ros2_ws/build/circle_detector': CMAKE_PREFIX_PATH=${CMAKE_PREFIX_PATH}:/opt/ros/jazzy DEBUGINFOD_URLS=https://debuginfod.ubuntu.com /usr/bin/cmake --build /home/xybxy123/w_work/ros2_ws/build/circle_detector -- -j24 -l24
[1.048s] [ 50%] [32mBuilding CXX object CMakeFiles/circle_detector_node.dir/src/circle_detector.cpp.o[0m
[1.059s] [01m[K/home/xybxy123/w_work/ros2_ws/src/circle_detector/src/circle_detector.cpp:2:10:[m[K [01;31m[Kfatal error: [m[Kcv_bridge/cv_bridge.h: жІЎжңүйӮЈдёӘж–Үд»¶жҲ–зӣ®еҪ•
[1.060s]     2 | #include [01;31m[K"cv_bridge/cv_bridge.h"[m[K
[1.060s]       |          [01;31m[K^~~~~~~~~~~~~~~~~~~~~~~[m[K
[1.060s] compilation terminated.
[1.060s] gmake[2]: *** [CMakeFiles/circle_detector_node.dir/build.make:76пјҡCMakeFiles/circle_detector_node.dir/src/circle_detector.cpp.o] й”ҷиҜҜ 1
[1.061s] gmake[1]: *** [CMakeFiles/Makefile2:137пјҡCMakeFiles/circle_detector_node.dir/all] й”ҷиҜҜ 2
[1.061s] gmake: *** [Makefile:146пјҡall] й”ҷиҜҜ 2
[1.064s] Invoked command in '/home/xybxy123/w_work/ros2_ws/build/circle_detector' returned '2': CMAKE_PREFIX_PATH=${CMAKE_PREFIX_PATH}:/opt/ros/jazzy DEBUGINFOD_URLS=https://debuginfod.ubuntu.com /usr/bin/cmake --build /home/xybxy123/w_work/ros2_ws/build/circle_detector -- -j24 -l24
