-- Found ament_cmake: 2.5.5 (/opt/ros/jazzy/share/ament_cmake/cmake)
-- Found slam_toolbox: 2.8.3 (/opt/ros/jazzy/share/slam_toolbox/cmake)
-- Found rosidl_generator_c: 4.6.7 (/opt/ros/jazzy/share/rosidl_generator_c/cmake)
-- Found rosidl_generator_cpp: 4.6.7 (/opt/ros/jazzy/share/rosidl_generator_cpp/cmake)
-- Using all available rosidl_typesupport_c: rosidl_typesupport_fastrtps_c;rosidl_typesupport_introspection_c
-- Using all available rosidl_typesupport_cpp: rosidl_typesupport_fastrtps_cpp;rosidl_typesupport_introspection_cpp
-- Found rmw_implementation_cmake: 7.3.3 (/opt/ros/jazzy/share/rmw_implementation_cmake/cmake)
-- Found rmw_fastrtps_cpp: 8.4.3 (/opt/ros/jazzy/share/rmw_fastrtps_cpp/cmake)
-- Using RMW implementation 'rmw_fastrtps_cpp' as default
-- Found eigen3_cmake_module: 0.3.0 (/opt/ros/jazzy/share/eigen3_cmake_module/cmake)
-- Ensuring Eigen3 include directory is part of orocos-kdl CMake target
-- Setting OGRE_DIR to: '/opt/ros/jazzy/share/rviz_ogre_vendor/cmake/../../../opt/rviz_ogre_vendor/lib/OGRE/cmake'
-- Found OGRE
--   static     : OFF
--   components : MeshLodGenerator;Overlay;Paging;Property;RTShaderSystem;Terrain;Volume
--   plugins    : Plugin_BSPSceneManager;Plugin_OctreeSceneManager;Plugin_PCZSceneManager;Plugin_ParticleFX;RenderSystem_GL;RenderSystem_GL3Plus;Codec_STBI
--   media      : /opt/ros/jazzy/opt/rviz_ogre_vendor/share/OGRE/Media
-- OGRE_LIBRARIES: OgreMeshLodGenerator;OgreOverlay;OgrePaging;OgreProperty;OgreRTShaderSystem;OgreTerrain;OgreVolume;OgreMain
-- OGRE_LIBRARY_DIRS: /opt/ros/jazzy/opt/rviz_ogre_vendor/lib
-- OGRE_PLUGINS: Plugin_BSPSceneManager;Plugin_OctreeSceneManager;Plugin_PCZSceneManager;Plugin_ParticleFX;RenderSystem_GL;RenderSystem_GL3Plus;Codec_STBI
-- OGRE_PLUGIN_DIR: /opt/ros/jazzy/opt/rviz_ogre_vendor/lib/OGRE
-- rviz_ogre_vendor::OgreOverlay for IMPORTED_LOCATION_RELEASE: /opt/ros/jazzy/opt/rviz_ogre_vendor/lib/libOgreOverlay.so
-- rviz_ogre_vendor::OgreOverlay for IMPORTED_LOCATION_DEBUG: /opt/ros/jazzy/opt/rviz_ogre_vendor/lib/libOgreOverlay.so
-- rviz_ogre_vendor::OgreMain for IMPORTED_LOCATION_RELEASE: /opt/ros/jazzy/opt/rviz_ogre_vendor/lib/libOgreMain.so
-- rviz_ogre_vendor::OgreMain for IMPORTED_LOCATION_DEBUG: /opt/ros/jazzy/opt/rviz_ogre_vendor/lib/libOgreMain.so
-- Setting yaml-cpp_DIR to: '/opt/ros/jazzy/share/yaml_cpp_vendor/cmake/../../../opt/yaml_cpp_vendor/share/cmake/yaml-cpp'
-- Found ydlidar_ros2_driver: 1.0.2 (/home/xybxy123/w_work/ros2_ws/install/ydlidar_ros2_driver/share/ydlidar_ros2_driver/cmake)
-- Found ament_lint_auto: 0.17.4 (/opt/ros/jazzy/share/ament_lint_auto/cmake)
-- Added test 'flake8' to check Python code syntax and style conventions
-- Configured 'flake8' exclude dirs and/or files: 
-- Added test 'lint_cmake' to check CMake code style
-- Added test 'pep257' to check Python code against some of the docstring style conventions in PEP 257
-- Added test 'xmllint' to check XML markup files
-- Configuring done (0.9s)
-- Generating done (0.0s)
-- Build files have been written to: /home/xybxy123/w_work/ros2_ws/build/slam_toolbox_ydlidar
-- Install configuration: ""
-- Up-to-date: /home/xybxy123/w_work/ros2_ws/install/slam_toolbox_ydlidar/share/slam_toolbox_ydlidar/launch
-- Installing: /home/xybxy123/w_work/ros2_ws/install/slam_toolbox_ydlidar/share/slam_toolbox_ydlidar/launch/online_async_ydlidar.launch.py
-- Up-to-date: /home/xybxy123/w_work/ros2_ws/install/slam_toolbox_ydlidar/share/ament_index/resource_index/package_run_dependencies/slam_toolbox_ydlidar
-- Installing: /home/xybxy123/w_work/ros2_ws/install/slam_toolbox_ydlidar/share/ament_index/resource_index/parent_prefix_path/slam_toolbox_ydlidar
-- Up-to-date: /home/xybxy123/w_work/ros2_ws/install/slam_toolbox_ydlidar/share/slam_toolbox_ydlidar/environment/ament_prefix_path.sh
-- Up-to-date: /home/xybxy123/w_work/ros2_ws/install/slam_toolbox_ydlidar/share/slam_toolbox_ydlidar/environment/ament_prefix_path.dsv
-- Up-to-date: /home/xybxy123/w_work/ros2_ws/install/slam_toolbox_ydlidar/share/slam_toolbox_ydlidar/environment/path.sh
-- Up-to-date: /home/xybxy123/w_work/ros2_ws/install/slam_toolbox_ydlidar/share/slam_toolbox_ydlidar/environment/path.dsv
-- Up-to-date: /home/xybxy123/w_work/ros2_ws/install/slam_toolbox_ydlidar/share/slam_toolbox_ydlidar/local_setup.bash
-- Up-to-date: /home/xybxy123/w_work/ros2_ws/install/slam_toolbox_ydlidar/share/slam_toolbox_ydlidar/local_setup.sh
-- Up-to-date: /home/xybxy123/w_work/ros2_ws/install/slam_toolbox_ydlidar/share/slam_toolbox_ydlidar/local_setup.zsh
-- Up-to-date: /home/xybxy123/w_work/ros2_ws/install/slam_toolbox_ydlidar/share/slam_toolbox_ydlidar/local_setup.dsv
-- Installing: /home/xybxy123/w_work/ros2_ws/install/slam_toolbox_ydlidar/share/slam_toolbox_ydlidar/package.dsv
-- Up-to-date: /home/xybxy123/w_work/ros2_ws/install/slam_toolbox_ydlidar/share/ament_index/resource_index/packages/slam_toolbox_ydlidar
-- Up-to-date: /home/xybxy123/w_work/ros2_ws/install/slam_toolbox_ydlidar/share/slam_toolbox_ydlidar/cmake/slam_toolbox_ydlidarConfig.cmake
-- Up-to-date: /home/xybxy123/w_work/ros2_ws/install/slam_toolbox_ydlidar/share/slam_toolbox_ydlidar/cmake/slam_toolbox_ydlidarConfig-version.cmake
-- Installing: /home/xybxy123/w_work/ros2_ws/install/slam_toolbox_ydlidar/share/slam_toolbox_ydlidar/package.xml
