[0.008s] Invoking command in '/home/xybxy123/w_work/ros2_ws/build/ydlidar_ros2_driver': CMAKE_PREFIX_PATH=${CMAKE_PREFIX_PATH}:/opt/ros/jazzy DEBUGINFOD_URLS=https://debuginfod.ubuntu.com /usr/bin/cmake --build /home/xybxy123/w_work/ros2_ws/build/ydlidar_ros2_driver -- -j24 -l24
[0.045s] [ 50%] Built target ydlidar_ros2_driver_client
[0.050s] [100%] Built target ydlidar_ros2_driver_node
[0.056s] Invoked command in '/home/xybxy123/w_work/ros2_ws/build/ydlidar_ros2_driver' returned '0': CMAKE_PREFIX_PATH=${CMAKE_PREFIX_PATH}:/opt/ros/jazzy DEBUGINFOD_URLS=https://debuginfod.ubuntu.com /usr/bin/cmake --build /home/xybxy123/w_work/ros2_ws/build/ydlidar_ros2_driver -- -j24 -l24
[0.064s] Invoking command in '/home/xybxy123/w_work/ros2_ws/build/ydlidar_ros2_driver': CMAKE_PREFIX_PATH=${CMAKE_PREFIX_PATH}:/opt/ros/jazzy DEBUGINFOD_URLS=https://debuginfod.ubuntu.com /usr/bin/cmake --install /home/xybxy123/w_work/ros2_ws/build/ydlidar_ros2_driver
[0.068s] -- Install configuration: ""
[0.068s] -- Up-to-date: /home/xybxy123/w_work/ros2_ws/install/ydlidar_ros2_driver/lib/ydlidar_ros2_driver/ydlidar_ros2_driver_node
[0.068s] -- Up-to-date: /home/xybxy123/w_work/ros2_ws/install/ydlidar_ros2_driver/lib/ydlidar_ros2_driver/ydlidar_ros2_driver_client
[0.068s] -- Up-to-date: /home/xybxy123/w_work/ros2_ws/install/ydlidar_ros2_driver/share/ydlidar_ros2_driver/launch
[0.068s] -- Up-to-date: /home/xybxy123/w_work/ros2_ws/install/ydlidar_ros2_driver/share/ydlidar_ros2_driver/launch/ydlidar.py
[0.068s] -- Up-to-date: /home/xybxy123/w_work/ros2_ws/install/ydlidar_ros2_driver/share/ydlidar_ros2_driver/launch/ydlidar_launch.py
[0.068s] -- Up-to-date: /home/xybxy123/w_work/ros2_ws/install/ydlidar_ros2_driver/share/ydlidar_ros2_driver/launch/ydlidar_launch_view.py
[0.068s] -- Up-to-date: /home/xybxy123/w_work/ros2_ws/install/ydlidar_ros2_driver/share/ydlidar_ros2_driver/params
[0.069s] -- Up-to-date: /home/xybxy123/w_work/ros2_ws/install/ydlidar_ros2_driver/share/ydlidar_ros2_driver/params/G4.yaml
[0.069s] -- Up-to-date: /home/xybxy123/w_work/ros2_ws/install/ydlidar_ros2_driver/share/ydlidar_ros2_driver/params/G6.yaml
[0.069s] -- Up-to-date: /home/xybxy123/w_work/ros2_ws/install/ydlidar_ros2_driver/share/ydlidar_ros2_driver/params/sdm15.yaml
[0.069s] -- Up-to-date: /home/xybxy123/w_work/ros2_ws/install/ydlidar_ros2_driver/share/ydlidar_ros2_driver/params/X4-Pro.yaml
[0.069s] -- Up-to-date: /home/xybxy123/w_work/ros2_ws/install/ydlidar_ros2_driver/share/ydlidar_ros2_driver/params/GS2.yaml
[0.070s] -- Up-to-date: /home/xybxy123/w_work/ros2_ws/install/ydlidar_ros2_driver/share/ydlidar_ros2_driver/params/ydlidar.yaml
[0.070s] -- Up-to-date: /home/xybxy123/w_work/ros2_ws/install/ydlidar_ros2_driver/share/ydlidar_ros2_driver/params/G2.yaml
[0.070s] -- Up-to-date: /home/xybxy123/w_work/ros2_ws/install/ydlidar_ros2_driver/share/ydlidar_ros2_driver/params/TG.yaml
[0.070s] -- Up-to-date: /home/xybxy123/w_work/ros2_ws/install/ydlidar_ros2_driver/share/ydlidar_ros2_driver/params/TEA.yaml
[0.070s] -- Up-to-date: /home/xybxy123/w_work/ros2_ws/install/ydlidar_ros2_driver/share/ydlidar_ros2_driver/params/GS5.yaml
[0.071s] -- Up-to-date: /home/xybxy123/w_work/ros2_ws/install/ydlidar_ros2_driver/share/ydlidar_ros2_driver/params/G1.yaml
[0.071s] -- Up-to-date: /home/xybxy123/w_work/ros2_ws/install/ydlidar_ros2_driver/share/ydlidar_ros2_driver/params/X4.yaml
[0.071s] -- Up-to-date: /home/xybxy123/w_work/ros2_ws/install/ydlidar_ros2_driver/share/ydlidar_ros2_driver/params/Tmini-Plus-SH.yaml
[0.071s] -- Up-to-date: /home/xybxy123/w_work/ros2_ws/install/ydlidar_ros2_driver/share/ydlidar_ros2_driver/params/X3.yaml
[0.071s] -- Up-to-date: /home/xybxy123/w_work/ros2_ws/install/ydlidar_ros2_driver/share/ydlidar_ros2_driver/params/Tmini.yaml
[0.071s] -- Up-to-date: /home/xybxy123/w_work/ros2_ws/install/ydlidar_ros2_driver/share/ydlidar_ros2_driver/params/X2.yaml
[0.072s] -- Up-to-date: /home/xybxy123/w_work/ros2_ws/install/ydlidar_ros2_driver/share/ydlidar_ros2_driver/startup
[0.073s] -- Up-to-date: /home/xybxy123/w_work/ros2_ws/install/ydlidar_ros2_driver/share/ydlidar_ros2_driver/startup/initenv.sh
[0.073s] -- Up-to-date: /home/xybxy123/w_work/ros2_ws/install/ydlidar_ros2_driver/share/ydlidar_ros2_driver/config
[0.074s] -- Up-to-date: /home/xybxy123/w_work/ros2_ws/install/ydlidar_ros2_driver/share/ydlidar_ros2_driver/config/ydlidar.rviz
[0.074s] -- Up-to-date: /home/xybxy123/w_work/ros2_ws/install/ydlidar_ros2_driver/share/ament_index/resource_index/package_run_dependencies/ydlidar_ros2_driver
[0.074s] -- Up-to-date: /home/xybxy123/w_work/ros2_ws/install/ydlidar_ros2_driver/share/ament_index/resource_index/parent_prefix_path/ydlidar_ros2_driver
[0.074s] -- Up-to-date: /home/xybxy123/w_work/ros2_ws/install/ydlidar_ros2_driver/share/ydlidar_ros2_driver/environment/ament_prefix_path.sh
[0.074s] -- Up-to-date: /home/xybxy123/w_work/ros2_ws/install/ydlidar_ros2_driver/share/ydlidar_ros2_driver/environment/ament_prefix_path.dsv
[0.074s] -- Up-to-date: /home/xybxy123/w_work/ros2_ws/install/ydlidar_ros2_driver/share/ydlidar_ros2_driver/environment/path.sh
[0.074s] -- Up-to-date: /home/xybxy123/w_work/ros2_ws/install/ydlidar_ros2_driver/share/ydlidar_ros2_driver/environment/path.dsv
[0.074s] -- Up-to-date: /home/xybxy123/w_work/ros2_ws/install/ydlidar_ros2_driver/share/ydlidar_ros2_driver/local_setup.bash
[0.074s] -- Up-to-date: /home/xybxy123/w_work/ros2_ws/install/ydlidar_ros2_driver/share/ydlidar_ros2_driver/local_setup.sh
[0.074s] -- Up-to-date: /home/xybxy123/w_work/ros2_ws/install/ydlidar_ros2_driver/share/ydlidar_ros2_driver/local_setup.zsh
[0.074s] -- Up-to-date: /home/xybxy123/w_work/ros2_ws/install/ydlidar_ros2_driver/share/ydlidar_ros2_driver/local_setup.dsv
[0.075s] -- Installing: /home/xybxy123/w_work/ros2_ws/install/ydlidar_ros2_driver/share/ydlidar_ros2_driver/package.dsv
[0.075s] -- Up-to-date: /home/xybxy123/w_work/ros2_ws/install/ydlidar_ros2_driver/share/ament_index/resource_index/packages/ydlidar_ros2_driver
[0.075s] -- Up-to-date: /home/xybxy123/w_work/ros2_ws/install/ydlidar_ros2_driver/share/ydlidar_ros2_driver/cmake/ydlidar_ros2_driverConfig.cmake
[0.075s] -- Up-to-date: /home/xybxy123/w_work/ros2_ws/install/ydlidar_ros2_driver/share/ydlidar_ros2_driver/cmake/ydlidar_ros2_driverConfig-version.cmake
[0.075s] -- Up-to-date: /home/xybxy123/w_work/ros2_ws/install/ydlidar_ros2_driver/share/ydlidar_ros2_driver/package.xml
[0.075s] Invoked command in '/home/xybxy123/w_work/ros2_ws/build/ydlidar_ros2_driver' returned '0': CMAKE_PREFIX_PATH=${CMAKE_PREFIX_PATH}:/opt/ros/jazzy DEBUGINFOD_URLS=https://debuginfod.ubuntu.com /usr/bin/cmake --install /home/xybxy123/w_work/ros2_ws/build/ydlidar_ros2_driver
