-- Found ament_cmake: 2.5.5 (/opt/ros/jazzy/share/ament_cmake/cmake)
-- Found rclcpp: 28.1.16 (/opt/ros/jazzy/share/rclcpp/cmake)
-- Found rosidl_generator_c: 4.6.7 (/opt/ros/jazzy/share/rosidl_generator_c/cmake)
-- Found rosidl_generator_cpp: 4.6.7 (/opt/ros/jazzy/share/rosidl_generator_cpp/cmake)
-- Using all available rosidl_typesupport_c: rosidl_typesupport_fastrtps_c;rosidl_typesupport_introspection_c
-- Using all available rosidl_typesupport_cpp: rosidl_typesupport_fastrtps_cpp;rosidl_typesupport_introspection_cpp
-- Found rmw_implementation_cmake: 7.3.3 (/opt/ros/jazzy/share/rmw_implementation_cmake/cmake)
-- Found rmw_fastrtps_cpp: 8.4.3 (/opt/ros/jazzy/share/rmw_fastrtps_cpp/cmake)
-- Using RMW implementation 'rmw_fastrtps_cpp' as default
-- Found sensor_msgs: 5.3.6 (/opt/ros/jazzy/share/sensor_msgs/cmake)
-- Found cv_bridge: 4.1.0 (/opt/ros/jazzy/share/cv_bridge/cmake)
-- Configuring done (0.4s)
-- Generating done (0.0s)
-- Build files have been written to: /home/xybxy123/w_work/ros2_ws/build/depth_camera_pub
[ 50%] [32m[1mLinking CXX executable depth_camera_pub_node[0m
/usr/bin/ld: warning: libopencv_imgcodecs.so.406, needed by /opt/ros/jazzy/lib/libcv_bridge.so, may conflict with libopencv_imgcodecs.so.408
/usr/bin/ld: warning: libopencv_core.so.406, needed by /opt/ros/jazzy/lib/libcv_bridge.so, may conflict with libopencv_core.so.408
[100%] Built target depth_camera_pub_node
-- Install configuration: ""
-- Installing: /home/xybxy123/w_work/ros2_ws/install/depth_camera_pub/lib/depth_camera_pub/depth_camera_pub_node
-- Set non-toolchain portion of runtime path of "/home/xybxy123/w_work/ros2_ws/install/depth_camera_pub/lib/depth_camera_pub/depth_camera_pub_node" to ""
-- Installing: /home/xybxy123/w_work/ros2_ws/install/depth_camera_pub/share/ament_index/resource_index/package_run_dependencies/depth_camera_pub
-- Installing: /home/xybxy123/w_work/ros2_ws/install/depth_camera_pub/share/ament_index/resource_index/parent_prefix_path/depth_camera_pub
-- Installing: /home/xybxy123/w_work/ros2_ws/install/depth_camera_pub/share/depth_camera_pub/environment/ament_prefix_path.sh
-- Installing: /home/xybxy123/w_work/ros2_ws/install/depth_camera_pub/share/depth_camera_pub/environment/ament_prefix_path.dsv
-- Installing: /home/xybxy123/w_work/ros2_ws/install/depth_camera_pub/share/depth_camera_pub/environment/path.sh
-- Installing: /home/xybxy123/w_work/ros2_ws/install/depth_camera_pub/share/depth_camera_pub/environment/path.dsv
-- Installing: /home/xybxy123/w_work/ros2_ws/install/depth_camera_pub/share/depth_camera_pub/local_setup.bash
-- Installing: /home/xybxy123/w_work/ros2_ws/install/depth_camera_pub/share/depth_camera_pub/local_setup.sh
-- Installing: /home/xybxy123/w_work/ros2_ws/install/depth_camera_pub/share/depth_camera_pub/local_setup.zsh
-- Installing: /home/xybxy123/w_work/ros2_ws/install/depth_camera_pub/share/depth_camera_pub/local_setup.dsv
-- Installing: /home/xybxy123/w_work/ros2_ws/install/depth_camera_pub/share/depth_camera_pub/package.dsv
-- Installing: /home/xybxy123/w_work/ros2_ws/install/depth_camera_pub/share/ament_index/resource_index/packages/depth_camera_pub
-- Installing: /home/xybxy123/w_work/ros2_ws/install/depth_camera_pub/share/depth_camera_pub/cmake/depth_camera_pubConfig.cmake
-- Installing: /home/xybxy123/w_work/ros2_ws/install/depth_camera_pub/share/depth_camera_pub/cmake/depth_camera_pubConfig-version.cmake
-- Installing: /home/xybxy123/w_work/ros2_ws/install/depth_camera_pub/share/depth_camera_pub/package.xml
