[0.012s] Invoking command in '/home/xybxy123/w_work/ros2_ws/build/depth_camera_pub': CMAKE_PREFIX_PATH=${CMAKE_PREFIX_PATH}:/opt/ros/jazzy DEBUGINFOD_URLS=https://debuginfod.ubuntu.com /usr/bin/cmake --build /home/xybxy123/w_work/ros2_ws/build/depth_camera_pub -- -j24 -l24
[0.035s] -- Found ament_cmake: 2.5.5 (/opt/ros/jazzy/share/ament_cmake/cmake)
[0.218s] -- Found rclcpp: 28.1.16 (/opt/ros/jazzy/share/rclcpp/cmake)
[0.238s] -- Found rosidl_generator_c: 4.6.7 (/opt/ros/jazzy/share/rosidl_generator_c/cmake)
[0.244s] -- Found rosidl_generator_cpp: 4.6.7 (/opt/ros/jazzy/share/rosidl_generator_cpp/cmake)
[0.250s] -- Using all available rosidl_typesupport_c: rosidl_typesupport_fastrtps_c;rosidl_typesupport_introspection_c
[0.258s] -- Using all available rosidl_typesupport_cpp: rosidl_typesupport_fastrtps_cpp;rosidl_typesupport_introspection_cpp
[0.294s] -- Found rmw_implementation_cmake: 7.3.3 (/opt/ros/jazzy/share/rmw_implementation_cmake/cmake)
[0.294s] -- Found rmw_fastrtps_cpp: 8.4.3 (/opt/ros/jazzy/share/rmw_fastrtps_cpp/cmake)
[0.345s] -- Using RMW implementation 'rmw_fastrtps_cpp' as default
[0.385s] -- Found sensor_msgs: 5.3.6 (/opt/ros/jazzy/share/sensor_msgs/cmake)
[0.418s] -- Found cv_bridge: 4.1.0 (/opt/ros/jazzy/share/cv_bridge/cmake)
[0.481s] -- Configuring done (0.4s)
[0.491s] -- Generating done (0.0s)
[0.493s] -- Build files have been written to: /home/xybxy123/w_work/ros2_ws/build/depth_camera_pub
[0.531s] [ 50%] [32m[1mLinking CXX executable depth_camera_pub_node[0m
[0.652s] /usr/bin/ld: warning: libopencv_imgcodecs.so.406, needed by /opt/ros/jazzy/lib/libcv_bridge.so, may conflict with libopencv_imgcodecs.so.408
[0.654s] /usr/bin/ld: warning: libopencv_core.so.406, needed by /opt/ros/jazzy/lib/libcv_bridge.so, may conflict with libopencv_core.so.408
[0.925s] [100%] Built target depth_camera_pub_node
[0.935s] Invoked command in '/home/xybxy123/w_work/ros2_ws/build/depth_camera_pub' returned '0': CMAKE_PREFIX_PATH=${CMAKE_PREFIX_PATH}:/opt/ros/jazzy DEBUGINFOD_URLS=https://debuginfod.ubuntu.com /usr/bin/cmake --build /home/xybxy123/w_work/ros2_ws/build/depth_camera_pub -- -j24 -l24
[0.936s] Invoking command in '/home/xybxy123/w_work/ros2_ws/build/depth_camera_pub': CMAKE_PREFIX_PATH=${CMAKE_PREFIX_PATH}:/opt/ros/jazzy DEBUGINFOD_URLS=https://debuginfod.ubuntu.com /usr/bin/cmake --install /home/xybxy123/w_work/ros2_ws/build/depth_camera_pub
[0.941s] -- Install configuration: ""
[0.941s] -- Installing: /home/xybxy123/w_work/ros2_ws/install/depth_camera_pub/lib/depth_camera_pub/depth_camera_pub_node
[0.943s] -- Set non-toolchain portion of runtime path of "/home/xybxy123/w_work/ros2_ws/install/depth_camera_pub/lib/depth_camera_pub/depth_camera_pub_node" to ""
[0.943s] -- Installing: /home/xybxy123/w_work/ros2_ws/install/depth_camera_pub/share/ament_index/resource_index/package_run_dependencies/depth_camera_pub
[0.943s] -- Installing: /home/xybxy123/w_work/ros2_ws/install/depth_camera_pub/share/ament_index/resource_index/parent_prefix_path/depth_camera_pub
[0.944s] -- Installing: /home/xybxy123/w_work/ros2_ws/install/depth_camera_pub/share/depth_camera_pub/environment/ament_prefix_path.sh
[0.944s] -- Installing: /home/xybxy123/w_work/ros2_ws/install/depth_camera_pub/share/depth_camera_pub/environment/ament_prefix_path.dsv
[0.944s] -- Installing: /home/xybxy123/w_work/ros2_ws/install/depth_camera_pub/share/depth_camera_pub/environment/path.sh
[0.944s] -- Installing: /home/xybxy123/w_work/ros2_ws/install/depth_camera_pub/share/depth_camera_pub/environment/path.dsv
[0.944s] -- Installing: /home/xybxy123/w_work/ros2_ws/install/depth_camera_pub/share/depth_camera_pub/local_setup.bash
[0.944s] -- Installing: /home/xybxy123/w_work/ros2_ws/install/depth_camera_pub/share/depth_camera_pub/local_setup.sh
[0.944s] -- Installing: /home/xybxy123/w_work/ros2_ws/install/depth_camera_pub/share/depth_camera_pub/local_setup.zsh
[0.944s] -- Installing: /home/xybxy123/w_work/ros2_ws/install/depth_camera_pub/share/depth_camera_pub/local_setup.dsv
[0.945s] -- Installing: /home/xybxy123/w_work/ros2_ws/install/depth_camera_pub/share/depth_camera_pub/package.dsv
[0.945s] -- Installing: /home/xybxy123/w_work/ros2_ws/install/depth_camera_pub/share/ament_index/resource_index/packages/depth_camera_pub
[0.945s] -- Installing: /home/xybxy123/w_work/ros2_ws/install/depth_camera_pub/share/depth_camera_pub/cmake/depth_camera_pubConfig.cmake
[0.946s] -- Installing: /home/xybxy123/w_work/ros2_ws/install/depth_camera_pub/share/depth_camera_pub/cmake/depth_camera_pubConfig-version.cmake
[0.946s] -- Installing: /home/xybxy123/w_work/ros2_ws/install/depth_camera_pub/share/depth_camera_pub/package.xml
[0.947s] Invoked command in '/home/xybxy123/w_work/ros2_ws/build/depth_camera_pub' returned '0': CMAKE_PREFIX_PATH=${CMAKE_PREFIX_PATH}:/opt/ros/jazzy DEBUGINFOD_URLS=https://debuginfod.ubuntu.com /usr/bin/cmake --install /home/xybxy123/w_work/ros2_ws/build/depth_camera_pub
