[0.018s] Invoking command in '/home/xybxy123/w_work/ros2_ws/build/circle_detector': CMAKE_PREFIX_PATH=${CMAKE_PREFIX_PATH}:/opt/ros/jazzy DEBUGINFOD_URLS=https://debuginfod.ubuntu.com /usr/bin/cmake --build /home/xybxy123/w_work/ros2_ws/build/circle_detector -- -j24 -l24
[0.083s] [100%] Built target circle_detector_node
[0.100s] Invoked command in '/home/xybxy123/w_work/ros2_ws/build/circle_detector' returned '0': CMAKE_PREFIX_PATH=${CMAKE_PREFIX_PATH}:/opt/ros/jazzy DEBUGINFOD_URLS=https://debuginfod.ubuntu.com /usr/bin/cmake --build /home/xybxy123/w_work/ros2_ws/build/circle_detector -- -j24 -l24
[0.101s] Invoking command in '/home/xybxy123/w_work/ros2_ws/build/circle_detector': CMAKE_PREFIX_PATH=${CMAKE_PREFIX_PATH}:/opt/ros/jazzy DEBUGINFOD_URLS=https://debuginfod.ubuntu.com /usr/bin/cmake --install /home/xybxy123/w_work/ros2_ws/build/circle_detector
[0.107s] -- Install configuration: ""
[0.107s] -- Up-to-date: /home/xybxy123/w_work/ros2_ws/install/circle_detector/lib/circle_detector/circle_detector_node
[0.107s] -- Up-to-date: /home/xybxy123/w_work/ros2_ws/install/circle_detector/include
[0.107s] -- Up-to-date: /home/xybxy123/w_work/ros2_ws/install/circle_detector/include/circle_detector
[0.107s] -- Up-to-date: /home/xybxy123/w_work/ros2_ws/install/circle_detector/include/circle_detector/circle_config.hpp
[0.107s] -- Up-to-date: /home/xybxy123/w_work/ros2_ws/install/circle_detector/share/ament_index/resource_index/package_run_dependencies/circle_detector
[0.107s] -- Up-to-date: /home/xybxy123/w_work/ros2_ws/install/circle_detector/share/ament_index/resource_index/parent_prefix_path/circle_detector
[0.107s] -- Up-to-date: /home/xybxy123/w_work/ros2_ws/install/circle_detector/share/circle_detector/environment/ament_prefix_path.sh
[0.107s] -- Up-to-date: /home/xybxy123/w_work/ros2_ws/install/circle_detector/share/circle_detector/environment/ament_prefix_path.dsv
[0.107s] -- Up-to-date: /home/xybxy123/w_work/ros2_ws/install/circle_detector/share/circle_detector/environment/path.sh
[0.107s] -- Up-to-date: /home/xybxy123/w_work/ros2_ws/install/circle_detector/share/circle_detector/environment/path.dsv
[0.107s] -- Up-to-date: /home/xybxy123/w_work/ros2_ws/install/circle_detector/share/circle_detector/local_setup.bash
[0.107s] -- Up-to-date: /home/xybxy123/w_work/ros2_ws/install/circle_detector/share/circle_detector/local_setup.sh
[0.107s] -- Up-to-date: /home/xybxy123/w_work/ros2_ws/install/circle_detector/share/circle_detector/local_setup.zsh
[0.107s] -- Up-to-date: /home/xybxy123/w_work/ros2_ws/install/circle_detector/share/circle_detector/local_setup.dsv
[0.107s] -- Installing: /home/xybxy123/w_work/ros2_ws/install/circle_detector/share/circle_detector/package.dsv
[0.108s] -- Up-to-date: /home/xybxy123/w_work/ros2_ws/install/circle_detector/share/ament_index/resource_index/packages/circle_detector
[0.108s] -- Up-to-date: /home/xybxy123/w_work/ros2_ws/install/circle_detector/share/circle_detector/cmake/circle_detectorConfig.cmake
[0.108s] -- Up-to-date: /home/xybxy123/w_work/ros2_ws/install/circle_detector/share/circle_detector/cmake/circle_detectorConfig-version.cmake
[0.108s] -- Up-to-date: /home/xybxy123/w_work/ros2_ws/install/circle_detector/share/circle_detector/package.xml
[0.125s] Invoked command in '/home/xybxy123/w_work/ros2_ws/build/circle_detector' returned '0': CMAKE_PREFIX_PATH=${CMAKE_PREFIX_PATH}:/opt/ros/jazzy DEBUGINFOD_URLS=https://debuginfod.ubuntu.com /usr/bin/cmake --install /home/xybxy123/w_work/ros2_ws/build/circle_detector
