[0.011s] Invoking command in '/home/xybxy123/w_work/ros2_ws/build/input_img': CMAKE_PREFIX_PATH=${CMAKE_PREFIX_PATH}:/opt/ros/jazzy DEBUGINFOD_URLS=https://debuginfod.ubuntu.com /usr/bin/cmake --build /home/xybxy123/w_work/ros2_ws/build/input_img -- -j24 -l24
[0.068s] [100%] Built target yolo_main_node
[0.086s] Invoked command in '/home/xybxy123/w_work/ros2_ws/build/input_img' returned '0': CMAKE_PREFIX_PATH=${CMAKE_PREFIX_PATH}:/opt/ros/jazzy DEBUGINFOD_URLS=https://debuginfod.ubuntu.com /usr/bin/cmake --build /home/xybxy123/w_work/ros2_ws/build/input_img -- -j24 -l24
[0.087s] Invoking command in '/home/xybxy123/w_work/ros2_ws/build/input_img': CMAKE_PREFIX_PATH=${CMAKE_PREFIX_PATH}:/opt/ros/jazzy DEBUGINFOD_URLS=https://debuginfod.ubuntu.com /usr/bin/cmake --install /home/xybxy123/w_work/ros2_ws/build/input_img
[0.097s] -- Install configuration: ""
[0.097s] -- Up-to-date: /home/xybxy123/w_work/ros2_ws/install/input_img/lib/input_img/yolo_main_node
[0.098s] -- Up-to-date: /home/xybxy123/w_work/ros2_ws/install/input_img/share/input_img/launch
[0.098s] -- Up-to-date: /home/xybxy123/w_work/ros2_ws/install/input_img/share/ament_index/resource_index/package_run_dependencies/input_img
[0.098s] -- Up-to-date: /home/xybxy123/w_work/ros2_ws/install/input_img/share/ament_index/resource_index/parent_prefix_path/input_img
[0.098s] -- Up-to-date: /home/xybxy123/w_work/ros2_ws/install/input_img/share/input_img/environment/ament_prefix_path.sh
[0.098s] -- Up-to-date: /home/xybxy123/w_work/ros2_ws/install/input_img/share/input_img/environment/ament_prefix_path.dsv
[0.099s] -- Up-to-date: /home/xybxy123/w_work/ros2_ws/install/input_img/share/input_img/environment/path.sh
[0.099s] -- Up-to-date: /home/xybxy123/w_work/ros2_ws/install/input_img/share/input_img/environment/path.dsv
[0.099s] -- Up-to-date: /home/xybxy123/w_work/ros2_ws/install/input_img/share/input_img/local_setup.bash
[0.100s] -- Up-to-date: /home/xybxy123/w_work/ros2_ws/install/input_img/share/input_img/local_setup.sh
[0.100s] -- Up-to-date: /home/xybxy123/w_work/ros2_ws/install/input_img/share/input_img/local_setup.zsh
[0.100s] -- Up-to-date: /home/xybxy123/w_work/ros2_ws/install/input_img/share/input_img/local_setup.dsv
[0.100s] -- Installing: /home/xybxy123/w_work/ros2_ws/install/input_img/share/input_img/package.dsv
[0.100s] -- Up-to-date: /home/xybxy123/w_work/ros2_ws/install/input_img/share/ament_index/resource_index/packages/input_img
[0.100s] -- Up-to-date: /home/xybxy123/w_work/ros2_ws/install/input_img/share/input_img/cmake/input_imgConfig.cmake
[0.100s] -- Up-to-date: /home/xybxy123/w_work/ros2_ws/install/input_img/share/input_img/cmake/input_imgConfig-version.cmake
[0.100s] -- Up-to-date: /home/xybxy123/w_work/ros2_ws/install/input_img/share/input_img/package.xml
[0.113s] Invoked command in '/home/xybxy123/w_work/ros2_ws/build/input_img' returned '0': CMAKE_PREFIX_PATH=${CMAKE_PREFIX_PATH}:/opt/ros/jazzy DEBUGINFOD_URLS=https://debuginfod.ubuntu.com /usr/bin/cmake --install /home/xybxy123/w_work/ros2_ws/build/input_img
