[0.051s] DEBUG:colcon:Command line arguments: ['/usr/bin/colcon', 'build', '--packages-select', 'slam_toolbox', 'slam_toolbox_ydlidar', 'ydlidar_ros2_driver']
[0.051s] DEBUG:colcon:Parsed command line arguments: Namespace(log_base=None, log_level=None, verb_name='build', build_base='build', install_base='install', merge_install=False, symlink_install=False, test_result_base=None, continue_on_error=False, executor='parallel', parallel_workers=24, event_handlers=None, ignore_user_meta=False, metas=['./colcon.meta'], base_paths=['.'], packages_ignore=None, packages_ignore_regex=None, paths=None, packages_up_to=None, packages_up_to_regex=None, packages_above=None, packages_above_and_dependencies=None, packages_above_depth=None, packages_select_by_dep=None, packages_skip_by_dep=None, packages_skip_up_to=None, packages_select_build_failed=False, packages_skip_build_finished=False, packages_select_test_failures=False, packages_skip_test_passed=False, packages_select=['slam_toolbox', 'slam_toolbox_ydlidar', 'ydlidar_ros2_driver'], packages_skip=None, packages_select_regex=None, packages_skip_regex=None, packages_start=None, packages_end=None, allow_overriding=[], cmake_args=None, cmake_target=None, cmake_target_skip_unavailable=False, cmake_clean_cache=False, cmake_clean_first=False, cmake_force_configure=False, ament_cmake_args=None, catkin_cmake_args=None, catkin_skip_building_tests=False, verb_parser=<colcon_defaults.argument_parser.defaults.DefaultArgumentsDecorator object at 0x72b57fba8140>, verb_extension=<colcon_core.verb.build.BuildVerb object at 0x72b57fb7ff20>, main=<bound method BuildVerb.main of <colcon_core.verb.build.BuildVerb object at 0x72b57fb7ff20>>)
[0.070s] Level 1:colcon.colcon_core.package_discovery:discover_packages(colcon_meta) check parameters
[0.070s] Level 1:colcon.colcon_core.package_discovery:discover_packages(recursive) check parameters
[0.070s] Level 1:colcon.colcon_core.package_discovery:discover_packages(ignore) check parameters
[0.070s] Level 1:colcon.colcon_core.package_discovery:discover_packages(path) check parameters
[0.070s] Level 1:colcon.colcon_core.package_discovery:discover_packages(colcon_meta) discover
[0.070s] Level 1:colcon.colcon_core.package_discovery:discover_packages(recursive) discover
[0.070s] INFO:colcon.colcon_core.package_discovery:Crawling recursively for packages in '/home/xybxy123/w_work/ros2_ws'
[0.070s] Level 1:colcon.colcon_core.package_identification:_identify(.) by extensions ['ignore', 'ignore_ament_install']
[0.070s] Level 1:colcon.colcon_core.package_identification:_identify(.) by extension 'ignore'
[0.070s] Level 1:colcon.colcon_core.package_identification:_identify(.) by extension 'ignore_ament_install'
[0.070s] Level 1:colcon.colcon_core.package_identification:_identify(.) by extensions ['colcon_pkg']
[0.070s] Level 1:colcon.colcon_core.package_identification:_identify(.) by extension 'colcon_pkg'
[0.070s] Level 1:colcon.colcon_core.package_identification:_identify(.) by extensions ['colcon_meta']
[0.070s] Level 1:colcon.colcon_core.package_identification:_identify(.) by extension 'colcon_meta'
[0.070s] Level 1:colcon.colcon_core.package_identification:_identify(.) by extensions ['ros']
[0.070s] Level 1:colcon.colcon_core.package_identification:_identify(.) by extension 'ros'
[0.084s] Level 1:colcon.colcon_core.package_identification:_identify(.) by extensions ['cmake', 'python']
[0.084s] Level 1:colcon.colcon_core.package_identification:_identify(.) by extension 'cmake'
[0.084s] Level 1:colcon.colcon_core.package_identification:_identify(.) by extension 'python'
[0.084s] Level 1:colcon.colcon_core.package_identification:_identify(.) by extensions ['python_setup_py']
[0.084s] Level 1:colcon.colcon_core.package_identification:_identify(.) by extension 'python_setup_py'
[0.084s] Level 1:colcon.colcon_core.package_identification:_identify(build) by extensions ['ignore', 'ignore_ament_install']
[0.084s] Level 1:colcon.colcon_core.package_identification:_identify(build) by extension 'ignore'
[0.084s] Level 1:colcon.colcon_core.package_identification:_identify(build) ignored
[0.084s] Level 1:colcon.colcon_core.package_identification:_identify(install) by extensions ['ignore', 'ignore_ament_install']
[0.084s] Level 1:colcon.colcon_core.package_identification:_identify(install) by extension 'ignore'
[0.084s] Level 1:colcon.colcon_core.package_identification:_identify(install) ignored
[0.084s] Level 1:colcon.colcon_core.package_identification:_identify(log) by extensions ['ignore', 'ignore_ament_install']
[0.084s] Level 1:colcon.colcon_core.package_identification:_identify(log) by extension 'ignore'
[0.084s] Level 1:colcon.colcon_core.package_identification:_identify(log) ignored
[0.084s] Level 1:colcon.colcon_core.package_identification:_identify(src) by extensions ['ignore', 'ignore_ament_install']
[0.084s] Level 1:colcon.colcon_core.package_identification:_identify(src) by extension 'ignore'
[0.084s] Level 1:colcon.colcon_core.package_identification:_identify(src) by extension 'ignore_ament_install'
[0.084s] Level 1:colcon.colcon_core.package_identification:_identify(src) by extensions ['colcon_pkg']
[0.084s] Level 1:colcon.colcon_core.package_identification:_identify(src) by extension 'colcon_pkg'
[0.084s] Level 1:colcon.colcon_core.package_identification:_identify(src) by extensions ['colcon_meta']
[0.084s] Level 1:colcon.colcon_core.package_identification:_identify(src) by extension 'colcon_meta'
[0.084s] Level 1:colcon.colcon_core.package_identification:_identify(src) by extensions ['ros']
[0.084s] Level 1:colcon.colcon_core.package_identification:_identify(src) by extension 'ros'
[0.084s] Level 1:colcon.colcon_core.package_identification:_identify(src) by extensions ['cmake', 'python']
[0.084s] Level 1:colcon.colcon_core.package_identification:_identify(src) by extension 'cmake'
[0.084s] Level 1:colcon.colcon_core.package_identification:_identify(src) by extension 'python'
[0.084s] Level 1:colcon.colcon_core.package_identification:_identify(src) by extensions ['python_setup_py']
[0.084s] Level 1:colcon.colcon_core.package_identification:_identify(src) by extension 'python_setup_py'
[0.084s] Level 1:colcon.colcon_core.package_identification:_identify(src/input_img) by extensions ['ignore', 'ignore_ament_install']
[0.084s] Level 1:colcon.colcon_core.package_identification:_identify(src/input_img) by extension 'ignore'
[0.084s] Level 1:colcon.colcon_core.package_identification:_identify(src/input_img) by extension 'ignore_ament_install'
[0.084s] Level 1:colcon.colcon_core.package_identification:_identify(src/input_img) by extensions ['colcon_pkg']
[0.084s] Level 1:colcon.colcon_core.package_identification:_identify(src/input_img) by extension 'colcon_pkg'
[0.084s] Level 1:colcon.colcon_core.package_identification:_identify(src/input_img) by extensions ['colcon_meta']
[0.084s] Level 1:colcon.colcon_core.package_identification:_identify(src/input_img) by extension 'colcon_meta'
[0.085s] Level 1:colcon.colcon_core.package_identification:_identify(src/input_img) by extensions ['ros']
[0.085s] Level 1:colcon.colcon_core.package_identification:_identify(src/input_img) by extension 'ros'
[0.086s] DEBUG:colcon.colcon_core.package_identification:Package 'src/input_img' with type 'ros.ament_cmake' and name 'input_img'
[0.086s] Level 1:colcon.colcon_core.package_identification:_identify(src/ros2_yolos_cpp) by extensions ['ignore', 'ignore_ament_install']
[0.086s] Level 1:colcon.colcon_core.package_identification:_identify(src/ros2_yolos_cpp) by extension 'ignore'
[0.086s] Level 1:colcon.colcon_core.package_identification:_identify(src/ros2_yolos_cpp) by extension 'ignore_ament_install'
[0.086s] Level 1:colcon.colcon_core.package_identification:_identify(src/ros2_yolos_cpp) by extensions ['colcon_pkg']
[0.086s] Level 1:colcon.colcon_core.package_identification:_identify(src/ros2_yolos_cpp) by extension 'colcon_pkg'
[0.086s] Level 1:colcon.colcon_core.package_identification:_identify(src/ros2_yolos_cpp) by extensions ['colcon_meta']
[0.086s] Level 1:colcon.colcon_core.package_identification:_identify(src/ros2_yolos_cpp) by extension 'colcon_meta'
[0.086s] Level 1:colcon.colcon_core.package_identification:_identify(src/ros2_yolos_cpp) by extensions ['ros']
[0.086s] Level 1:colcon.colcon_core.package_identification:_identify(src/ros2_yolos_cpp) by extension 'ros'
[0.087s] DEBUG:colcon.colcon_core.package_identification:Package 'src/ros2_yolos_cpp' with type 'ros.ament_cmake' and name 'ros2_yolos_cpp'
[0.087s] Level 1:colcon.colcon_core.package_identification:_identify(src/slam_toolbox) by extensions ['ignore', 'ignore_ament_install']
[0.087s] Level 1:colcon.colcon_core.package_identification:_identify(src/slam_toolbox) by extension 'ignore'
[0.087s] Level 1:colcon.colcon_core.package_identification:_identify(src/slam_toolbox) by extension 'ignore_ament_install'
[0.087s] Level 1:colcon.colcon_core.package_identification:_identify(src/slam_toolbox) by extensions ['colcon_pkg']
[0.087s] Level 1:colcon.colcon_core.package_identification:_identify(src/slam_toolbox) by extension 'colcon_pkg'
[0.087s] Level 1:colcon.colcon_core.package_identification:_identify(src/slam_toolbox) by extensions ['colcon_meta']
[0.087s] Level 1:colcon.colcon_core.package_identification:_identify(src/slam_toolbox) by extension 'colcon_meta'
[0.087s] Level 1:colcon.colcon_core.package_identification:_identify(src/slam_toolbox) by extensions ['ros']
[0.087s] Level 1:colcon.colcon_core.package_identification:_identify(src/slam_toolbox) by extension 'ros'
[0.088s] DEBUG:colcon.colcon_core.package_identification:Package 'src/slam_toolbox' with type 'ros.ament_cmake' and name 'slam_toolbox'
[0.088s] Level 1:colcon.colcon_core.package_identification:_identify(src/slam_toolbox_ydlidar) by extensions ['ignore', 'ignore_ament_install']
[0.088s] Level 1:colcon.colcon_core.package_identification:_identify(src/slam_toolbox_ydlidar) by extension 'ignore'
[0.088s] Level 1:colcon.colcon_core.package_identification:_identify(src/slam_toolbox_ydlidar) by extension 'ignore_ament_install'
[0.088s] Level 1:colcon.colcon_core.package_identification:_identify(src/slam_toolbox_ydlidar) by extensions ['colcon_pkg']
[0.088s] Level 1:colcon.colcon_core.package_identification:_identify(src/slam_toolbox_ydlidar) by extension 'colcon_pkg'
[0.088s] Level 1:colcon.colcon_core.package_identification:_identify(src/slam_toolbox_ydlidar) by extensions ['colcon_meta']
[0.088s] Level 1:colcon.colcon_core.package_identification:_identify(src/slam_toolbox_ydlidar) by extension 'colcon_meta'
[0.088s] Level 1:colcon.colcon_core.package_identification:_identify(src/slam_toolbox_ydlidar) by extensions ['ros']
[0.088s] Level 1:colcon.colcon_core.package_identification:_identify(src/slam_toolbox_ydlidar) by extension 'ros'
[0.088s] DEBUG:colcon.colcon_core.package_identification:Package 'src/slam_toolbox_ydlidar' with type 'ros.ament_cmake' and name 'slam_toolbox_ydlidar'
[0.088s] Level 1:colcon.colcon_core.package_identification:_identify(src/ydlidar_ros2_driver) by extensions ['ignore', 'ignore_ament_install']
[0.088s] Level 1:colcon.colcon_core.package_identification:_identify(src/ydlidar_ros2_driver) by extension 'ignore'
[0.088s] Level 1:colcon.colcon_core.package_identification:_identify(src/ydlidar_ros2_driver) by extension 'ignore_ament_install'
[0.088s] Level 1:colcon.colcon_core.package_identification:_identify(src/ydlidar_ros2_driver) by extensions ['colcon_pkg']
[0.088s] Level 1:colcon.colcon_core.package_identification:_identify(src/ydlidar_ros2_driver) by extension 'colcon_pkg'
[0.089s] Level 1:colcon.colcon_core.package_identification:_identify(src/ydlidar_ros2_driver) by extensions ['colcon_meta']
[0.089s] Level 1:colcon.colcon_core.package_identification:_identify(src/ydlidar_ros2_driver) by extension 'colcon_meta'
[0.089s] Level 1:colcon.colcon_core.package_identification:_identify(src/ydlidar_ros2_driver) by extensions ['ros']
[0.089s] Level 1:colcon.colcon_core.package_identification:_identify(src/ydlidar_ros2_driver) by extension 'ros'
[0.089s] DEBUG:colcon.colcon_core.package_identification:Package 'src/ydlidar_ros2_driver' with type 'ros.ament_cmake' and name 'ydlidar_ros2_driver'
[0.089s] Level 1:colcon.colcon_core.package_discovery:discover_packages(recursive) using defaults
[0.089s] Level 1:colcon.colcon_core.package_discovery:discover_packages(ignore) discover
[0.089s] Level 1:colcon.colcon_core.package_discovery:discover_packages(ignore) using defaults
[0.089s] Level 1:colcon.colcon_core.package_discovery:discover_packages(path) discover
[0.089s] Level 1:colcon.colcon_core.package_discovery:discover_packages(path) using defaults
[0.099s] INFO:colcon.colcon_core.package_selection:Skipping not selected package 'input_img' in 'src/input_img'
[0.099s] INFO:colcon.colcon_core.package_selection:Skipping not selected package 'ros2_yolos_cpp' in 'src/ros2_yolos_cpp'
[0.099s] Level 1:colcon.colcon_core.package_discovery:discover_packages(prefix_path) check parameters
[0.099s] Level 1:colcon.colcon_core.package_discovery:discover_packages(prefix_path) discover
[0.100s] DEBUG:colcon.colcon_installed_package_information.package_discovery:Found 5 installed packages in /home/xybxy123/w_work/ros2_ws/install
[0.100s] DEBUG:colcon.colcon_installed_package_information.package_discovery:Found 375 installed packages in /opt/ros/jazzy
[0.101s] Level 1:colcon.colcon_core.package_discovery:discover_packages(prefix_path) using defaults
[0.121s] Level 5:colcon.colcon_core.verb:set package 'slam_toolbox' build argument 'cmake_args' from command line to 'None'
[0.121s] Level 5:colcon.colcon_core.verb:set package 'slam_toolbox' build argument 'cmake_target' from command line to 'None'
[0.121s] Level 5:colcon.colcon_core.verb:set package 'slam_toolbox' build argument 'cmake_target_skip_unavailable' from command line to 'False'
[0.121s] Level 5:colcon.colcon_core.verb:set package 'slam_toolbox' build argument 'cmake_clean_cache' from command line to 'False'
[0.121s] Level 5:colcon.colcon_core.verb:set package 'slam_toolbox' build argument 'cmake_clean_first' from command line to 'False'
[0.121s] Level 5:colcon.colcon_core.verb:set package 'slam_toolbox' build argument 'cmake_force_configure' from command line to 'False'
[0.121s] Level 5:colcon.colcon_core.verb:set package 'slam_toolbox' build argument 'ament_cmake_args' from command line to 'None'
[0.121s] Level 5:colcon.colcon_core.verb:set package 'slam_toolbox' build argument 'catkin_cmake_args' from command line to 'None'
[0.121s] Level 5:colcon.colcon_core.verb:set package 'slam_toolbox' build argument 'catkin_skip_building_tests' from command line to 'False'
[0.121s] DEBUG:colcon.colcon_core.verb:Building package 'slam_toolbox' with the following arguments: {'ament_cmake_args': None, 'build_base': '/home/xybxy123/w_work/ros2_ws/build/slam_toolbox', 'catkin_cmake_args': None, 'catkin_skip_building_tests': False, 'cmake_args': None, 'cmake_clean_cache': False, 'cmake_clean_first': False, 'cmake_force_configure': False, 'cmake_target': None, 'cmake_target_skip_unavailable': False, 'install_base': '/home/xybxy123/w_work/ros2_ws/install/slam_toolbox', 'merge_install': False, 'path': '/home/xybxy123/w_work/ros2_ws/src/slam_toolbox', 'symlink_install': False, 'test_result_base': None}
[0.121s] Level 5:colcon.colcon_core.verb:set package 'ydlidar_ros2_driver' build argument 'cmake_args' from command line to 'None'
[0.121s] Level 5:colcon.colcon_core.verb:set package 'ydlidar_ros2_driver' build argument 'cmake_target' from command line to 'None'
[0.121s] Level 5:colcon.colcon_core.verb:set package 'ydlidar_ros2_driver' build argument 'cmake_target_skip_unavailable' from command line to 'False'
[0.121s] Level 5:colcon.colcon_core.verb:set package 'ydlidar_ros2_driver' build argument 'cmake_clean_cache' from command line to 'False'
[0.121s] Level 5:colcon.colcon_core.verb:set package 'ydlidar_ros2_driver' build argument 'cmake_clean_first' from command line to 'False'
[0.121s] Level 5:colcon.colcon_core.verb:set package 'ydlidar_ros2_driver' build argument 'cmake_force_configure' from command line to 'False'
[0.121s] Level 5:colcon.colcon_core.verb:set package 'ydlidar_ros2_driver' build argument 'ament_cmake_args' from command line to 'None'
[0.121s] Level 5:colcon.colcon_core.verb:set package 'ydlidar_ros2_driver' build argument 'catkin_cmake_args' from command line to 'None'
[0.121s] Level 5:colcon.colcon_core.verb:set package 'ydlidar_ros2_driver' build argument 'catkin_skip_building_tests' from command line to 'False'
[0.121s] DEBUG:colcon.colcon_core.verb:Building package 'ydlidar_ros2_driver' with the following arguments: {'ament_cmake_args': None, 'build_base': '/home/xybxy123/w_work/ros2_ws/build/ydlidar_ros2_driver', 'catkin_cmake_args': None, 'catkin_skip_building_tests': False, 'cmake_args': None, 'cmake_clean_cache': False, 'cmake_clean_first': False, 'cmake_force_configure': False, 'cmake_target': None, 'cmake_target_skip_unavailable': False, 'install_base': '/home/xybxy123/w_work/ros2_ws/install/ydlidar_ros2_driver', 'merge_install': False, 'path': '/home/xybxy123/w_work/ros2_ws/src/ydlidar_ros2_driver', 'symlink_install': False, 'test_result_base': None}
[0.121s] Level 5:colcon.colcon_core.verb:set package 'slam_toolbox_ydlidar' build argument 'cmake_args' from command line to 'None'
[0.121s] Level 5:colcon.colcon_core.verb:set package 'slam_toolbox_ydlidar' build argument 'cmake_target' from command line to 'None'
[0.121s] Level 5:colcon.colcon_core.verb:set package 'slam_toolbox_ydlidar' build argument 'cmake_target_skip_unavailable' from command line to 'False'
[0.121s] Level 5:colcon.colcon_core.verb:set package 'slam_toolbox_ydlidar' build argument 'cmake_clean_cache' from command line to 'False'
[0.121s] Level 5:colcon.colcon_core.verb:set package 'slam_toolbox_ydlidar' build argument 'cmake_clean_first' from command line to 'False'
[0.121s] Level 5:colcon.colcon_core.verb:set package 'slam_toolbox_ydlidar' build argument 'cmake_force_configure' from command line to 'False'
[0.121s] Level 5:colcon.colcon_core.verb:set package 'slam_toolbox_ydlidar' build argument 'ament_cmake_args' from command line to 'None'
[0.121s] Level 5:colcon.colcon_core.verb:set package 'slam_toolbox_ydlidar' build argument 'catkin_cmake_args' from command line to 'None'
[0.121s] Level 5:colcon.colcon_core.verb:set package 'slam_toolbox_ydlidar' build argument 'catkin_skip_building_tests' from command line to 'False'
[0.121s] DEBUG:colcon.colcon_core.verb:Building package 'slam_toolbox_ydlidar' with the following arguments: {'ament_cmake_args': None, 'build_base': '/home/xybxy123/w_work/ros2_ws/build/slam_toolbox_ydlidar', 'catkin_cmake_args': None, 'catkin_skip_building_tests': False, 'cmake_args': None, 'cmake_clean_cache': False, 'cmake_clean_first': False, 'cmake_force_configure': False, 'cmake_target': None, 'cmake_target_skip_unavailable': False, 'install_base': '/home/xybxy123/w_work/ros2_ws/install/slam_toolbox_ydlidar', 'merge_install': False, 'path': '/home/xybxy123/w_work/ros2_ws/src/slam_toolbox_ydlidar', 'symlink_install': False, 'test_result_base': None}
[0.121s] INFO:colcon.colcon_core.executor:Executing jobs using 'parallel' executor
[0.122s] DEBUG:colcon.colcon_parallel_executor.executor.parallel:run_until_complete
[0.123s] INFO:colcon.colcon_ros.task.ament_cmake.build:Building ROS package in '/home/xybxy123/w_work/ros2_ws/src/slam_toolbox' with build type 'ament_cmake'
[0.123s] INFO:colcon.colcon_cmake.task.cmake.build:Building CMake package in '/home/xybxy123/w_work/ros2_ws/src/slam_toolbox'
[0.123s] INFO:colcon.colcon_core.plugin_system:Skipping extension 'colcon_core.shell.bat': Not used on non-Windows systems
[0.123s] INFO:colcon.colcon_core.shell:Skip shell extension 'powershell' for command environment: Not usable outside of PowerShell
[0.123s] DEBUG:colcon.colcon_core.shell:Skip shell extension 'dsv' for command environment
[0.126s] INFO:colcon.colcon_ros.task.ament_cmake.build:Building ROS package in '/home/xybxy123/w_work/ros2_ws/src/ydlidar_ros2_driver' with build type 'ament_cmake'
[0.126s] INFO:colcon.colcon_cmake.task.cmake.build:Building CMake package in '/home/xybxy123/w_work/ros2_ws/src/ydlidar_ros2_driver'
[0.126s] INFO:colcon.colcon_core.shell:Skip shell extension 'powershell' for command environment: Not usable outside of PowerShell
[0.126s] DEBUG:colcon.colcon_core.shell:Skip shell extension 'dsv' for command environment
[0.131s] DEBUG:colcon.colcon_core.event_handler.log_command:Invoking command in '/home/xybxy123/w_work/ros2_ws/build/slam_toolbox': CMAKE_PREFIX_PATH=${CMAKE_PREFIX_PATH}:/opt/ros/jazzy DEBUGINFOD_URLS=https://debuginfod.ubuntu.com /usr/bin/cmake --build /home/xybxy123/w_work/ros2_ws/build/slam_toolbox -- -j24 -l24
[0.134s] DEBUG:colcon.colcon_core.event_handler.log_command:Invoking command in '/home/xybxy123/w_work/ros2_ws/build/ydlidar_ros2_driver': CMAKE_PREFIX_PATH=${CMAKE_PREFIX_PATH}:/opt/ros/jazzy DEBUGINFOD_URLS=https://debuginfod.ubuntu.com /usr/bin/cmake --build /home/xybxy123/w_work/ros2_ws/build/ydlidar_ros2_driver -- -j24 -l24
[0.182s] DEBUG:colcon.colcon_core.event_handler.log_command:Invoked command in '/home/xybxy123/w_work/ros2_ws/build/ydlidar_ros2_driver' returned '0': CMAKE_PREFIX_PATH=${CMAKE_PREFIX_PATH}:/opt/ros/jazzy DEBUGINFOD_URLS=https://debuginfod.ubuntu.com /usr/bin/cmake --build /home/xybxy123/w_work/ros2_ws/build/ydlidar_ros2_driver -- -j24 -l24
[0.190s] DEBUG:colcon.colcon_core.event_handler.log_command:Invoking command in '/home/xybxy123/w_work/ros2_ws/build/ydlidar_ros2_driver': CMAKE_PREFIX_PATH=${CMAKE_PREFIX_PATH}:/opt/ros/jazzy DEBUGINFOD_URLS=https://debuginfod.ubuntu.com /usr/bin/cmake --install /home/xybxy123/w_work/ros2_ws/build/ydlidar_ros2_driver
[0.195s] Level 1:colcon.colcon_core.environment:create_environment_scripts_only(ydlidar_ros2_driver)
[0.198s] Level 1:colcon.colcon_core.environment:checking '/home/xybxy123/w_work/ros2_ws/install/ydlidar_ros2_driver' for CMake module files
[0.201s] Level 1:colcon.colcon_core.environment:checking '/home/xybxy123/w_work/ros2_ws/install/ydlidar_ros2_driver' for CMake config files
[0.201s] DEBUG:colcon.colcon_core.event_handler.log_command:Invoked command in '/home/xybxy123/w_work/ros2_ws/build/ydlidar_ros2_driver' returned '0': CMAKE_PREFIX_PATH=${CMAKE_PREFIX_PATH}:/opt/ros/jazzy DEBUGINFOD_URLS=https://debuginfod.ubuntu.com /usr/bin/cmake --install /home/xybxy123/w_work/ros2_ws/build/ydlidar_ros2_driver
[0.202s] Level 1:colcon.colcon_core.shell:create_environment_hook('ydlidar_ros2_driver', 'cmake_prefix_path')
[0.202s] INFO:colcon.colcon_core.shell:Creating environment hook '/home/xybxy123/w_work/ros2_ws/install/ydlidar_ros2_driver/share/ydlidar_ros2_driver/hook/cmake_prefix_path.ps1'
[0.203s] INFO:colcon.colcon_core.shell:Creating environment descriptor '/home/xybxy123/w_work/ros2_ws/install/ydlidar_ros2_driver/share/ydlidar_ros2_driver/hook/cmake_prefix_path.dsv'
[0.203s] INFO:colcon.colcon_core.shell:Creating environment hook '/home/xybxy123/w_work/ros2_ws/install/ydlidar_ros2_driver/share/ydlidar_ros2_driver/hook/cmake_prefix_path.sh'
[0.204s] Level 1:colcon.colcon_core.environment:checking '/home/xybxy123/w_work/ros2_ws/install/ydlidar_ros2_driver/lib'
[0.205s] Level 1:colcon.colcon_core.environment:checking '/home/xybxy123/w_work/ros2_ws/install/ydlidar_ros2_driver/bin'
[0.205s] Level 1:colcon.colcon_core.environment:checking '/home/xybxy123/w_work/ros2_ws/install/ydlidar_ros2_driver/lib/pkgconfig/ydlidar_ros2_driver.pc'
[0.205s] Level 1:colcon.colcon_core.environment:checking '/home/xybxy123/w_work/ros2_ws/install/ydlidar_ros2_driver/lib/python3.12/site-packages'
[0.205s] Level 1:colcon.colcon_core.environment:checking '/home/xybxy123/w_work/ros2_ws/install/ydlidar_ros2_driver/bin'
[0.206s] INFO:colcon.colcon_core.shell:Creating package script '/home/xybxy123/w_work/ros2_ws/install/ydlidar_ros2_driver/share/ydlidar_ros2_driver/package.ps1'
[0.207s] INFO:colcon.colcon_core.shell:Creating package descriptor '/home/xybxy123/w_work/ros2_ws/install/ydlidar_ros2_driver/share/ydlidar_ros2_driver/package.dsv'
[0.207s] INFO:colcon.colcon_core.shell:Creating package script '/home/xybxy123/w_work/ros2_ws/install/ydlidar_ros2_driver/share/ydlidar_ros2_driver/package.sh'
[0.208s] INFO:colcon.colcon_core.shell:Creating package script '/home/xybxy123/w_work/ros2_ws/install/ydlidar_ros2_driver/share/ydlidar_ros2_driver/package.bash'
[0.209s] INFO:colcon.colcon_core.shell:Creating package script '/home/xybxy123/w_work/ros2_ws/install/ydlidar_ros2_driver/share/ydlidar_ros2_driver/package.zsh'
[0.209s] Level 1:colcon.colcon_core.environment:create_file_with_runtime_dependencies(/home/xybxy123/w_work/ros2_ws/install/ydlidar_ros2_driver/share/colcon-core/packages/ydlidar_ros2_driver)
[0.210s] Level 1:colcon.colcon_core.environment:create_environment_scripts_only(ydlidar_ros2_driver)
[0.210s] Level 1:colcon.colcon_core.environment:checking '/home/xybxy123/w_work/ros2_ws/install/ydlidar_ros2_driver' for CMake module files
[0.211s] Level 1:colcon.colcon_core.environment:checking '/home/xybxy123/w_work/ros2_ws/install/ydlidar_ros2_driver' for CMake config files
[0.211s] Level 1:colcon.colcon_core.shell:create_environment_hook('ydlidar_ros2_driver', 'cmake_prefix_path')
[0.211s] INFO:colcon.colcon_core.shell:Creating environment hook '/home/xybxy123/w_work/ros2_ws/install/ydlidar_ros2_driver/share/ydlidar_ros2_driver/hook/cmake_prefix_path.ps1'
[0.212s] INFO:colcon.colcon_core.shell:Creating environment descriptor '/home/xybxy123/w_work/ros2_ws/install/ydlidar_ros2_driver/share/ydlidar_ros2_driver/hook/cmake_prefix_path.dsv'
[0.212s] INFO:colcon.colcon_core.shell:Creating environment hook '/home/xybxy123/w_work/ros2_ws/install/ydlidar_ros2_driver/share/ydlidar_ros2_driver/hook/cmake_prefix_path.sh'
[0.213s] Level 1:colcon.colcon_core.environment:checking '/home/xybxy123/w_work/ros2_ws/install/ydlidar_ros2_driver/lib'
[0.213s] Level 1:colcon.colcon_core.environment:checking '/home/xybxy123/w_work/ros2_ws/install/ydlidar_ros2_driver/bin'
[0.213s] Level 1:colcon.colcon_core.environment:checking '/home/xybxy123/w_work/ros2_ws/install/ydlidar_ros2_driver/lib/pkgconfig/ydlidar_ros2_driver.pc'
[0.213s] Level 1:colcon.colcon_core.environment:checking '/home/xybxy123/w_work/ros2_ws/install/ydlidar_ros2_driver/lib/python3.12/site-packages'
[0.214s] Level 1:colcon.colcon_core.environment:checking '/home/xybxy123/w_work/ros2_ws/install/ydlidar_ros2_driver/bin'
[0.214s] INFO:colcon.colcon_core.shell:Creating package script '/home/xybxy123/w_work/ros2_ws/install/ydlidar_ros2_driver/share/ydlidar_ros2_driver/package.ps1'
[0.214s] INFO:colcon.colcon_core.shell:Creating package descriptor '/home/xybxy123/w_work/ros2_ws/install/ydlidar_ros2_driver/share/ydlidar_ros2_driver/package.dsv'
[0.215s] INFO:colcon.colcon_core.shell:Creating package script '/home/xybxy123/w_work/ros2_ws/install/ydlidar_ros2_driver/share/ydlidar_ros2_driver/package.sh'
[0.215s] INFO:colcon.colcon_core.shell:Creating package script '/home/xybxy123/w_work/ros2_ws/install/ydlidar_ros2_driver/share/ydlidar_ros2_driver/package.bash'
[0.216s] INFO:colcon.colcon_core.shell:Creating package script '/home/xybxy123/w_work/ros2_ws/install/ydlidar_ros2_driver/share/ydlidar_ros2_driver/package.zsh'
[0.216s] Level 1:colcon.colcon_core.environment:create_file_with_runtime_dependencies(/home/xybxy123/w_work/ros2_ws/install/ydlidar_ros2_driver/share/colcon-core/packages/ydlidar_ros2_driver)
[0.368s] DEBUG:colcon.colcon_core.event_handler.log_command:Invoked command in '/home/xybxy123/w_work/ros2_ws/build/slam_toolbox' returned '0': CMAKE_PREFIX_PATH=${CMAKE_PREFIX_PATH}:/opt/ros/jazzy DEBUGINFOD_URLS=https://debuginfod.ubuntu.com /usr/bin/cmake --build /home/xybxy123/w_work/ros2_ws/build/slam_toolbox -- -j24 -l24
[0.369s] DEBUG:colcon.colcon_core.event_handler.log_command:Invoking command in '/home/xybxy123/w_work/ros2_ws/build/slam_toolbox': CMAKE_PREFIX_PATH=${CMAKE_PREFIX_PATH}:/opt/ros/jazzy DEBUGINFOD_URLS=https://debuginfod.ubuntu.com /usr/bin/cmake --install /home/xybxy123/w_work/ros2_ws/build/slam_toolbox
[0.423s] Level 1:colcon.colcon_core.environment:create_environment_scripts_only(slam_toolbox)
[0.423s] Level 1:colcon.colcon_core.environment:checking '/home/xybxy123/w_work/ros2_ws/install/slam_toolbox' for CMake module files
[0.423s] DEBUG:colcon.colcon_core.event_handler.log_command:Invoked command in '/home/xybxy123/w_work/ros2_ws/build/slam_toolbox' returned '0': CMAKE_PREFIX_PATH=${CMAKE_PREFIX_PATH}:/opt/ros/jazzy DEBUGINFOD_URLS=https://debuginfod.ubuntu.com /usr/bin/cmake --install /home/xybxy123/w_work/ros2_ws/build/slam_toolbox
[0.423s] Level 1:colcon.colcon_core.environment:checking '/home/xybxy123/w_work/ros2_ws/install/slam_toolbox' for CMake config files
[0.424s] Level 1:colcon.colcon_core.shell:create_environment_hook('slam_toolbox', 'cmake_prefix_path')
[0.424s] INFO:colcon.colcon_core.shell:Creating environment hook '/home/xybxy123/w_work/ros2_ws/install/slam_toolbox/share/slam_toolbox/hook/cmake_prefix_path.ps1'
[0.425s] INFO:colcon.colcon_core.shell:Creating environment descriptor '/home/xybxy123/w_work/ros2_ws/install/slam_toolbox/share/slam_toolbox/hook/cmake_prefix_path.dsv'
[0.425s] INFO:colcon.colcon_core.shell:Creating environment hook '/home/xybxy123/w_work/ros2_ws/install/slam_toolbox/share/slam_toolbox/hook/cmake_prefix_path.sh'
[0.425s] Level 1:colcon.colcon_core.environment:checking '/home/xybxy123/w_work/ros2_ws/install/slam_toolbox/lib'
[0.425s] Level 1:colcon.colcon_core.shell:create_environment_hook('slam_toolbox', 'ld_library_path_lib')
[0.425s] INFO:colcon.colcon_core.shell:Creating environment hook '/home/xybxy123/w_work/ros2_ws/install/slam_toolbox/share/slam_toolbox/hook/ld_library_path_lib.ps1'
[0.425s] INFO:colcon.colcon_core.shell:Creating environment descriptor '/home/xybxy123/w_work/ros2_ws/install/slam_toolbox/share/slam_toolbox/hook/ld_library_path_lib.dsv'
[0.425s] INFO:colcon.colcon_core.shell:Creating environment hook '/home/xybxy123/w_work/ros2_ws/install/slam_toolbox/share/slam_toolbox/hook/ld_library_path_lib.sh'
[0.426s] Level 1:colcon.colcon_core.environment:checking '/home/xybxy123/w_work/ros2_ws/install/slam_toolbox/bin'
[0.426s] Level 1:colcon.colcon_core.environment:checking '/home/xybxy123/w_work/ros2_ws/install/slam_toolbox/lib/pkgconfig/slam_toolbox.pc'
[0.426s] Level 1:colcon.colcon_core.environment:checking '/home/xybxy123/w_work/ros2_ws/install/slam_toolbox/lib/python3.12/site-packages'
[0.426s] Level 1:colcon.colcon_core.shell:create_environment_hook('slam_toolbox', 'pythonpath')
[0.426s] INFO:colcon.colcon_core.shell:Creating environment hook '/home/xybxy123/w_work/ros2_ws/install/slam_toolbox/share/slam_toolbox/hook/pythonpath.ps1'
[0.426s] INFO:colcon.colcon_core.shell:Creating environment descriptor '/home/xybxy123/w_work/ros2_ws/install/slam_toolbox/share/slam_toolbox/hook/pythonpath.dsv'
[0.426s] INFO:colcon.colcon_core.shell:Creating environment hook '/home/xybxy123/w_work/ros2_ws/install/slam_toolbox/share/slam_toolbox/hook/pythonpath.sh'
[0.427s] Level 1:colcon.colcon_core.environment:checking '/home/xybxy123/w_work/ros2_ws/install/slam_toolbox/bin'
[0.427s] INFO:colcon.colcon_core.shell:Creating package script '/home/xybxy123/w_work/ros2_ws/install/slam_toolbox/share/slam_toolbox/package.ps1'
[0.427s] INFO:colcon.colcon_core.shell:Creating package descriptor '/home/xybxy123/w_work/ros2_ws/install/slam_toolbox/share/slam_toolbox/package.dsv'
[0.427s] INFO:colcon.colcon_core.shell:Creating package script '/home/xybxy123/w_work/ros2_ws/install/slam_toolbox/share/slam_toolbox/package.sh'
[0.427s] INFO:colcon.colcon_core.shell:Creating package script '/home/xybxy123/w_work/ros2_ws/install/slam_toolbox/share/slam_toolbox/package.bash'
[0.427s] INFO:colcon.colcon_core.shell:Creating package script '/home/xybxy123/w_work/ros2_ws/install/slam_toolbox/share/slam_toolbox/package.zsh'
[0.428s] Level 1:colcon.colcon_core.environment:create_file_with_runtime_dependencies(/home/xybxy123/w_work/ros2_ws/install/slam_toolbox/share/colcon-core/packages/slam_toolbox)
[0.428s] Level 1:colcon.colcon_core.environment:create_environment_scripts_only(slam_toolbox)
[0.428s] Level 1:colcon.colcon_core.environment:checking '/home/xybxy123/w_work/ros2_ws/install/slam_toolbox' for CMake module files
[0.428s] Level 1:colcon.colcon_core.environment:checking '/home/xybxy123/w_work/ros2_ws/install/slam_toolbox' for CMake config files
[0.429s] Level 1:colcon.colcon_core.shell:create_environment_hook('slam_toolbox', 'cmake_prefix_path')
[0.429s] INFO:colcon.colcon_core.shell:Creating environment hook '/home/xybxy123/w_work/ros2_ws/install/slam_toolbox/share/slam_toolbox/hook/cmake_prefix_path.ps1'
[0.429s] INFO:colcon.colcon_core.shell:Creating environment descriptor '/home/xybxy123/w_work/ros2_ws/install/slam_toolbox/share/slam_toolbox/hook/cmake_prefix_path.dsv'
[0.429s] INFO:colcon.colcon_core.shell:Creating environment hook '/home/xybxy123/w_work/ros2_ws/install/slam_toolbox/share/slam_toolbox/hook/cmake_prefix_path.sh'
[0.430s] Level 1:colcon.colcon_core.environment:checking '/home/xybxy123/w_work/ros2_ws/install/slam_toolbox/lib'
[0.430s] Level 1:colcon.colcon_core.shell:create_environment_hook('slam_toolbox', 'ld_library_path_lib')
[0.430s] INFO:colcon.colcon_core.shell:Creating environment hook '/home/xybxy123/w_work/ros2_ws/install/slam_toolbox/share/slam_toolbox/hook/ld_library_path_lib.ps1'
[0.430s] INFO:colcon.colcon_core.shell:Creating environment descriptor '/home/xybxy123/w_work/ros2_ws/install/slam_toolbox/share/slam_toolbox/hook/ld_library_path_lib.dsv'
[0.430s] INFO:colcon.colcon_core.shell:Creating environment hook '/home/xybxy123/w_work/ros2_ws/install/slam_toolbox/share/slam_toolbox/hook/ld_library_path_lib.sh'
[0.430s] Level 1:colcon.colcon_core.environment:checking '/home/xybxy123/w_work/ros2_ws/install/slam_toolbox/bin'
[0.430s] Level 1:colcon.colcon_core.environment:checking '/home/xybxy123/w_work/ros2_ws/install/slam_toolbox/lib/pkgconfig/slam_toolbox.pc'
[0.430s] Level 1:colcon.colcon_core.environment:checking '/home/xybxy123/w_work/ros2_ws/install/slam_toolbox/lib/python3.12/site-packages'
[0.430s] Level 1:colcon.colcon_core.shell:create_environment_hook('slam_toolbox', 'pythonpath')
[0.430s] INFO:colcon.colcon_core.shell:Creating environment hook '/home/xybxy123/w_work/ros2_ws/install/slam_toolbox/share/slam_toolbox/hook/pythonpath.ps1'
[0.431s] INFO:colcon.colcon_core.shell:Creating environment descriptor '/home/xybxy123/w_work/ros2_ws/install/slam_toolbox/share/slam_toolbox/hook/pythonpath.dsv'
[0.431s] INFO:colcon.colcon_core.shell:Creating environment hook '/home/xybxy123/w_work/ros2_ws/install/slam_toolbox/share/slam_toolbox/hook/pythonpath.sh'
[0.431s] Level 1:colcon.colcon_core.environment:checking '/home/xybxy123/w_work/ros2_ws/install/slam_toolbox/bin'
[0.431s] INFO:colcon.colcon_core.shell:Creating package script '/home/xybxy123/w_work/ros2_ws/install/slam_toolbox/share/slam_toolbox/package.ps1'
[0.431s] INFO:colcon.colcon_core.shell:Creating package descriptor '/home/xybxy123/w_work/ros2_ws/install/slam_toolbox/share/slam_toolbox/package.dsv'
[0.432s] INFO:colcon.colcon_core.shell:Creating package script '/home/xybxy123/w_work/ros2_ws/install/slam_toolbox/share/slam_toolbox/package.sh'
[0.432s] INFO:colcon.colcon_core.shell:Creating package script '/home/xybxy123/w_work/ros2_ws/install/slam_toolbox/share/slam_toolbox/package.bash'
[0.432s] INFO:colcon.colcon_core.shell:Creating package script '/home/xybxy123/w_work/ros2_ws/install/slam_toolbox/share/slam_toolbox/package.zsh'
[0.432s] Level 1:colcon.colcon_core.environment:create_file_with_runtime_dependencies(/home/xybxy123/w_work/ros2_ws/install/slam_toolbox/share/colcon-core/packages/slam_toolbox)
[0.432s] INFO:colcon.colcon_ros.task.ament_cmake.build:Building ROS package in '/home/xybxy123/w_work/ros2_ws/src/slam_toolbox_ydlidar' with build type 'ament_cmake'
[0.432s] INFO:colcon.colcon_cmake.task.cmake.build:Building CMake package in '/home/xybxy123/w_work/ros2_ws/src/slam_toolbox_ydlidar'
[0.432s] INFO:colcon.colcon_core.shell:Skip shell extension 'powershell' for command environment: Not usable outside of PowerShell
[0.432s] DEBUG:colcon.colcon_core.shell:Skip shell extension 'dsv' for command environment
[0.441s] DEBUG:colcon.colcon_core.event_handler.log_command:Invoking command in '/home/xybxy123/w_work/ros2_ws/build/slam_toolbox_ydlidar': CMAKE_PREFIX_PATH=/home/xybxy123/w_work/ros2_ws/install/ydlidar_ros2_driver:/home/xybxy123/w_work/ros2_ws/install/slam_toolbox:/home/xybxy123/w_work/ros2_ws/install/slam_toolbox_ydlidar:/home/xybxy123/w_work/ros2_ws/install/ros2_yolos_cpp:/home/xybxy123/w_work/ros2_ws/install/input_img:/opt/ros/jazzy/opt/gz_launch_vendor:/opt/ros/jazzy/opt/gz_sim_vendor:/opt/ros/jazzy/opt/gz_sensors_vendor:/opt/ros/jazzy/opt/gz_physics_vendor:/opt/ros/jazzy/opt/sdformat_vendor:/opt/ros/jazzy/opt/gz_gui_vendor:/opt/ros/jazzy/opt/gz_transport_vendor:/opt/ros/jazzy/opt/gz_rendering_vendor:/opt/ros/jazzy/opt/gz_plugin_vendor:/opt/ros/jazzy/opt/gz_fuel_tools_vendor:/opt/ros/jazzy/opt/gz_msgs_vendor:/opt/ros/jazzy/opt/gz_common_vendor:/opt/ros/jazzy/opt/gz_math_vendor:/opt/ros/jazzy/opt/gz_utils_vendor:/opt/ros/jazzy/opt/gz_tools_vendor:/opt/ros/jazzy/opt/gz_ogre_next_vendor:/opt/ros/jazzy/opt/gz_dartsim_vendor:/opt/ros/jazzy/opt/gz_cmake_vendor:/opt/ros/jazzy DEBUGINFOD_URLS=https://debuginfod.ubuntu.com PYTHONPATH=/home/xybxy123/w_work/ros2_ws/install/slam_toolbox/lib/python3.12/site-packages:/home/xybxy123/w_work/ros2_ws/install/ros2_yolos_cpp/lib/python3.12/site-packages:/opt/ros/jazzy/lib/python3.12/site-packages:/home/xybxy123/w_work/genesis_ws/Genesis /usr/bin/cmake --build /home/xybxy123/w_work/ros2_ws/build/slam_toolbox_ydlidar -- -j24 -l24
[0.472s] DEBUG:colcon.colcon_core.event_handler.log_command:Invoked command in '/home/xybxy123/w_work/ros2_ws/build/slam_toolbox_ydlidar' returned '0': CMAKE_PREFIX_PATH=/home/xybxy123/w_work/ros2_ws/install/ydlidar_ros2_driver:/home/xybxy123/w_work/ros2_ws/install/slam_toolbox:/home/xybxy123/w_work/ros2_ws/install/slam_toolbox_ydlidar:/home/xybxy123/w_work/ros2_ws/install/ros2_yolos_cpp:/home/xybxy123/w_work/ros2_ws/install/input_img:/opt/ros/jazzy/opt/gz_launch_vendor:/opt/ros/jazzy/opt/gz_sim_vendor:/opt/ros/jazzy/opt/gz_sensors_vendor:/opt/ros/jazzy/opt/gz_physics_vendor:/opt/ros/jazzy/opt/sdformat_vendor:/opt/ros/jazzy/opt/gz_gui_vendor:/opt/ros/jazzy/opt/gz_transport_vendor:/opt/ros/jazzy/opt/gz_rendering_vendor:/opt/ros/jazzy/opt/gz_plugin_vendor:/opt/ros/jazzy/opt/gz_fuel_tools_vendor:/opt/ros/jazzy/opt/gz_msgs_vendor:/opt/ros/jazzy/opt/gz_common_vendor:/opt/ros/jazzy/opt/gz_math_vendor:/opt/ros/jazzy/opt/gz_utils_vendor:/opt/ros/jazzy/opt/gz_tools_vendor:/opt/ros/jazzy/opt/gz_ogre_next_vendor:/opt/ros/jazzy/opt/gz_dartsim_vendor:/opt/ros/jazzy/opt/gz_cmake_vendor:/opt/ros/jazzy DEBUGINFOD_URLS=https://debuginfod.ubuntu.com PYTHONPATH=/home/xybxy123/w_work/ros2_ws/install/slam_toolbox/lib/python3.12/site-packages:/home/xybxy123/w_work/ros2_ws/install/ros2_yolos_cpp/lib/python3.12/site-packages:/opt/ros/jazzy/lib/python3.12/site-packages:/home/xybxy123/w_work/genesis_ws/Genesis /usr/bin/cmake --build /home/xybxy123/w_work/ros2_ws/build/slam_toolbox_ydlidar -- -j24 -l24
[0.473s] DEBUG:colcon.colcon_core.event_handler.log_command:Invoking command in '/home/xybxy123/w_work/ros2_ws/build/slam_toolbox_ydlidar': CMAKE_PREFIX_PATH=/home/xybxy123/w_work/ros2_ws/install/ydlidar_ros2_driver:/home/xybxy123/w_work/ros2_ws/install/slam_toolbox:/home/xybxy123/w_work/ros2_ws/install/slam_toolbox_ydlidar:/home/xybxy123/w_work/ros2_ws/install/ros2_yolos_cpp:/home/xybxy123/w_work/ros2_ws/install/input_img:/opt/ros/jazzy/opt/gz_launch_vendor:/opt/ros/jazzy/opt/gz_sim_vendor:/opt/ros/jazzy/opt/gz_sensors_vendor:/opt/ros/jazzy/opt/gz_physics_vendor:/opt/ros/jazzy/opt/sdformat_vendor:/opt/ros/jazzy/opt/gz_gui_vendor:/opt/ros/jazzy/opt/gz_transport_vendor:/opt/ros/jazzy/opt/gz_rendering_vendor:/opt/ros/jazzy/opt/gz_plugin_vendor:/opt/ros/jazzy/opt/gz_fuel_tools_vendor:/opt/ros/jazzy/opt/gz_msgs_vendor:/opt/ros/jazzy/opt/gz_common_vendor:/opt/ros/jazzy/opt/gz_math_vendor:/opt/ros/jazzy/opt/gz_utils_vendor:/opt/ros/jazzy/opt/gz_tools_vendor:/opt/ros/jazzy/opt/gz_ogre_next_vendor:/opt/ros/jazzy/opt/gz_dartsim_vendor:/opt/ros/jazzy/opt/gz_cmake_vendor:/opt/ros/jazzy DEBUGINFOD_URLS=https://debuginfod.ubuntu.com PYTHONPATH=/home/xybxy123/w_work/ros2_ws/install/slam_toolbox/lib/python3.12/site-packages:/home/xybxy123/w_work/ros2_ws/install/ros2_yolos_cpp/lib/python3.12/site-packages:/opt/ros/jazzy/lib/python3.12/site-packages:/home/xybxy123/w_work/genesis_ws/Genesis /usr/bin/cmake --install /home/xybxy123/w_work/ros2_ws/build/slam_toolbox_ydlidar
[0.482s] Level 1:colcon.colcon_core.environment:create_environment_scripts_only(slam_toolbox_ydlidar)
[0.482s] DEBUG:colcon.colcon_core.event_handler.log_command:Invoked command in '/home/xybxy123/w_work/ros2_ws/build/slam_toolbox_ydlidar' returned '0': CMAKE_PREFIX_PATH=/home/xybxy123/w_work/ros2_ws/install/ydlidar_ros2_driver:/home/xybxy123/w_work/ros2_ws/install/slam_toolbox:/home/xybxy123/w_work/ros2_ws/install/slam_toolbox_ydlidar:/home/xybxy123/w_work/ros2_ws/install/ros2_yolos_cpp:/home/xybxy123/w_work/ros2_ws/install/input_img:/opt/ros/jazzy/opt/gz_launch_vendor:/opt/ros/jazzy/opt/gz_sim_vendor:/opt/ros/jazzy/opt/gz_sensors_vendor:/opt/ros/jazzy/opt/gz_physics_vendor:/opt/ros/jazzy/opt/sdformat_vendor:/opt/ros/jazzy/opt/gz_gui_vendor:/opt/ros/jazzy/opt/gz_transport_vendor:/opt/ros/jazzy/opt/gz_rendering_vendor:/opt/ros/jazzy/opt/gz_plugin_vendor:/opt/ros/jazzy/opt/gz_fuel_tools_vendor:/opt/ros/jazzy/opt/gz_msgs_vendor:/opt/ros/jazzy/opt/gz_common_vendor:/opt/ros/jazzy/opt/gz_math_vendor:/opt/ros/jazzy/opt/gz_utils_vendor:/opt/ros/jazzy/opt/gz_tools_vendor:/opt/ros/jazzy/opt/gz_ogre_next_vendor:/opt/ros/jazzy/opt/gz_dartsim_vendor:/opt/ros/jazzy/opt/gz_cmake_vendor:/opt/ros/jazzy DEBUGINFOD_URLS=https://debuginfod.ubuntu.com PYTHONPATH=/home/xybxy123/w_work/ros2_ws/install/slam_toolbox/lib/python3.12/site-packages:/home/xybxy123/w_work/ros2_ws/install/ros2_yolos_cpp/lib/python3.12/site-packages:/opt/ros/jazzy/lib/python3.12/site-packages:/home/xybxy123/w_work/genesis_ws/Genesis /usr/bin/cmake --install /home/xybxy123/w_work/ros2_ws/build/slam_toolbox_ydlidar
[0.482s] Level 1:colcon.colcon_core.environment:checking '/home/xybxy123/w_work/ros2_ws/install/slam_toolbox_ydlidar' for CMake module files
[0.483s] Level 1:colcon.colcon_core.environment:checking '/home/xybxy123/w_work/ros2_ws/install/slam_toolbox_ydlidar' for CMake config files
[0.483s] Level 1:colcon.colcon_core.shell:create_environment_hook('slam_toolbox_ydlidar', 'cmake_prefix_path')
[0.483s] INFO:colcon.colcon_core.shell:Creating environment hook '/home/xybxy123/w_work/ros2_ws/install/slam_toolbox_ydlidar/share/slam_toolbox_ydlidar/hook/cmake_prefix_path.ps1'
[0.484s] INFO:colcon.colcon_core.shell:Creating environment descriptor '/home/xybxy123/w_work/ros2_ws/install/slam_toolbox_ydlidar/share/slam_toolbox_ydlidar/hook/cmake_prefix_path.dsv'
[0.484s] INFO:colcon.colcon_core.shell:Creating environment hook '/home/xybxy123/w_work/ros2_ws/install/slam_toolbox_ydlidar/share/slam_toolbox_ydlidar/hook/cmake_prefix_path.sh'
[0.484s] Level 1:colcon.colcon_core.environment:checking '/home/xybxy123/w_work/ros2_ws/install/slam_toolbox_ydlidar/bin'
[0.485s] Level 1:colcon.colcon_core.environment:checking '/home/xybxy123/w_work/ros2_ws/install/slam_toolbox_ydlidar/lib/pkgconfig/slam_toolbox_ydlidar.pc'
[0.485s] Level 1:colcon.colcon_core.environment:checking '/home/xybxy123/w_work/ros2_ws/install/slam_toolbox_ydlidar/lib/python3.12/site-packages'
[0.485s] Level 1:colcon.colcon_core.environment:checking '/home/xybxy123/w_work/ros2_ws/install/slam_toolbox_ydlidar/bin'
[0.485s] INFO:colcon.colcon_core.shell:Creating package script '/home/xybxy123/w_work/ros2_ws/install/slam_toolbox_ydlidar/share/slam_toolbox_ydlidar/package.ps1'
[0.486s] INFO:colcon.colcon_core.shell:Creating package descriptor '/home/xybxy123/w_work/ros2_ws/install/slam_toolbox_ydlidar/share/slam_toolbox_ydlidar/package.dsv'
[0.486s] INFO:colcon.colcon_core.shell:Creating package script '/home/xybxy123/w_work/ros2_ws/install/slam_toolbox_ydlidar/share/slam_toolbox_ydlidar/package.sh'
[0.487s] INFO:colcon.colcon_core.shell:Creating package script '/home/xybxy123/w_work/ros2_ws/install/slam_toolbox_ydlidar/share/slam_toolbox_ydlidar/package.bash'
[0.487s] INFO:colcon.colcon_core.shell:Creating package script '/home/xybxy123/w_work/ros2_ws/install/slam_toolbox_ydlidar/share/slam_toolbox_ydlidar/package.zsh'
[0.487s] Level 1:colcon.colcon_core.environment:create_file_with_runtime_dependencies(/home/xybxy123/w_work/ros2_ws/install/slam_toolbox_ydlidar/share/colcon-core/packages/slam_toolbox_ydlidar)
[0.488s] Level 1:colcon.colcon_core.environment:create_environment_scripts_only(slam_toolbox_ydlidar)
[0.488s] Level 1:colcon.colcon_core.environment:checking '/home/xybxy123/w_work/ros2_ws/install/slam_toolbox_ydlidar' for CMake module files
[0.488s] Level 1:colcon.colcon_core.environment:checking '/home/xybxy123/w_work/ros2_ws/install/slam_toolbox_ydlidar' for CMake config files
[0.488s] Level 1:colcon.colcon_core.shell:create_environment_hook('slam_toolbox_ydlidar', 'cmake_prefix_path')
[0.488s] INFO:colcon.colcon_core.shell:Creating environment hook '/home/xybxy123/w_work/ros2_ws/install/slam_toolbox_ydlidar/share/slam_toolbox_ydlidar/hook/cmake_prefix_path.ps1'
[0.489s] INFO:colcon.colcon_core.shell:Creating environment descriptor '/home/xybxy123/w_work/ros2_ws/install/slam_toolbox_ydlidar/share/slam_toolbox_ydlidar/hook/cmake_prefix_path.dsv'
[0.489s] INFO:colcon.colcon_core.shell:Creating environment hook '/home/xybxy123/w_work/ros2_ws/install/slam_toolbox_ydlidar/share/slam_toolbox_ydlidar/hook/cmake_prefix_path.sh'
[0.489s] Level 1:colcon.colcon_core.environment:checking '/home/xybxy123/w_work/ros2_ws/install/slam_toolbox_ydlidar/bin'
[0.489s] Level 1:colcon.colcon_core.environment:checking '/home/xybxy123/w_work/ros2_ws/install/slam_toolbox_ydlidar/lib/pkgconfig/slam_toolbox_ydlidar.pc'
[0.489s] Level 1:colcon.colcon_core.environment:checking '/home/xybxy123/w_work/ros2_ws/install/slam_toolbox_ydlidar/lib/python3.12/site-packages'
[0.489s] Level 1:colcon.colcon_core.environment:checking '/home/xybxy123/w_work/ros2_ws/install/slam_toolbox_ydlidar/bin'
[0.490s] INFO:colcon.colcon_core.shell:Creating package script '/home/xybxy123/w_work/ros2_ws/install/slam_toolbox_ydlidar/share/slam_toolbox_ydlidar/package.ps1'
[0.490s] INFO:colcon.colcon_core.shell:Creating package descriptor '/home/xybxy123/w_work/ros2_ws/install/slam_toolbox_ydlidar/share/slam_toolbox_ydlidar/package.dsv'
[0.490s] INFO:colcon.colcon_core.shell:Creating package script '/home/xybxy123/w_work/ros2_ws/install/slam_toolbox_ydlidar/share/slam_toolbox_ydlidar/package.sh'
[0.490s] INFO:colcon.colcon_core.shell:Creating package script '/home/xybxy123/w_work/ros2_ws/install/slam_toolbox_ydlidar/share/slam_toolbox_ydlidar/package.bash'
[0.490s] INFO:colcon.colcon_core.shell:Creating package script '/home/xybxy123/w_work/ros2_ws/install/slam_toolbox_ydlidar/share/slam_toolbox_ydlidar/package.zsh'
[0.491s] Level 1:colcon.colcon_core.environment:create_file_with_runtime_dependencies(/home/xybxy123/w_work/ros2_ws/install/slam_toolbox_ydlidar/share/colcon-core/packages/slam_toolbox_ydlidar)
[0.491s] DEBUG:colcon.colcon_parallel_executor.executor.parallel:closing loop
[0.491s] DEBUG:colcon.colcon_parallel_executor.executor.parallel:loop closed
[0.491s] DEBUG:colcon.colcon_parallel_executor.executor.parallel:run_until_complete finished with '0'
[0.491s] DEBUG:colcon.colcon_core.event_reactor:joining thread
[0.494s] INFO:colcon.colcon_core.plugin_system:Skipping extension 'colcon_notification.desktop_notification.terminal_notifier': Not used on non-Darwin systems
[0.494s] INFO:colcon.colcon_core.plugin_system:Skipping extension 'colcon_notification.desktop_notification.win32': Not used on non-Windows systems
[0.494s] INFO:colcon.colcon_notification.desktop_notification:Sending desktop notification using 'notify2'
[0.502s] DEBUG:colcon.colcon_core.event_reactor:joined thread
[0.502s] INFO:colcon.colcon_core.shell:Creating prefix script '/home/xybxy123/w_work/ros2_ws/install/local_setup.ps1'
[0.503s] INFO:colcon.colcon_core.shell:Creating prefix util module '/home/xybxy123/w_work/ros2_ws/install/_local_setup_util_ps1.py'
[0.503s] INFO:colcon.colcon_core.shell:Creating prefix chain script '/home/xybxy123/w_work/ros2_ws/install/setup.ps1'
[0.504s] INFO:colcon.colcon_core.shell:Creating prefix script '/home/xybxy123/w_work/ros2_ws/install/local_setup.sh'
[0.504s] INFO:colcon.colcon_core.shell:Creating prefix util module '/home/xybxy123/w_work/ros2_ws/install/_local_setup_util_sh.py'
[0.504s] INFO:colcon.colcon_core.shell:Creating prefix chain script '/home/xybxy123/w_work/ros2_ws/install/setup.sh'
[0.504s] INFO:colcon.colcon_core.shell:Creating prefix script '/home/xybxy123/w_work/ros2_ws/install/local_setup.bash'
[0.505s] INFO:colcon.colcon_core.shell:Creating prefix chain script '/home/xybxy123/w_work/ros2_ws/install/setup.bash'
[0.505s] INFO:colcon.colcon_core.shell:Creating prefix script '/home/xybxy123/w_work/ros2_ws/install/local_setup.zsh'
[0.505s] INFO:colcon.colcon_core.shell:Creating prefix chain script '/home/xybxy123/w_work/ros2_ws/install/setup.zsh'
