[0.008s] Invoking command in '/home/xybxy123/w_work/ros2_ws/build/circle_detector': CMAKE_PREFIX_PATH=${CMAKE_PREFIX_PATH}:/opt/ros/jazzy DEBUGINFOD_URLS=https://debuginfod.ubuntu.com /usr/bin/cmake --build /home/xybxy123/w_work/ros2_ws/build/circle_detector -- -j24 -l24
[0.051s] [ 50%] [32mBuilding CXX object CMakeFiles/circle_detector_node.dir/src/circle_detector.cpp.o[0m
[5.430s] [100%] [32m[1mLinking CXX executable circle_detector_node[0m
[5.573s] /usr/bin/ld: warning: libopencv_imgproc.so.406, needed by /opt/ros/jazzy/lib/libcv_bridge.so, may conflict with libopencv_imgproc.so.408
[5.573s] /usr/bin/ld: warning: libopencv_core.so.406, needed by /opt/ros/jazzy/lib/libcv_bridge.so, may conflict with libopencv_core.so.408
[5.785s] [100%] Built target circle_detector_node
[5.793s] Invoked command in '/home/xybxy123/w_work/ros2_ws/build/circle_detector' returned '0': CMAKE_PREFIX_PATH=${CMAKE_PREFIX_PATH}:/opt/ros/jazzy DEBUGINFOD_URLS=https://debuginfod.ubuntu.com /usr/bin/cmake --build /home/xybxy123/w_work/ros2_ws/build/circle_detector -- -j24 -l24
[5.800s] Invoking command in '/home/xybxy123/w_work/ros2_ws/build/circle_detector': CMAKE_PREFIX_PATH=${CMAKE_PREFIX_PATH}:/opt/ros/jazzy DEBUGINFOD_URLS=https://debuginfod.ubuntu.com /usr/bin/cmake --install /home/xybxy123/w_work/ros2_ws/build/circle_detector
[5.807s] -- Install configuration: ""
[5.807s] -- Installing: /home/xybxy123/w_work/ros2_ws/install/circle_detector/lib/circle_detector/circle_detector_node
[5.809s] -- Set non-toolchain portion of runtime path of "/home/xybxy123/w_work/ros2_ws/install/circle_detector/lib/circle_detector/circle_detector_node" to ""
[5.809s] -- Installing: /home/xybxy123/w_work/ros2_ws/install/circle_detector/include
[5.809s] -- Installing: /home/xybxy123/w_work/ros2_ws/install/circle_detector/include/circle_detector
[5.809s] -- Installing: /home/xybxy123/w_work/ros2_ws/install/circle_detector/include/circle_detector/circle_config.hpp
[5.809s] -- Installing: /home/xybxy123/w_work/ros2_ws/install/circle_detector/share/ament_index/resource_index/package_run_dependencies/circle_detector
[5.809s] -- Installing: /home/xybxy123/w_work/ros2_ws/install/circle_detector/share/ament_index/resource_index/parent_prefix_path/circle_detector
[5.809s] -- Installing: /home/xybxy123/w_work/ros2_ws/install/circle_detector/share/circle_detector/environment/ament_prefix_path.sh
[5.809s] -- Installing: /home/xybxy123/w_work/ros2_ws/install/circle_detector/share/circle_detector/environment/ament_prefix_path.dsv
[5.809s] -- Installing: /home/xybxy123/w_work/ros2_ws/install/circle_detector/share/circle_detector/environment/path.sh
[5.809s] -- Installing: /home/xybxy123/w_work/ros2_ws/install/circle_detector/share/circle_detector/environment/path.dsv
[5.809s] -- Installing: /home/xybxy123/w_work/ros2_ws/install/circle_detector/share/circle_detector/local_setup.bash
[5.809s] -- Installing: /home/xybxy123/w_work/ros2_ws/install/circle_detector/share/circle_detector/local_setup.sh
[5.809s] -- Installing: /home/xybxy123/w_work/ros2_ws/install/circle_detector/share/circle_detector/local_setup.zsh
[5.809s] -- Installing: /home/xybxy123/w_work/ros2_ws/install/circle_detector/share/circle_detector/local_setup.dsv
[5.809s] -- Up-to-date: /home/xybxy123/w_work/ros2_ws/install/circle_detector/share/circle_detector/package.dsv
[5.809s] -- Installing: /home/xybxy123/w_work/ros2_ws/install/circle_detector/share/ament_index/resource_index/packages/circle_detector
[5.809s] -- Installing: /home/xybxy123/w_work/ros2_ws/install/circle_detector/share/circle_detector/cmake/circle_detectorConfig.cmake
[5.809s] -- Installing: /home/xybxy123/w_work/ros2_ws/install/circle_detector/share/circle_detector/cmake/circle_detectorConfig-version.cmake
[5.809s] -- Installing: /home/xybxy123/w_work/ros2_ws/install/circle_detector/share/circle_detector/package.xml
[5.811s] Invoked command in '/home/xybxy123/w_work/ros2_ws/build/circle_detector' returned '0': CMAKE_PREFIX_PATH=${CMAKE_PREFIX_PATH}:/opt/ros/jazzy DEBUGINFOD_URLS=https://debuginfod.ubuntu.com /usr/bin/cmake --install /home/xybxy123/w_work/ros2_ws/build/circle_detector
