[0.070s] DEBUG:colcon:Command line arguments: ['/usr/bin/colcon', 'build']
[0.070s] DEBUG:colcon:Parsed command line arguments: Namespace(log_base=None, log_level=None, verb_name='build', build_base='build', install_base='install', merge_install=False, symlink_install=False, test_result_base=None, continue_on_error=False, executor='parallel', parallel_workers=24, event_handlers=None, ignore_user_meta=False, metas=['./colcon.meta'], base_paths=['.'], packages_ignore=None, packages_ignore_regex=None, paths=None, packages_up_to=None, packages_up_to_regex=None, packages_above=None, packages_above_and_dependencies=None, packages_above_depth=None, packages_select_by_dep=None, packages_skip_by_dep=None, packages_skip_up_to=None, packages_select_build_failed=False, packages_skip_build_finished=False, packages_select_test_failures=False, packages_skip_test_passed=False, packages_select=None, packages_skip=None, packages_select_regex=None, packages_skip_regex=None, packages_start=None, packages_end=None, allow_overriding=[], cmake_args=None, cmake_target=None, cmake_target_skip_unavailable=False, cmake_clean_cache=False, cmake_clean_first=False, cmake_force_configure=False, ament_cmake_args=None, catkin_cmake_args=None, catkin_skip_building_tests=False, verb_parser=<colcon_defaults.argument_parser.defaults.DefaultArgumentsDecorator object at 0x77dc9e2a8c80>, verb_extension=<colcon_core.verb.build.BuildVerb object at 0x77dc9e2a8aa0>, main=<bound method BuildVerb.main of <colcon_core.verb.build.BuildVerb object at 0x77dc9e2a8aa0>>)
[0.090s] Level 1:colcon.colcon_core.package_discovery:discover_packages(colcon_meta) check parameters
[0.090s] Level 1:colcon.colcon_core.package_discovery:discover_packages(recursive) check parameters
[0.090s] Level 1:colcon.colcon_core.package_discovery:discover_packages(ignore) check parameters
[0.090s] Level 1:colcon.colcon_core.package_discovery:discover_packages(path) check parameters
[0.090s] Level 1:colcon.colcon_core.package_discovery:discover_packages(colcon_meta) discover
[0.090s] Level 1:colcon.colcon_core.package_discovery:discover_packages(recursive) discover
[0.090s] INFO:colcon.colcon_core.package_discovery:Crawling recursively for packages in '/home/xybxy123/w_work/ros2_ws'
[0.090s] Level 1:colcon.colcon_core.package_identification:_identify(.) by extensions ['ignore', 'ignore_ament_install']
[0.090s] Level 1:colcon.colcon_core.package_identification:_identify(.) by extension 'ignore'
[0.090s] Level 1:colcon.colcon_core.package_identification:_identify(.) by extension 'ignore_ament_install'
[0.090s] Level 1:colcon.colcon_core.package_identification:_identify(.) by extensions ['colcon_pkg']
[0.090s] Level 1:colcon.colcon_core.package_identification:_identify(.) by extension 'colcon_pkg'
[0.090s] Level 1:colcon.colcon_core.package_identification:_identify(.) by extensions ['colcon_meta']
[0.090s] Level 1:colcon.colcon_core.package_identification:_identify(.) by extension 'colcon_meta'
[0.090s] Level 1:colcon.colcon_core.package_identification:_identify(.) by extensions ['ros']
[0.090s] Level 1:colcon.colcon_core.package_identification:_identify(.) by extension 'ros'
[0.104s] Level 1:colcon.colcon_core.package_identification:_identify(.) by extensions ['cmake', 'python']
[0.104s] Level 1:colcon.colcon_core.package_identification:_identify(.) by extension 'cmake'
[0.104s] Level 1:colcon.colcon_core.package_identification:_identify(.) by extension 'python'
[0.104s] Level 1:colcon.colcon_core.package_identification:_identify(.) by extensions ['python_setup_py']
[0.104s] Level 1:colcon.colcon_core.package_identification:_identify(.) by extension 'python_setup_py'
[0.104s] Level 1:colcon.colcon_core.package_identification:_identify(Log) by extensions ['ignore', 'ignore_ament_install']
[0.104s] Level 1:colcon.colcon_core.package_identification:_identify(Log) by extension 'ignore'
[0.104s] Level 1:colcon.colcon_core.package_identification:_identify(Log) by extension 'ignore_ament_install'
[0.104s] Level 1:colcon.colcon_core.package_identification:_identify(Log) by extensions ['colcon_pkg']
[0.104s] Level 1:colcon.colcon_core.package_identification:_identify(Log) by extension 'colcon_pkg'
[0.104s] Level 1:colcon.colcon_core.package_identification:_identify(Log) by extensions ['colcon_meta']
[0.104s] Level 1:colcon.colcon_core.package_identification:_identify(Log) by extension 'colcon_meta'
[0.104s] Level 1:colcon.colcon_core.package_identification:_identify(Log) by extensions ['ros']
[0.104s] Level 1:colcon.colcon_core.package_identification:_identify(Log) by extension 'ros'
[0.104s] Level 1:colcon.colcon_core.package_identification:_identify(Log) by extensions ['cmake', 'python']
[0.104s] Level 1:colcon.colcon_core.package_identification:_identify(Log) by extension 'cmake'
[0.104s] Level 1:colcon.colcon_core.package_identification:_identify(Log) by extension 'python'
[0.104s] Level 1:colcon.colcon_core.package_identification:_identify(Log) by extensions ['python_setup_py']
[0.104s] Level 1:colcon.colcon_core.package_identification:_identify(Log) by extension 'python_setup_py'
[0.104s] Level 1:colcon.colcon_core.package_identification:_identify(build) by extensions ['ignore', 'ignore_ament_install']
[0.104s] Level 1:colcon.colcon_core.package_identification:_identify(build) by extension 'ignore'
[0.104s] Level 1:colcon.colcon_core.package_identification:_identify(build) ignored
[0.104s] Level 1:colcon.colcon_core.package_identification:_identify(install) by extensions ['ignore', 'ignore_ament_install']
[0.104s] Level 1:colcon.colcon_core.package_identification:_identify(install) by extension 'ignore'
[0.104s] Level 1:colcon.colcon_core.package_identification:_identify(install) ignored
[0.104s] Level 1:colcon.colcon_core.package_identification:_identify(log) by extensions ['ignore', 'ignore_ament_install']
[0.104s] Level 1:colcon.colcon_core.package_identification:_identify(log) by extension 'ignore'
[0.104s] Level 1:colcon.colcon_core.package_identification:_identify(log) ignored
[0.104s] Level 1:colcon.colcon_core.package_identification:_identify(src) by extensions ['ignore', 'ignore_ament_install']
[0.104s] Level 1:colcon.colcon_core.package_identification:_identify(src) by extension 'ignore'
[0.104s] Level 1:colcon.colcon_core.package_identification:_identify(src) by extension 'ignore_ament_install'
[0.104s] Level 1:colcon.colcon_core.package_identification:_identify(src) by extensions ['colcon_pkg']
[0.104s] Level 1:colcon.colcon_core.package_identification:_identify(src) by extension 'colcon_pkg'
[0.104s] Level 1:colcon.colcon_core.package_identification:_identify(src) by extensions ['colcon_meta']
[0.104s] Level 1:colcon.colcon_core.package_identification:_identify(src) by extension 'colcon_meta'
[0.104s] Level 1:colcon.colcon_core.package_identification:_identify(src) by extensions ['ros']
[0.104s] Level 1:colcon.colcon_core.package_identification:_identify(src) by extension 'ros'
[0.104s] Level 1:colcon.colcon_core.package_identification:_identify(src) by extensions ['cmake', 'python']
[0.104s] Level 1:colcon.colcon_core.package_identification:_identify(src) by extension 'cmake'
[0.105s] Level 1:colcon.colcon_core.package_identification:_identify(src) by extension 'python'
[0.105s] Level 1:colcon.colcon_core.package_identification:_identify(src) by extensions ['python_setup_py']
[0.105s] Level 1:colcon.colcon_core.package_identification:_identify(src) by extension 'python_setup_py'
[0.105s] Level 1:colcon.colcon_core.package_identification:_identify(src/depth_camera_pub) by extensions ['ignore', 'ignore_ament_install']
[0.105s] Level 1:colcon.colcon_core.package_identification:_identify(src/depth_camera_pub) by extension 'ignore'
[0.105s] Level 1:colcon.colcon_core.package_identification:_identify(src/depth_camera_pub) by extension 'ignore_ament_install'
[0.105s] Level 1:colcon.colcon_core.package_identification:_identify(src/depth_camera_pub) by extensions ['colcon_pkg']
[0.105s] Level 1:colcon.colcon_core.package_identification:_identify(src/depth_camera_pub) by extension 'colcon_pkg'
[0.105s] Level 1:colcon.colcon_core.package_identification:_identify(src/depth_camera_pub) by extensions ['colcon_meta']
[0.105s] Level 1:colcon.colcon_core.package_identification:_identify(src/depth_camera_pub) by extension 'colcon_meta'
[0.105s] Level 1:colcon.colcon_core.package_identification:_identify(src/depth_camera_pub) by extensions ['ros']
[0.105s] Level 1:colcon.colcon_core.package_identification:_identify(src/depth_camera_pub) by extension 'ros'
[0.106s] DEBUG:colcon.colcon_core.package_identification:Package 'src/depth_camera_pub' with type 'ros.ament_cmake' and name 'depth_camera_pub'
[0.106s] Level 1:colcon.colcon_core.package_identification:_identify(src/input_img) by extensions ['ignore', 'ignore_ament_install']
[0.106s] Level 1:colcon.colcon_core.package_identification:_identify(src/input_img) by extension 'ignore'
[0.106s] Level 1:colcon.colcon_core.package_identification:_identify(src/input_img) by extension 'ignore_ament_install'
[0.106s] Level 1:colcon.colcon_core.package_identification:_identify(src/input_img) by extensions ['colcon_pkg']
[0.107s] Level 1:colcon.colcon_core.package_identification:_identify(src/input_img) by extension 'colcon_pkg'
[0.107s] Level 1:colcon.colcon_core.package_identification:_identify(src/input_img) by extensions ['colcon_meta']
[0.107s] Level 1:colcon.colcon_core.package_identification:_identify(src/input_img) by extension 'colcon_meta'
[0.107s] Level 1:colcon.colcon_core.package_identification:_identify(src/input_img) by extensions ['ros']
[0.107s] Level 1:colcon.colcon_core.package_identification:_identify(src/input_img) by extension 'ros'
[0.107s] DEBUG:colcon.colcon_core.package_identification:Package 'src/input_img' with type 'ros.ament_cmake' and name 'input_img'
[0.107s] Level 1:colcon.colcon_core.package_identification:_identify(src/rf2o_laser_odometry) by extensions ['ignore', 'ignore_ament_install']
[0.107s] Level 1:colcon.colcon_core.package_identification:_identify(src/rf2o_laser_odometry) by extension 'ignore'
[0.107s] Level 1:colcon.colcon_core.package_identification:_identify(src/rf2o_laser_odometry) by extension 'ignore_ament_install'
[0.107s] Level 1:colcon.colcon_core.package_identification:_identify(src/rf2o_laser_odometry) by extensions ['colcon_pkg']
[0.107s] Level 1:colcon.colcon_core.package_identification:_identify(src/rf2o_laser_odometry) by extension 'colcon_pkg'
[0.107s] Level 1:colcon.colcon_core.package_identification:_identify(src/rf2o_laser_odometry) by extensions ['colcon_meta']
[0.107s] Level 1:colcon.colcon_core.package_identification:_identify(src/rf2o_laser_odometry) by extension 'colcon_meta'
[0.107s] Level 1:colcon.colcon_core.package_identification:_identify(src/rf2o_laser_odometry) by extensions ['ros']
[0.107s] Level 1:colcon.colcon_core.package_identification:_identify(src/rf2o_laser_odometry) by extension 'ros'
[0.107s] DEBUG:colcon.colcon_core.package_identification:Package 'src/rf2o_laser_odometry' with type 'ros.ament_cmake' and name 'rf2o_laser_odometry'
[0.108s] Level 1:colcon.colcon_core.package_identification:_identify(src/ros2_yolos_cpp) by extensions ['ignore', 'ignore_ament_install']
[0.108s] Level 1:colcon.colcon_core.package_identification:_identify(src/ros2_yolos_cpp) by extension 'ignore'
[0.108s] Level 1:colcon.colcon_core.package_identification:_identify(src/ros2_yolos_cpp) by extension 'ignore_ament_install'
[0.108s] Level 1:colcon.colcon_core.package_identification:_identify(src/ros2_yolos_cpp) by extensions ['colcon_pkg']
[0.108s] Level 1:colcon.colcon_core.package_identification:_identify(src/ros2_yolos_cpp) by extension 'colcon_pkg'
[0.108s] Level 1:colcon.colcon_core.package_identification:_identify(src/ros2_yolos_cpp) by extensions ['colcon_meta']
[0.108s] Level 1:colcon.colcon_core.package_identification:_identify(src/ros2_yolos_cpp) by extension 'colcon_meta'
[0.108s] Level 1:colcon.colcon_core.package_identification:_identify(src/ros2_yolos_cpp) by extensions ['ros']
[0.108s] Level 1:colcon.colcon_core.package_identification:_identify(src/ros2_yolos_cpp) by extension 'ros'
[0.108s] DEBUG:colcon.colcon_core.package_identification:Package 'src/ros2_yolos_cpp' with type 'ros.ament_cmake' and name 'ros2_yolos_cpp'
[0.108s] Level 1:colcon.colcon_core.package_identification:_identify(src/slam_toolbox) by extensions ['ignore', 'ignore_ament_install']
[0.108s] Level 1:colcon.colcon_core.package_identification:_identify(src/slam_toolbox) by extension 'ignore'
[0.108s] Level 1:colcon.colcon_core.package_identification:_identify(src/slam_toolbox) by extension 'ignore_ament_install'
[0.108s] Level 1:colcon.colcon_core.package_identification:_identify(src/slam_toolbox) by extensions ['colcon_pkg']
[0.108s] Level 1:colcon.colcon_core.package_identification:_identify(src/slam_toolbox) by extension 'colcon_pkg'
[0.108s] Level 1:colcon.colcon_core.package_identification:_identify(src/slam_toolbox) by extensions ['colcon_meta']
[0.108s] Level 1:colcon.colcon_core.package_identification:_identify(src/slam_toolbox) by extension 'colcon_meta'
[0.108s] Level 1:colcon.colcon_core.package_identification:_identify(src/slam_toolbox) by extensions ['ros']
[0.108s] Level 1:colcon.colcon_core.package_identification:_identify(src/slam_toolbox) by extension 'ros'
[0.109s] DEBUG:colcon.colcon_core.package_identification:Package 'src/slam_toolbox' with type 'ros.ament_cmake' and name 'slam_toolbox'
[0.109s] Level 1:colcon.colcon_core.package_identification:_identify(src/ydlidar_ros2_driver) by extensions ['ignore', 'ignore_ament_install']
[0.109s] Level 1:colcon.colcon_core.package_identification:_identify(src/ydlidar_ros2_driver) by extension 'ignore'
[0.109s] Level 1:colcon.colcon_core.package_identification:_identify(src/ydlidar_ros2_driver) by extension 'ignore_ament_install'
[0.109s] Level 1:colcon.colcon_core.package_identification:_identify(src/ydlidar_ros2_driver) by extensions ['colcon_pkg']
[0.109s] Level 1:colcon.colcon_core.package_identification:_identify(src/ydlidar_ros2_driver) by extension 'colcon_pkg'
[0.109s] Level 1:colcon.colcon_core.package_identification:_identify(src/ydlidar_ros2_driver) by extensions ['colcon_meta']
[0.109s] Level 1:colcon.colcon_core.package_identification:_identify(src/ydlidar_ros2_driver) by extension 'colcon_meta'
[0.109s] Level 1:colcon.colcon_core.package_identification:_identify(src/ydlidar_ros2_driver) by extensions ['ros']
[0.109s] Level 1:colcon.colcon_core.package_identification:_identify(src/ydlidar_ros2_driver) by extension 'ros'
[0.110s] DEBUG:colcon.colcon_core.package_identification:Package 'src/ydlidar_ros2_driver' with type 'ros.ament_cmake' and name 'ydlidar_ros2_driver'
[0.110s] Level 1:colcon.colcon_core.package_discovery:discover_packages(recursive) using defaults
[0.110s] Level 1:colcon.colcon_core.package_discovery:discover_packages(ignore) discover
[0.110s] Level 1:colcon.colcon_core.package_discovery:discover_packages(ignore) using defaults
[0.110s] Level 1:colcon.colcon_core.package_discovery:discover_packages(path) discover
[0.110s] Level 1:colcon.colcon_core.package_discovery:discover_packages(path) using defaults
[0.119s] Level 1:colcon.colcon_core.package_discovery:discover_packages(prefix_path) check parameters
[0.119s] Level 1:colcon.colcon_core.package_discovery:discover_packages(prefix_path) discover
[0.121s] DEBUG:colcon.colcon_installed_package_information.package_discovery:Found 375 installed packages in /opt/ros/jazzy
[0.122s] Level 1:colcon.colcon_core.package_discovery:discover_packages(prefix_path) using defaults
[0.141s] Level 5:colcon.colcon_core.verb:set package 'depth_camera_pub' build argument 'cmake_args' from command line to 'None'
[0.141s] Level 5:colcon.colcon_core.verb:set package 'depth_camera_pub' build argument 'cmake_target' from command line to 'None'
[0.141s] Level 5:colcon.colcon_core.verb:set package 'depth_camera_pub' build argument 'cmake_target_skip_unavailable' from command line to 'False'
[0.141s] Level 5:colcon.colcon_core.verb:set package 'depth_camera_pub' build argument 'cmake_clean_cache' from command line to 'False'
[0.141s] Level 5:colcon.colcon_core.verb:set package 'depth_camera_pub' build argument 'cmake_clean_first' from command line to 'False'
[0.141s] Level 5:colcon.colcon_core.verb:set package 'depth_camera_pub' build argument 'cmake_force_configure' from command line to 'False'
[0.141s] Level 5:colcon.colcon_core.verb:set package 'depth_camera_pub' build argument 'ament_cmake_args' from command line to 'None'
[0.141s] Level 5:colcon.colcon_core.verb:set package 'depth_camera_pub' build argument 'catkin_cmake_args' from command line to 'None'
[0.141s] Level 5:colcon.colcon_core.verb:set package 'depth_camera_pub' build argument 'catkin_skip_building_tests' from command line to 'False'
[0.141s] DEBUG:colcon.colcon_core.verb:Building package 'depth_camera_pub' with the following arguments: {'ament_cmake_args': None, 'build_base': '/home/xybxy123/w_work/ros2_ws/build/depth_camera_pub', 'catkin_cmake_args': None, 'catkin_skip_building_tests': False, 'cmake_args': None, 'cmake_clean_cache': False, 'cmake_clean_first': False, 'cmake_force_configure': False, 'cmake_target': None, 'cmake_target_skip_unavailable': False, 'install_base': '/home/xybxy123/w_work/ros2_ws/install/depth_camera_pub', 'merge_install': False, 'path': '/home/xybxy123/w_work/ros2_ws/src/depth_camera_pub', 'symlink_install': False, 'test_result_base': None}
[0.142s] Level 5:colcon.colcon_core.verb:set package 'input_img' build argument 'cmake_args' from command line to 'None'
[0.142s] Level 5:colcon.colcon_core.verb:set package 'input_img' build argument 'cmake_target' from command line to 'None'
[0.142s] Level 5:colcon.colcon_core.verb:set package 'input_img' build argument 'cmake_target_skip_unavailable' from command line to 'False'
[0.142s] Level 5:colcon.colcon_core.verb:set package 'input_img' build argument 'cmake_clean_cache' from command line to 'False'
[0.142s] Level 5:colcon.colcon_core.verb:set package 'input_img' build argument 'cmake_clean_first' from command line to 'False'
[0.142s] Level 5:colcon.colcon_core.verb:set package 'input_img' build argument 'cmake_force_configure' from command line to 'False'
[0.142s] Level 5:colcon.colcon_core.verb:set package 'input_img' build argument 'ament_cmake_args' from command line to 'None'
[0.142s] Level 5:colcon.colcon_core.verb:set package 'input_img' build argument 'catkin_cmake_args' from command line to 'None'
[0.142s] Level 5:colcon.colcon_core.verb:set package 'input_img' build argument 'catkin_skip_building_tests' from command line to 'False'
[0.142s] DEBUG:colcon.colcon_core.verb:Building package 'input_img' with the following arguments: {'ament_cmake_args': None, 'build_base': '/home/xybxy123/w_work/ros2_ws/build/input_img', 'catkin_cmake_args': None, 'catkin_skip_building_tests': False, 'cmake_args': None, 'cmake_clean_cache': False, 'cmake_clean_first': False, 'cmake_force_configure': False, 'cmake_target': None, 'cmake_target_skip_unavailable': False, 'install_base': '/home/xybxy123/w_work/ros2_ws/install/input_img', 'merge_install': False, 'path': '/home/xybxy123/w_work/ros2_ws/src/input_img', 'symlink_install': False, 'test_result_base': None}
[0.142s] Level 5:colcon.colcon_core.verb:set package 'rf2o_laser_odometry' build argument 'cmake_args' from command line to 'None'
[0.142s] Level 5:colcon.colcon_core.verb:set package 'rf2o_laser_odometry' build argument 'cmake_target' from command line to 'None'
[0.142s] Level 5:colcon.colcon_core.verb:set package 'rf2o_laser_odometry' build argument 'cmake_target_skip_unavailable' from command line to 'False'
[0.142s] Level 5:colcon.colcon_core.verb:set package 'rf2o_laser_odometry' build argument 'cmake_clean_cache' from command line to 'False'
[0.142s] Level 5:colcon.colcon_core.verb:set package 'rf2o_laser_odometry' build argument 'cmake_clean_first' from command line to 'False'
[0.142s] Level 5:colcon.colcon_core.verb:set package 'rf2o_laser_odometry' build argument 'cmake_force_configure' from command line to 'False'
[0.142s] Level 5:colcon.colcon_core.verb:set package 'rf2o_laser_odometry' build argument 'ament_cmake_args' from command line to 'None'
[0.142s] Level 5:colcon.colcon_core.verb:set package 'rf2o_laser_odometry' build argument 'catkin_cmake_args' from command line to 'None'
[0.142s] Level 5:colcon.colcon_core.verb:set package 'rf2o_laser_odometry' build argument 'catkin_skip_building_tests' from command line to 'False'
[0.142s] DEBUG:colcon.colcon_core.verb:Building package 'rf2o_laser_odometry' with the following arguments: {'ament_cmake_args': None, 'build_base': '/home/xybxy123/w_work/ros2_ws/build/rf2o_laser_odometry', 'catkin_cmake_args': None, 'catkin_skip_building_tests': False, 'cmake_args': None, 'cmake_clean_cache': False, 'cmake_clean_first': False, 'cmake_force_configure': False, 'cmake_target': None, 'cmake_target_skip_unavailable': False, 'install_base': '/home/xybxy123/w_work/ros2_ws/install/rf2o_laser_odometry', 'merge_install': False, 'path': '/home/xybxy123/w_work/ros2_ws/src/rf2o_laser_odometry', 'symlink_install': False, 'test_result_base': None}
[0.142s] Level 5:colcon.colcon_core.verb:set package 'ros2_yolos_cpp' build argument 'cmake_args' from command line to 'None'
[0.142s] Level 5:colcon.colcon_core.verb:set package 'ros2_yolos_cpp' build argument 'cmake_target' from command line to 'None'
[0.142s] Level 5:colcon.colcon_core.verb:set package 'ros2_yolos_cpp' build argument 'cmake_target_skip_unavailable' from command line to 'False'
[0.142s] Level 5:colcon.colcon_core.verb:set package 'ros2_yolos_cpp' build argument 'cmake_clean_cache' from command line to 'False'
[0.142s] Level 5:colcon.colcon_core.verb:set package 'ros2_yolos_cpp' build argument 'cmake_clean_first' from command line to 'False'
[0.142s] Level 5:colcon.colcon_core.verb:set package 'ros2_yolos_cpp' build argument 'cmake_force_configure' from command line to 'False'
[0.142s] Level 5:colcon.colcon_core.verb:set package 'ros2_yolos_cpp' build argument 'ament_cmake_args' from command line to 'None'
[0.142s] Level 5:colcon.colcon_core.verb:set package 'ros2_yolos_cpp' build argument 'catkin_cmake_args' from command line to 'None'
[0.142s] Level 5:colcon.colcon_core.verb:set package 'ros2_yolos_cpp' build argument 'catkin_skip_building_tests' from command line to 'False'
[0.142s] DEBUG:colcon.colcon_core.verb:Building package 'ros2_yolos_cpp' with the following arguments: {'ament_cmake_args': None, 'build_base': '/home/xybxy123/w_work/ros2_ws/build/ros2_yolos_cpp', 'catkin_cmake_args': None, 'catkin_skip_building_tests': False, 'cmake_args': None, 'cmake_clean_cache': False, 'cmake_clean_first': False, 'cmake_force_configure': False, 'cmake_target': None, 'cmake_target_skip_unavailable': False, 'install_base': '/home/xybxy123/w_work/ros2_ws/install/ros2_yolos_cpp', 'merge_install': False, 'path': '/home/xybxy123/w_work/ros2_ws/src/ros2_yolos_cpp', 'symlink_install': False, 'test_result_base': None}
[0.142s] Level 5:colcon.colcon_core.verb:set package 'slam_toolbox' build argument 'cmake_args' from command line to 'None'
[0.142s] Level 5:colcon.colcon_core.verb:set package 'slam_toolbox' build argument 'cmake_target' from command line to 'None'
[0.142s] Level 5:colcon.colcon_core.verb:set package 'slam_toolbox' build argument 'cmake_target_skip_unavailable' from command line to 'False'
[0.142s] Level 5:colcon.colcon_core.verb:set package 'slam_toolbox' build argument 'cmake_clean_cache' from command line to 'False'
[0.142s] Level 5:colcon.colcon_core.verb:set package 'slam_toolbox' build argument 'cmake_clean_first' from command line to 'False'
[0.142s] Level 5:colcon.colcon_core.verb:set package 'slam_toolbox' build argument 'cmake_force_configure' from command line to 'False'
[0.142s] Level 5:colcon.colcon_core.verb:set package 'slam_toolbox' build argument 'ament_cmake_args' from command line to 'None'
[0.142s] Level 5:colcon.colcon_core.verb:set package 'slam_toolbox' build argument 'catkin_cmake_args' from command line to 'None'
[0.142s] Level 5:colcon.colcon_core.verb:set package 'slam_toolbox' build argument 'catkin_skip_building_tests' from command line to 'False'
[0.142s] DEBUG:colcon.colcon_core.verb:Building package 'slam_toolbox' with the following arguments: {'ament_cmake_args': None, 'build_base': '/home/xybxy123/w_work/ros2_ws/build/slam_toolbox', 'catkin_cmake_args': None, 'catkin_skip_building_tests': False, 'cmake_args': None, 'cmake_clean_cache': False, 'cmake_clean_first': False, 'cmake_force_configure': False, 'cmake_target': None, 'cmake_target_skip_unavailable': False, 'install_base': '/home/xybxy123/w_work/ros2_ws/install/slam_toolbox', 'merge_install': False, 'path': '/home/xybxy123/w_work/ros2_ws/src/slam_toolbox', 'symlink_install': False, 'test_result_base': None}
[0.142s] Level 5:colcon.colcon_core.verb:set package 'ydlidar_ros2_driver' build argument 'cmake_args' from command line to 'None'
[0.143s] Level 5:colcon.colcon_core.verb:set package 'ydlidar_ros2_driver' build argument 'cmake_target' from command line to 'None'
[0.143s] Level 5:colcon.colcon_core.verb:set package 'ydlidar_ros2_driver' build argument 'cmake_target_skip_unavailable' from command line to 'False'
[0.143s] Level 5:colcon.colcon_core.verb:set package 'ydlidar_ros2_driver' build argument 'cmake_clean_cache' from command line to 'False'
[0.143s] Level 5:colcon.colcon_core.verb:set package 'ydlidar_ros2_driver' build argument 'cmake_clean_first' from command line to 'False'
[0.143s] Level 5:colcon.colcon_core.verb:set package 'ydlidar_ros2_driver' build argument 'cmake_force_configure' from command line to 'False'
[0.143s] Level 5:colcon.colcon_core.verb:set package 'ydlidar_ros2_driver' build argument 'ament_cmake_args' from command line to 'None'
[0.143s] Level 5:colcon.colcon_core.verb:set package 'ydlidar_ros2_driver' build argument 'catkin_cmake_args' from command line to 'None'
[0.143s] Level 5:colcon.colcon_core.verb:set package 'ydlidar_ros2_driver' build argument 'catkin_skip_building_tests' from command line to 'False'
[0.143s] DEBUG:colcon.colcon_core.verb:Building package 'ydlidar_ros2_driver' with the following arguments: {'ament_cmake_args': None, 'build_base': '/home/xybxy123/w_work/ros2_ws/build/ydlidar_ros2_driver', 'catkin_cmake_args': None, 'catkin_skip_building_tests': False, 'cmake_args': None, 'cmake_clean_cache': False, 'cmake_clean_first': False, 'cmake_force_configure': False, 'cmake_target': None, 'cmake_target_skip_unavailable': False, 'install_base': '/home/xybxy123/w_work/ros2_ws/install/ydlidar_ros2_driver', 'merge_install': False, 'path': '/home/xybxy123/w_work/ros2_ws/src/ydlidar_ros2_driver', 'symlink_install': False, 'test_result_base': None}
[0.143s] INFO:colcon.colcon_core.executor:Executing jobs using 'parallel' executor
[0.143s] DEBUG:colcon.colcon_parallel_executor.executor.parallel:run_until_complete
[0.143s] INFO:colcon.colcon_ros.task.ament_cmake.build:Building ROS package in '/home/xybxy123/w_work/ros2_ws/src/depth_camera_pub' with build type 'ament_cmake'
[0.143s] INFO:colcon.colcon_cmake.task.cmake.build:Building CMake package in '/home/xybxy123/w_work/ros2_ws/src/depth_camera_pub'
[0.144s] INFO:colcon.colcon_core.plugin_system:Skipping extension 'colcon_core.shell.bat': Not used on non-Windows systems
[0.144s] INFO:colcon.colcon_core.shell:Skip shell extension 'powershell' for command environment: Not usable outside of PowerShell
[0.144s] DEBUG:colcon.colcon_core.shell:Skip shell extension 'dsv' for command environment
[0.146s] INFO:colcon.colcon_ros.task.ament_cmake.build:Building ROS package in '/home/xybxy123/w_work/ros2_ws/src/input_img' with build type 'ament_cmake'
[0.146s] INFO:colcon.colcon_cmake.task.cmake.build:Building CMake package in '/home/xybxy123/w_work/ros2_ws/src/input_img'
[0.146s] INFO:colcon.colcon_core.shell:Skip shell extension 'powershell' for command environment: Not usable outside of PowerShell
[0.146s] DEBUG:colcon.colcon_core.shell:Skip shell extension 'dsv' for command environment
[0.148s] INFO:colcon.colcon_ros.task.ament_cmake.build:Building ROS package in '/home/xybxy123/w_work/ros2_ws/src/rf2o_laser_odometry' with build type 'ament_cmake'
[0.148s] INFO:colcon.colcon_cmake.task.cmake.build:Building CMake package in '/home/xybxy123/w_work/ros2_ws/src/rf2o_laser_odometry'
[0.148s] INFO:colcon.colcon_core.shell:Skip shell extension 'powershell' for command environment: Not usable outside of PowerShell
[0.148s] DEBUG:colcon.colcon_core.shell:Skip shell extension 'dsv' for command environment
[0.149s] INFO:colcon.colcon_ros.task.ament_cmake.build:Building ROS package in '/home/xybxy123/w_work/ros2_ws/src/ros2_yolos_cpp' with build type 'ament_cmake'
[0.150s] INFO:colcon.colcon_cmake.task.cmake.build:Building CMake package in '/home/xybxy123/w_work/ros2_ws/src/ros2_yolos_cpp'
[0.150s] INFO:colcon.colcon_core.shell:Skip shell extension 'powershell' for command environment: Not usable outside of PowerShell
[0.150s] DEBUG:colcon.colcon_core.shell:Skip shell extension 'dsv' for command environment
[0.151s] INFO:colcon.colcon_ros.task.ament_cmake.build:Building ROS package in '/home/xybxy123/w_work/ros2_ws/src/slam_toolbox' with build type 'ament_cmake'
[0.151s] INFO:colcon.colcon_cmake.task.cmake.build:Building CMake package in '/home/xybxy123/w_work/ros2_ws/src/slam_toolbox'
[0.151s] INFO:colcon.colcon_core.shell:Skip shell extension 'powershell' for command environment: Not usable outside of PowerShell
[0.151s] DEBUG:colcon.colcon_core.shell:Skip shell extension 'dsv' for command environment
[0.153s] INFO:colcon.colcon_ros.task.ament_cmake.build:Building ROS package in '/home/xybxy123/w_work/ros2_ws/src/ydlidar_ros2_driver' with build type 'ament_cmake'
[0.153s] INFO:colcon.colcon_cmake.task.cmake.build:Building CMake package in '/home/xybxy123/w_work/ros2_ws/src/ydlidar_ros2_driver'
[0.153s] INFO:colcon.colcon_core.shell:Skip shell extension 'powershell' for command environment: Not usable outside of PowerShell
[0.153s] DEBUG:colcon.colcon_core.shell:Skip shell extension 'dsv' for command environment
[0.157s] DEBUG:colcon.colcon_core.event_handler.log_command:Invoking command in '/home/xybxy123/w_work/ros2_ws/build/depth_camera_pub': CMAKE_PREFIX_PATH=${CMAKE_PREFIX_PATH}:/opt/ros/jazzy DEBUGINFOD_URLS=https://debuginfod.ubuntu.com /usr/bin/cmake --build /home/xybxy123/w_work/ros2_ws/build/depth_camera_pub -- -j24 -l24
[0.158s] DEBUG:colcon.colcon_core.event_handler.log_command:Invoking command in '/home/xybxy123/w_work/ros2_ws/build/input_img': CMAKE_PREFIX_PATH=${CMAKE_PREFIX_PATH}:/opt/ros/jazzy DEBUGINFOD_URLS=https://debuginfod.ubuntu.com /usr/bin/cmake --build /home/xybxy123/w_work/ros2_ws/build/input_img -- -j24 -l24
[0.159s] DEBUG:colcon.colcon_core.event_handler.log_command:Invoking command in '/home/xybxy123/w_work/ros2_ws/build/rf2o_laser_odometry': CMAKE_PREFIX_PATH=${CMAKE_PREFIX_PATH}:/opt/ros/jazzy DEBUGINFOD_URLS=https://debuginfod.ubuntu.com /usr/bin/cmake --build /home/xybxy123/w_work/ros2_ws/build/rf2o_laser_odometry -- -j24 -l24
[0.160s] DEBUG:colcon.colcon_core.event_handler.log_command:Invoking command in '/home/xybxy123/w_work/ros2_ws/build/ros2_yolos_cpp': CMAKE_PREFIX_PATH=${CMAKE_PREFIX_PATH}:/opt/ros/jazzy DEBUGINFOD_URLS=https://debuginfod.ubuntu.com /usr/bin/cmake --build /home/xybxy123/w_work/ros2_ws/build/ros2_yolos_cpp -- -j24 -l24
[0.162s] DEBUG:colcon.colcon_core.event_handler.log_command:Invoking command in '/home/xybxy123/w_work/ros2_ws/build/slam_toolbox': CMAKE_PREFIX_PATH=${CMAKE_PREFIX_PATH}:/opt/ros/jazzy DEBUGINFOD_URLS=https://debuginfod.ubuntu.com /usr/bin/cmake --build /home/xybxy123/w_work/ros2_ws/build/slam_toolbox -- -j24 -l24
[0.165s] DEBUG:colcon.colcon_core.event_handler.log_command:Invoking command in '/home/xybxy123/w_work/ros2_ws/build/ydlidar_ros2_driver': CMAKE_PREFIX_PATH=${CMAKE_PREFIX_PATH}:/opt/ros/jazzy DEBUGINFOD_URLS=https://debuginfod.ubuntu.com /usr/bin/cmake --build /home/xybxy123/w_work/ros2_ws/build/ydlidar_ros2_driver -- -j24 -l24
[0.225s] DEBUG:colcon.colcon_core.event_handler.log_command:Invoked command in '/home/xybxy123/w_work/ros2_ws/build/ydlidar_ros2_driver' returned '0': CMAKE_PREFIX_PATH=${CMAKE_PREFIX_PATH}:/opt/ros/jazzy DEBUGINFOD_URLS=https://debuginfod.ubuntu.com /usr/bin/cmake --build /home/xybxy123/w_work/ros2_ws/build/ydlidar_ros2_driver -- -j24 -l24
[0.232s] DEBUG:colcon.colcon_core.event_handler.log_command:Invoking command in '/home/xybxy123/w_work/ros2_ws/build/ydlidar_ros2_driver': CMAKE_PREFIX_PATH=${CMAKE_PREFIX_PATH}:/opt/ros/jazzy DEBUGINFOD_URLS=https://debuginfod.ubuntu.com /usr/bin/cmake --install /home/xybxy123/w_work/ros2_ws/build/ydlidar_ros2_driver
[0.233s] DEBUG:colcon.colcon_core.event_handler.log_command:Invoked command in '/home/xybxy123/w_work/ros2_ws/build/input_img' returned '0': CMAKE_PREFIX_PATH=${CMAKE_PREFIX_PATH}:/opt/ros/jazzy DEBUGINFOD_URLS=https://debuginfod.ubuntu.com /usr/bin/cmake --build /home/xybxy123/w_work/ros2_ws/build/input_img -- -j24 -l24
[0.234s] DEBUG:colcon.colcon_core.event_handler.log_command:Invoking command in '/home/xybxy123/w_work/ros2_ws/build/input_img': CMAKE_PREFIX_PATH=${CMAKE_PREFIX_PATH}:/opt/ros/jazzy DEBUGINFOD_URLS=https://debuginfod.ubuntu.com /usr/bin/cmake --install /home/xybxy123/w_work/ros2_ws/build/input_img
[0.235s] DEBUG:colcon.colcon_core.event_handler.log_command:Invoked command in '/home/xybxy123/w_work/ros2_ws/build/rf2o_laser_odometry' returned '0': CMAKE_PREFIX_PATH=${CMAKE_PREFIX_PATH}:/opt/ros/jazzy DEBUGINFOD_URLS=https://debuginfod.ubuntu.com /usr/bin/cmake --build /home/xybxy123/w_work/ros2_ws/build/rf2o_laser_odometry -- -j24 -l24
[0.237s] DEBUG:colcon.colcon_core.event_handler.log_command:Invoking command in '/home/xybxy123/w_work/ros2_ws/build/rf2o_laser_odometry': CMAKE_PREFIX_PATH=${CMAKE_PREFIX_PATH}:/opt/ros/jazzy DEBUGINFOD_URLS=https://debuginfod.ubuntu.com /usr/bin/cmake --install /home/xybxy123/w_work/ros2_ws/build/rf2o_laser_odometry
[0.239s] Level 1:colcon.colcon_core.environment:create_environment_scripts_only(ydlidar_ros2_driver)
[0.245s] Level 1:colcon.colcon_core.environment:checking '/home/xybxy123/w_work/ros2_ws/install/ydlidar_ros2_driver' for CMake module files
[0.246s] Level 1:colcon.colcon_core.environment:checking '/home/xybxy123/w_work/ros2_ws/install/ydlidar_ros2_driver' for CMake config files
[0.247s] DEBUG:colcon.colcon_core.event_handler.log_command:Invoked command in '/home/xybxy123/w_work/ros2_ws/build/ydlidar_ros2_driver' returned '0': CMAKE_PREFIX_PATH=${CMAKE_PREFIX_PATH}:/opt/ros/jazzy DEBUGINFOD_URLS=https://debuginfod.ubuntu.com /usr/bin/cmake --install /home/xybxy123/w_work/ros2_ws/build/ydlidar_ros2_driver
[0.248s] Level 1:colcon.colcon_core.shell:create_environment_hook('ydlidar_ros2_driver', 'cmake_prefix_path')
[0.248s] INFO:colcon.colcon_core.shell:Creating environment hook '/home/xybxy123/w_work/ros2_ws/install/ydlidar_ros2_driver/share/ydlidar_ros2_driver/hook/cmake_prefix_path.ps1'
[0.249s] INFO:colcon.colcon_core.shell:Creating environment descriptor '/home/xybxy123/w_work/ros2_ws/install/ydlidar_ros2_driver/share/ydlidar_ros2_driver/hook/cmake_prefix_path.dsv'
[0.249s] INFO:colcon.colcon_core.shell:Creating environment hook '/home/xybxy123/w_work/ros2_ws/install/ydlidar_ros2_driver/share/ydlidar_ros2_driver/hook/cmake_prefix_path.sh'
[0.250s] Level 1:colcon.colcon_core.environment:checking '/home/xybxy123/w_work/ros2_ws/install/ydlidar_ros2_driver/lib'
[0.250s] Level 1:colcon.colcon_core.environment:checking '/home/xybxy123/w_work/ros2_ws/install/ydlidar_ros2_driver/bin'
[0.250s] Level 1:colcon.colcon_core.environment:checking '/home/xybxy123/w_work/ros2_ws/install/ydlidar_ros2_driver/lib/pkgconfig/ydlidar_ros2_driver.pc'
[0.250s] Level 1:colcon.colcon_core.environment:checking '/home/xybxy123/w_work/ros2_ws/install/ydlidar_ros2_driver/lib/python3.12/site-packages'
[0.250s] Level 1:colcon.colcon_core.environment:checking '/home/xybxy123/w_work/ros2_ws/install/ydlidar_ros2_driver/bin'
[0.250s] INFO:colcon.colcon_core.shell:Creating package script '/home/xybxy123/w_work/ros2_ws/install/ydlidar_ros2_driver/share/ydlidar_ros2_driver/package.ps1'
[0.251s] INFO:colcon.colcon_core.shell:Creating package descriptor '/home/xybxy123/w_work/ros2_ws/install/ydlidar_ros2_driver/share/ydlidar_ros2_driver/package.dsv'
[0.252s] INFO:colcon.colcon_core.shell:Creating package script '/home/xybxy123/w_work/ros2_ws/install/ydlidar_ros2_driver/share/ydlidar_ros2_driver/package.sh'
[0.252s] INFO:colcon.colcon_core.shell:Creating package script '/home/xybxy123/w_work/ros2_ws/install/ydlidar_ros2_driver/share/ydlidar_ros2_driver/package.bash'
[0.252s] INFO:colcon.colcon_core.shell:Creating package script '/home/xybxy123/w_work/ros2_ws/install/ydlidar_ros2_driver/share/ydlidar_ros2_driver/package.zsh'
[0.253s] Level 1:colcon.colcon_core.environment:create_file_with_runtime_dependencies(/home/xybxy123/w_work/ros2_ws/install/ydlidar_ros2_driver/share/colcon-core/packages/ydlidar_ros2_driver)
[0.253s] Level 1:colcon.colcon_core.environment:create_environment_scripts_only(ydlidar_ros2_driver)
[0.253s] Level 1:colcon.colcon_core.environment:checking '/home/xybxy123/w_work/ros2_ws/install/ydlidar_ros2_driver' for CMake module files
[0.254s] Level 1:colcon.colcon_core.environment:checking '/home/xybxy123/w_work/ros2_ws/install/ydlidar_ros2_driver' for CMake config files
[0.254s] Level 1:colcon.colcon_core.shell:create_environment_hook('ydlidar_ros2_driver', 'cmake_prefix_path')
[0.254s] INFO:colcon.colcon_core.shell:Creating environment hook '/home/xybxy123/w_work/ros2_ws/install/ydlidar_ros2_driver/share/ydlidar_ros2_driver/hook/cmake_prefix_path.ps1'
[0.254s] INFO:colcon.colcon_core.shell:Creating environment descriptor '/home/xybxy123/w_work/ros2_ws/install/ydlidar_ros2_driver/share/ydlidar_ros2_driver/hook/cmake_prefix_path.dsv'
[0.255s] INFO:colcon.colcon_core.shell:Creating environment hook '/home/xybxy123/w_work/ros2_ws/install/ydlidar_ros2_driver/share/ydlidar_ros2_driver/hook/cmake_prefix_path.sh'
[0.255s] Level 1:colcon.colcon_core.environment:checking '/home/xybxy123/w_work/ros2_ws/install/ydlidar_ros2_driver/lib'
[0.255s] Level 1:colcon.colcon_core.environment:checking '/home/xybxy123/w_work/ros2_ws/install/ydlidar_ros2_driver/bin'
[0.255s] Level 1:colcon.colcon_core.environment:checking '/home/xybxy123/w_work/ros2_ws/install/ydlidar_ros2_driver/lib/pkgconfig/ydlidar_ros2_driver.pc'
[0.256s] Level 1:colcon.colcon_core.environment:checking '/home/xybxy123/w_work/ros2_ws/install/ydlidar_ros2_driver/lib/python3.12/site-packages'
[0.256s] Level 1:colcon.colcon_core.environment:checking '/home/xybxy123/w_work/ros2_ws/install/ydlidar_ros2_driver/bin'
[0.256s] INFO:colcon.colcon_core.shell:Creating package script '/home/xybxy123/w_work/ros2_ws/install/ydlidar_ros2_driver/share/ydlidar_ros2_driver/package.ps1'
[0.256s] INFO:colcon.colcon_core.shell:Creating package descriptor '/home/xybxy123/w_work/ros2_ws/install/ydlidar_ros2_driver/share/ydlidar_ros2_driver/package.dsv'
[0.257s] INFO:colcon.colcon_core.shell:Creating package script '/home/xybxy123/w_work/ros2_ws/install/ydlidar_ros2_driver/share/ydlidar_ros2_driver/package.sh'
[0.257s] INFO:colcon.colcon_core.shell:Creating package script '/home/xybxy123/w_work/ros2_ws/install/ydlidar_ros2_driver/share/ydlidar_ros2_driver/package.bash'
[0.257s] INFO:colcon.colcon_core.shell:Creating package script '/home/xybxy123/w_work/ros2_ws/install/ydlidar_ros2_driver/share/ydlidar_ros2_driver/package.zsh'
[0.257s] Level 1:colcon.colcon_core.environment:create_file_with_runtime_dependencies(/home/xybxy123/w_work/ros2_ws/install/ydlidar_ros2_driver/share/colcon-core/packages/ydlidar_ros2_driver)
[0.258s] Level 1:colcon.colcon_core.environment:create_environment_scripts_only(input_img)
[0.258s] Level 1:colcon.colcon_core.environment:checking '/home/xybxy123/w_work/ros2_ws/install/input_img' for CMake module files
[0.260s] DEBUG:colcon.colcon_core.event_handler.log_command:Invoked command in '/home/xybxy123/w_work/ros2_ws/build/input_img' returned '0': CMAKE_PREFIX_PATH=${CMAKE_PREFIX_PATH}:/opt/ros/jazzy DEBUGINFOD_URLS=https://debuginfod.ubuntu.com /usr/bin/cmake --install /home/xybxy123/w_work/ros2_ws/build/input_img
[0.260s] Level 1:colcon.colcon_core.environment:checking '/home/xybxy123/w_work/ros2_ws/install/input_img' for CMake config files
[0.260s] Level 1:colcon.colcon_core.shell:create_environment_hook('input_img', 'cmake_prefix_path')
[0.261s] INFO:colcon.colcon_core.shell:Creating environment hook '/home/xybxy123/w_work/ros2_ws/install/input_img/share/input_img/hook/cmake_prefix_path.ps1'
[0.261s] INFO:colcon.colcon_core.shell:Creating environment descriptor '/home/xybxy123/w_work/ros2_ws/install/input_img/share/input_img/hook/cmake_prefix_path.dsv'
[0.261s] INFO:colcon.colcon_core.shell:Creating environment hook '/home/xybxy123/w_work/ros2_ws/install/input_img/share/input_img/hook/cmake_prefix_path.sh'
[0.262s] Level 1:colcon.colcon_core.environment:checking '/home/xybxy123/w_work/ros2_ws/install/input_img/lib'
[0.262s] Level 1:colcon.colcon_core.environment:checking '/home/xybxy123/w_work/ros2_ws/install/input_img/bin'
[0.262s] Level 1:colcon.colcon_core.environment:checking '/home/xybxy123/w_work/ros2_ws/install/input_img/lib/pkgconfig/input_img.pc'
[0.262s] Level 1:colcon.colcon_core.environment:checking '/home/xybxy123/w_work/ros2_ws/install/input_img/lib/python3.12/site-packages'
[0.262s] Level 1:colcon.colcon_core.environment:checking '/home/xybxy123/w_work/ros2_ws/install/input_img/bin'
[0.263s] INFO:colcon.colcon_core.shell:Creating package script '/home/xybxy123/w_work/ros2_ws/install/input_img/share/input_img/package.ps1'
[0.263s] INFO:colcon.colcon_core.shell:Creating package descriptor '/home/xybxy123/w_work/ros2_ws/install/input_img/share/input_img/package.dsv'
[0.263s] INFO:colcon.colcon_core.shell:Creating package script '/home/xybxy123/w_work/ros2_ws/install/input_img/share/input_img/package.sh'
[0.264s] INFO:colcon.colcon_core.shell:Creating package script '/home/xybxy123/w_work/ros2_ws/install/input_img/share/input_img/package.bash'
[0.264s] INFO:colcon.colcon_core.shell:Creating package script '/home/xybxy123/w_work/ros2_ws/install/input_img/share/input_img/package.zsh'
[0.264s] Level 1:colcon.colcon_core.environment:create_file_with_runtime_dependencies(/home/xybxy123/w_work/ros2_ws/install/input_img/share/colcon-core/packages/input_img)
[0.265s] Level 1:colcon.colcon_core.environment:create_environment_scripts_only(input_img)
[0.265s] Level 1:colcon.colcon_core.environment:checking '/home/xybxy123/w_work/ros2_ws/install/input_img' for CMake module files
[0.266s] Level 1:colcon.colcon_core.environment:checking '/home/xybxy123/w_work/ros2_ws/install/input_img' for CMake config files
[0.266s] Level 1:colcon.colcon_core.shell:create_environment_hook('input_img', 'cmake_prefix_path')
[0.266s] INFO:colcon.colcon_core.shell:Creating environment hook '/home/xybxy123/w_work/ros2_ws/install/input_img/share/input_img/hook/cmake_prefix_path.ps1'
[0.266s] INFO:colcon.colcon_core.shell:Creating environment descriptor '/home/xybxy123/w_work/ros2_ws/install/input_img/share/input_img/hook/cmake_prefix_path.dsv'
[0.266s] INFO:colcon.colcon_core.shell:Creating environment hook '/home/xybxy123/w_work/ros2_ws/install/input_img/share/input_img/hook/cmake_prefix_path.sh'
[0.267s] Level 1:colcon.colcon_core.environment:checking '/home/xybxy123/w_work/ros2_ws/install/input_img/lib'
[0.267s] Level 1:colcon.colcon_core.environment:checking '/home/xybxy123/w_work/ros2_ws/install/input_img/bin'
[0.267s] Level 1:colcon.colcon_core.environment:checking '/home/xybxy123/w_work/ros2_ws/install/input_img/lib/pkgconfig/input_img.pc'
[0.267s] Level 1:colcon.colcon_core.environment:checking '/home/xybxy123/w_work/ros2_ws/install/input_img/lib/python3.12/site-packages'
[0.267s] Level 1:colcon.colcon_core.environment:checking '/home/xybxy123/w_work/ros2_ws/install/input_img/bin'
[0.267s] INFO:colcon.colcon_core.shell:Creating package script '/home/xybxy123/w_work/ros2_ws/install/input_img/share/input_img/package.ps1'
[0.267s] INFO:colcon.colcon_core.shell:Creating package descriptor '/home/xybxy123/w_work/ros2_ws/install/input_img/share/input_img/package.dsv'
[0.268s] INFO:colcon.colcon_core.shell:Creating package script '/home/xybxy123/w_work/ros2_ws/install/input_img/share/input_img/package.sh'
[0.268s] INFO:colcon.colcon_core.shell:Creating package script '/home/xybxy123/w_work/ros2_ws/install/input_img/share/input_img/package.bash'
[0.268s] INFO:colcon.colcon_core.shell:Creating package script '/home/xybxy123/w_work/ros2_ws/install/input_img/share/input_img/package.zsh'
[0.268s] Level 1:colcon.colcon_core.environment:create_file_with_runtime_dependencies(/home/xybxy123/w_work/ros2_ws/install/input_img/share/colcon-core/packages/input_img)
[0.268s] Level 1:colcon.colcon_core.environment:create_environment_scripts_only(rf2o_laser_odometry)
[0.269s] Level 1:colcon.colcon_core.environment:checking '/home/xybxy123/w_work/ros2_ws/install/rf2o_laser_odometry' for CMake module files
[0.269s] Level 1:colcon.colcon_core.environment:checking '/home/xybxy123/w_work/ros2_ws/install/rf2o_laser_odometry' for CMake config files
[0.269s] DEBUG:colcon.colcon_core.event_handler.log_command:Invoked command in '/home/xybxy123/w_work/ros2_ws/build/rf2o_laser_odometry' returned '0': CMAKE_PREFIX_PATH=${CMAKE_PREFIX_PATH}:/opt/ros/jazzy DEBUGINFOD_URLS=https://debuginfod.ubuntu.com /usr/bin/cmake --install /home/xybxy123/w_work/ros2_ws/build/rf2o_laser_odometry
[0.270s] Level 1:colcon.colcon_core.shell:create_environment_hook('rf2o_laser_odometry', 'cmake_prefix_path')
[0.270s] INFO:colcon.colcon_core.shell:Creating environment hook '/home/xybxy123/w_work/ros2_ws/install/rf2o_laser_odometry/share/rf2o_laser_odometry/hook/cmake_prefix_path.ps1'
[0.270s] INFO:colcon.colcon_core.shell:Creating environment descriptor '/home/xybxy123/w_work/ros2_ws/install/rf2o_laser_odometry/share/rf2o_laser_odometry/hook/cmake_prefix_path.dsv'
[0.270s] INFO:colcon.colcon_core.shell:Creating environment hook '/home/xybxy123/w_work/ros2_ws/install/rf2o_laser_odometry/share/rf2o_laser_odometry/hook/cmake_prefix_path.sh'
[0.271s] Level 1:colcon.colcon_core.environment:checking '/home/xybxy123/w_work/ros2_ws/install/rf2o_laser_odometry/lib'
[0.271s] Level 1:colcon.colcon_core.environment:checking '/home/xybxy123/w_work/ros2_ws/install/rf2o_laser_odometry/bin'
[0.271s] Level 1:colcon.colcon_core.environment:checking '/home/xybxy123/w_work/ros2_ws/install/rf2o_laser_odometry/lib/pkgconfig/rf2o_laser_odometry.pc'
[0.271s] Level 1:colcon.colcon_core.environment:checking '/home/xybxy123/w_work/ros2_ws/install/rf2o_laser_odometry/lib/python3.12/site-packages'
[0.272s] Level 1:colcon.colcon_core.environment:checking '/home/xybxy123/w_work/ros2_ws/install/rf2o_laser_odometry/bin'
[0.272s] INFO:colcon.colcon_core.shell:Creating package script '/home/xybxy123/w_work/ros2_ws/install/rf2o_laser_odometry/share/rf2o_laser_odometry/package.ps1'
[0.273s] INFO:colcon.colcon_core.shell:Creating package descriptor '/home/xybxy123/w_work/ros2_ws/install/rf2o_laser_odometry/share/rf2o_laser_odometry/package.dsv'
[0.273s] INFO:colcon.colcon_core.shell:Creating package script '/home/xybxy123/w_work/ros2_ws/install/rf2o_laser_odometry/share/rf2o_laser_odometry/package.sh'
[0.273s] INFO:colcon.colcon_core.shell:Creating package script '/home/xybxy123/w_work/ros2_ws/install/rf2o_laser_odometry/share/rf2o_laser_odometry/package.bash'
[0.273s] INFO:colcon.colcon_core.shell:Creating package script '/home/xybxy123/w_work/ros2_ws/install/rf2o_laser_odometry/share/rf2o_laser_odometry/package.zsh'
[0.274s] Level 1:colcon.colcon_core.environment:create_file_with_runtime_dependencies(/home/xybxy123/w_work/ros2_ws/install/rf2o_laser_odometry/share/colcon-core/packages/rf2o_laser_odometry)
[0.274s] Level 1:colcon.colcon_core.environment:create_environment_scripts_only(rf2o_laser_odometry)
[0.274s] Level 1:colcon.colcon_core.environment:checking '/home/xybxy123/w_work/ros2_ws/install/rf2o_laser_odometry' for CMake module files
[0.275s] Level 1:colcon.colcon_core.environment:checking '/home/xybxy123/w_work/ros2_ws/install/rf2o_laser_odometry' for CMake config files
[0.275s] Level 1:colcon.colcon_core.shell:create_environment_hook('rf2o_laser_odometry', 'cmake_prefix_path')
[0.275s] INFO:colcon.colcon_core.shell:Creating environment hook '/home/xybxy123/w_work/ros2_ws/install/rf2o_laser_odometry/share/rf2o_laser_odometry/hook/cmake_prefix_path.ps1'
[0.276s] INFO:colcon.colcon_core.shell:Creating environment descriptor '/home/xybxy123/w_work/ros2_ws/install/rf2o_laser_odometry/share/rf2o_laser_odometry/hook/cmake_prefix_path.dsv'
[0.276s] INFO:colcon.colcon_core.shell:Creating environment hook '/home/xybxy123/w_work/ros2_ws/install/rf2o_laser_odometry/share/rf2o_laser_odometry/hook/cmake_prefix_path.sh'
[0.276s] Level 1:colcon.colcon_core.environment:checking '/home/xybxy123/w_work/ros2_ws/install/rf2o_laser_odometry/lib'
[0.276s] Level 1:colcon.colcon_core.environment:checking '/home/xybxy123/w_work/ros2_ws/install/rf2o_laser_odometry/bin'
[0.276s] Level 1:colcon.colcon_core.environment:checking '/home/xybxy123/w_work/ros2_ws/install/rf2o_laser_odometry/lib/pkgconfig/rf2o_laser_odometry.pc'
[0.277s] Level 1:colcon.colcon_core.environment:checking '/home/xybxy123/w_work/ros2_ws/install/rf2o_laser_odometry/lib/python3.12/site-packages'
[0.277s] Level 1:colcon.colcon_core.environment:checking '/home/xybxy123/w_work/ros2_ws/install/rf2o_laser_odometry/bin'
[0.277s] INFO:colcon.colcon_core.shell:Creating package script '/home/xybxy123/w_work/ros2_ws/install/rf2o_laser_odometry/share/rf2o_laser_odometry/package.ps1'
[0.278s] INFO:colcon.colcon_core.shell:Creating package descriptor '/home/xybxy123/w_work/ros2_ws/install/rf2o_laser_odometry/share/rf2o_laser_odometry/package.dsv'
[0.278s] INFO:colcon.colcon_core.shell:Creating package script '/home/xybxy123/w_work/ros2_ws/install/rf2o_laser_odometry/share/rf2o_laser_odometry/package.sh'
[0.278s] INFO:colcon.colcon_core.shell:Creating package script '/home/xybxy123/w_work/ros2_ws/install/rf2o_laser_odometry/share/rf2o_laser_odometry/package.bash'
[0.279s] INFO:colcon.colcon_core.shell:Creating package script '/home/xybxy123/w_work/ros2_ws/install/rf2o_laser_odometry/share/rf2o_laser_odometry/package.zsh'
[0.279s] Level 1:colcon.colcon_core.environment:create_file_with_runtime_dependencies(/home/xybxy123/w_work/ros2_ws/install/rf2o_laser_odometry/share/colcon-core/packages/rf2o_laser_odometry)
[0.432s] DEBUG:colcon.colcon_core.event_handler.log_command:Invoked command in '/home/xybxy123/w_work/ros2_ws/build/ros2_yolos_cpp' returned '0': CMAKE_PREFIX_PATH=${CMAKE_PREFIX_PATH}:/opt/ros/jazzy DEBUGINFOD_URLS=https://debuginfod.ubuntu.com /usr/bin/cmake --build /home/xybxy123/w_work/ros2_ws/build/ros2_yolos_cpp -- -j24 -l24
[0.433s] DEBUG:colcon.colcon_core.event_handler.log_command:Invoking command in '/home/xybxy123/w_work/ros2_ws/build/ros2_yolos_cpp': CMAKE_PREFIX_PATH=${CMAKE_PREFIX_PATH}:/opt/ros/jazzy DEBUGINFOD_URLS=https://debuginfod.ubuntu.com /usr/bin/cmake --install /home/xybxy123/w_work/ros2_ws/build/ros2_yolos_cpp
[0.434s] DEBUG:colcon.colcon_core.event_handler.log_command:Invoked command in '/home/xybxy123/w_work/ros2_ws/build/slam_toolbox' returned '0': CMAKE_PREFIX_PATH=${CMAKE_PREFIX_PATH}:/opt/ros/jazzy DEBUGINFOD_URLS=https://debuginfod.ubuntu.com /usr/bin/cmake --build /home/xybxy123/w_work/ros2_ws/build/slam_toolbox -- -j24 -l24
[0.435s] DEBUG:colcon.colcon_core.event_handler.log_command:Invoking command in '/home/xybxy123/w_work/ros2_ws/build/slam_toolbox': CMAKE_PREFIX_PATH=${CMAKE_PREFIX_PATH}:/opt/ros/jazzy DEBUGINFOD_URLS=https://debuginfod.ubuntu.com /usr/bin/cmake --install /home/xybxy123/w_work/ros2_ws/build/slam_toolbox
[0.468s] Level 1:colcon.colcon_core.environment:create_environment_scripts_only(ros2_yolos_cpp)
[0.468s] Level 1:colcon.colcon_core.environment:checking '/home/xybxy123/w_work/ros2_ws/install/ros2_yolos_cpp' for CMake module files
[0.468s] DEBUG:colcon.colcon_core.event_handler.log_command:Invoked command in '/home/xybxy123/w_work/ros2_ws/build/ros2_yolos_cpp' returned '0': CMAKE_PREFIX_PATH=${CMAKE_PREFIX_PATH}:/opt/ros/jazzy DEBUGINFOD_URLS=https://debuginfod.ubuntu.com /usr/bin/cmake --install /home/xybxy123/w_work/ros2_ws/build/ros2_yolos_cpp
[0.468s] Level 1:colcon.colcon_core.environment:checking '/home/xybxy123/w_work/ros2_ws/install/ros2_yolos_cpp' for CMake config files
[0.469s] Level 1:colcon.colcon_core.shell:create_environment_hook('ros2_yolos_cpp', 'cmake_prefix_path')
[0.469s] INFO:colcon.colcon_core.shell:Creating environment hook '/home/xybxy123/w_work/ros2_ws/install/ros2_yolos_cpp/share/ros2_yolos_cpp/hook/cmake_prefix_path.ps1'
[0.469s] INFO:colcon.colcon_core.shell:Creating environment descriptor '/home/xybxy123/w_work/ros2_ws/install/ros2_yolos_cpp/share/ros2_yolos_cpp/hook/cmake_prefix_path.dsv'
[0.469s] INFO:colcon.colcon_core.shell:Creating environment hook '/home/xybxy123/w_work/ros2_ws/install/ros2_yolos_cpp/share/ros2_yolos_cpp/hook/cmake_prefix_path.sh'
[0.469s] Level 1:colcon.colcon_core.environment:checking '/home/xybxy123/w_work/ros2_ws/install/ros2_yolos_cpp/lib'
[0.469s] Level 1:colcon.colcon_core.shell:create_environment_hook('ros2_yolos_cpp', 'ld_library_path_lib')
[0.469s] INFO:colcon.colcon_core.shell:Creating environment hook '/home/xybxy123/w_work/ros2_ws/install/ros2_yolos_cpp/share/ros2_yolos_cpp/hook/ld_library_path_lib.ps1'
[0.470s] INFO:colcon.colcon_core.shell:Creating environment descriptor '/home/xybxy123/w_work/ros2_ws/install/ros2_yolos_cpp/share/ros2_yolos_cpp/hook/ld_library_path_lib.dsv'
[0.470s] INFO:colcon.colcon_core.shell:Creating environment hook '/home/xybxy123/w_work/ros2_ws/install/ros2_yolos_cpp/share/ros2_yolos_cpp/hook/ld_library_path_lib.sh'
[0.470s] Level 1:colcon.colcon_core.environment:checking '/home/xybxy123/w_work/ros2_ws/install/ros2_yolos_cpp/bin'
[0.470s] Level 1:colcon.colcon_core.environment:checking '/home/xybxy123/w_work/ros2_ws/install/ros2_yolos_cpp/lib/pkgconfig/ros2_yolos_cpp.pc'
[0.470s] Level 1:colcon.colcon_core.environment:checking '/home/xybxy123/w_work/ros2_ws/install/ros2_yolos_cpp/lib/python3.12/site-packages'
[0.470s] Level 1:colcon.colcon_core.shell:create_environment_hook('ros2_yolos_cpp', 'pythonpath')
[0.470s] INFO:colcon.colcon_core.shell:Creating environment hook '/home/xybxy123/w_work/ros2_ws/install/ros2_yolos_cpp/share/ros2_yolos_cpp/hook/pythonpath.ps1'
[0.470s] INFO:colcon.colcon_core.shell:Creating environment descriptor '/home/xybxy123/w_work/ros2_ws/install/ros2_yolos_cpp/share/ros2_yolos_cpp/hook/pythonpath.dsv'
[0.470s] INFO:colcon.colcon_core.shell:Creating environment hook '/home/xybxy123/w_work/ros2_ws/install/ros2_yolos_cpp/share/ros2_yolos_cpp/hook/pythonpath.sh'
[0.471s] Level 1:colcon.colcon_core.environment:checking '/home/xybxy123/w_work/ros2_ws/install/ros2_yolos_cpp/bin'
[0.471s] INFO:colcon.colcon_core.shell:Creating package script '/home/xybxy123/w_work/ros2_ws/install/ros2_yolos_cpp/share/ros2_yolos_cpp/package.ps1'
[0.471s] INFO:colcon.colcon_core.shell:Creating package descriptor '/home/xybxy123/w_work/ros2_ws/install/ros2_yolos_cpp/share/ros2_yolos_cpp/package.dsv'
[0.471s] INFO:colcon.colcon_core.shell:Creating package script '/home/xybxy123/w_work/ros2_ws/install/ros2_yolos_cpp/share/ros2_yolos_cpp/package.sh'
[0.471s] INFO:colcon.colcon_core.shell:Creating package script '/home/xybxy123/w_work/ros2_ws/install/ros2_yolos_cpp/share/ros2_yolos_cpp/package.bash'
[0.472s] INFO:colcon.colcon_core.shell:Creating package script '/home/xybxy123/w_work/ros2_ws/install/ros2_yolos_cpp/share/ros2_yolos_cpp/package.zsh'
[0.472s] Level 1:colcon.colcon_core.environment:create_file_with_runtime_dependencies(/home/xybxy123/w_work/ros2_ws/install/ros2_yolos_cpp/share/colcon-core/packages/ros2_yolos_cpp)
[0.472s] Level 1:colcon.colcon_core.environment:create_environment_scripts_only(ros2_yolos_cpp)
[0.472s] Level 1:colcon.colcon_core.environment:checking '/home/xybxy123/w_work/ros2_ws/install/ros2_yolos_cpp' for CMake module files
[0.472s] Level 1:colcon.colcon_core.environment:checking '/home/xybxy123/w_work/ros2_ws/install/ros2_yolos_cpp' for CMake config files
[0.472s] Level 1:colcon.colcon_core.shell:create_environment_hook('ros2_yolos_cpp', 'cmake_prefix_path')
[0.473s] INFO:colcon.colcon_core.shell:Creating environment hook '/home/xybxy123/w_work/ros2_ws/install/ros2_yolos_cpp/share/ros2_yolos_cpp/hook/cmake_prefix_path.ps1'
[0.473s] INFO:colcon.colcon_core.shell:Creating environment descriptor '/home/xybxy123/w_work/ros2_ws/install/ros2_yolos_cpp/share/ros2_yolos_cpp/hook/cmake_prefix_path.dsv'
[0.473s] INFO:colcon.colcon_core.shell:Creating environment hook '/home/xybxy123/w_work/ros2_ws/install/ros2_yolos_cpp/share/ros2_yolos_cpp/hook/cmake_prefix_path.sh'
[0.473s] Level 1:colcon.colcon_core.environment:checking '/home/xybxy123/w_work/ros2_ws/install/ros2_yolos_cpp/lib'
[0.473s] Level 1:colcon.colcon_core.shell:create_environment_hook('ros2_yolos_cpp', 'ld_library_path_lib')
[0.473s] INFO:colcon.colcon_core.shell:Creating environment hook '/home/xybxy123/w_work/ros2_ws/install/ros2_yolos_cpp/share/ros2_yolos_cpp/hook/ld_library_path_lib.ps1'
[0.473s] INFO:colcon.colcon_core.shell:Creating environment descriptor '/home/xybxy123/w_work/ros2_ws/install/ros2_yolos_cpp/share/ros2_yolos_cpp/hook/ld_library_path_lib.dsv'
[0.473s] INFO:colcon.colcon_core.shell:Creating environment hook '/home/xybxy123/w_work/ros2_ws/install/ros2_yolos_cpp/share/ros2_yolos_cpp/hook/ld_library_path_lib.sh'
[0.474s] Level 1:colcon.colcon_core.environment:checking '/home/xybxy123/w_work/ros2_ws/install/ros2_yolos_cpp/bin'
[0.474s] Level 1:colcon.colcon_core.environment:checking '/home/xybxy123/w_work/ros2_ws/install/ros2_yolos_cpp/lib/pkgconfig/ros2_yolos_cpp.pc'
[0.474s] Level 1:colcon.colcon_core.environment:checking '/home/xybxy123/w_work/ros2_ws/install/ros2_yolos_cpp/lib/python3.12/site-packages'
[0.474s] Level 1:colcon.colcon_core.shell:create_environment_hook('ros2_yolos_cpp', 'pythonpath')
[0.474s] INFO:colcon.colcon_core.shell:Creating environment hook '/home/xybxy123/w_work/ros2_ws/install/ros2_yolos_cpp/share/ros2_yolos_cpp/hook/pythonpath.ps1'
[0.474s] INFO:colcon.colcon_core.shell:Creating environment descriptor '/home/xybxy123/w_work/ros2_ws/install/ros2_yolos_cpp/share/ros2_yolos_cpp/hook/pythonpath.dsv'
[0.474s] INFO:colcon.colcon_core.shell:Creating environment hook '/home/xybxy123/w_work/ros2_ws/install/ros2_yolos_cpp/share/ros2_yolos_cpp/hook/pythonpath.sh'
[0.475s] Level 1:colcon.colcon_core.environment:checking '/home/xybxy123/w_work/ros2_ws/install/ros2_yolos_cpp/bin'
[0.475s] INFO:colcon.colcon_core.shell:Creating package script '/home/xybxy123/w_work/ros2_ws/install/ros2_yolos_cpp/share/ros2_yolos_cpp/package.ps1'
[0.475s] INFO:colcon.colcon_core.shell:Creating package descriptor '/home/xybxy123/w_work/ros2_ws/install/ros2_yolos_cpp/share/ros2_yolos_cpp/package.dsv'
[0.475s] INFO:colcon.colcon_core.shell:Creating package script '/home/xybxy123/w_work/ros2_ws/install/ros2_yolos_cpp/share/ros2_yolos_cpp/package.sh'
[0.475s] INFO:colcon.colcon_core.shell:Creating package script '/home/xybxy123/w_work/ros2_ws/install/ros2_yolos_cpp/share/ros2_yolos_cpp/package.bash'
[0.475s] INFO:colcon.colcon_core.shell:Creating package script '/home/xybxy123/w_work/ros2_ws/install/ros2_yolos_cpp/share/ros2_yolos_cpp/package.zsh'
[0.476s] Level 1:colcon.colcon_core.environment:create_file_with_runtime_dependencies(/home/xybxy123/w_work/ros2_ws/install/ros2_yolos_cpp/share/colcon-core/packages/ros2_yolos_cpp)
[0.490s] Level 1:colcon.colcon_core.environment:create_environment_scripts_only(slam_toolbox)
[0.490s] Level 1:colcon.colcon_core.environment:checking '/home/xybxy123/w_work/ros2_ws/install/slam_toolbox' for CMake module files
[0.490s] DEBUG:colcon.colcon_core.event_handler.log_command:Invoked command in '/home/xybxy123/w_work/ros2_ws/build/slam_toolbox' returned '0': CMAKE_PREFIX_PATH=${CMAKE_PREFIX_PATH}:/opt/ros/jazzy DEBUGINFOD_URLS=https://debuginfod.ubuntu.com /usr/bin/cmake --install /home/xybxy123/w_work/ros2_ws/build/slam_toolbox
[0.491s] Level 1:colcon.colcon_core.environment:checking '/home/xybxy123/w_work/ros2_ws/install/slam_toolbox' for CMake config files
[0.492s] Level 1:colcon.colcon_core.shell:create_environment_hook('slam_toolbox', 'cmake_prefix_path')
[0.492s] INFO:colcon.colcon_core.shell:Creating environment hook '/home/xybxy123/w_work/ros2_ws/install/slam_toolbox/share/slam_toolbox/hook/cmake_prefix_path.ps1'
[0.492s] INFO:colcon.colcon_core.shell:Creating environment descriptor '/home/xybxy123/w_work/ros2_ws/install/slam_toolbox/share/slam_toolbox/hook/cmake_prefix_path.dsv'
[0.492s] INFO:colcon.colcon_core.shell:Creating environment hook '/home/xybxy123/w_work/ros2_ws/install/slam_toolbox/share/slam_toolbox/hook/cmake_prefix_path.sh'
[0.492s] Level 1:colcon.colcon_core.environment:checking '/home/xybxy123/w_work/ros2_ws/install/slam_toolbox/lib'
[0.492s] Level 1:colcon.colcon_core.shell:create_environment_hook('slam_toolbox', 'ld_library_path_lib')
[0.492s] INFO:colcon.colcon_core.shell:Creating environment hook '/home/xybxy123/w_work/ros2_ws/install/slam_toolbox/share/slam_toolbox/hook/ld_library_path_lib.ps1'
[0.493s] INFO:colcon.colcon_core.shell:Creating environment descriptor '/home/xybxy123/w_work/ros2_ws/install/slam_toolbox/share/slam_toolbox/hook/ld_library_path_lib.dsv'
[0.493s] INFO:colcon.colcon_core.shell:Creating environment hook '/home/xybxy123/w_work/ros2_ws/install/slam_toolbox/share/slam_toolbox/hook/ld_library_path_lib.sh'
[0.493s] Level 1:colcon.colcon_core.environment:checking '/home/xybxy123/w_work/ros2_ws/install/slam_toolbox/bin'
[0.493s] Level 1:colcon.colcon_core.environment:checking '/home/xybxy123/w_work/ros2_ws/install/slam_toolbox/lib/pkgconfig/slam_toolbox.pc'
[0.493s] Level 1:colcon.colcon_core.environment:checking '/home/xybxy123/w_work/ros2_ws/install/slam_toolbox/lib/python3.12/site-packages'
[0.493s] Level 1:colcon.colcon_core.shell:create_environment_hook('slam_toolbox', 'pythonpath')
[0.493s] INFO:colcon.colcon_core.shell:Creating environment hook '/home/xybxy123/w_work/ros2_ws/install/slam_toolbox/share/slam_toolbox/hook/pythonpath.ps1'
[0.493s] INFO:colcon.colcon_core.shell:Creating environment descriptor '/home/xybxy123/w_work/ros2_ws/install/slam_toolbox/share/slam_toolbox/hook/pythonpath.dsv'
[0.494s] INFO:colcon.colcon_core.shell:Creating environment hook '/home/xybxy123/w_work/ros2_ws/install/slam_toolbox/share/slam_toolbox/hook/pythonpath.sh'
[0.494s] Level 1:colcon.colcon_core.environment:checking '/home/xybxy123/w_work/ros2_ws/install/slam_toolbox/bin'
[0.494s] INFO:colcon.colcon_core.shell:Creating package script '/home/xybxy123/w_work/ros2_ws/install/slam_toolbox/share/slam_toolbox/package.ps1'
[0.494s] INFO:colcon.colcon_core.shell:Creating package descriptor '/home/xybxy123/w_work/ros2_ws/install/slam_toolbox/share/slam_toolbox/package.dsv'
[0.494s] INFO:colcon.colcon_core.shell:Creating package script '/home/xybxy123/w_work/ros2_ws/install/slam_toolbox/share/slam_toolbox/package.sh'
[0.495s] INFO:colcon.colcon_core.shell:Creating package script '/home/xybxy123/w_work/ros2_ws/install/slam_toolbox/share/slam_toolbox/package.bash'
[0.495s] INFO:colcon.colcon_core.shell:Creating package script '/home/xybxy123/w_work/ros2_ws/install/slam_toolbox/share/slam_toolbox/package.zsh'
[0.495s] Level 1:colcon.colcon_core.environment:create_file_with_runtime_dependencies(/home/xybxy123/w_work/ros2_ws/install/slam_toolbox/share/colcon-core/packages/slam_toolbox)
[0.495s] Level 1:colcon.colcon_core.environment:create_environment_scripts_only(slam_toolbox)
[0.495s] Level 1:colcon.colcon_core.environment:checking '/home/xybxy123/w_work/ros2_ws/install/slam_toolbox' for CMake module files
[0.496s] Level 1:colcon.colcon_core.environment:checking '/home/xybxy123/w_work/ros2_ws/install/slam_toolbox' for CMake config files
[0.496s] Level 1:colcon.colcon_core.shell:create_environment_hook('slam_toolbox', 'cmake_prefix_path')
[0.496s] INFO:colcon.colcon_core.shell:Creating environment hook '/home/xybxy123/w_work/ros2_ws/install/slam_toolbox/share/slam_toolbox/hook/cmake_prefix_path.ps1'
[0.497s] INFO:colcon.colcon_core.shell:Creating environment descriptor '/home/xybxy123/w_work/ros2_ws/install/slam_toolbox/share/slam_toolbox/hook/cmake_prefix_path.dsv'
[0.497s] INFO:colcon.colcon_core.shell:Creating environment hook '/home/xybxy123/w_work/ros2_ws/install/slam_toolbox/share/slam_toolbox/hook/cmake_prefix_path.sh'
[0.497s] Level 1:colcon.colcon_core.environment:checking '/home/xybxy123/w_work/ros2_ws/install/slam_toolbox/lib'
[0.497s] Level 1:colcon.colcon_core.shell:create_environment_hook('slam_toolbox', 'ld_library_path_lib')
[0.497s] INFO:colcon.colcon_core.shell:Creating environment hook '/home/xybxy123/w_work/ros2_ws/install/slam_toolbox/share/slam_toolbox/hook/ld_library_path_lib.ps1'
[0.497s] INFO:colcon.colcon_core.shell:Creating environment descriptor '/home/xybxy123/w_work/ros2_ws/install/slam_toolbox/share/slam_toolbox/hook/ld_library_path_lib.dsv'
[0.497s] INFO:colcon.colcon_core.shell:Creating environment hook '/home/xybxy123/w_work/ros2_ws/install/slam_toolbox/share/slam_toolbox/hook/ld_library_path_lib.sh'
[0.498s] Level 1:colcon.colcon_core.environment:checking '/home/xybxy123/w_work/ros2_ws/install/slam_toolbox/bin'
[0.498s] Level 1:colcon.colcon_core.environment:checking '/home/xybxy123/w_work/ros2_ws/install/slam_toolbox/lib/pkgconfig/slam_toolbox.pc'
[0.498s] Level 1:colcon.colcon_core.environment:checking '/home/xybxy123/w_work/ros2_ws/install/slam_toolbox/lib/python3.12/site-packages'
[0.498s] Level 1:colcon.colcon_core.shell:create_environment_hook('slam_toolbox', 'pythonpath')
[0.498s] INFO:colcon.colcon_core.shell:Creating environment hook '/home/xybxy123/w_work/ros2_ws/install/slam_toolbox/share/slam_toolbox/hook/pythonpath.ps1'
[0.498s] INFO:colcon.colcon_core.shell:Creating environment descriptor '/home/xybxy123/w_work/ros2_ws/install/slam_toolbox/share/slam_toolbox/hook/pythonpath.dsv'
[0.498s] INFO:colcon.colcon_core.shell:Creating environment hook '/home/xybxy123/w_work/ros2_ws/install/slam_toolbox/share/slam_toolbox/hook/pythonpath.sh'
[0.498s] Level 1:colcon.colcon_core.environment:checking '/home/xybxy123/w_work/ros2_ws/install/slam_toolbox/bin'
[0.499s] INFO:colcon.colcon_core.shell:Creating package script '/home/xybxy123/w_work/ros2_ws/install/slam_toolbox/share/slam_toolbox/package.ps1'
[0.499s] INFO:colcon.colcon_core.shell:Creating package descriptor '/home/xybxy123/w_work/ros2_ws/install/slam_toolbox/share/slam_toolbox/package.dsv'
[0.499s] INFO:colcon.colcon_core.shell:Creating package script '/home/xybxy123/w_work/ros2_ws/install/slam_toolbox/share/slam_toolbox/package.sh'
[0.499s] INFO:colcon.colcon_core.shell:Creating package script '/home/xybxy123/w_work/ros2_ws/install/slam_toolbox/share/slam_toolbox/package.bash'
[0.499s] INFO:colcon.colcon_core.shell:Creating package script '/home/xybxy123/w_work/ros2_ws/install/slam_toolbox/share/slam_toolbox/package.zsh'
[0.500s] Level 1:colcon.colcon_core.environment:create_file_with_runtime_dependencies(/home/xybxy123/w_work/ros2_ws/install/slam_toolbox/share/colcon-core/packages/slam_toolbox)
[4.772s] DEBUG:colcon.colcon_core.event_handler.log_command:Invoked command in '/home/xybxy123/w_work/ros2_ws/build/depth_camera_pub' returned '0': CMAKE_PREFIX_PATH=${CMAKE_PREFIX_PATH}:/opt/ros/jazzy DEBUGINFOD_URLS=https://debuginfod.ubuntu.com /usr/bin/cmake --build /home/xybxy123/w_work/ros2_ws/build/depth_camera_pub -- -j24 -l24
[4.773s] DEBUG:colcon.colcon_core.event_handler.log_command:Invoking command in '/home/xybxy123/w_work/ros2_ws/build/depth_camera_pub': CMAKE_PREFIX_PATH=${CMAKE_PREFIX_PATH}:/opt/ros/jazzy DEBUGINFOD_URLS=https://debuginfod.ubuntu.com /usr/bin/cmake --install /home/xybxy123/w_work/ros2_ws/build/depth_camera_pub
[4.783s] Level 1:colcon.colcon_core.environment:create_environment_scripts_only(depth_camera_pub)
[4.783s] DEBUG:colcon.colcon_core.event_handler.log_command:Invoked command in '/home/xybxy123/w_work/ros2_ws/build/depth_camera_pub' returned '0': CMAKE_PREFIX_PATH=${CMAKE_PREFIX_PATH}:/opt/ros/jazzy DEBUGINFOD_URLS=https://debuginfod.ubuntu.com /usr/bin/cmake --install /home/xybxy123/w_work/ros2_ws/build/depth_camera_pub
[4.783s] Level 1:colcon.colcon_core.environment:checking '/home/xybxy123/w_work/ros2_ws/install/depth_camera_pub' for CMake module files
[4.784s] Level 1:colcon.colcon_core.environment:checking '/home/xybxy123/w_work/ros2_ws/install/depth_camera_pub' for CMake config files
[4.784s] Level 1:colcon.colcon_core.shell:create_environment_hook('depth_camera_pub', 'cmake_prefix_path')
[4.784s] INFO:colcon.colcon_core.shell:Creating environment hook '/home/xybxy123/w_work/ros2_ws/install/depth_camera_pub/share/depth_camera_pub/hook/cmake_prefix_path.ps1'
[4.784s] INFO:colcon.colcon_core.shell:Creating environment descriptor '/home/xybxy123/w_work/ros2_ws/install/depth_camera_pub/share/depth_camera_pub/hook/cmake_prefix_path.dsv'
[4.785s] INFO:colcon.colcon_core.shell:Creating environment hook '/home/xybxy123/w_work/ros2_ws/install/depth_camera_pub/share/depth_camera_pub/hook/cmake_prefix_path.sh'
[4.785s] Level 1:colcon.colcon_core.environment:checking '/home/xybxy123/w_work/ros2_ws/install/depth_camera_pub/lib'
[4.785s] Level 1:colcon.colcon_core.environment:checking '/home/xybxy123/w_work/ros2_ws/install/depth_camera_pub/bin'
[4.785s] Level 1:colcon.colcon_core.environment:checking '/home/xybxy123/w_work/ros2_ws/install/depth_camera_pub/lib/pkgconfig/depth_camera_pub.pc'
[4.785s] Level 1:colcon.colcon_core.environment:checking '/home/xybxy123/w_work/ros2_ws/install/depth_camera_pub/lib/python3.12/site-packages'
[4.786s] Level 1:colcon.colcon_core.environment:checking '/home/xybxy123/w_work/ros2_ws/install/depth_camera_pub/bin'
[4.786s] INFO:colcon.colcon_core.shell:Creating package script '/home/xybxy123/w_work/ros2_ws/install/depth_camera_pub/share/depth_camera_pub/package.ps1'
[4.786s] INFO:colcon.colcon_core.shell:Creating package descriptor '/home/xybxy123/w_work/ros2_ws/install/depth_camera_pub/share/depth_camera_pub/package.dsv'
[4.786s] INFO:colcon.colcon_core.shell:Creating package script '/home/xybxy123/w_work/ros2_ws/install/depth_camera_pub/share/depth_camera_pub/package.sh'
[4.787s] INFO:colcon.colcon_core.shell:Creating package script '/home/xybxy123/w_work/ros2_ws/install/depth_camera_pub/share/depth_camera_pub/package.bash'
[4.787s] INFO:colcon.colcon_core.shell:Creating package script '/home/xybxy123/w_work/ros2_ws/install/depth_camera_pub/share/depth_camera_pub/package.zsh'
[4.787s] Level 1:colcon.colcon_core.environment:create_file_with_runtime_dependencies(/home/xybxy123/w_work/ros2_ws/install/depth_camera_pub/share/colcon-core/packages/depth_camera_pub)
[4.788s] Level 1:colcon.colcon_core.environment:create_environment_scripts_only(depth_camera_pub)
[4.788s] Level 1:colcon.colcon_core.environment:checking '/home/xybxy123/w_work/ros2_ws/install/depth_camera_pub' for CMake module files
[4.788s] Level 1:colcon.colcon_core.environment:checking '/home/xybxy123/w_work/ros2_ws/install/depth_camera_pub' for CMake config files
[4.788s] Level 1:colcon.colcon_core.shell:create_environment_hook('depth_camera_pub', 'cmake_prefix_path')
[4.788s] INFO:colcon.colcon_core.shell:Creating environment hook '/home/xybxy123/w_work/ros2_ws/install/depth_camera_pub/share/depth_camera_pub/hook/cmake_prefix_path.ps1'
[4.789s] INFO:colcon.colcon_core.shell:Creating environment descriptor '/home/xybxy123/w_work/ros2_ws/install/depth_camera_pub/share/depth_camera_pub/hook/cmake_prefix_path.dsv'
[4.789s] INFO:colcon.colcon_core.shell:Creating environment hook '/home/xybxy123/w_work/ros2_ws/install/depth_camera_pub/share/depth_camera_pub/hook/cmake_prefix_path.sh'
[4.789s] Level 1:colcon.colcon_core.environment:checking '/home/xybxy123/w_work/ros2_ws/install/depth_camera_pub/lib'
[4.789s] Level 1:colcon.colcon_core.environment:checking '/home/xybxy123/w_work/ros2_ws/install/depth_camera_pub/bin'
[4.789s] Level 1:colcon.colcon_core.environment:checking '/home/xybxy123/w_work/ros2_ws/install/depth_camera_pub/lib/pkgconfig/depth_camera_pub.pc'
[4.790s] Level 1:colcon.colcon_core.environment:checking '/home/xybxy123/w_work/ros2_ws/install/depth_camera_pub/lib/python3.12/site-packages'
[4.790s] Level 1:colcon.colcon_core.environment:checking '/home/xybxy123/w_work/ros2_ws/install/depth_camera_pub/bin'
[4.790s] INFO:colcon.colcon_core.shell:Creating package script '/home/xybxy123/w_work/ros2_ws/install/depth_camera_pub/share/depth_camera_pub/package.ps1'
[4.790s] INFO:colcon.colcon_core.shell:Creating package descriptor '/home/xybxy123/w_work/ros2_ws/install/depth_camera_pub/share/depth_camera_pub/package.dsv'
[4.790s] INFO:colcon.colcon_core.shell:Creating package script '/home/xybxy123/w_work/ros2_ws/install/depth_camera_pub/share/depth_camera_pub/package.sh'
[4.790s] INFO:colcon.colcon_core.shell:Creating package script '/home/xybxy123/w_work/ros2_ws/install/depth_camera_pub/share/depth_camera_pub/package.bash'
[4.791s] INFO:colcon.colcon_core.shell:Creating package script '/home/xybxy123/w_work/ros2_ws/install/depth_camera_pub/share/depth_camera_pub/package.zsh'
[4.791s] Level 1:colcon.colcon_core.environment:create_file_with_runtime_dependencies(/home/xybxy123/w_work/ros2_ws/install/depth_camera_pub/share/colcon-core/packages/depth_camera_pub)
[4.791s] DEBUG:colcon.colcon_parallel_executor.executor.parallel:closing loop
[4.791s] DEBUG:colcon.colcon_parallel_executor.executor.parallel:loop closed
[4.791s] DEBUG:colcon.colcon_parallel_executor.executor.parallel:run_until_complete finished with '0'
[4.791s] DEBUG:colcon.colcon_core.event_reactor:joining thread
[4.795s] INFO:colcon.colcon_core.plugin_system:Skipping extension 'colcon_notification.desktop_notification.terminal_notifier': Not used on non-Darwin systems
[4.795s] INFO:colcon.colcon_core.plugin_system:Skipping extension 'colcon_notification.desktop_notification.win32': Not used on non-Windows systems
[4.795s] INFO:colcon.colcon_notification.desktop_notification:Sending desktop notification using 'notify2'
[4.802s] DEBUG:colcon.colcon_core.event_reactor:joined thread
[4.803s] INFO:colcon.colcon_core.shell:Creating prefix script '/home/xybxy123/w_work/ros2_ws/install/local_setup.ps1'
[4.803s] INFO:colcon.colcon_core.shell:Creating prefix util module '/home/xybxy123/w_work/ros2_ws/install/_local_setup_util_ps1.py'
[4.804s] INFO:colcon.colcon_core.shell:Creating prefix chain script '/home/xybxy123/w_work/ros2_ws/install/setup.ps1'
[4.804s] INFO:colcon.colcon_core.shell:Creating prefix script '/home/xybxy123/w_work/ros2_ws/install/local_setup.sh'
[4.804s] INFO:colcon.colcon_core.shell:Creating prefix util module '/home/xybxy123/w_work/ros2_ws/install/_local_setup_util_sh.py'
[4.804s] INFO:colcon.colcon_core.shell:Creating prefix chain script '/home/xybxy123/w_work/ros2_ws/install/setup.sh'
[4.805s] INFO:colcon.colcon_core.shell:Creating prefix script '/home/xybxy123/w_work/ros2_ws/install/local_setup.bash'
[4.805s] INFO:colcon.colcon_core.shell:Creating prefix chain script '/home/xybxy123/w_work/ros2_ws/install/setup.bash'
[4.805s] INFO:colcon.colcon_core.shell:Creating prefix script '/home/xybxy123/w_work/ros2_ws/install/local_setup.zsh'
[4.805s] INFO:colcon.colcon_core.shell:Creating prefix chain script '/home/xybxy123/w_work/ros2_ws/install/setup.zsh'
