[0.053s] DEBUG:colcon:Command line arguments: ['/usr/bin/colcon', 'build']
[0.053s] DEBUG:colcon:Parsed command line arguments: Namespace(log_base=None, log_level=None, verb_name='build', build_base='build', install_base='install', merge_install=False, symlink_install=False, test_result_base=None, continue_on_error=False, executor='parallel', parallel_workers=24, event_handlers=None, ignore_user_meta=False, metas=['./colcon.meta'], base_paths=['.'], packages_ignore=None, packages_ignore_regex=None, paths=None, packages_up_to=None, packages_up_to_regex=None, packages_above=None, packages_above_and_dependencies=None, packages_above_depth=None, packages_select_by_dep=None, packages_skip_by_dep=None, packages_skip_up_to=None, packages_select_build_failed=False, packages_skip_build_finished=False, packages_select_test_failures=False, packages_skip_test_passed=False, packages_select=None, packages_skip=None, packages_select_regex=None, packages_skip_regex=None, packages_start=None, packages_end=None, allow_overriding=[], cmake_args=None, cmake_target=None, cmake_target_skip_unavailable=False, cmake_clean_cache=False, cmake_clean_first=False, cmake_force_configure=False, ament_cmake_args=None, catkin_cmake_args=None, catkin_skip_building_tests=False, verb_parser=<colcon_defaults.argument_parser.defaults.DefaultArgumentsDecorator object at 0x76b3253a4d10>, verb_extension=<colcon_core.verb.build.BuildVerb object at 0x76b3253a48f0>, main=<bound method BuildVerb.main of <colcon_core.verb.build.BuildVerb object at 0x76b3253a48f0>>)
[0.083s] Level 1:colcon.colcon_core.package_discovery:discover_packages(colcon_meta) check parameters
[0.083s] Level 1:colcon.colcon_core.package_discovery:discover_packages(recursive) check parameters
[0.083s] Level 1:colcon.colcon_core.package_discovery:discover_packages(ignore) check parameters
[0.083s] Level 1:colcon.colcon_core.package_discovery:discover_packages(path) check parameters
[0.083s] Level 1:colcon.colcon_core.package_discovery:discover_packages(colcon_meta) discover
[0.083s] Level 1:colcon.colcon_core.package_discovery:discover_packages(recursive) discover
[0.083s] INFO:colcon.colcon_core.package_discovery:Crawling recursively for packages in '/home/xybxy123/w_work/ros2_ws'
[0.083s] Level 1:colcon.colcon_core.package_identification:_identify(.) by extensions ['ignore', 'ignore_ament_install']
[0.083s] Level 1:colcon.colcon_core.package_identification:_identify(.) by extension 'ignore'
[0.083s] Level 1:colcon.colcon_core.package_identification:_identify(.) by extension 'ignore_ament_install'
[0.083s] Level 1:colcon.colcon_core.package_identification:_identify(.) by extensions ['colcon_pkg']
[0.083s] Level 1:colcon.colcon_core.package_identification:_identify(.) by extension 'colcon_pkg'
[0.083s] Level 1:colcon.colcon_core.package_identification:_identify(.) by extensions ['colcon_meta']
[0.083s] Level 1:colcon.colcon_core.package_identification:_identify(.) by extension 'colcon_meta'
[0.083s] Level 1:colcon.colcon_core.package_identification:_identify(.) by extensions ['ros']
[0.083s] Level 1:colcon.colcon_core.package_identification:_identify(.) by extension 'ros'
[0.099s] Level 1:colcon.colcon_core.package_identification:_identify(.) by extensions ['cmake', 'python']
[0.099s] Level 1:colcon.colcon_core.package_identification:_identify(.) by extension 'cmake'
[0.099s] Level 1:colcon.colcon_core.package_identification:_identify(.) by extension 'python'
[0.099s] Level 1:colcon.colcon_core.package_identification:_identify(.) by extensions ['python_setup_py']
[0.099s] Level 1:colcon.colcon_core.package_identification:_identify(.) by extension 'python_setup_py'
[0.099s] Level 1:colcon.colcon_core.package_identification:_identify(build) by extensions ['ignore', 'ignore_ament_install']
[0.099s] Level 1:colcon.colcon_core.package_identification:_identify(build) by extension 'ignore'
[0.099s] Level 1:colcon.colcon_core.package_identification:_identify(build) ignored
[0.099s] Level 1:colcon.colcon_core.package_identification:_identify(install) by extensions ['ignore', 'ignore_ament_install']
[0.099s] Level 1:colcon.colcon_core.package_identification:_identify(install) by extension 'ignore'
[0.099s] Level 1:colcon.colcon_core.package_identification:_identify(install) ignored
[0.099s] Level 1:colcon.colcon_core.package_identification:_identify(log) by extensions ['ignore', 'ignore_ament_install']
[0.099s] Level 1:colcon.colcon_core.package_identification:_identify(log) by extension 'ignore'
[0.099s] Level 1:colcon.colcon_core.package_identification:_identify(log) ignored
[0.100s] Level 1:colcon.colcon_core.package_identification:_identify(src) by extensions ['ignore', 'ignore_ament_install']
[0.100s] Level 1:colcon.colcon_core.package_identification:_identify(src) by extension 'ignore'
[0.100s] Level 1:colcon.colcon_core.package_identification:_identify(src) by extension 'ignore_ament_install'
[0.100s] Level 1:colcon.colcon_core.package_identification:_identify(src) by extensions ['colcon_pkg']
[0.100s] Level 1:colcon.colcon_core.package_identification:_identify(src) by extension 'colcon_pkg'
[0.100s] Level 1:colcon.colcon_core.package_identification:_identify(src) by extensions ['colcon_meta']
[0.100s] Level 1:colcon.colcon_core.package_identification:_identify(src) by extension 'colcon_meta'
[0.100s] Level 1:colcon.colcon_core.package_identification:_identify(src) by extensions ['ros']
[0.100s] Level 1:colcon.colcon_core.package_identification:_identify(src) by extension 'ros'
[0.100s] Level 1:colcon.colcon_core.package_identification:_identify(src) by extensions ['cmake', 'python']
[0.100s] Level 1:colcon.colcon_core.package_identification:_identify(src) by extension 'cmake'
[0.100s] Level 1:colcon.colcon_core.package_identification:_identify(src) by extension 'python'
[0.100s] Level 1:colcon.colcon_core.package_identification:_identify(src) by extensions ['python_setup_py']
[0.100s] Level 1:colcon.colcon_core.package_identification:_identify(src) by extension 'python_setup_py'
[0.100s] Level 1:colcon.colcon_core.package_identification:_identify(src/depth_camera_pub) by extensions ['ignore', 'ignore_ament_install']
[0.100s] Level 1:colcon.colcon_core.package_identification:_identify(src/depth_camera_pub) by extension 'ignore'
[0.100s] Level 1:colcon.colcon_core.package_identification:_identify(src/depth_camera_pub) by extension 'ignore_ament_install'
[0.100s] Level 1:colcon.colcon_core.package_identification:_identify(src/depth_camera_pub) by extensions ['colcon_pkg']
[0.100s] Level 1:colcon.colcon_core.package_identification:_identify(src/depth_camera_pub) by extension 'colcon_pkg'
[0.100s] Level 1:colcon.colcon_core.package_identification:_identify(src/depth_camera_pub) by extensions ['colcon_meta']
[0.100s] Level 1:colcon.colcon_core.package_identification:_identify(src/depth_camera_pub) by extension 'colcon_meta'
[0.100s] Level 1:colcon.colcon_core.package_identification:_identify(src/depth_camera_pub) by extensions ['ros']
[0.100s] Level 1:colcon.colcon_core.package_identification:_identify(src/depth_camera_pub) by extension 'ros'
[0.102s] DEBUG:colcon.colcon_core.package_identification:Package 'src/depth_camera_pub' with type 'ros.ament_cmake' and name 'depth_camera_pub'
[0.102s] Level 1:colcon.colcon_core.package_identification:_identify(src/input_img) by extensions ['ignore', 'ignore_ament_install']
[0.102s] Level 1:colcon.colcon_core.package_identification:_identify(src/input_img) by extension 'ignore'
[0.102s] Level 1:colcon.colcon_core.package_identification:_identify(src/input_img) by extension 'ignore_ament_install'
[0.102s] Level 1:colcon.colcon_core.package_identification:_identify(src/input_img) by extensions ['colcon_pkg']
[0.102s] Level 1:colcon.colcon_core.package_identification:_identify(src/input_img) by extension 'colcon_pkg'
[0.102s] Level 1:colcon.colcon_core.package_identification:_identify(src/input_img) by extensions ['colcon_meta']
[0.102s] Level 1:colcon.colcon_core.package_identification:_identify(src/input_img) by extension 'colcon_meta'
[0.102s] Level 1:colcon.colcon_core.package_identification:_identify(src/input_img) by extensions ['ros']
[0.102s] Level 1:colcon.colcon_core.package_identification:_identify(src/input_img) by extension 'ros'
[0.102s] DEBUG:colcon.colcon_core.package_identification:Package 'src/input_img' with type 'ros.ament_cmake' and name 'input_img'
[0.102s] Level 1:colcon.colcon_core.package_identification:_identify(src/rf2o_laser_odometry) by extensions ['ignore', 'ignore_ament_install']
[0.102s] Level 1:colcon.colcon_core.package_identification:_identify(src/rf2o_laser_odometry) by extension 'ignore'
[0.103s] Level 1:colcon.colcon_core.package_identification:_identify(src/rf2o_laser_odometry) by extension 'ignore_ament_install'
[0.103s] Level 1:colcon.colcon_core.package_identification:_identify(src/rf2o_laser_odometry) by extensions ['colcon_pkg']
[0.103s] Level 1:colcon.colcon_core.package_identification:_identify(src/rf2o_laser_odometry) by extension 'colcon_pkg'
[0.103s] Level 1:colcon.colcon_core.package_identification:_identify(src/rf2o_laser_odometry) by extensions ['colcon_meta']
[0.103s] Level 1:colcon.colcon_core.package_identification:_identify(src/rf2o_laser_odometry) by extension 'colcon_meta'
[0.103s] Level 1:colcon.colcon_core.package_identification:_identify(src/rf2o_laser_odometry) by extensions ['ros']
[0.103s] Level 1:colcon.colcon_core.package_identification:_identify(src/rf2o_laser_odometry) by extension 'ros'
[0.103s] DEBUG:colcon.colcon_core.package_identification:Package 'src/rf2o_laser_odometry' with type 'ros.ament_cmake' and name 'rf2o_laser_odometry'
[0.103s] Level 1:colcon.colcon_core.package_identification:_identify(src/ros2_yolos_cpp) by extensions ['ignore', 'ignore_ament_install']
[0.103s] Level 1:colcon.colcon_core.package_identification:_identify(src/ros2_yolos_cpp) by extension 'ignore'
[0.103s] Level 1:colcon.colcon_core.package_identification:_identify(src/ros2_yolos_cpp) by extension 'ignore_ament_install'
[0.103s] Level 1:colcon.colcon_core.package_identification:_identify(src/ros2_yolos_cpp) by extensions ['colcon_pkg']
[0.103s] Level 1:colcon.colcon_core.package_identification:_identify(src/ros2_yolos_cpp) by extension 'colcon_pkg'
[0.103s] Level 1:colcon.colcon_core.package_identification:_identify(src/ros2_yolos_cpp) by extensions ['colcon_meta']
[0.103s] Level 1:colcon.colcon_core.package_identification:_identify(src/ros2_yolos_cpp) by extension 'colcon_meta'
[0.103s] Level 1:colcon.colcon_core.package_identification:_identify(src/ros2_yolos_cpp) by extensions ['ros']
[0.103s] Level 1:colcon.colcon_core.package_identification:_identify(src/ros2_yolos_cpp) by extension 'ros'
[0.104s] DEBUG:colcon.colcon_core.package_identification:Package 'src/ros2_yolos_cpp' with type 'ros.ament_cmake' and name 'ros2_yolos_cpp'
[0.104s] Level 1:colcon.colcon_core.package_identification:_identify(src/slam_toolbox) by extensions ['ignore', 'ignore_ament_install']
[0.104s] Level 1:colcon.colcon_core.package_identification:_identify(src/slam_toolbox) by extension 'ignore'
[0.104s] Level 1:colcon.colcon_core.package_identification:_identify(src/slam_toolbox) by extension 'ignore_ament_install'
[0.104s] Level 1:colcon.colcon_core.package_identification:_identify(src/slam_toolbox) by extensions ['colcon_pkg']
[0.104s] Level 1:colcon.colcon_core.package_identification:_identify(src/slam_toolbox) by extension 'colcon_pkg'
[0.104s] Level 1:colcon.colcon_core.package_identification:_identify(src/slam_toolbox) by extensions ['colcon_meta']
[0.104s] Level 1:colcon.colcon_core.package_identification:_identify(src/slam_toolbox) by extension 'colcon_meta'
[0.104s] Level 1:colcon.colcon_core.package_identification:_identify(src/slam_toolbox) by extensions ['ros']
[0.104s] Level 1:colcon.colcon_core.package_identification:_identify(src/slam_toolbox) by extension 'ros'
[0.105s] DEBUG:colcon.colcon_core.package_identification:Package 'src/slam_toolbox' with type 'ros.ament_cmake' and name 'slam_toolbox'
[0.105s] Level 1:colcon.colcon_core.package_identification:_identify(src/ydlidar_ros2_driver) by extensions ['ignore', 'ignore_ament_install']
[0.105s] Level 1:colcon.colcon_core.package_identification:_identify(src/ydlidar_ros2_driver) by extension 'ignore'
[0.105s] Level 1:colcon.colcon_core.package_identification:_identify(src/ydlidar_ros2_driver) by extension 'ignore_ament_install'
[0.105s] Level 1:colcon.colcon_core.package_identification:_identify(src/ydlidar_ros2_driver) by extensions ['colcon_pkg']
[0.105s] Level 1:colcon.colcon_core.package_identification:_identify(src/ydlidar_ros2_driver) by extension 'colcon_pkg'
[0.105s] Level 1:colcon.colcon_core.package_identification:_identify(src/ydlidar_ros2_driver) by extensions ['colcon_meta']
[0.105s] Level 1:colcon.colcon_core.package_identification:_identify(src/ydlidar_ros2_driver) by extension 'colcon_meta'
[0.105s] Level 1:colcon.colcon_core.package_identification:_identify(src/ydlidar_ros2_driver) by extensions ['ros']
[0.105s] Level 1:colcon.colcon_core.package_identification:_identify(src/ydlidar_ros2_driver) by extension 'ros'
[0.105s] DEBUG:colcon.colcon_core.package_identification:Package 'src/ydlidar_ros2_driver' with type 'ros.ament_cmake' and name 'ydlidar_ros2_driver'
[0.105s] Level 1:colcon.colcon_core.package_discovery:discover_packages(recursive) using defaults
[0.105s] Level 1:colcon.colcon_core.package_discovery:discover_packages(ignore) discover
[0.105s] Level 1:colcon.colcon_core.package_discovery:discover_packages(ignore) using defaults
[0.105s] Level 1:colcon.colcon_core.package_discovery:discover_packages(path) discover
[0.105s] Level 1:colcon.colcon_core.package_discovery:discover_packages(path) using defaults
[0.115s] Level 1:colcon.colcon_core.package_discovery:discover_packages(prefix_path) check parameters
[0.115s] Level 1:colcon.colcon_core.package_discovery:discover_packages(prefix_path) discover
[0.117s] DEBUG:colcon.colcon_installed_package_information.package_discovery:Found 375 installed packages in /opt/ros/jazzy
[0.117s] Level 1:colcon.colcon_core.package_discovery:discover_packages(prefix_path) using defaults
[0.136s] Level 5:colcon.colcon_core.verb:set package 'depth_camera_pub' build argument 'cmake_args' from command line to 'None'
[0.136s] Level 5:colcon.colcon_core.verb:set package 'depth_camera_pub' build argument 'cmake_target' from command line to 'None'
[0.136s] Level 5:colcon.colcon_core.verb:set package 'depth_camera_pub' build argument 'cmake_target_skip_unavailable' from command line to 'False'
[0.136s] Level 5:colcon.colcon_core.verb:set package 'depth_camera_pub' build argument 'cmake_clean_cache' from command line to 'False'
[0.136s] Level 5:colcon.colcon_core.verb:set package 'depth_camera_pub' build argument 'cmake_clean_first' from command line to 'False'
[0.136s] Level 5:colcon.colcon_core.verb:set package 'depth_camera_pub' build argument 'cmake_force_configure' from command line to 'False'
[0.136s] Level 5:colcon.colcon_core.verb:set package 'depth_camera_pub' build argument 'ament_cmake_args' from command line to 'None'
[0.136s] Level 5:colcon.colcon_core.verb:set package 'depth_camera_pub' build argument 'catkin_cmake_args' from command line to 'None'
[0.136s] Level 5:colcon.colcon_core.verb:set package 'depth_camera_pub' build argument 'catkin_skip_building_tests' from command line to 'False'
[0.136s] DEBUG:colcon.colcon_core.verb:Building package 'depth_camera_pub' with the following arguments: {'ament_cmake_args': None, 'build_base': '/home/xybxy123/w_work/ros2_ws/build/depth_camera_pub', 'catkin_cmake_args': None, 'catkin_skip_building_tests': False, 'cmake_args': None, 'cmake_clean_cache': False, 'cmake_clean_first': False, 'cmake_force_configure': False, 'cmake_target': None, 'cmake_target_skip_unavailable': False, 'install_base': '/home/xybxy123/w_work/ros2_ws/install/depth_camera_pub', 'merge_install': False, 'path': '/home/xybxy123/w_work/ros2_ws/src/depth_camera_pub', 'symlink_install': False, 'test_result_base': None}
[0.137s] Level 5:colcon.colcon_core.verb:set package 'input_img' build argument 'cmake_args' from command line to 'None'
[0.137s] Level 5:colcon.colcon_core.verb:set package 'input_img' build argument 'cmake_target' from command line to 'None'
[0.137s] Level 5:colcon.colcon_core.verb:set package 'input_img' build argument 'cmake_target_skip_unavailable' from command line to 'False'
[0.137s] Level 5:colcon.colcon_core.verb:set package 'input_img' build argument 'cmake_clean_cache' from command line to 'False'
[0.137s] Level 5:colcon.colcon_core.verb:set package 'input_img' build argument 'cmake_clean_first' from command line to 'False'
[0.137s] Level 5:colcon.colcon_core.verb:set package 'input_img' build argument 'cmake_force_configure' from command line to 'False'
[0.137s] Level 5:colcon.colcon_core.verb:set package 'input_img' build argument 'ament_cmake_args' from command line to 'None'
[0.137s] Level 5:colcon.colcon_core.verb:set package 'input_img' build argument 'catkin_cmake_args' from command line to 'None'
[0.137s] Level 5:colcon.colcon_core.verb:set package 'input_img' build argument 'catkin_skip_building_tests' from command line to 'False'
[0.137s] DEBUG:colcon.colcon_core.verb:Building package 'input_img' with the following arguments: {'ament_cmake_args': None, 'build_base': '/home/xybxy123/w_work/ros2_ws/build/input_img', 'catkin_cmake_args': None, 'catkin_skip_building_tests': False, 'cmake_args': None, 'cmake_clean_cache': False, 'cmake_clean_first': False, 'cmake_force_configure': False, 'cmake_target': None, 'cmake_target_skip_unavailable': False, 'install_base': '/home/xybxy123/w_work/ros2_ws/install/input_img', 'merge_install': False, 'path': '/home/xybxy123/w_work/ros2_ws/src/input_img', 'symlink_install': False, 'test_result_base': None}
[0.137s] Level 5:colcon.colcon_core.verb:set package 'rf2o_laser_odometry' build argument 'cmake_args' from command line to 'None'
[0.137s] Level 5:colcon.colcon_core.verb:set package 'rf2o_laser_odometry' build argument 'cmake_target' from command line to 'None'
[0.137s] Level 5:colcon.colcon_core.verb:set package 'rf2o_laser_odometry' build argument 'cmake_target_skip_unavailable' from command line to 'False'
[0.137s] Level 5:colcon.colcon_core.verb:set package 'rf2o_laser_odometry' build argument 'cmake_clean_cache' from command line to 'False'
[0.137s] Level 5:colcon.colcon_core.verb:set package 'rf2o_laser_odometry' build argument 'cmake_clean_first' from command line to 'False'
[0.137s] Level 5:colcon.colcon_core.verb:set package 'rf2o_laser_odometry' build argument 'cmake_force_configure' from command line to 'False'
[0.137s] Level 5:colcon.colcon_core.verb:set package 'rf2o_laser_odometry' build argument 'ament_cmake_args' from command line to 'None'
[0.137s] Level 5:colcon.colcon_core.verb:set package 'rf2o_laser_odometry' build argument 'catkin_cmake_args' from command line to 'None'
[0.137s] Level 5:colcon.colcon_core.verb:set package 'rf2o_laser_odometry' build argument 'catkin_skip_building_tests' from command line to 'False'
[0.137s] DEBUG:colcon.colcon_core.verb:Building package 'rf2o_laser_odometry' with the following arguments: {'ament_cmake_args': None, 'build_base': '/home/xybxy123/w_work/ros2_ws/build/rf2o_laser_odometry', 'catkin_cmake_args': None, 'catkin_skip_building_tests': False, 'cmake_args': None, 'cmake_clean_cache': False, 'cmake_clean_first': False, 'cmake_force_configure': False, 'cmake_target': None, 'cmake_target_skip_unavailable': False, 'install_base': '/home/xybxy123/w_work/ros2_ws/install/rf2o_laser_odometry', 'merge_install': False, 'path': '/home/xybxy123/w_work/ros2_ws/src/rf2o_laser_odometry', 'symlink_install': False, 'test_result_base': None}
[0.137s] Level 5:colcon.colcon_core.verb:set package 'ros2_yolos_cpp' build argument 'cmake_args' from command line to 'None'
[0.137s] Level 5:colcon.colcon_core.verb:set package 'ros2_yolos_cpp' build argument 'cmake_target' from command line to 'None'
[0.137s] Level 5:colcon.colcon_core.verb:set package 'ros2_yolos_cpp' build argument 'cmake_target_skip_unavailable' from command line to 'False'
[0.137s] Level 5:colcon.colcon_core.verb:set package 'ros2_yolos_cpp' build argument 'cmake_clean_cache' from command line to 'False'
[0.137s] Level 5:colcon.colcon_core.verb:set package 'ros2_yolos_cpp' build argument 'cmake_clean_first' from command line to 'False'
[0.137s] Level 5:colcon.colcon_core.verb:set package 'ros2_yolos_cpp' build argument 'cmake_force_configure' from command line to 'False'
[0.137s] Level 5:colcon.colcon_core.verb:set package 'ros2_yolos_cpp' build argument 'ament_cmake_args' from command line to 'None'
[0.137s] Level 5:colcon.colcon_core.verb:set package 'ros2_yolos_cpp' build argument 'catkin_cmake_args' from command line to 'None'
[0.137s] Level 5:colcon.colcon_core.verb:set package 'ros2_yolos_cpp' build argument 'catkin_skip_building_tests' from command line to 'False'
[0.137s] DEBUG:colcon.colcon_core.verb:Building package 'ros2_yolos_cpp' with the following arguments: {'ament_cmake_args': None, 'build_base': '/home/xybxy123/w_work/ros2_ws/build/ros2_yolos_cpp', 'catkin_cmake_args': None, 'catkin_skip_building_tests': False, 'cmake_args': None, 'cmake_clean_cache': False, 'cmake_clean_first': False, 'cmake_force_configure': False, 'cmake_target': None, 'cmake_target_skip_unavailable': False, 'install_base': '/home/xybxy123/w_work/ros2_ws/install/ros2_yolos_cpp', 'merge_install': False, 'path': '/home/xybxy123/w_work/ros2_ws/src/ros2_yolos_cpp', 'symlink_install': False, 'test_result_base': None}
[0.137s] Level 5:colcon.colcon_core.verb:set package 'slam_toolbox' build argument 'cmake_args' from command line to 'None'
[0.137s] Level 5:colcon.colcon_core.verb:set package 'slam_toolbox' build argument 'cmake_target' from command line to 'None'
[0.137s] Level 5:colcon.colcon_core.verb:set package 'slam_toolbox' build argument 'cmake_target_skip_unavailable' from command line to 'False'
[0.137s] Level 5:colcon.colcon_core.verb:set package 'slam_toolbox' build argument 'cmake_clean_cache' from command line to 'False'
[0.137s] Level 5:colcon.colcon_core.verb:set package 'slam_toolbox' build argument 'cmake_clean_first' from command line to 'False'
[0.137s] Level 5:colcon.colcon_core.verb:set package 'slam_toolbox' build argument 'cmake_force_configure' from command line to 'False'
[0.137s] Level 5:colcon.colcon_core.verb:set package 'slam_toolbox' build argument 'ament_cmake_args' from command line to 'None'
[0.137s] Level 5:colcon.colcon_core.verb:set package 'slam_toolbox' build argument 'catkin_cmake_args' from command line to 'None'
[0.137s] Level 5:colcon.colcon_core.verb:set package 'slam_toolbox' build argument 'catkin_skip_building_tests' from command line to 'False'
[0.137s] DEBUG:colcon.colcon_core.verb:Building package 'slam_toolbox' with the following arguments: {'ament_cmake_args': None, 'build_base': '/home/xybxy123/w_work/ros2_ws/build/slam_toolbox', 'catkin_cmake_args': None, 'catkin_skip_building_tests': False, 'cmake_args': None, 'cmake_clean_cache': False, 'cmake_clean_first': False, 'cmake_force_configure': False, 'cmake_target': None, 'cmake_target_skip_unavailable': False, 'install_base': '/home/xybxy123/w_work/ros2_ws/install/slam_toolbox', 'merge_install': False, 'path': '/home/xybxy123/w_work/ros2_ws/src/slam_toolbox', 'symlink_install': False, 'test_result_base': None}
[0.137s] Level 5:colcon.colcon_core.verb:set package 'ydlidar_ros2_driver' build argument 'cmake_args' from command line to 'None'
[0.137s] Level 5:colcon.colcon_core.verb:set package 'ydlidar_ros2_driver' build argument 'cmake_target' from command line to 'None'
[0.137s] Level 5:colcon.colcon_core.verb:set package 'ydlidar_ros2_driver' build argument 'cmake_target_skip_unavailable' from command line to 'False'
[0.137s] Level 5:colcon.colcon_core.verb:set package 'ydlidar_ros2_driver' build argument 'cmake_clean_cache' from command line to 'False'
[0.137s] Level 5:colcon.colcon_core.verb:set package 'ydlidar_ros2_driver' build argument 'cmake_clean_first' from command line to 'False'
[0.137s] Level 5:colcon.colcon_core.verb:set package 'ydlidar_ros2_driver' build argument 'cmake_force_configure' from command line to 'False'
[0.137s] Level 5:colcon.colcon_core.verb:set package 'ydlidar_ros2_driver' build argument 'ament_cmake_args' from command line to 'None'
[0.137s] Level 5:colcon.colcon_core.verb:set package 'ydlidar_ros2_driver' build argument 'catkin_cmake_args' from command line to 'None'
[0.137s] Level 5:colcon.colcon_core.verb:set package 'ydlidar_ros2_driver' build argument 'catkin_skip_building_tests' from command line to 'False'
[0.137s] DEBUG:colcon.colcon_core.verb:Building package 'ydlidar_ros2_driver' with the following arguments: {'ament_cmake_args': None, 'build_base': '/home/xybxy123/w_work/ros2_ws/build/ydlidar_ros2_driver', 'catkin_cmake_args': None, 'catkin_skip_building_tests': False, 'cmake_args': None, 'cmake_clean_cache': False, 'cmake_clean_first': False, 'cmake_force_configure': False, 'cmake_target': None, 'cmake_target_skip_unavailable': False, 'install_base': '/home/xybxy123/w_work/ros2_ws/install/ydlidar_ros2_driver', 'merge_install': False, 'path': '/home/xybxy123/w_work/ros2_ws/src/ydlidar_ros2_driver', 'symlink_install': False, 'test_result_base': None}
[0.137s] INFO:colcon.colcon_core.executor:Executing jobs using 'parallel' executor
[0.138s] DEBUG:colcon.colcon_parallel_executor.executor.parallel:run_until_complete
[0.138s] INFO:colcon.colcon_ros.task.ament_cmake.build:Building ROS package in '/home/xybxy123/w_work/ros2_ws/src/depth_camera_pub' with build type 'ament_cmake'
[0.139s] INFO:colcon.colcon_cmake.task.cmake.build:Building CMake package in '/home/xybxy123/w_work/ros2_ws/src/depth_camera_pub'
[0.139s] INFO:colcon.colcon_core.plugin_system:Skipping extension 'colcon_core.shell.bat': Not used on non-Windows systems
[0.139s] INFO:colcon.colcon_core.shell:Skip shell extension 'powershell' for command environment: Not usable outside of PowerShell
[0.139s] DEBUG:colcon.colcon_core.shell:Skip shell extension 'dsv' for command environment
[0.141s] INFO:colcon.colcon_ros.task.ament_cmake.build:Building ROS package in '/home/xybxy123/w_work/ros2_ws/src/input_img' with build type 'ament_cmake'
[0.141s] INFO:colcon.colcon_cmake.task.cmake.build:Building CMake package in '/home/xybxy123/w_work/ros2_ws/src/input_img'
[0.141s] INFO:colcon.colcon_core.shell:Skip shell extension 'powershell' for command environment: Not usable outside of PowerShell
[0.142s] DEBUG:colcon.colcon_core.shell:Skip shell extension 'dsv' for command environment
[0.143s] INFO:colcon.colcon_ros.task.ament_cmake.build:Building ROS package in '/home/xybxy123/w_work/ros2_ws/src/rf2o_laser_odometry' with build type 'ament_cmake'
[0.143s] INFO:colcon.colcon_cmake.task.cmake.build:Building CMake package in '/home/xybxy123/w_work/ros2_ws/src/rf2o_laser_odometry'
[0.143s] INFO:colcon.colcon_core.shell:Skip shell extension 'powershell' for command environment: Not usable outside of PowerShell
[0.143s] DEBUG:colcon.colcon_core.shell:Skip shell extension 'dsv' for command environment
[0.144s] INFO:colcon.colcon_ros.task.ament_cmake.build:Building ROS package in '/home/xybxy123/w_work/ros2_ws/src/ros2_yolos_cpp' with build type 'ament_cmake'
[0.145s] INFO:colcon.colcon_cmake.task.cmake.build:Building CMake package in '/home/xybxy123/w_work/ros2_ws/src/ros2_yolos_cpp'
[0.145s] INFO:colcon.colcon_core.shell:Skip shell extension 'powershell' for command environment: Not usable outside of PowerShell
[0.145s] DEBUG:colcon.colcon_core.shell:Skip shell extension 'dsv' for command environment
[0.146s] INFO:colcon.colcon_ros.task.ament_cmake.build:Building ROS package in '/home/xybxy123/w_work/ros2_ws/src/slam_toolbox' with build type 'ament_cmake'
[0.146s] INFO:colcon.colcon_cmake.task.cmake.build:Building CMake package in '/home/xybxy123/w_work/ros2_ws/src/slam_toolbox'
[0.146s] INFO:colcon.colcon_core.shell:Skip shell extension 'powershell' for command environment: Not usable outside of PowerShell
[0.146s] DEBUG:colcon.colcon_core.shell:Skip shell extension 'dsv' for command environment
[0.148s] INFO:colcon.colcon_ros.task.ament_cmake.build:Building ROS package in '/home/xybxy123/w_work/ros2_ws/src/ydlidar_ros2_driver' with build type 'ament_cmake'
[0.148s] INFO:colcon.colcon_cmake.task.cmake.build:Building CMake package in '/home/xybxy123/w_work/ros2_ws/src/ydlidar_ros2_driver'
[0.148s] INFO:colcon.colcon_core.shell:Skip shell extension 'powershell' for command environment: Not usable outside of PowerShell
[0.148s] DEBUG:colcon.colcon_core.shell:Skip shell extension 'dsv' for command environment
[0.151s] DEBUG:colcon.colcon_core.event_handler.log_command:Invoking command in '/home/xybxy123/w_work/ros2_ws/build/depth_camera_pub': CMAKE_PREFIX_PATH=${CMAKE_PREFIX_PATH}:/opt/ros/jazzy DEBUGINFOD_URLS=https://debuginfod.ubuntu.com /usr/bin/cmake --build /home/xybxy123/w_work/ros2_ws/build/depth_camera_pub -- -j24 -l24
[0.152s] DEBUG:colcon.colcon_core.event_handler.log_command:Invoking command in '/home/xybxy123/w_work/ros2_ws/build/input_img': CMAKE_PREFIX_PATH=${CMAKE_PREFIX_PATH}:/opt/ros/jazzy DEBUGINFOD_URLS=https://debuginfod.ubuntu.com /usr/bin/cmake --build /home/xybxy123/w_work/ros2_ws/build/input_img -- -j24 -l24
[0.154s] DEBUG:colcon.colcon_core.event_handler.log_command:Invoking command in '/home/xybxy123/w_work/ros2_ws/build/rf2o_laser_odometry': CMAKE_PREFIX_PATH=${CMAKE_PREFIX_PATH}:/opt/ros/jazzy DEBUGINFOD_URLS=https://debuginfod.ubuntu.com /usr/bin/cmake --build /home/xybxy123/w_work/ros2_ws/build/rf2o_laser_odometry -- -j24 -l24
[0.155s] DEBUG:colcon.colcon_core.event_handler.log_command:Invoking command in '/home/xybxy123/w_work/ros2_ws/build/ros2_yolos_cpp': CMAKE_PREFIX_PATH=${CMAKE_PREFIX_PATH}:/opt/ros/jazzy DEBUGINFOD_URLS=https://debuginfod.ubuntu.com /usr/bin/cmake --build /home/xybxy123/w_work/ros2_ws/build/ros2_yolos_cpp -- -j24 -l24
[0.156s] DEBUG:colcon.colcon_core.event_handler.log_command:Invoking command in '/home/xybxy123/w_work/ros2_ws/build/slam_toolbox': CMAKE_PREFIX_PATH=${CMAKE_PREFIX_PATH}:/opt/ros/jazzy DEBUGINFOD_URLS=https://debuginfod.ubuntu.com /usr/bin/cmake --build /home/xybxy123/w_work/ros2_ws/build/slam_toolbox -- -j24 -l24
[0.159s] DEBUG:colcon.colcon_core.event_handler.log_command:Invoking command in '/home/xybxy123/w_work/ros2_ws/build/ydlidar_ros2_driver': CMAKE_PREFIX_PATH=${CMAKE_PREFIX_PATH}:/opt/ros/jazzy DEBUGINFOD_URLS=https://debuginfod.ubuntu.com /usr/bin/cmake --build /home/xybxy123/w_work/ros2_ws/build/ydlidar_ros2_driver -- -j24 -l24
[0.207s] DEBUG:colcon.colcon_core.event_handler.log_command:Invoked command in '/home/xybxy123/w_work/ros2_ws/build/input_img' returned '0': CMAKE_PREFIX_PATH=${CMAKE_PREFIX_PATH}:/opt/ros/jazzy DEBUGINFOD_URLS=https://debuginfod.ubuntu.com /usr/bin/cmake --build /home/xybxy123/w_work/ros2_ws/build/input_img -- -j24 -l24
[0.213s] DEBUG:colcon.colcon_core.event_handler.log_command:Invoking command in '/home/xybxy123/w_work/ros2_ws/build/input_img': CMAKE_PREFIX_PATH=${CMAKE_PREFIX_PATH}:/opt/ros/jazzy DEBUGINFOD_URLS=https://debuginfod.ubuntu.com /usr/bin/cmake --install /home/xybxy123/w_work/ros2_ws/build/input_img
[0.218s] DEBUG:colcon.colcon_core.event_handler.log_command:Invoked command in '/home/xybxy123/w_work/ros2_ws/build/rf2o_laser_odometry' returned '0': CMAKE_PREFIX_PATH=${CMAKE_PREFIX_PATH}:/opt/ros/jazzy DEBUGINFOD_URLS=https://debuginfod.ubuntu.com /usr/bin/cmake --build /home/xybxy123/w_work/ros2_ws/build/rf2o_laser_odometry -- -j24 -l24
[0.219s] DEBUG:colcon.colcon_core.event_handler.log_command:Invoking command in '/home/xybxy123/w_work/ros2_ws/build/rf2o_laser_odometry': CMAKE_PREFIX_PATH=${CMAKE_PREFIX_PATH}:/opt/ros/jazzy DEBUGINFOD_URLS=https://debuginfod.ubuntu.com /usr/bin/cmake --install /home/xybxy123/w_work/ros2_ws/build/rf2o_laser_odometry
[0.224s] DEBUG:colcon.colcon_core.event_handler.log_command:Invoked command in '/home/xybxy123/w_work/ros2_ws/build/ydlidar_ros2_driver' returned '0': CMAKE_PREFIX_PATH=${CMAKE_PREFIX_PATH}:/opt/ros/jazzy DEBUGINFOD_URLS=https://debuginfod.ubuntu.com /usr/bin/cmake --build /home/xybxy123/w_work/ros2_ws/build/ydlidar_ros2_driver -- -j24 -l24
[0.226s] DEBUG:colcon.colcon_core.event_handler.log_command:Invoking command in '/home/xybxy123/w_work/ros2_ws/build/ydlidar_ros2_driver': CMAKE_PREFIX_PATH=${CMAKE_PREFIX_PATH}:/opt/ros/jazzy DEBUGINFOD_URLS=https://debuginfod.ubuntu.com /usr/bin/cmake --install /home/xybxy123/w_work/ros2_ws/build/ydlidar_ros2_driver
[0.226s] Level 1:colcon.colcon_core.environment:create_environment_scripts_only(input_img)
[0.227s] DEBUG:colcon.colcon_core.event_handler.log_command:Invoked command in '/home/xybxy123/w_work/ros2_ws/build/input_img' returned '0': CMAKE_PREFIX_PATH=${CMAKE_PREFIX_PATH}:/opt/ros/jazzy DEBUGINFOD_URLS=https://debuginfod.ubuntu.com /usr/bin/cmake --install /home/xybxy123/w_work/ros2_ws/build/input_img
[0.228s] Level 1:colcon.colcon_core.environment:checking '/home/xybxy123/w_work/ros2_ws/install/input_img' for CMake module files
[0.229s] Level 1:colcon.colcon_core.environment:checking '/home/xybxy123/w_work/ros2_ws/install/input_img' for CMake config files
[0.229s] Level 1:colcon.colcon_core.shell:create_environment_hook('input_img', 'cmake_prefix_path')
[0.229s] INFO:colcon.colcon_core.shell:Creating environment hook '/home/xybxy123/w_work/ros2_ws/install/input_img/share/input_img/hook/cmake_prefix_path.ps1'
[0.229s] INFO:colcon.colcon_core.shell:Creating environment descriptor '/home/xybxy123/w_work/ros2_ws/install/input_img/share/input_img/hook/cmake_prefix_path.dsv'
[0.229s] INFO:colcon.colcon_core.shell:Creating environment hook '/home/xybxy123/w_work/ros2_ws/install/input_img/share/input_img/hook/cmake_prefix_path.sh'
[0.230s] Level 1:colcon.colcon_core.environment:checking '/home/xybxy123/w_work/ros2_ws/install/input_img/lib'
[0.230s] Level 1:colcon.colcon_core.environment:checking '/home/xybxy123/w_work/ros2_ws/install/input_img/bin'
[0.230s] Level 1:colcon.colcon_core.environment:checking '/home/xybxy123/w_work/ros2_ws/install/input_img/lib/pkgconfig/input_img.pc'
[0.230s] Level 1:colcon.colcon_core.environment:checking '/home/xybxy123/w_work/ros2_ws/install/input_img/lib/python3.12/site-packages'
[0.230s] Level 1:colcon.colcon_core.environment:checking '/home/xybxy123/w_work/ros2_ws/install/input_img/bin'
[0.231s] INFO:colcon.colcon_core.shell:Creating package script '/home/xybxy123/w_work/ros2_ws/install/input_img/share/input_img/package.ps1'
[0.232s] INFO:colcon.colcon_core.shell:Creating package descriptor '/home/xybxy123/w_work/ros2_ws/install/input_img/share/input_img/package.dsv'
[0.233s] INFO:colcon.colcon_core.shell:Creating package script '/home/xybxy123/w_work/ros2_ws/install/input_img/share/input_img/package.sh'
[0.233s] INFO:colcon.colcon_core.shell:Creating package script '/home/xybxy123/w_work/ros2_ws/install/input_img/share/input_img/package.bash'
[0.233s] INFO:colcon.colcon_core.shell:Creating package script '/home/xybxy123/w_work/ros2_ws/install/input_img/share/input_img/package.zsh'
[0.234s] Level 1:colcon.colcon_core.environment:create_file_with_runtime_dependencies(/home/xybxy123/w_work/ros2_ws/install/input_img/share/colcon-core/packages/input_img)
[0.234s] Level 1:colcon.colcon_core.environment:create_environment_scripts_only(input_img)
[0.234s] Level 1:colcon.colcon_core.environment:checking '/home/xybxy123/w_work/ros2_ws/install/input_img' for CMake module files
[0.234s] Level 1:colcon.colcon_core.environment:checking '/home/xybxy123/w_work/ros2_ws/install/input_img' for CMake config files
[0.234s] Level 1:colcon.colcon_core.shell:create_environment_hook('input_img', 'cmake_prefix_path')
[0.234s] INFO:colcon.colcon_core.shell:Creating environment hook '/home/xybxy123/w_work/ros2_ws/install/input_img/share/input_img/hook/cmake_prefix_path.ps1'
[0.235s] INFO:colcon.colcon_core.shell:Creating environment descriptor '/home/xybxy123/w_work/ros2_ws/install/input_img/share/input_img/hook/cmake_prefix_path.dsv'
[0.235s] INFO:colcon.colcon_core.shell:Creating environment hook '/home/xybxy123/w_work/ros2_ws/install/input_img/share/input_img/hook/cmake_prefix_path.sh'
[0.235s] Level 1:colcon.colcon_core.environment:checking '/home/xybxy123/w_work/ros2_ws/install/input_img/lib'
[0.235s] Level 1:colcon.colcon_core.environment:checking '/home/xybxy123/w_work/ros2_ws/install/input_img/bin'
[0.235s] Level 1:colcon.colcon_core.environment:checking '/home/xybxy123/w_work/ros2_ws/install/input_img/lib/pkgconfig/input_img.pc'
[0.235s] Level 1:colcon.colcon_core.environment:checking '/home/xybxy123/w_work/ros2_ws/install/input_img/lib/python3.12/site-packages'
[0.235s] Level 1:colcon.colcon_core.environment:checking '/home/xybxy123/w_work/ros2_ws/install/input_img/bin'
[0.236s] INFO:colcon.colcon_core.shell:Creating package script '/home/xybxy123/w_work/ros2_ws/install/input_img/share/input_img/package.ps1'
[0.236s] INFO:colcon.colcon_core.shell:Creating package descriptor '/home/xybxy123/w_work/ros2_ws/install/input_img/share/input_img/package.dsv'
[0.236s] INFO:colcon.colcon_core.shell:Creating package script '/home/xybxy123/w_work/ros2_ws/install/input_img/share/input_img/package.sh'
[0.236s] INFO:colcon.colcon_core.shell:Creating package script '/home/xybxy123/w_work/ros2_ws/install/input_img/share/input_img/package.bash'
[0.236s] INFO:colcon.colcon_core.shell:Creating package script '/home/xybxy123/w_work/ros2_ws/install/input_img/share/input_img/package.zsh'
[0.237s] Level 1:colcon.colcon_core.environment:create_file_with_runtime_dependencies(/home/xybxy123/w_work/ros2_ws/install/input_img/share/colcon-core/packages/input_img)
[0.237s] Level 1:colcon.colcon_core.environment:create_environment_scripts_only(rf2o_laser_odometry)
[0.237s] Level 1:colcon.colcon_core.environment:checking '/home/xybxy123/w_work/ros2_ws/install/rf2o_laser_odometry' for CMake module files
[0.238s] DEBUG:colcon.colcon_core.event_handler.log_command:Invoked command in '/home/xybxy123/w_work/ros2_ws/build/rf2o_laser_odometry' returned '0': CMAKE_PREFIX_PATH=${CMAKE_PREFIX_PATH}:/opt/ros/jazzy DEBUGINFOD_URLS=https://debuginfod.ubuntu.com /usr/bin/cmake --install /home/xybxy123/w_work/ros2_ws/build/rf2o_laser_odometry
[0.238s] Level 1:colcon.colcon_core.environment:checking '/home/xybxy123/w_work/ros2_ws/install/rf2o_laser_odometry' for CMake config files
[0.239s] Level 1:colcon.colcon_core.shell:create_environment_hook('rf2o_laser_odometry', 'cmake_prefix_path')
[0.239s] INFO:colcon.colcon_core.shell:Creating environment hook '/home/xybxy123/w_work/ros2_ws/install/rf2o_laser_odometry/share/rf2o_laser_odometry/hook/cmake_prefix_path.ps1'
[0.239s] INFO:colcon.colcon_core.shell:Creating environment descriptor '/home/xybxy123/w_work/ros2_ws/install/rf2o_laser_odometry/share/rf2o_laser_odometry/hook/cmake_prefix_path.dsv'
[0.239s] INFO:colcon.colcon_core.shell:Creating environment hook '/home/xybxy123/w_work/ros2_ws/install/rf2o_laser_odometry/share/rf2o_laser_odometry/hook/cmake_prefix_path.sh'
[0.240s] Level 1:colcon.colcon_core.environment:checking '/home/xybxy123/w_work/ros2_ws/install/rf2o_laser_odometry/lib'
[0.240s] Level 1:colcon.colcon_core.environment:checking '/home/xybxy123/w_work/ros2_ws/install/rf2o_laser_odometry/bin'
[0.240s] Level 1:colcon.colcon_core.environment:checking '/home/xybxy123/w_work/ros2_ws/install/rf2o_laser_odometry/lib/pkgconfig/rf2o_laser_odometry.pc'
[0.240s] Level 1:colcon.colcon_core.environment:checking '/home/xybxy123/w_work/ros2_ws/install/rf2o_laser_odometry/lib/python3.12/site-packages'
[0.240s] Level 1:colcon.colcon_core.environment:checking '/home/xybxy123/w_work/ros2_ws/install/rf2o_laser_odometry/bin'
[0.240s] INFO:colcon.colcon_core.shell:Creating package script '/home/xybxy123/w_work/ros2_ws/install/rf2o_laser_odometry/share/rf2o_laser_odometry/package.ps1'
[0.241s] INFO:colcon.colcon_core.shell:Creating package descriptor '/home/xybxy123/w_work/ros2_ws/install/rf2o_laser_odometry/share/rf2o_laser_odometry/package.dsv'
[0.241s] INFO:colcon.colcon_core.shell:Creating package script '/home/xybxy123/w_work/ros2_ws/install/rf2o_laser_odometry/share/rf2o_laser_odometry/package.sh'
[0.241s] INFO:colcon.colcon_core.shell:Creating package script '/home/xybxy123/w_work/ros2_ws/install/rf2o_laser_odometry/share/rf2o_laser_odometry/package.bash'
[0.241s] INFO:colcon.colcon_core.shell:Creating package script '/home/xybxy123/w_work/ros2_ws/install/rf2o_laser_odometry/share/rf2o_laser_odometry/package.zsh'
[0.241s] Level 1:colcon.colcon_core.environment:create_file_with_runtime_dependencies(/home/xybxy123/w_work/ros2_ws/install/rf2o_laser_odometry/share/colcon-core/packages/rf2o_laser_odometry)
[0.242s] Level 1:colcon.colcon_core.environment:create_environment_scripts_only(rf2o_laser_odometry)
[0.242s] Level 1:colcon.colcon_core.environment:checking '/home/xybxy123/w_work/ros2_ws/install/rf2o_laser_odometry' for CMake module files
[0.242s] Level 1:colcon.colcon_core.environment:checking '/home/xybxy123/w_work/ros2_ws/install/rf2o_laser_odometry' for CMake config files
[0.242s] Level 1:colcon.colcon_core.shell:create_environment_hook('rf2o_laser_odometry', 'cmake_prefix_path')
[0.242s] INFO:colcon.colcon_core.shell:Creating environment hook '/home/xybxy123/w_work/ros2_ws/install/rf2o_laser_odometry/share/rf2o_laser_odometry/hook/cmake_prefix_path.ps1'
[0.242s] INFO:colcon.colcon_core.shell:Creating environment descriptor '/home/xybxy123/w_work/ros2_ws/install/rf2o_laser_odometry/share/rf2o_laser_odometry/hook/cmake_prefix_path.dsv'
[0.242s] INFO:colcon.colcon_core.shell:Creating environment hook '/home/xybxy123/w_work/ros2_ws/install/rf2o_laser_odometry/share/rf2o_laser_odometry/hook/cmake_prefix_path.sh'
[0.243s] Level 1:colcon.colcon_core.environment:checking '/home/xybxy123/w_work/ros2_ws/install/rf2o_laser_odometry/lib'
[0.243s] Level 1:colcon.colcon_core.environment:checking '/home/xybxy123/w_work/ros2_ws/install/rf2o_laser_odometry/bin'
[0.243s] Level 1:colcon.colcon_core.environment:checking '/home/xybxy123/w_work/ros2_ws/install/rf2o_laser_odometry/lib/pkgconfig/rf2o_laser_odometry.pc'
[0.243s] Level 1:colcon.colcon_core.environment:checking '/home/xybxy123/w_work/ros2_ws/install/rf2o_laser_odometry/lib/python3.12/site-packages'
[0.243s] Level 1:colcon.colcon_core.environment:checking '/home/xybxy123/w_work/ros2_ws/install/rf2o_laser_odometry/bin'
[0.243s] INFO:colcon.colcon_core.shell:Creating package script '/home/xybxy123/w_work/ros2_ws/install/rf2o_laser_odometry/share/rf2o_laser_odometry/package.ps1'
[0.243s] INFO:colcon.colcon_core.shell:Creating package descriptor '/home/xybxy123/w_work/ros2_ws/install/rf2o_laser_odometry/share/rf2o_laser_odometry/package.dsv'
[0.244s] INFO:colcon.colcon_core.shell:Creating package script '/home/xybxy123/w_work/ros2_ws/install/rf2o_laser_odometry/share/rf2o_laser_odometry/package.sh'
[0.244s] INFO:colcon.colcon_core.shell:Creating package script '/home/xybxy123/w_work/ros2_ws/install/rf2o_laser_odometry/share/rf2o_laser_odometry/package.bash'
[0.244s] INFO:colcon.colcon_core.shell:Creating package script '/home/xybxy123/w_work/ros2_ws/install/rf2o_laser_odometry/share/rf2o_laser_odometry/package.zsh'
[0.244s] Level 1:colcon.colcon_core.environment:create_file_with_runtime_dependencies(/home/xybxy123/w_work/ros2_ws/install/rf2o_laser_odometry/share/colcon-core/packages/rf2o_laser_odometry)
[0.244s] Level 1:colcon.colcon_core.environment:create_environment_scripts_only(ydlidar_ros2_driver)
[0.244s] Level 1:colcon.colcon_core.environment:checking '/home/xybxy123/w_work/ros2_ws/install/ydlidar_ros2_driver' for CMake module files
[0.245s] DEBUG:colcon.colcon_core.event_handler.log_command:Invoked command in '/home/xybxy123/w_work/ros2_ws/build/ydlidar_ros2_driver' returned '0': CMAKE_PREFIX_PATH=${CMAKE_PREFIX_PATH}:/opt/ros/jazzy DEBUGINFOD_URLS=https://debuginfod.ubuntu.com /usr/bin/cmake --install /home/xybxy123/w_work/ros2_ws/build/ydlidar_ros2_driver
[0.245s] Level 1:colcon.colcon_core.environment:checking '/home/xybxy123/w_work/ros2_ws/install/ydlidar_ros2_driver' for CMake config files
[0.245s] Level 1:colcon.colcon_core.shell:create_environment_hook('ydlidar_ros2_driver', 'cmake_prefix_path')
[0.245s] INFO:colcon.colcon_core.shell:Creating environment hook '/home/xybxy123/w_work/ros2_ws/install/ydlidar_ros2_driver/share/ydlidar_ros2_driver/hook/cmake_prefix_path.ps1'
[0.246s] INFO:colcon.colcon_core.shell:Creating environment descriptor '/home/xybxy123/w_work/ros2_ws/install/ydlidar_ros2_driver/share/ydlidar_ros2_driver/hook/cmake_prefix_path.dsv'
[0.246s] INFO:colcon.colcon_core.shell:Creating environment hook '/home/xybxy123/w_work/ros2_ws/install/ydlidar_ros2_driver/share/ydlidar_ros2_driver/hook/cmake_prefix_path.sh'
[0.246s] Level 1:colcon.colcon_core.environment:checking '/home/xybxy123/w_work/ros2_ws/install/ydlidar_ros2_driver/lib'
[0.246s] Level 1:colcon.colcon_core.environment:checking '/home/xybxy123/w_work/ros2_ws/install/ydlidar_ros2_driver/bin'
[0.246s] Level 1:colcon.colcon_core.environment:checking '/home/xybxy123/w_work/ros2_ws/install/ydlidar_ros2_driver/lib/pkgconfig/ydlidar_ros2_driver.pc'
[0.246s] Level 1:colcon.colcon_core.environment:checking '/home/xybxy123/w_work/ros2_ws/install/ydlidar_ros2_driver/lib/python3.12/site-packages'
[0.246s] Level 1:colcon.colcon_core.environment:checking '/home/xybxy123/w_work/ros2_ws/install/ydlidar_ros2_driver/bin'
[0.247s] INFO:colcon.colcon_core.shell:Creating package script '/home/xybxy123/w_work/ros2_ws/install/ydlidar_ros2_driver/share/ydlidar_ros2_driver/package.ps1'
[0.247s] INFO:colcon.colcon_core.shell:Creating package descriptor '/home/xybxy123/w_work/ros2_ws/install/ydlidar_ros2_driver/share/ydlidar_ros2_driver/package.dsv'
[0.247s] INFO:colcon.colcon_core.shell:Creating package script '/home/xybxy123/w_work/ros2_ws/install/ydlidar_ros2_driver/share/ydlidar_ros2_driver/package.sh'
[0.247s] INFO:colcon.colcon_core.shell:Creating package script '/home/xybxy123/w_work/ros2_ws/install/ydlidar_ros2_driver/share/ydlidar_ros2_driver/package.bash'
[0.247s] INFO:colcon.colcon_core.shell:Creating package script '/home/xybxy123/w_work/ros2_ws/install/ydlidar_ros2_driver/share/ydlidar_ros2_driver/package.zsh'
[0.247s] Level 1:colcon.colcon_core.environment:create_file_with_runtime_dependencies(/home/xybxy123/w_work/ros2_ws/install/ydlidar_ros2_driver/share/colcon-core/packages/ydlidar_ros2_driver)
[0.248s] Level 1:colcon.colcon_core.environment:create_environment_scripts_only(ydlidar_ros2_driver)
[0.248s] Level 1:colcon.colcon_core.environment:checking '/home/xybxy123/w_work/ros2_ws/install/ydlidar_ros2_driver' for CMake module files
[0.248s] Level 1:colcon.colcon_core.environment:checking '/home/xybxy123/w_work/ros2_ws/install/ydlidar_ros2_driver' for CMake config files
[0.248s] Level 1:colcon.colcon_core.shell:create_environment_hook('ydlidar_ros2_driver', 'cmake_prefix_path')
[0.248s] INFO:colcon.colcon_core.shell:Creating environment hook '/home/xybxy123/w_work/ros2_ws/install/ydlidar_ros2_driver/share/ydlidar_ros2_driver/hook/cmake_prefix_path.ps1'
[0.249s] INFO:colcon.colcon_core.shell:Creating environment descriptor '/home/xybxy123/w_work/ros2_ws/install/ydlidar_ros2_driver/share/ydlidar_ros2_driver/hook/cmake_prefix_path.dsv'
[0.249s] INFO:colcon.colcon_core.shell:Creating environment hook '/home/xybxy123/w_work/ros2_ws/install/ydlidar_ros2_driver/share/ydlidar_ros2_driver/hook/cmake_prefix_path.sh'
[0.250s] Level 1:colcon.colcon_core.environment:checking '/home/xybxy123/w_work/ros2_ws/install/ydlidar_ros2_driver/lib'
[0.250s] Level 1:colcon.colcon_core.environment:checking '/home/xybxy123/w_work/ros2_ws/install/ydlidar_ros2_driver/bin'
[0.250s] Level 1:colcon.colcon_core.environment:checking '/home/xybxy123/w_work/ros2_ws/install/ydlidar_ros2_driver/lib/pkgconfig/ydlidar_ros2_driver.pc'
[0.250s] Level 1:colcon.colcon_core.environment:checking '/home/xybxy123/w_work/ros2_ws/install/ydlidar_ros2_driver/lib/python3.12/site-packages'
[0.250s] Level 1:colcon.colcon_core.environment:checking '/home/xybxy123/w_work/ros2_ws/install/ydlidar_ros2_driver/bin'
[0.250s] INFO:colcon.colcon_core.shell:Creating package script '/home/xybxy123/w_work/ros2_ws/install/ydlidar_ros2_driver/share/ydlidar_ros2_driver/package.ps1'
[0.251s] INFO:colcon.colcon_core.shell:Creating package descriptor '/home/xybxy123/w_work/ros2_ws/install/ydlidar_ros2_driver/share/ydlidar_ros2_driver/package.dsv'
[0.251s] INFO:colcon.colcon_core.shell:Creating package script '/home/xybxy123/w_work/ros2_ws/install/ydlidar_ros2_driver/share/ydlidar_ros2_driver/package.sh'
[0.251s] INFO:colcon.colcon_core.shell:Creating package script '/home/xybxy123/w_work/ros2_ws/install/ydlidar_ros2_driver/share/ydlidar_ros2_driver/package.bash'
[0.252s] INFO:colcon.colcon_core.shell:Creating package script '/home/xybxy123/w_work/ros2_ws/install/ydlidar_ros2_driver/share/ydlidar_ros2_driver/package.zsh'
[0.252s] Level 1:colcon.colcon_core.environment:create_file_with_runtime_dependencies(/home/xybxy123/w_work/ros2_ws/install/ydlidar_ros2_driver/share/colcon-core/packages/ydlidar_ros2_driver)
[0.398s] DEBUG:colcon.colcon_core.event_handler.log_command:Invoked command in '/home/xybxy123/w_work/ros2_ws/build/slam_toolbox' returned '0': CMAKE_PREFIX_PATH=${CMAKE_PREFIX_PATH}:/opt/ros/jazzy DEBUGINFOD_URLS=https://debuginfod.ubuntu.com /usr/bin/cmake --build /home/xybxy123/w_work/ros2_ws/build/slam_toolbox -- -j24 -l24
[0.399s] DEBUG:colcon.colcon_core.event_handler.log_command:Invoking command in '/home/xybxy123/w_work/ros2_ws/build/slam_toolbox': CMAKE_PREFIX_PATH=${CMAKE_PREFIX_PATH}:/opt/ros/jazzy DEBUGINFOD_URLS=https://debuginfod.ubuntu.com /usr/bin/cmake --install /home/xybxy123/w_work/ros2_ws/build/slam_toolbox
[0.435s] DEBUG:colcon.colcon_core.event_handler.log_command:Invoked command in '/home/xybxy123/w_work/ros2_ws/build/ros2_yolos_cpp' returned '0': CMAKE_PREFIX_PATH=${CMAKE_PREFIX_PATH}:/opt/ros/jazzy DEBUGINFOD_URLS=https://debuginfod.ubuntu.com /usr/bin/cmake --build /home/xybxy123/w_work/ros2_ws/build/ros2_yolos_cpp -- -j24 -l24
[0.436s] DEBUG:colcon.colcon_core.event_handler.log_command:Invoking command in '/home/xybxy123/w_work/ros2_ws/build/ros2_yolos_cpp': CMAKE_PREFIX_PATH=${CMAKE_PREFIX_PATH}:/opt/ros/jazzy DEBUGINFOD_URLS=https://debuginfod.ubuntu.com /usr/bin/cmake --install /home/xybxy123/w_work/ros2_ws/build/ros2_yolos_cpp
[0.454s] Level 1:colcon.colcon_core.environment:create_environment_scripts_only(slam_toolbox)
[0.454s] Level 1:colcon.colcon_core.environment:checking '/home/xybxy123/w_work/ros2_ws/install/slam_toolbox' for CMake module files
[0.454s] DEBUG:colcon.colcon_core.event_handler.log_command:Invoked command in '/home/xybxy123/w_work/ros2_ws/build/slam_toolbox' returned '0': CMAKE_PREFIX_PATH=${CMAKE_PREFIX_PATH}:/opt/ros/jazzy DEBUGINFOD_URLS=https://debuginfod.ubuntu.com /usr/bin/cmake --install /home/xybxy123/w_work/ros2_ws/build/slam_toolbox
[0.455s] Level 1:colcon.colcon_core.environment:checking '/home/xybxy123/w_work/ros2_ws/install/slam_toolbox' for CMake config files
[0.456s] Level 1:colcon.colcon_core.shell:create_environment_hook('slam_toolbox', 'cmake_prefix_path')
[0.456s] INFO:colcon.colcon_core.shell:Creating environment hook '/home/xybxy123/w_work/ros2_ws/install/slam_toolbox/share/slam_toolbox/hook/cmake_prefix_path.ps1'
[0.456s] INFO:colcon.colcon_core.shell:Creating environment descriptor '/home/xybxy123/w_work/ros2_ws/install/slam_toolbox/share/slam_toolbox/hook/cmake_prefix_path.dsv'
[0.456s] INFO:colcon.colcon_core.shell:Creating environment hook '/home/xybxy123/w_work/ros2_ws/install/slam_toolbox/share/slam_toolbox/hook/cmake_prefix_path.sh'
[0.456s] Level 1:colcon.colcon_core.environment:checking '/home/xybxy123/w_work/ros2_ws/install/slam_toolbox/lib'
[0.457s] Level 1:colcon.colcon_core.shell:create_environment_hook('slam_toolbox', 'ld_library_path_lib')
[0.457s] INFO:colcon.colcon_core.shell:Creating environment hook '/home/xybxy123/w_work/ros2_ws/install/slam_toolbox/share/slam_toolbox/hook/ld_library_path_lib.ps1'
[0.457s] INFO:colcon.colcon_core.shell:Creating environment descriptor '/home/xybxy123/w_work/ros2_ws/install/slam_toolbox/share/slam_toolbox/hook/ld_library_path_lib.dsv'
[0.457s] INFO:colcon.colcon_core.shell:Creating environment hook '/home/xybxy123/w_work/ros2_ws/install/slam_toolbox/share/slam_toolbox/hook/ld_library_path_lib.sh'
[0.457s] Level 1:colcon.colcon_core.environment:checking '/home/xybxy123/w_work/ros2_ws/install/slam_toolbox/bin'
[0.457s] Level 1:colcon.colcon_core.environment:checking '/home/xybxy123/w_work/ros2_ws/install/slam_toolbox/lib/pkgconfig/slam_toolbox.pc'
[0.457s] Level 1:colcon.colcon_core.environment:checking '/home/xybxy123/w_work/ros2_ws/install/slam_toolbox/lib/python3.12/site-packages'
[0.457s] Level 1:colcon.colcon_core.shell:create_environment_hook('slam_toolbox', 'pythonpath')
[0.457s] INFO:colcon.colcon_core.shell:Creating environment hook '/home/xybxy123/w_work/ros2_ws/install/slam_toolbox/share/slam_toolbox/hook/pythonpath.ps1'
[0.457s] INFO:colcon.colcon_core.shell:Creating environment descriptor '/home/xybxy123/w_work/ros2_ws/install/slam_toolbox/share/slam_toolbox/hook/pythonpath.dsv'
[0.458s] INFO:colcon.colcon_core.shell:Creating environment hook '/home/xybxy123/w_work/ros2_ws/install/slam_toolbox/share/slam_toolbox/hook/pythonpath.sh'
[0.458s] Level 1:colcon.colcon_core.environment:checking '/home/xybxy123/w_work/ros2_ws/install/slam_toolbox/bin'
[0.458s] INFO:colcon.colcon_core.shell:Creating package script '/home/xybxy123/w_work/ros2_ws/install/slam_toolbox/share/slam_toolbox/package.ps1'
[0.458s] INFO:colcon.colcon_core.shell:Creating package descriptor '/home/xybxy123/w_work/ros2_ws/install/slam_toolbox/share/slam_toolbox/package.dsv'
[0.458s] INFO:colcon.colcon_core.shell:Creating package script '/home/xybxy123/w_work/ros2_ws/install/slam_toolbox/share/slam_toolbox/package.sh'
[0.459s] INFO:colcon.colcon_core.shell:Creating package script '/home/xybxy123/w_work/ros2_ws/install/slam_toolbox/share/slam_toolbox/package.bash'
[0.459s] INFO:colcon.colcon_core.shell:Creating package script '/home/xybxy123/w_work/ros2_ws/install/slam_toolbox/share/slam_toolbox/package.zsh'
[0.459s] Level 1:colcon.colcon_core.environment:create_file_with_runtime_dependencies(/home/xybxy123/w_work/ros2_ws/install/slam_toolbox/share/colcon-core/packages/slam_toolbox)
[0.459s] Level 1:colcon.colcon_core.environment:create_environment_scripts_only(slam_toolbox)
[0.459s] Level 1:colcon.colcon_core.environment:checking '/home/xybxy123/w_work/ros2_ws/install/slam_toolbox' for CMake module files
[0.460s] Level 1:colcon.colcon_core.environment:checking '/home/xybxy123/w_work/ros2_ws/install/slam_toolbox' for CMake config files
[0.460s] Level 1:colcon.colcon_core.shell:create_environment_hook('slam_toolbox', 'cmake_prefix_path')
[0.460s] INFO:colcon.colcon_core.shell:Creating environment hook '/home/xybxy123/w_work/ros2_ws/install/slam_toolbox/share/slam_toolbox/hook/cmake_prefix_path.ps1'
[0.460s] INFO:colcon.colcon_core.shell:Creating environment descriptor '/home/xybxy123/w_work/ros2_ws/install/slam_toolbox/share/slam_toolbox/hook/cmake_prefix_path.dsv'
[0.461s] INFO:colcon.colcon_core.shell:Creating environment hook '/home/xybxy123/w_work/ros2_ws/install/slam_toolbox/share/slam_toolbox/hook/cmake_prefix_path.sh'
[0.461s] Level 1:colcon.colcon_core.environment:checking '/home/xybxy123/w_work/ros2_ws/install/slam_toolbox/lib'
[0.461s] Level 1:colcon.colcon_core.shell:create_environment_hook('slam_toolbox', 'ld_library_path_lib')
[0.461s] INFO:colcon.colcon_core.shell:Creating environment hook '/home/xybxy123/w_work/ros2_ws/install/slam_toolbox/share/slam_toolbox/hook/ld_library_path_lib.ps1'
[0.461s] INFO:colcon.colcon_core.shell:Creating environment descriptor '/home/xybxy123/w_work/ros2_ws/install/slam_toolbox/share/slam_toolbox/hook/ld_library_path_lib.dsv'
[0.461s] INFO:colcon.colcon_core.shell:Creating environment hook '/home/xybxy123/w_work/ros2_ws/install/slam_toolbox/share/slam_toolbox/hook/ld_library_path_lib.sh'
[0.461s] Level 1:colcon.colcon_core.environment:checking '/home/xybxy123/w_work/ros2_ws/install/slam_toolbox/bin'
[0.461s] Level 1:colcon.colcon_core.environment:checking '/home/xybxy123/w_work/ros2_ws/install/slam_toolbox/lib/pkgconfig/slam_toolbox.pc'
[0.461s] Level 1:colcon.colcon_core.environment:checking '/home/xybxy123/w_work/ros2_ws/install/slam_toolbox/lib/python3.12/site-packages'
[0.462s] Level 1:colcon.colcon_core.shell:create_environment_hook('slam_toolbox', 'pythonpath')
[0.462s] INFO:colcon.colcon_core.shell:Creating environment hook '/home/xybxy123/w_work/ros2_ws/install/slam_toolbox/share/slam_toolbox/hook/pythonpath.ps1'
[0.462s] INFO:colcon.colcon_core.shell:Creating environment descriptor '/home/xybxy123/w_work/ros2_ws/install/slam_toolbox/share/slam_toolbox/hook/pythonpath.dsv'
[0.462s] INFO:colcon.colcon_core.shell:Creating environment hook '/home/xybxy123/w_work/ros2_ws/install/slam_toolbox/share/slam_toolbox/hook/pythonpath.sh'
[0.462s] Level 1:colcon.colcon_core.environment:checking '/home/xybxy123/w_work/ros2_ws/install/slam_toolbox/bin'
[0.462s] INFO:colcon.colcon_core.shell:Creating package script '/home/xybxy123/w_work/ros2_ws/install/slam_toolbox/share/slam_toolbox/package.ps1'
[0.463s] INFO:colcon.colcon_core.shell:Creating package descriptor '/home/xybxy123/w_work/ros2_ws/install/slam_toolbox/share/slam_toolbox/package.dsv'
[0.463s] INFO:colcon.colcon_core.shell:Creating package script '/home/xybxy123/w_work/ros2_ws/install/slam_toolbox/share/slam_toolbox/package.sh'
[0.463s] INFO:colcon.colcon_core.shell:Creating package script '/home/xybxy123/w_work/ros2_ws/install/slam_toolbox/share/slam_toolbox/package.bash'
[0.463s] INFO:colcon.colcon_core.shell:Creating package script '/home/xybxy123/w_work/ros2_ws/install/slam_toolbox/share/slam_toolbox/package.zsh'
[0.463s] Level 1:colcon.colcon_core.environment:create_file_with_runtime_dependencies(/home/xybxy123/w_work/ros2_ws/install/slam_toolbox/share/colcon-core/packages/slam_toolbox)
[0.472s] Level 1:colcon.colcon_core.environment:create_environment_scripts_only(ros2_yolos_cpp)
[0.472s] DEBUG:colcon.colcon_core.event_handler.log_command:Invoked command in '/home/xybxy123/w_work/ros2_ws/build/ros2_yolos_cpp' returned '0': CMAKE_PREFIX_PATH=${CMAKE_PREFIX_PATH}:/opt/ros/jazzy DEBUGINFOD_URLS=https://debuginfod.ubuntu.com /usr/bin/cmake --install /home/xybxy123/w_work/ros2_ws/build/ros2_yolos_cpp
[0.472s] Level 1:colcon.colcon_core.environment:checking '/home/xybxy123/w_work/ros2_ws/install/ros2_yolos_cpp' for CMake module files
[0.472s] Level 1:colcon.colcon_core.environment:checking '/home/xybxy123/w_work/ros2_ws/install/ros2_yolos_cpp' for CMake config files
[0.473s] Level 1:colcon.colcon_core.shell:create_environment_hook('ros2_yolos_cpp', 'cmake_prefix_path')
[0.473s] INFO:colcon.colcon_core.shell:Creating environment hook '/home/xybxy123/w_work/ros2_ws/install/ros2_yolos_cpp/share/ros2_yolos_cpp/hook/cmake_prefix_path.ps1'
[0.473s] INFO:colcon.colcon_core.shell:Creating environment descriptor '/home/xybxy123/w_work/ros2_ws/install/ros2_yolos_cpp/share/ros2_yolos_cpp/hook/cmake_prefix_path.dsv'
[0.473s] INFO:colcon.colcon_core.shell:Creating environment hook '/home/xybxy123/w_work/ros2_ws/install/ros2_yolos_cpp/share/ros2_yolos_cpp/hook/cmake_prefix_path.sh'
[0.473s] Level 1:colcon.colcon_core.environment:checking '/home/xybxy123/w_work/ros2_ws/install/ros2_yolos_cpp/lib'
[0.473s] Level 1:colcon.colcon_core.shell:create_environment_hook('ros2_yolos_cpp', 'ld_library_path_lib')
[0.473s] INFO:colcon.colcon_core.shell:Creating environment hook '/home/xybxy123/w_work/ros2_ws/install/ros2_yolos_cpp/share/ros2_yolos_cpp/hook/ld_library_path_lib.ps1'
[0.474s] INFO:colcon.colcon_core.shell:Creating environment descriptor '/home/xybxy123/w_work/ros2_ws/install/ros2_yolos_cpp/share/ros2_yolos_cpp/hook/ld_library_path_lib.dsv'
[0.474s] INFO:colcon.colcon_core.shell:Creating environment hook '/home/xybxy123/w_work/ros2_ws/install/ros2_yolos_cpp/share/ros2_yolos_cpp/hook/ld_library_path_lib.sh'
[0.474s] Level 1:colcon.colcon_core.environment:checking '/home/xybxy123/w_work/ros2_ws/install/ros2_yolos_cpp/bin'
[0.474s] Level 1:colcon.colcon_core.environment:checking '/home/xybxy123/w_work/ros2_ws/install/ros2_yolos_cpp/lib/pkgconfig/ros2_yolos_cpp.pc'
[0.474s] Level 1:colcon.colcon_core.environment:checking '/home/xybxy123/w_work/ros2_ws/install/ros2_yolos_cpp/lib/python3.12/site-packages'
[0.474s] Level 1:colcon.colcon_core.shell:create_environment_hook('ros2_yolos_cpp', 'pythonpath')
[0.474s] INFO:colcon.colcon_core.shell:Creating environment hook '/home/xybxy123/w_work/ros2_ws/install/ros2_yolos_cpp/share/ros2_yolos_cpp/hook/pythonpath.ps1'
[0.474s] INFO:colcon.colcon_core.shell:Creating environment descriptor '/home/xybxy123/w_work/ros2_ws/install/ros2_yolos_cpp/share/ros2_yolos_cpp/hook/pythonpath.dsv'
[0.474s] INFO:colcon.colcon_core.shell:Creating environment hook '/home/xybxy123/w_work/ros2_ws/install/ros2_yolos_cpp/share/ros2_yolos_cpp/hook/pythonpath.sh'
[0.475s] Level 1:colcon.colcon_core.environment:checking '/home/xybxy123/w_work/ros2_ws/install/ros2_yolos_cpp/bin'
[0.475s] INFO:colcon.colcon_core.shell:Creating package script '/home/xybxy123/w_work/ros2_ws/install/ros2_yolos_cpp/share/ros2_yolos_cpp/package.ps1'
[0.475s] INFO:colcon.colcon_core.shell:Creating package descriptor '/home/xybxy123/w_work/ros2_ws/install/ros2_yolos_cpp/share/ros2_yolos_cpp/package.dsv'
[0.475s] INFO:colcon.colcon_core.shell:Creating package script '/home/xybxy123/w_work/ros2_ws/install/ros2_yolos_cpp/share/ros2_yolos_cpp/package.sh'
[0.475s] INFO:colcon.colcon_core.shell:Creating package script '/home/xybxy123/w_work/ros2_ws/install/ros2_yolos_cpp/share/ros2_yolos_cpp/package.bash'
[0.476s] INFO:colcon.colcon_core.shell:Creating package script '/home/xybxy123/w_work/ros2_ws/install/ros2_yolos_cpp/share/ros2_yolos_cpp/package.zsh'
[0.476s] Level 1:colcon.colcon_core.environment:create_file_with_runtime_dependencies(/home/xybxy123/w_work/ros2_ws/install/ros2_yolos_cpp/share/colcon-core/packages/ros2_yolos_cpp)
[0.476s] Level 1:colcon.colcon_core.environment:create_environment_scripts_only(ros2_yolos_cpp)
[0.476s] Level 1:colcon.colcon_core.environment:checking '/home/xybxy123/w_work/ros2_ws/install/ros2_yolos_cpp' for CMake module files
[0.476s] Level 1:colcon.colcon_core.environment:checking '/home/xybxy123/w_work/ros2_ws/install/ros2_yolos_cpp' for CMake config files
[0.477s] Level 1:colcon.colcon_core.shell:create_environment_hook('ros2_yolos_cpp', 'cmake_prefix_path')
[0.477s] INFO:colcon.colcon_core.shell:Creating environment hook '/home/xybxy123/w_work/ros2_ws/install/ros2_yolos_cpp/share/ros2_yolos_cpp/hook/cmake_prefix_path.ps1'
[0.477s] INFO:colcon.colcon_core.shell:Creating environment descriptor '/home/xybxy123/w_work/ros2_ws/install/ros2_yolos_cpp/share/ros2_yolos_cpp/hook/cmake_prefix_path.dsv'
[0.477s] INFO:colcon.colcon_core.shell:Creating environment hook '/home/xybxy123/w_work/ros2_ws/install/ros2_yolos_cpp/share/ros2_yolos_cpp/hook/cmake_prefix_path.sh'
[0.477s] Level 1:colcon.colcon_core.environment:checking '/home/xybxy123/w_work/ros2_ws/install/ros2_yolos_cpp/lib'
[0.477s] Level 1:colcon.colcon_core.shell:create_environment_hook('ros2_yolos_cpp', 'ld_library_path_lib')
[0.478s] INFO:colcon.colcon_core.shell:Creating environment hook '/home/xybxy123/w_work/ros2_ws/install/ros2_yolos_cpp/share/ros2_yolos_cpp/hook/ld_library_path_lib.ps1'
[0.478s] INFO:colcon.colcon_core.shell:Creating environment descriptor '/home/xybxy123/w_work/ros2_ws/install/ros2_yolos_cpp/share/ros2_yolos_cpp/hook/ld_library_path_lib.dsv'
[0.478s] INFO:colcon.colcon_core.shell:Creating environment hook '/home/xybxy123/w_work/ros2_ws/install/ros2_yolos_cpp/share/ros2_yolos_cpp/hook/ld_library_path_lib.sh'
[0.478s] Level 1:colcon.colcon_core.environment:checking '/home/xybxy123/w_work/ros2_ws/install/ros2_yolos_cpp/bin'
[0.478s] Level 1:colcon.colcon_core.environment:checking '/home/xybxy123/w_work/ros2_ws/install/ros2_yolos_cpp/lib/pkgconfig/ros2_yolos_cpp.pc'
[0.478s] Level 1:colcon.colcon_core.environment:checking '/home/xybxy123/w_work/ros2_ws/install/ros2_yolos_cpp/lib/python3.12/site-packages'
[0.478s] Level 1:colcon.colcon_core.shell:create_environment_hook('ros2_yolos_cpp', 'pythonpath')
[0.478s] INFO:colcon.colcon_core.shell:Creating environment hook '/home/xybxy123/w_work/ros2_ws/install/ros2_yolos_cpp/share/ros2_yolos_cpp/hook/pythonpath.ps1'
[0.478s] INFO:colcon.colcon_core.shell:Creating environment descriptor '/home/xybxy123/w_work/ros2_ws/install/ros2_yolos_cpp/share/ros2_yolos_cpp/hook/pythonpath.dsv'
[0.478s] INFO:colcon.colcon_core.shell:Creating environment hook '/home/xybxy123/w_work/ros2_ws/install/ros2_yolos_cpp/share/ros2_yolos_cpp/hook/pythonpath.sh'
[0.479s] Level 1:colcon.colcon_core.environment:checking '/home/xybxy123/w_work/ros2_ws/install/ros2_yolos_cpp/bin'
[0.479s] INFO:colcon.colcon_core.shell:Creating package script '/home/xybxy123/w_work/ros2_ws/install/ros2_yolos_cpp/share/ros2_yolos_cpp/package.ps1'
[0.479s] INFO:colcon.colcon_core.shell:Creating package descriptor '/home/xybxy123/w_work/ros2_ws/install/ros2_yolos_cpp/share/ros2_yolos_cpp/package.dsv'
[0.479s] INFO:colcon.colcon_core.shell:Creating package script '/home/xybxy123/w_work/ros2_ws/install/ros2_yolos_cpp/share/ros2_yolos_cpp/package.sh'
[0.480s] INFO:colcon.colcon_core.shell:Creating package script '/home/xybxy123/w_work/ros2_ws/install/ros2_yolos_cpp/share/ros2_yolos_cpp/package.bash'
[0.480s] INFO:colcon.colcon_core.shell:Creating package script '/home/xybxy123/w_work/ros2_ws/install/ros2_yolos_cpp/share/ros2_yolos_cpp/package.zsh'
[0.480s] Level 1:colcon.colcon_core.environment:create_file_with_runtime_dependencies(/home/xybxy123/w_work/ros2_ws/install/ros2_yolos_cpp/share/colcon-core/packages/ros2_yolos_cpp)
[0.624s] DEBUG:colcon.colcon_core.event_handler.log_command:Invoked command in '/home/xybxy123/w_work/ros2_ws/build/depth_camera_pub' returned '2': CMAKE_PREFIX_PATH=${CMAKE_PREFIX_PATH}:/opt/ros/jazzy DEBUGINFOD_URLS=https://debuginfod.ubuntu.com /usr/bin/cmake --build /home/xybxy123/w_work/ros2_ws/build/depth_camera_pub -- -j24 -l24
[0.624s] Level 1:colcon.colcon_core.environment:create_environment_scripts_only(depth_camera_pub)
[0.625s] Level 1:colcon.colcon_core.environment:checking '/home/xybxy123/w_work/ros2_ws/install/depth_camera_pub' for CMake module files
[0.625s] Level 1:colcon.colcon_core.environment:checking '/home/xybxy123/w_work/ros2_ws/install/depth_camera_pub' for CMake config files
[0.625s] Level 1:colcon.colcon_core.environment:checking '/home/xybxy123/w_work/ros2_ws/install/depth_camera_pub/bin'
[0.625s] Level 1:colcon.colcon_core.environment:checking '/home/xybxy123/w_work/ros2_ws/install/depth_camera_pub/lib/pkgconfig/depth_camera_pub.pc'
[0.625s] Level 1:colcon.colcon_core.environment:checking '/home/xybxy123/w_work/ros2_ws/install/depth_camera_pub/lib/python3.12/site-packages'
[0.625s] Level 1:colcon.colcon_core.environment:checking '/home/xybxy123/w_work/ros2_ws/install/depth_camera_pub/bin'
[0.625s] INFO:colcon.colcon_core.shell:Creating package script '/home/xybxy123/w_work/ros2_ws/install/depth_camera_pub/share/depth_camera_pub/package.ps1'
[0.626s] INFO:colcon.colcon_core.shell:Creating package descriptor '/home/xybxy123/w_work/ros2_ws/install/depth_camera_pub/share/depth_camera_pub/package.dsv'
[0.626s] INFO:colcon.colcon_core.shell:Creating package script '/home/xybxy123/w_work/ros2_ws/install/depth_camera_pub/share/depth_camera_pub/package.sh'
[0.626s] INFO:colcon.colcon_core.shell:Creating package script '/home/xybxy123/w_work/ros2_ws/install/depth_camera_pub/share/depth_camera_pub/package.bash'
[0.626s] INFO:colcon.colcon_core.shell:Creating package script '/home/xybxy123/w_work/ros2_ws/install/depth_camera_pub/share/depth_camera_pub/package.zsh'
[0.626s] Level 1:colcon.colcon_core.environment:create_file_with_runtime_dependencies(/home/xybxy123/w_work/ros2_ws/install/depth_camera_pub/share/colcon-core/packages/depth_camera_pub)
[0.637s] DEBUG:colcon.colcon_parallel_executor.executor.parallel:closing loop
[0.637s] DEBUG:colcon.colcon_parallel_executor.executor.parallel:loop closed
[0.637s] DEBUG:colcon.colcon_parallel_executor.executor.parallel:run_until_complete finished with '2'
[0.637s] DEBUG:colcon.colcon_core.event_reactor:joining thread
[0.640s] INFO:colcon.colcon_core.plugin_system:Skipping extension 'colcon_notification.desktop_notification.terminal_notifier': Not used on non-Darwin systems
[0.640s] INFO:colcon.colcon_core.plugin_system:Skipping extension 'colcon_notification.desktop_notification.win32': Not used on non-Windows systems
[0.640s] INFO:colcon.colcon_notification.desktop_notification:Sending desktop notification using 'notify2'
[0.648s] DEBUG:colcon.colcon_core.event_reactor:joined thread
[0.648s] INFO:colcon.colcon_core.shell:Creating prefix script '/home/xybxy123/w_work/ros2_ws/install/local_setup.ps1'
[0.649s] INFO:colcon.colcon_core.shell:Creating prefix util module '/home/xybxy123/w_work/ros2_ws/install/_local_setup_util_ps1.py'
[0.649s] INFO:colcon.colcon_core.shell:Creating prefix chain script '/home/xybxy123/w_work/ros2_ws/install/setup.ps1'
[0.649s] INFO:colcon.colcon_core.shell:Creating prefix script '/home/xybxy123/w_work/ros2_ws/install/local_setup.sh'
[0.650s] INFO:colcon.colcon_core.shell:Creating prefix util module '/home/xybxy123/w_work/ros2_ws/install/_local_setup_util_sh.py'
[0.650s] INFO:colcon.colcon_core.shell:Creating prefix chain script '/home/xybxy123/w_work/ros2_ws/install/setup.sh'
[0.650s] INFO:colcon.colcon_core.shell:Creating prefix script '/home/xybxy123/w_work/ros2_ws/install/local_setup.bash'
[0.651s] INFO:colcon.colcon_core.shell:Creating prefix chain script '/home/xybxy123/w_work/ros2_ws/install/setup.bash'
[0.651s] INFO:colcon.colcon_core.shell:Creating prefix script '/home/xybxy123/w_work/ros2_ws/install/local_setup.zsh'
[0.651s] INFO:colcon.colcon_core.shell:Creating prefix chain script '/home/xybxy123/w_work/ros2_ws/install/setup.zsh'
