[ 50%] [32mBuilding CXX object CMakeFiles/circle_detector_node.dir/src/circle_detector.cpp.o[0m
[100%] [32m[1mLinking CXX executable circle_detector_node[0m
[100%] Built target circle_detector_node
-- Install configuration: ""
-- Installing: /home/xybxy123/w_work/ros2_ws/install/circle_detector/lib/circle_detector/circle_detector_node
-- Set non-toolchain portion of runtime path of "/home/xybxy123/w_work/ros2_ws/install/circle_detector/lib/circle_detector/circle_detector_node" to ""
-- Up-to-date: /home/xybxy123/w_work/ros2_ws/install/circle_detector/include
-- Up-to-date: /home/xybxy123/w_work/ros2_ws/install/circle_detector/include/circle_detector
-- Installing: /home/xybxy123/w_work/ros2_ws/install/circle_detector/include/circle_detector/circle_config.hpp
-- Up-to-date: /home/xybxy123/w_work/ros2_ws/install/circle_detector/share/ament_index/resource_index/package_run_dependencies/circle_detector
-- Up-to-date: /home/xybxy123/w_work/ros2_ws/install/circle_detector/share/ament_index/resource_index/parent_prefix_path/circle_detector
-- Up-to-date: /home/xybxy123/w_work/ros2_ws/install/circle_detector/share/circle_detector/environment/ament_prefix_path.sh
-- Up-to-date: /home/xybxy123/w_work/ros2_ws/install/circle_detector/share/circle_detector/environment/ament_prefix_path.dsv
-- Up-to-date: /home/xybxy123/w_work/ros2_ws/install/circle_detector/share/circle_detector/environment/path.sh
-- Up-to-date: /home/xybxy123/w_work/ros2_ws/install/circle_detector/share/circle_detector/environment/path.dsv
-- Up-to-date: /home/xybxy123/w_work/ros2_ws/install/circle_detector/share/circle_detector/local_setup.bash
-- Up-to-date: /home/xybxy123/w_work/ros2_ws/install/circle_detector/share/circle_detector/local_setup.sh
-- Up-to-date: /home/xybxy123/w_work/ros2_ws/install/circle_detector/share/circle_detector/local_setup.zsh
-- Up-to-date: /home/xybxy123/w_work/ros2_ws/install/circle_detector/share/circle_detector/local_setup.dsv
-- Installing: /home/xybxy123/w_work/ros2_ws/install/circle_detector/share/circle_detector/package.dsv
-- Up-to-date: /home/xybxy123/w_work/ros2_ws/install/circle_detector/share/ament_index/resource_index/packages/circle_detector
-- Up-to-date: /home/xybxy123/w_work/ros2_ws/install/circle_detector/share/circle_detector/cmake/circle_detectorConfig.cmake
-- Up-to-date: /home/xybxy123/w_work/ros2_ws/install/circle_detector/share/circle_detector/cmake/circle_detectorConfig-version.cmake
-- Up-to-date: /home/xybxy123/w_work/ros2_ws/install/circle_detector/share/circle_detector/package.xml
