[0.017s] Invoking command in '/home/xybxy123/w_work/ros2_ws/build/circle_detector': CMAKE_PREFIX_PATH=${CMAKE_PREFIX_PATH}:/opt/ros/jazzy DEBUGINFOD_URLS=https://debuginfod.ubuntu.com /usr/bin/cmake --build /home/xybxy123/w_work/ros2_ws/build/circle_detector -- -j24 -l24
[0.065s] [ 50%] [32mBuilding CXX object CMakeFiles/circle_detector_node.dir/src/circle_detector.cpp.o[0m
[6.524s] [100%] [32m[1mLinking CXX executable circle_detector_node[0m
[6.692s] /usr/bin/ld: warning: libopencv_imgproc.so.406, needed by /opt/ros/jazzy/lib/libcv_bridge.so, may conflict with libopencv_imgproc.so.408
[6.692s] /usr/bin/ld: warning: libopencv_core.so.406, needed by /opt/ros/jazzy/lib/libcv_bridge.so, may conflict with libopencv_core.so.408
[6.920s] [100%] Built target circle_detector_node
[6.927s] Invoked command in '/home/xybxy123/w_work/ros2_ws/build/circle_detector' returned '0': CMAKE_PREFIX_PATH=${CMAKE_PREFIX_PATH}:/opt/ros/jazzy DEBUGINFOD_URLS=https://debuginfod.ubuntu.com /usr/bin/cmake --build /home/xybxy123/w_work/ros2_ws/build/circle_detector -- -j24 -l24
[6.928s] Invoking command in '/home/xybxy123/w_work/ros2_ws/build/circle_detector': CMAKE_PREFIX_PATH=${CMAKE_PREFIX_PATH}:/opt/ros/jazzy DEBUGINFOD_URLS=https://debuginfod.ubuntu.com /usr/bin/cmake --install /home/xybxy123/w_work/ros2_ws/build/circle_detector
[6.935s] -- Install configuration: ""
[6.935s] -- Installing: /home/xybxy123/w_work/ros2_ws/install/circle_detector/lib/circle_detector/circle_detector_node
[6.939s] -- Set non-toolchain portion of runtime path of "/home/xybxy123/w_work/ros2_ws/install/circle_detector/lib/circle_detector/circle_detector_node" to ""
[6.939s] -- Up-to-date: /home/xybxy123/w_work/ros2_ws/install/circle_detector/include
[6.939s] -- Up-to-date: /home/xybxy123/w_work/ros2_ws/install/circle_detector/include/circle_detector
[6.939s] -- Installing: /home/xybxy123/w_work/ros2_ws/install/circle_detector/include/circle_detector/circle_config.hpp
[6.940s] -- Up-to-date: /home/xybxy123/w_work/ros2_ws/install/circle_detector/share/ament_index/resource_index/package_run_dependencies/circle_detector
[6.940s] -- Up-to-date: /home/xybxy123/w_work/ros2_ws/install/circle_detector/share/ament_index/resource_index/parent_prefix_path/circle_detector
[6.940s] -- Up-to-date: /home/xybxy123/w_work/ros2_ws/install/circle_detector/share/circle_detector/environment/ament_prefix_path.sh
[6.940s] -- Up-to-date: /home/xybxy123/w_work/ros2_ws/install/circle_detector/share/circle_detector/environment/ament_prefix_path.dsv
[6.940s] -- Up-to-date: /home/xybxy123/w_work/ros2_ws/install/circle_detector/share/circle_detector/environment/path.sh
[6.940s] -- Up-to-date: /home/xybxy123/w_work/ros2_ws/install/circle_detector/share/circle_detector/environment/path.dsv
[6.940s] -- Up-to-date: /home/xybxy123/w_work/ros2_ws/install/circle_detector/share/circle_detector/local_setup.bash
[6.941s] -- Up-to-date: /home/xybxy123/w_work/ros2_ws/install/circle_detector/share/circle_detector/local_setup.sh
[6.941s] -- Up-to-date: /home/xybxy123/w_work/ros2_ws/install/circle_detector/share/circle_detector/local_setup.zsh
[6.941s] -- Up-to-date: /home/xybxy123/w_work/ros2_ws/install/circle_detector/share/circle_detector/local_setup.dsv
[6.941s] -- Installing: /home/xybxy123/w_work/ros2_ws/install/circle_detector/share/circle_detector/package.dsv
[6.941s] -- Up-to-date: /home/xybxy123/w_work/ros2_ws/install/circle_detector/share/ament_index/resource_index/packages/circle_detector
[6.941s] -- Up-to-date: /home/xybxy123/w_work/ros2_ws/install/circle_detector/share/circle_detector/cmake/circle_detectorConfig.cmake
[6.942s] -- Up-to-date: /home/xybxy123/w_work/ros2_ws/install/circle_detector/share/circle_detector/cmake/circle_detectorConfig-version.cmake
[6.942s] -- Up-to-date: /home/xybxy123/w_work/ros2_ws/install/circle_detector/share/circle_detector/package.xml
[6.942s] Invoked command in '/home/xybxy123/w_work/ros2_ws/build/circle_detector' returned '0': CMAKE_PREFIX_PATH=${CMAKE_PREFIX_PATH}:/opt/ros/jazzy DEBUGINFOD_URLS=https://debuginfod.ubuntu.com /usr/bin/cmake --install /home/xybxy123/w_work/ros2_ws/build/circle_detector
