[0.016s] Invoking command in '/home/xybxy123/w_work/ros2_ws/build/depth_camera_pub': CMAKE_PREFIX_PATH=${CMAKE_PREFIX_PATH}:/opt/ros/jazzy DEBUGINFOD_URLS=https://debuginfod.ubuntu.com /usr/bin/cmake --build /home/xybxy123/w_work/ros2_ws/build/depth_camera_pub -- -j24 -l24
[0.083s] [ 50%] [32mBuilding CXX object CMakeFiles/depth_camera_pub_node.dir/src/depth_pub_node.cpp.o[0m
[5.025s] [100%] [32m[1mLinking CXX executable depth_camera_pub_node[0m
[5.158s] /usr/bin/ld: warning: libopencv_imgcodecs.so.406, needed by /opt/ros/jazzy/lib/libcv_bridge.so, may conflict with libopencv_imgcodecs.so.408
[5.158s] /usr/bin/ld: warning: libopencv_core.so.406, needed by /opt/ros/jazzy/lib/libcv_bridge.so, may conflict with libopencv_core.so.408
[5.344s] [100%] Built target depth_camera_pub_node
[5.354s] Invoked command in '/home/xybxy123/w_work/ros2_ws/build/depth_camera_pub' returned '0': CMAKE_PREFIX_PATH=${CMAKE_PREFIX_PATH}:/opt/ros/jazzy DEBUGINFOD_URLS=https://debuginfod.ubuntu.com /usr/bin/cmake --build /home/xybxy123/w_work/ros2_ws/build/depth_camera_pub -- -j24 -l24
[5.354s] Invoking command in '/home/xybxy123/w_work/ros2_ws/build/depth_camera_pub': CMAKE_PREFIX_PATH=${CMAKE_PREFIX_PATH}:/opt/ros/jazzy DEBUGINFOD_URLS=https://debuginfod.ubuntu.com /usr/bin/cmake --install /home/xybxy123/w_work/ros2_ws/build/depth_camera_pub
[5.359s] -- Install configuration: ""
[5.360s] -- Installing: /home/xybxy123/w_work/ros2_ws/install/depth_camera_pub/lib/depth_camera_pub/depth_camera_pub_node
[5.362s] -- Set non-toolchain portion of runtime path of "/home/xybxy123/w_work/ros2_ws/install/depth_camera_pub/lib/depth_camera_pub/depth_camera_pub_node" to ""
[5.362s] -- Up-to-date: /home/xybxy123/w_work/ros2_ws/install/depth_camera_pub/share/ament_index/resource_index/package_run_dependencies/depth_camera_pub
[5.362s] -- Up-to-date: /home/xybxy123/w_work/ros2_ws/install/depth_camera_pub/share/ament_index/resource_index/parent_prefix_path/depth_camera_pub
[5.362s] -- Up-to-date: /home/xybxy123/w_work/ros2_ws/install/depth_camera_pub/share/depth_camera_pub/environment/ament_prefix_path.sh
[5.362s] -- Up-to-date: /home/xybxy123/w_work/ros2_ws/install/depth_camera_pub/share/depth_camera_pub/environment/ament_prefix_path.dsv
[5.362s] -- Up-to-date: /home/xybxy123/w_work/ros2_ws/install/depth_camera_pub/share/depth_camera_pub/environment/path.sh
[5.362s] -- Up-to-date: /home/xybxy123/w_work/ros2_ws/install/depth_camera_pub/share/depth_camera_pub/environment/path.dsv
[5.362s] -- Up-to-date: /home/xybxy123/w_work/ros2_ws/install/depth_camera_pub/share/depth_camera_pub/local_setup.bash
[5.362s] -- Up-to-date: /home/xybxy123/w_work/ros2_ws/install/depth_camera_pub/share/depth_camera_pub/local_setup.sh
[5.362s] -- Up-to-date: /home/xybxy123/w_work/ros2_ws/install/depth_camera_pub/share/depth_camera_pub/local_setup.zsh
[5.362s] -- Up-to-date: /home/xybxy123/w_work/ros2_ws/install/depth_camera_pub/share/depth_camera_pub/local_setup.dsv
[5.362s] -- Installing: /home/xybxy123/w_work/ros2_ws/install/depth_camera_pub/share/depth_camera_pub/package.dsv
[5.362s] -- Up-to-date: /home/xybxy123/w_work/ros2_ws/install/depth_camera_pub/share/ament_index/resource_index/packages/depth_camera_pub
[5.362s] -- Up-to-date: /home/xybxy123/w_work/ros2_ws/install/depth_camera_pub/share/depth_camera_pub/cmake/depth_camera_pubConfig.cmake
[5.362s] -- Up-to-date: /home/xybxy123/w_work/ros2_ws/install/depth_camera_pub/share/depth_camera_pub/cmake/depth_camera_pubConfig-version.cmake
[5.362s] -- Up-to-date: /home/xybxy123/w_work/ros2_ws/install/depth_camera_pub/share/depth_camera_pub/package.xml
[5.363s] Invoked command in '/home/xybxy123/w_work/ros2_ws/build/depth_camera_pub' returned '0': CMAKE_PREFIX_PATH=${CMAKE_PREFIX_PATH}:/opt/ros/jazzy DEBUGINFOD_URLS=https://debuginfod.ubuntu.com /usr/bin/cmake --install /home/xybxy123/w_work/ros2_ws/build/depth_camera_pub
